        -:    0:Source:/usr/include/c++/10/bits/move.h
        -:    0:Graph:testing.gcno
        -:    0:Data:-
        -:    0:Runs:0
        -:    1:// Move, forward and identity for C++11 + swap -*- C++ -*-
        -:    2:
        -:    3:// Copyright (C) 2007-2020 Free Software Foundation, Inc.
        -:    4://
        -:    5:// This file is part of the GNU ISO C++ Library.  This library is free
        -:    6:// software; you can redistribute it and/or modify it under the
        -:    7:// terms of the GNU General Public License as published by the
        -:    8:// Free Software Foundation; either version 3, or (at your option)
        -:    9:// any later version.
        -:   10:
        -:   11:// This library is distributed in the hope that it will be useful,
        -:   12:// but WITHOUT ANY WARRANTY; without even the implied warranty of
        -:   13:// MERCHANTABILITY or FITNESS FOR A PARTICULAR PURPOSE.  See the
        -:   14:// GNU General Public License for more details.
        -:   15:
        -:   16:// Under Section 7 of GPL version 3, you are granted additional
        -:   17:// permissions described in the GCC Runtime Library Exception, version
        -:   18:// 3.1, as published by the Free Software Foundation.
        -:   19:
        -:   20:// You should have received a copy of the GNU General Public License and
        -:   21:// a copy of the GCC Runtime Library Exception along with this program;
        -:   22:// see the files COPYING3 and COPYING.RUNTIME respectively.  If not, see
        -:   23:// <http://www.gnu.org/licenses/>.
        -:   24:
        -:   25:/** @file bits/move.h
        -:   26: *  This is an internal header file, included by other library headers.
        -:   27: *  Do not attempt to use it directly. @headername{utility}
        -:   28: */
        -:   29:
        -:   30:#ifndef _MOVE_H
        -:   31:#define _MOVE_H 1
        -:   32:
        -:   33:#include <bits/c++config.h>
        -:   34:#if __cplusplus < 201103L
        -:   35:# include <bits/concept_check.h>
        -:   36:#endif
        -:   37:
        -:   38:namespace std _GLIBCXX_VISIBILITY(default)
        -:   39:{
        -:   40:_GLIBCXX_BEGIN_NAMESPACE_VERSION
        -:   41:
        -:   42:  // Used, in C++03 mode too, by allocators, etc.
        -:   43:  /**
        -:   44:   *  @brief Same as C++11 std::addressof
        -:   45:   *  @ingroup utilities
        -:   46:   */
        -:   47:  template<typename _Tp>
        -:   48:    inline _GLIBCXX_CONSTEXPR _Tp*
    #####:   49:    __addressof(_Tp& __r) _GLIBCXX_NOEXCEPT
    #####:   50:    { return __builtin_addressof(__r); }
------------------
std::pair<unsigned long, Catch::TestCase const*>* std::__addressof<std::pair<unsigned long, Catch::TestCase const*> >(std::pair<unsigned long, Catch::TestCase const*>&):
    #####:   49:    __addressof(_Tp& __r) _GLIBCXX_NOEXCEPT
    #####:   50:    { return __builtin_addressof(__r); }
------------------
Catch::AssertionStats* std::__addressof<Catch::AssertionStats>(Catch::AssertionStats&):
    #####:   49:    __addressof(_Tp& __r) _GLIBCXX_NOEXCEPT
    #####:   50:    { return __builtin_addressof(__r); }
------------------
std::vector<std::shared_ptr<Catch::CumulativeReporterBase<Catch::JunitReporter>::SectionNode>, std::allocator<std::shared_ptr<Catch::CumulativeReporterBase<Catch::JunitReporter>::SectionNode> > >* std::__addressof<std::vector<std::shared_ptr<Catch::CumulativeReporterBase<Catch::JunitReporter>::SectionNode>, std::allocator<std::shared_ptr<Catch::CumulativeReporterBase<Catch::JunitReporter>::SectionNode> > > >(std::vector<std::shared_ptr<Catch::CumulativeReporterBase<Catch::JunitReporter>::SectionNode>, std::allocator<std::shared_ptr<Catch::CumulativeReporterBase<Catch::JunitReporter>::SectionNode> > >&):
    #####:   49:    __addressof(_Tp& __r) _GLIBCXX_NOEXCEPT
    #####:   50:    { return __builtin_addressof(__r); }
------------------
std::shared_ptr<Catch::CumulativeReporterBase<Catch::JunitReporter>::Node<Catch::TestCaseStats, Catch::CumulativeReporterBase<Catch::JunitReporter>::SectionNode> >* std::__addressof<std::shared_ptr<Catch::CumulativeReporterBase<Catch::JunitReporter>::Node<Catch::TestCaseStats, Catch::CumulativeReporterBase<Catch::JunitReporter>::SectionNode> > >(std::shared_ptr<Catch::CumulativeReporterBase<Catch::JunitReporter>::Node<Catch::TestCaseStats, Catch::CumulativeReporterBase<Catch::JunitReporter>::SectionNode> >&):
    #####:   49:    __addressof(_Tp& __r) _GLIBCXX_NOEXCEPT
    #####:   50:    { return __builtin_addressof(__r); }
------------------
std::shared_ptr<Catch::CumulativeReporterBase<Catch::JunitReporter>::Node<Catch::TestGroupStats, Catch::CumulativeReporterBase<Catch::JunitReporter>::Node<Catch::TestCaseStats, Catch::CumulativeReporterBase<Catch::JunitReporter>::SectionNode> > >* std::__addressof<std::shared_ptr<Catch::CumulativeReporterBase<Catch::JunitReporter>::Node<Catch::TestGroupStats, Catch::CumulativeReporterBase<Catch::JunitReporter>::Node<Catch::TestCaseStats, Catch::CumulativeReporterBase<Catch::JunitReporter>::SectionNode> > > >(std::shared_ptr<Catch::CumulativeReporterBase<Catch::JunitReporter>::Node<Catch::TestGroupStats, Catch::CumulativeReporterBase<Catch::JunitReporter>::Node<Catch::TestCaseStats, Catch::CumulativeReporterBase<Catch::JunitReporter>::SectionNode> > >&):
    #####:   49:    __addressof(_Tp& __r) _GLIBCXX_NOEXCEPT
    #####:   50:    { return __builtin_addressof(__r); }
------------------
std::shared_ptr<Catch::CumulativeReporterBase<Catch::JunitReporter>::Node<Catch::TestRunStats, Catch::CumulativeReporterBase<Catch::JunitReporter>::Node<Catch::TestGroupStats, Catch::CumulativeReporterBase<Catch::JunitReporter>::Node<Catch::TestCaseStats, Catch::CumulativeReporterBase<Catch::JunitReporter>::SectionNode> > > >* std::__addressof<std::shared_ptr<Catch::CumulativeReporterBase<Catch::JunitReporter>::Node<Catch::TestRunStats, Catch::CumulativeReporterBase<Catch::JunitReporter>::Node<Catch::TestGroupStats, Catch::CumulativeReporterBase<Catch::JunitReporter>::Node<Catch::TestCaseStats, Catch::CumulativeReporterBase<Catch::JunitReporter>::SectionNode> > > > >(std::shared_ptr<Catch::CumulativeReporterBase<Catch::JunitReporter>::Node<Catch::TestRunStats, Catch::CumulativeReporterBase<Catch::JunitReporter>::Node<Catch::TestGroupStats, Catch::CumulativeReporterBase<Catch::JunitReporter>::Node<Catch::TestCaseStats, Catch::CumulativeReporterBase<Catch::JunitReporter>::SectionNode> > > >&):
    #####:   49:    __addressof(_Tp& __r) _GLIBCXX_NOEXCEPT
    #####:   50:    { return __builtin_addressof(__r); }
------------------
std::shared_ptr<Catch::CumulativeReporterBase<Catch::JunitReporter>::SectionNode>* std::__addressof<std::shared_ptr<Catch::CumulativeReporterBase<Catch::JunitReporter>::SectionNode> >(std::shared_ptr<Catch::CumulativeReporterBase<Catch::JunitReporter>::SectionNode>&):
    #####:   49:    __addressof(_Tp& __r) _GLIBCXX_NOEXCEPT
    #####:   50:    { return __builtin_addressof(__r); }
------------------
std::unique_ptr<Catch::IStreamingReporter, std::default_delete<Catch::IStreamingReporter> >* std::__addressof<std::unique_ptr<Catch::IStreamingReporter, std::default_delete<Catch::IStreamingReporter> > >(std::unique_ptr<Catch::IStreamingReporter, std::default_delete<Catch::IStreamingReporter> >&):
    #####:   49:    __addressof(_Tp& __r) _GLIBCXX_NOEXCEPT
    #####:   50:    { return __builtin_addressof(__r); }
------------------
Catch::StringRef* std::__addressof<Catch::StringRef>(Catch::StringRef&):
    #####:   49:    __addressof(_Tp& __r) _GLIBCXX_NOEXCEPT
    #####:   50:    { return __builtin_addressof(__r); }
------------------
std::pair<int, Catch::StringRef>* std::__addressof<std::pair<int, Catch::StringRef> >(std::pair<int, Catch::StringRef>&):
    #####:   49:    __addressof(_Tp& __r) _GLIBCXX_NOEXCEPT
    #####:   50:    { return __builtin_addressof(__r); }
------------------
std::__exception_ptr::exception_ptr* std::__addressof<std::__exception_ptr::exception_ptr>(std::__exception_ptr::exception_ptr&):
    #####:   49:    __addressof(_Tp& __r) _GLIBCXX_NOEXCEPT
    #####:   50:    { return __builtin_addressof(__r); }
------------------
Catch::SummaryColumn* std::__addressof<Catch::SummaryColumn>(Catch::SummaryColumn&):
    #####:   49:    __addressof(_Tp& __r) _GLIBCXX_NOEXCEPT
    #####:   50:    { return __builtin_addressof(__r); }
------------------
std::unique_ptr<Catch::Detail::EnumInfo, std::default_delete<Catch::Detail::EnumInfo> >* std::__addressof<std::unique_ptr<Catch::Detail::EnumInfo, std::default_delete<Catch::Detail::EnumInfo> > >(std::unique_ptr<Catch::Detail::EnumInfo, std::default_delete<Catch::Detail::EnumInfo> >&):
    #####:   49:    __addressof(_Tp& __r) _GLIBCXX_NOEXCEPT
    #####:   50:    { return __builtin_addressof(__r); }
------------------
std::unique_ptr<std::__cxx11::basic_ostringstream<char, std::char_traits<char>, std::allocator<char> >, std::default_delete<std::__cxx11::basic_ostringstream<char, std::char_traits<char>, std::allocator<char> > > >* std::__addressof<std::unique_ptr<std::__cxx11::basic_ostringstream<char, std::char_traits<char>, std::allocator<char> >, std::default_delete<std::__cxx11::basic_ostringstream<char, std::char_traits<char>, std::allocator<char> > > > >(std::unique_ptr<std::__cxx11::basic_ostringstream<char, std::char_traits<char>, std::allocator<char> >, std::default_delete<std::__cxx11::basic_ostringstream<char, std::char_traits<char>, std::allocator<char> > > >&):
    #####:   49:    __addressof(_Tp& __r) _GLIBCXX_NOEXCEPT
    #####:   50:    { return __builtin_addressof(__r); }
------------------
std::__cxx11::sub_match<__gnu_cxx::__normal_iterator<char const*, std::__cxx11::basic_string<char, std::char_traits<char>, std::allocator<char> > > >* std::__addressof<std::__cxx11::sub_match<__gnu_cxx::__normal_iterator<char const*, std::__cxx11::basic_string<char, std::char_traits<char>, std::allocator<char> > > > >(std::__cxx11::sub_match<__gnu_cxx::__normal_iterator<char const*, std::__cxx11::basic_string<char, std::char_traits<char>, std::allocator<char> > > >&):
    #####:   49:    __addressof(_Tp& __r) _GLIBCXX_NOEXCEPT
    #####:   50:    { return __builtin_addressof(__r); }
------------------
std::allocator<std::_Sp_counted_ptr_inplace<std::__cxx11::basic_string<char, std::char_traits<char>, std::allocator<char> >, std::allocator<std::__cxx11::basic_string<char, std::char_traits<char>, std::allocator<char> > >, (__gnu_cxx::_Lock_policy)2> >* std::__addressof<std::allocator<std::_Sp_counted_ptr_inplace<std::__cxx11::basic_string<char, std::char_traits<char>, std::allocator<char> >, std::allocator<std::__cxx11::basic_string<char, std::char_traits<char>, std::allocator<char> > >, (__gnu_cxx::_Lock_policy)2> > >(std::allocator<std::_Sp_counted_ptr_inplace<std::__cxx11::basic_string<char, std::char_traits<char>, std::allocator<char> >, std::allocator<std::__cxx11::basic_string<char, std::char_traits<char>, std::allocator<char> > >, (__gnu_cxx::_Lock_policy)2> >&):
    #####:   49:    __addressof(_Tp& __r) _GLIBCXX_NOEXCEPT
    #####:   50:    { return __builtin_addressof(__r); }
------------------
std::allocator<std::_Sp_counted_ptr_inplace<Catch::clara::detail::BoundValueRef<std::__cxx11::basic_string<char, std::char_traits<char>, std::allocator<char> > >, std::allocator<Catch::clara::detail::BoundValueRef<std::__cxx11::basic_string<char, std::char_traits<char>, std::allocator<char> > > >, (__gnu_cxx::_Lock_policy)2> >* std::__addressof<std::allocator<std::_Sp_counted_ptr_inplace<Catch::clara::detail::BoundValueRef<std::__cxx11::basic_string<char, std::char_traits<char>, std::allocator<char> > >, std::allocator<Catch::clara::detail::BoundValueRef<std::__cxx11::basic_string<char, std::char_traits<char>, std::allocator<char> > > >, (__gnu_cxx::_Lock_policy)2> > >(std::allocator<std::_Sp_counted_ptr_inplace<Catch::clara::detail::BoundValueRef<std::__cxx11::basic_string<char, std::char_traits<char>, std::allocator<char> > >, std::allocator<Catch::clara::detail::BoundValueRef<std::__cxx11::basic_string<char, std::char_traits<char>, std::allocator<char> > > >, (__gnu_cxx::_Lock_policy)2> >&):
    #####:   49:    __addressof(_Tp& __r) _GLIBCXX_NOEXCEPT
    #####:   50:    { return __builtin_addressof(__r); }
------------------
std::allocator<std::_Sp_counted_ptr_inplace<Catch::clara::detail::BoundFlagRef, std::allocator<Catch::clara::detail::BoundFlagRef>, (__gnu_cxx::_Lock_policy)2> >* std::__addressof<std::allocator<std::_Sp_counted_ptr_inplace<Catch::clara::detail::BoundFlagRef, std::allocator<Catch::clara::detail::BoundFlagRef>, (__gnu_cxx::_Lock_policy)2> > >(std::allocator<std::_Sp_counted_ptr_inplace<Catch::clara::detail::BoundFlagRef, std::allocator<Catch::clara::detail::BoundFlagRef>, (__gnu_cxx::_Lock_policy)2> >&):
    #####:   49:    __addressof(_Tp& __r) _GLIBCXX_NOEXCEPT
    #####:   50:    { return __builtin_addressof(__r); }
------------------
std::allocator<std::_Sp_counted_ptr_inplace<Catch::Generators::GeneratorTracker, std::allocator<Catch::Generators::GeneratorTracker>, (__gnu_cxx::_Lock_policy)2> >* std::__addressof<std::allocator<std::_Sp_counted_ptr_inplace<Catch::Generators::GeneratorTracker, std::allocator<Catch::Generators::GeneratorTracker>, (__gnu_cxx::_Lock_policy)2> > >(std::allocator<std::_Sp_counted_ptr_inplace<Catch::Generators::GeneratorTracker, std::allocator<Catch::Generators::GeneratorTracker>, (__gnu_cxx::_Lock_policy)2> >&):
    #####:   49:    __addressof(_Tp& __r) _GLIBCXX_NOEXCEPT
    #####:   50:    { return __builtin_addressof(__r); }
------------------
std::allocator<std::_Sp_counted_ptr_inplace<Catch::Config, std::allocator<Catch::Config>, (__gnu_cxx::_Lock_policy)2> >* std::__addressof<std::allocator<std::_Sp_counted_ptr_inplace<Catch::Config, std::allocator<Catch::Config>, (__gnu_cxx::_Lock_policy)2> > >(std::allocator<std::_Sp_counted_ptr_inplace<Catch::Config, std::allocator<Catch::Config>, (__gnu_cxx::_Lock_policy)2> >&):
    #####:   49:    __addressof(_Tp& __r) _GLIBCXX_NOEXCEPT
    #####:   50:    { return __builtin_addressof(__r); }
------------------
std::allocator<std::_Sp_counted_ptr_inplace<Catch::TestCaseTracking::SectionTracker, std::allocator<Catch::TestCaseTracking::SectionTracker>, (__gnu_cxx::_Lock_policy)2> >* std::__addressof<std::allocator<std::_Sp_counted_ptr_inplace<Catch::TestCaseTracking::SectionTracker, std::allocator<Catch::TestCaseTracking::SectionTracker>, (__gnu_cxx::_Lock_policy)2> > >(std::allocator<std::_Sp_counted_ptr_inplace<Catch::TestCaseTracking::SectionTracker, std::allocator<Catch::TestCaseTracking::SectionTracker>, (__gnu_cxx::_Lock_policy)2> >&):
    #####:   49:    __addressof(_Tp& __r) _GLIBCXX_NOEXCEPT
    #####:   50:    { return __builtin_addressof(__r); }
------------------
std::allocator<std::_Sp_counted_ptr_inplace<Catch::TestSpec::NamePattern, std::allocator<Catch::TestSpec::NamePattern>, (__gnu_cxx::_Lock_policy)2> >* std::__addressof<std::allocator<std::_Sp_counted_ptr_inplace<Catch::TestSpec::NamePattern, std::allocator<Catch::TestSpec::NamePattern>, (__gnu_cxx::_Lock_policy)2> > >(std::allocator<std::_Sp_counted_ptr_inplace<Catch::TestSpec::NamePattern, std::allocator<Catch::TestSpec::NamePattern>, (__gnu_cxx::_Lock_policy)2> >&):
    #####:   49:    __addressof(_Tp& __r) _GLIBCXX_NOEXCEPT
    #####:   50:    { return __builtin_addressof(__r); }
------------------
std::unique_ptr<Catch::IExceptionTranslator const, std::default_delete<Catch::IExceptionTranslator const> >* std::__addressof<std::unique_ptr<Catch::IExceptionTranslator const, std::default_delete<Catch::IExceptionTranslator const> > >(std::unique_ptr<Catch::IExceptionTranslator const, std::default_delete<Catch::IExceptionTranslator const> >&):
    #####:   49:    __addressof(_Tp& __r) _GLIBCXX_NOEXCEPT
    #####:   50:    { return __builtin_addressof(__r); }
------------------
std::ostream* std::__addressof<std::ostream>(std::ostream&):
    #####:   49:    __addressof(_Tp& __r) _GLIBCXX_NOEXCEPT
    #####:   50:    { return __builtin_addressof(__r); }
------------------
std::__cxx11::basic_string<char, std::char_traits<char>, std::allocator<char> >* std::__addressof<std::__cxx11::basic_string<char, std::char_traits<char>, std::allocator<char> > >(std::__cxx11::basic_string<char, std::char_traits<char>, std::allocator<char> >&):
    #####:   49:    __addressof(_Tp& __r) _GLIBCXX_NOEXCEPT
    #####:   50:    { return __builtin_addressof(__r); }
------------------
Catch::clara::TextFlow::Column::iterator* std::__addressof<Catch::clara::TextFlow::Column::iterator>(Catch::clara::TextFlow::Column::iterator&):
    #####:   49:    __addressof(_Tp& __r) _GLIBCXX_NOEXCEPT
    #####:   50:    { return __builtin_addressof(__r); }
------------------
Catch::clara::TextFlow::Column* std::__addressof<Catch::clara::TextFlow::Column>(Catch::clara::TextFlow::Column&):
    #####:   49:    __addressof(_Tp& __r) _GLIBCXX_NOEXCEPT
    #####:   50:    { return __builtin_addressof(__r); }
------------------
Catch::clara::detail::Token* std::__addressof<Catch::clara::detail::Token>(Catch::clara::detail::Token&):
    #####:   49:    __addressof(_Tp& __r) _GLIBCXX_NOEXCEPT
    #####:   50:    { return __builtin_addressof(__r); }
------------------
Catch::clara::detail::HelpColumns* std::__addressof<Catch::clara::detail::HelpColumns>(Catch::clara::detail::HelpColumns&):
    #####:   49:    __addressof(_Tp& __r) _GLIBCXX_NOEXCEPT
    #####:   50:    { return __builtin_addressof(__r); }
------------------
Catch::clara::detail::Opt* std::__addressof<Catch::clara::detail::Opt>(Catch::clara::detail::Opt&):
    #####:   49:    __addressof(_Tp& __r) _GLIBCXX_NOEXCEPT
    #####:   50:    { return __builtin_addressof(__r); }
------------------
Catch::clara::detail::Arg* std::__addressof<Catch::clara::detail::Arg>(Catch::clara::detail::Arg&):
    #####:   49:    __addressof(_Tp& __r) _GLIBCXX_NOEXCEPT
    #####:   50:    { return __builtin_addressof(__r); }
------------------
Catch::TestSpec::Filter* std::__addressof<Catch::TestSpec::Filter>(Catch::TestSpec::Filter&):
    #####:   49:    __addressof(_Tp& __r) _GLIBCXX_NOEXCEPT
    #####:   50:    { return __builtin_addressof(__r); }
------------------
std::shared_ptr<Catch::TestSpec::Pattern>* std::__addressof<std::shared_ptr<Catch::TestSpec::Pattern> >(std::shared_ptr<Catch::TestSpec::Pattern>&):
    #####:   49:    __addressof(_Tp& __r) _GLIBCXX_NOEXCEPT
    #####:   50:    { return __builtin_addressof(__r); }
------------------
std::allocator<std::_Sp_counted_ptr_inplace<Catch::TestSpec::ExcludedPattern, std::allocator<Catch::TestSpec::ExcludedPattern>, (__gnu_cxx::_Lock_policy)2> >* std::__addressof<std::allocator<std::_Sp_counted_ptr_inplace<Catch::TestSpec::ExcludedPattern, std::allocator<Catch::TestSpec::ExcludedPattern>, (__gnu_cxx::_Lock_policy)2> > >(std::allocator<std::_Sp_counted_ptr_inplace<Catch::TestSpec::ExcludedPattern, std::allocator<Catch::TestSpec::ExcludedPattern>, (__gnu_cxx::_Lock_policy)2> >&):
    #####:   49:    __addressof(_Tp& __r) _GLIBCXX_NOEXCEPT
    #####:   50:    { return __builtin_addressof(__r); }
------------------
Catch::MessageInfo* std::__addressof<Catch::MessageInfo>(Catch::MessageInfo&):
    #####:   49:    __addressof(_Tp& __r) _GLIBCXX_NOEXCEPT
    #####:   50:    { return __builtin_addressof(__r); }
------------------
Catch::TestCase* std::__addressof<Catch::TestCase>(Catch::TestCase&):
    #####:   49:    __addressof(_Tp& __r) _GLIBCXX_NOEXCEPT
    #####:   50:    { return __builtin_addressof(__r); }
------------------
char const* std::__addressof<char const>(char const&):
    #####:   49:    __addressof(_Tp& __r) _GLIBCXX_NOEXCEPT
    #####:   50:    { return __builtin_addressof(__r); }
------------------
std::shared_ptr<Catch::IReporterFactory>* std::__addressof<std::shared_ptr<Catch::IReporterFactory> >(std::shared_ptr<Catch::IReporterFactory>&):
    #####:   49:    __addressof(_Tp& __r) _GLIBCXX_NOEXCEPT
    #####:   50:    { return __builtin_addressof(__r); }
------------------
std::shared_ptr<Catch::TestCaseTracking::ITracker>* std::__addressof<std::shared_ptr<Catch::TestCaseTracking::ITracker> >(std::shared_ptr<Catch::TestCaseTracking::ITracker>&):
    #####:   49:    __addressof(_Tp& __r) _GLIBCXX_NOEXCEPT
    #####:   50:    { return __builtin_addressof(__r); }
------------------
Catch::ScopedMessage* std::__addressof<Catch::ScopedMessage>(Catch::ScopedMessage&):
    #####:   49:    __addressof(_Tp& __r) _GLIBCXX_NOEXCEPT
    #####:   50:    { return __builtin_addressof(__r); }
------------------
Catch::SectionEndInfo* std::__addressof<Catch::SectionEndInfo>(Catch::SectionEndInfo&):
    #####:   49:    __addressof(_Tp& __r) _GLIBCXX_NOEXCEPT
    #####:   50:    { return __builtin_addressof(__r); }
------------------
Catch::TestSpec::FilterMatch* std::__addressof<Catch::TestSpec::FilterMatch>(Catch::TestSpec::FilterMatch&):
    #####:   49:    __addressof(_Tp& __r) _GLIBCXX_NOEXCEPT
    #####:   50:    { return __builtin_addressof(__r); }
------------------
Catch::SectionInfo* std::__addressof<Catch::SectionInfo>(Catch::SectionInfo&):
    #####:   49:    __addressof(_Tp& __r) _GLIBCXX_NOEXCEPT
    #####:   50:    { return __builtin_addressof(__r); }
------------------
Catch::(anonymous namespace)::ColumnInfo* std::__addressof<Catch::(anonymous namespace)::ColumnInfo>(Catch::(anonymous namespace)::ColumnInfo&):
    #####:   49:    __addressof(_Tp& __r) _GLIBCXX_NOEXCEPT
    #####:   50:    { return __builtin_addressof(__r); }
------------------
std::__detail::_AnyMatcher<std::__cxx11::regex_traits<char>, true, false, true> const* std::__addressof<std::__detail::_AnyMatcher<std::__cxx11::regex_traits<char>, true, false, true> const>(std::__detail::_AnyMatcher<std::__cxx11::regex_traits<char>, true, false, true> const&):
    #####:   49:    __addressof(_Tp& __r) _GLIBCXX_NOEXCEPT
    #####:   50:    { return __builtin_addressof(__r); }
------------------
std::allocator<std::_Sp_counted_ptr_inplace<Catch::clara::detail::BoundValueRef<unsigned int>, std::allocator<Catch::clara::detail::BoundValueRef<unsigned int> >, (__gnu_cxx::_Lock_policy)2> >* std::__addressof<std::allocator<std::_Sp_counted_ptr_inplace<Catch::clara::detail::BoundValueRef<unsigned int>, std::allocator<Catch::clara::detail::BoundValueRef<unsigned int> >, (__gnu_cxx::_Lock_policy)2> > >(std::allocator<std::_Sp_counted_ptr_inplace<Catch::clara::detail::BoundValueRef<unsigned int>, std::allocator<Catch::clara::detail::BoundValueRef<unsigned int> >, (__gnu_cxx::_Lock_policy)2> >&):
    #####:   49:    __addressof(_Tp& __r) _GLIBCXX_NOEXCEPT
    #####:   50:    { return __builtin_addressof(__r); }
------------------
std::allocator<std::_Sp_counted_ptr_inplace<Catch::clara::detail::BoundValueRef<long>, std::allocator<Catch::clara::detail::BoundValueRef<long> >, (__gnu_cxx::_Lock_policy)2> >* std::__addressof<std::allocator<std::_Sp_counted_ptr_inplace<Catch::clara::detail::BoundValueRef<long>, std::allocator<Catch::clara::detail::BoundValueRef<long> >, (__gnu_cxx::_Lock_policy)2> > >(std::allocator<std::_Sp_counted_ptr_inplace<Catch::clara::detail::BoundValueRef<long>, std::allocator<Catch::clara::detail::BoundValueRef<long> >, (__gnu_cxx::_Lock_policy)2> >&):
    #####:   49:    __addressof(_Tp& __r) _GLIBCXX_NOEXCEPT
    #####:   50:    { return __builtin_addressof(__r); }
------------------
std::pair<__gnu_cxx::__normal_iterator<char const*, std::__cxx11::basic_string<char, std::char_traits<char>, std::allocator<char> > >, int>* std::__addressof<std::pair<__gnu_cxx::__normal_iterator<char const*, std::__cxx11::basic_string<char, std::char_traits<char>, std::allocator<char> > >, int> >(std::pair<__gnu_cxx::__normal_iterator<char const*, std::__cxx11::basic_string<char, std::char_traits<char>, std::allocator<char> > >, int>&):
    #####:   49:    __addressof(_Tp& __r) _GLIBCXX_NOEXCEPT
    #####:   50:    { return __builtin_addressof(__r); }
------------------
std::allocator<std::_Sp_counted_ptr_inplace<std::__detail::_NFA<std::__cxx11::regex_traits<char> >, std::allocator<std::__detail::_NFA<std::__cxx11::regex_traits<char> > >, (__gnu_cxx::_Lock_policy)2> >* std::__addressof<std::allocator<std::_Sp_counted_ptr_inplace<std::__detail::_NFA<std::__cxx11::regex_traits<char> >, std::allocator<std::__detail::_NFA<std::__cxx11::regex_traits<char> > >, (__gnu_cxx::_Lock_policy)2> > >(std::allocator<std::_Sp_counted_ptr_inplace<std::__detail::_NFA<std::__cxx11::regex_traits<char> >, std::allocator<std::__detail::_NFA<std::__cxx11::regex_traits<char> > >, (__gnu_cxx::_Lock_policy)2> >&):
    #####:   49:    __addressof(_Tp& __r) _GLIBCXX_NOEXCEPT
    #####:   50:    { return __builtin_addressof(__r); }
------------------
std::__detail::_State<char>* std::__addressof<std::__detail::_State<char> >(std::__detail::_State<char>&):
    #####:   49:    __addressof(_Tp& __r) _GLIBCXX_NOEXCEPT
    #####:   50:    { return __builtin_addressof(__r); }
------------------
std::__detail::_AnyMatcher<std::__cxx11::regex_traits<char>, false, false, false> const* std::__addressof<std::__detail::_AnyMatcher<std::__cxx11::regex_traits<char>, false, false, false> const>(std::__detail::_AnyMatcher<std::__cxx11::regex_traits<char>, false, false, false> const&):
    #####:   49:    __addressof(_Tp& __r) _GLIBCXX_NOEXCEPT
    #####:   50:    { return __builtin_addressof(__r); }
------------------
std::__detail::_AnyMatcher<std::__cxx11::regex_traits<char>, false, false, true> const* std::__addressof<std::__detail::_AnyMatcher<std::__cxx11::regex_traits<char>, false, false, true> const>(std::__detail::_AnyMatcher<std::__cxx11::regex_traits<char>, false, false, true> const&):
    #####:   49:    __addressof(_Tp& __r) _GLIBCXX_NOEXCEPT
    #####:   50:    { return __builtin_addressof(__r); }
------------------
std::__detail::_AnyMatcher<std::__cxx11::regex_traits<char>, false, true, false> const* std::__addressof<std::__detail::_AnyMatcher<std::__cxx11::regex_traits<char>, false, true, false> const>(std::__detail::_AnyMatcher<std::__cxx11::regex_traits<char>, false, true, false> const&):
    #####:   49:    __addressof(_Tp& __r) _GLIBCXX_NOEXCEPT
    #####:   50:    { return __builtin_addressof(__r); }
------------------
std::__detail::_AnyMatcher<std::__cxx11::regex_traits<char>, false, true, true> const* std::__addressof<std::__detail::_AnyMatcher<std::__cxx11::regex_traits<char>, false, true, true> const>(std::__detail::_AnyMatcher<std::__cxx11::regex_traits<char>, false, true, true> const&):
    #####:   49:    __addressof(_Tp& __r) _GLIBCXX_NOEXCEPT
    #####:   50:    { return __builtin_addressof(__r); }
------------------
std::__detail::_AnyMatcher<std::__cxx11::regex_traits<char>, true, false, false> const* std::__addressof<std::__detail::_AnyMatcher<std::__cxx11::regex_traits<char>, true, false, false> const>(std::__detail::_AnyMatcher<std::__cxx11::regex_traits<char>, true, false, false> const&):
    #####:   49:    __addressof(_Tp& __r) _GLIBCXX_NOEXCEPT
    #####:   50:    { return __builtin_addressof(__r); }
------------------
std::allocator<std::_Sp_counted_ptr_inplace<Catch::clara::detail::BoundLambda<Catch::makeCommandLineParser(Catch::ConfigData&)::{lambda(std::__cxx11::basic_string<char, std::char_traits<char>, std::allocator<char> > const&)#6}>, std::allocator<Catch::makeCommandLineParser(Catch::ConfigData&)::{lambda(std::__cxx11::basic_string<char, std::char_traits<char>, std::allocator<char> > const&)#6}>, (__gnu_cxx::_Lock_policy)2> >* std::__addressof<std::allocator<std::_Sp_counted_ptr_inplace<Catch::clara::detail::BoundLambda<Catch::makeCommandLineParser(Catch::ConfigData&)::{lambda(std::__cxx11::basic_string<char, std::char_traits<char>, std::allocator<char> > const&)#6}>, std::allocator<Catch::makeCommandLineParser(Catch::ConfigData&)::{lambda(std::__cxx11::basic_string<char, std::char_traits<char>, std::allocator<char> > const&)#6}>, (__gnu_cxx::_Lock_policy)2> > >(std::allocator<std::_Sp_counted_ptr_inplace<Catch::clara::detail::BoundLambda<Catch::makeCommandLineParser(Catch::ConfigData&)::{lambda(std::__cxx11::basic_string<char, std::char_traits<char>, std::allocator<char> > const&)#6}>, std::allocator<Catch::makeCommandLineParser(Catch::ConfigData&)::{lambda(std::__cxx11::basic_string<char, std::char_traits<char>, std::allocator<char> > const&)#6}>, (__gnu_cxx::_Lock_policy)2> >&):
    #####:   49:    __addressof(_Tp& __r) _GLIBCXX_NOEXCEPT
    #####:   50:    { return __builtin_addressof(__r); }
------------------
std::__detail::_AnyMatcher<std::__cxx11::regex_traits<char>, true, true, false> const* std::__addressof<std::__detail::_AnyMatcher<std::__cxx11::regex_traits<char>, true, true, false> const>(std::__detail::_AnyMatcher<std::__cxx11::regex_traits<char>, true, true, false> const&):
    #####:   49:    __addressof(_Tp& __r) _GLIBCXX_NOEXCEPT
    #####:   50:    { return __builtin_addressof(__r); }
------------------
std::__detail::_AnyMatcher<std::__cxx11::regex_traits<char>, true, true, true> const* std::__addressof<std::__detail::_AnyMatcher<std::__cxx11::regex_traits<char>, true, true, true> const>(std::__detail::_AnyMatcher<std::__cxx11::regex_traits<char>, true, true, true> const&):
    #####:   49:    __addressof(_Tp& __r) _GLIBCXX_NOEXCEPT
    #####:   50:    { return __builtin_addressof(__r); }
------------------
std::__detail::_CharMatcher<std::__cxx11::regex_traits<char>, false, false> const* std::__addressof<std::__detail::_CharMatcher<std::__cxx11::regex_traits<char>, false, false> const>(std::__detail::_CharMatcher<std::__cxx11::regex_traits<char>, false, false> const&):
    #####:   49:    __addressof(_Tp& __r) _GLIBCXX_NOEXCEPT
    #####:   50:    { return __builtin_addressof(__r); }
------------------
std::__detail::_CharMatcher<std::__cxx11::regex_traits<char>, false, true> const* std::__addressof<std::__detail::_CharMatcher<std::__cxx11::regex_traits<char>, false, true> const>(std::__detail::_CharMatcher<std::__cxx11::regex_traits<char>, false, true> const&):
    #####:   49:    __addressof(_Tp& __r) _GLIBCXX_NOEXCEPT
    #####:   50:    { return __builtin_addressof(__r); }
------------------
std::__detail::_CharMatcher<std::__cxx11::regex_traits<char>, true, false> const* std::__addressof<std::__detail::_CharMatcher<std::__cxx11::regex_traits<char>, true, false> const>(std::__detail::_CharMatcher<std::__cxx11::regex_traits<char>, true, false> const&):
    #####:   49:    __addressof(_Tp& __r) _GLIBCXX_NOEXCEPT
    #####:   50:    { return __builtin_addressof(__r); }
------------------
std::__detail::_CharMatcher<std::__cxx11::regex_traits<char>, true, true> const* std::__addressof<std::__detail::_CharMatcher<std::__cxx11::regex_traits<char>, true, true> const>(std::__detail::_CharMatcher<std::__cxx11::regex_traits<char>, true, true> const&):
    #####:   49:    __addressof(_Tp& __r) _GLIBCXX_NOEXCEPT
    #####:   50:    { return __builtin_addressof(__r); }
------------------
std::pair<std::__cxx11::basic_string<char, std::char_traits<char>, std::allocator<char> >, std::__cxx11::basic_string<char, std::char_traits<char>, std::allocator<char> > >* std::__addressof<std::pair<std::__cxx11::basic_string<char, std::char_traits<char>, std::allocator<char> >, std::__cxx11::basic_string<char, std::char_traits<char>, std::allocator<char> > > >(std::pair<std::__cxx11::basic_string<char, std::char_traits<char>, std::allocator<char> >, std::__cxx11::basic_string<char, std::char_traits<char>, std::allocator<char> > >&):
    #####:   49:    __addressof(_Tp& __r) _GLIBCXX_NOEXCEPT
    #####:   50:    { return __builtin_addressof(__r); }
------------------
std::__cxx11::regex_traits<char>::_RegexMask* std::__addressof<std::__cxx11::regex_traits<char>::_RegexMask>(std::__cxx11::regex_traits<char>::_RegexMask&):
    #####:   49:    __addressof(_Tp& __r) _GLIBCXX_NOEXCEPT
    #####:   50:    { return __builtin_addressof(__r); }
------------------
std::pair<char, char>* std::__addressof<std::pair<char, char> >(std::pair<char, char>&):
    #####:   49:    __addressof(_Tp& __r) _GLIBCXX_NOEXCEPT
    #####:   50:    { return __builtin_addressof(__r); }
------------------
std::allocator<std::_Sp_counted_ptr_inplace<Catch::CumulativeReporterBase<Catch::JunitReporter>::SectionNode, std::allocator<Catch::CumulativeReporterBase<Catch::JunitReporter>::SectionNode>, (__gnu_cxx::_Lock_policy)2> >* std::__addressof<std::allocator<std::_Sp_counted_ptr_inplace<Catch::CumulativeReporterBase<Catch::JunitReporter>::SectionNode, std::allocator<Catch::CumulativeReporterBase<Catch::JunitReporter>::SectionNode>, (__gnu_cxx::_Lock_policy)2> > >(std::allocator<std::_Sp_counted_ptr_inplace<Catch::CumulativeReporterBase<Catch::JunitReporter>::SectionNode, std::allocator<Catch::CumulativeReporterBase<Catch::JunitReporter>::SectionNode>, (__gnu_cxx::_Lock_policy)2> >&):
    #####:   49:    __addressof(_Tp& __r) _GLIBCXX_NOEXCEPT
    #####:   50:    { return __builtin_addressof(__r); }
------------------
std::allocator<std::_Sp_counted_ptr_inplace<Catch::ReporterRegistrar<Catch::XmlReporter>::ReporterFactory, std::allocator<Catch::ReporterRegistrar<Catch::XmlReporter>::ReporterFactory>, (__gnu_cxx::_Lock_policy)2> >* std::__addressof<std::allocator<std::_Sp_counted_ptr_inplace<Catch::ReporterRegistrar<Catch::XmlReporter>::ReporterFactory, std::allocator<Catch::ReporterRegistrar<Catch::XmlReporter>::ReporterFactory>, (__gnu_cxx::_Lock_policy)2> > >(std::allocator<std::_Sp_counted_ptr_inplace<Catch::ReporterRegistrar<Catch::XmlReporter>::ReporterFactory, std::allocator<Catch::ReporterRegistrar<Catch::XmlReporter>::ReporterFactory>, (__gnu_cxx::_Lock_policy)2> >&):
    #####:   49:    __addressof(_Tp& __r) _GLIBCXX_NOEXCEPT
    #####:   50:    { return __builtin_addressof(__r); }
------------------
std::allocator<std::_Sp_counted_ptr_inplace<Catch::TestSpec::TagPattern, std::allocator<Catch::TestSpec::TagPattern>, (__gnu_cxx::_Lock_policy)2> >* std::__addressof<std::allocator<std::_Sp_counted_ptr_inplace<Catch::TestSpec::TagPattern, std::allocator<Catch::TestSpec::TagPattern>, (__gnu_cxx::_Lock_policy)2> > >(std::allocator<std::_Sp_counted_ptr_inplace<Catch::TestSpec::TagPattern, std::allocator<Catch::TestSpec::TagPattern>, (__gnu_cxx::_Lock_policy)2> >&):
    #####:   49:    __addressof(_Tp& __r) _GLIBCXX_NOEXCEPT
    #####:   50:    { return __builtin_addressof(__r); }
------------------
std::allocator<std::_Sp_counted_ptr_inplace<Catch::clara::detail::BoundFlagLambda<Catch::clara::detail::Help::Help(bool&)::{lambda(bool)#1}>, std::allocator<Catch::clara::detail::Help::Help(bool&)::{lambda(bool)#1}>, (__gnu_cxx::_Lock_policy)2> >* std::__addressof<std::allocator<std::_Sp_counted_ptr_inplace<Catch::clara::detail::BoundFlagLambda<Catch::clara::detail::Help::Help(bool&)::{lambda(bool)#1}>, std::allocator<Catch::clara::detail::Help::Help(bool&)::{lambda(bool)#1}>, (__gnu_cxx::_Lock_policy)2> > >(std::allocator<std::_Sp_counted_ptr_inplace<Catch::clara::detail::BoundFlagLambda<Catch::clara::detail::Help::Help(bool&)::{lambda(bool)#1}>, std::allocator<Catch::clara::detail::Help::Help(bool&)::{lambda(bool)#1}>, (__gnu_cxx::_Lock_policy)2> >&):
    #####:   49:    __addressof(_Tp& __r) _GLIBCXX_NOEXCEPT
    #####:   50:    { return __builtin_addressof(__r); }
------------------
std::allocator<std::_Sp_counted_ptr_inplace<Catch::clara::detail::BoundFlagLambda<Catch::makeCommandLineParser(Catch::ConfigData&)::{lambda(bool)#9}>, std::allocator<Catch::makeCommandLineParser(Catch::ConfigData&)::{lambda(bool)#9}>, (__gnu_cxx::_Lock_policy)2> >* std::__addressof<std::allocator<std::_Sp_counted_ptr_inplace<Catch::clara::detail::BoundFlagLambda<Catch::makeCommandLineParser(Catch::ConfigData&)::{lambda(bool)#9}>, std::allocator<Catch::makeCommandLineParser(Catch::ConfigData&)::{lambda(bool)#9}>, (__gnu_cxx::_Lock_policy)2> > >(std::allocator<std::_Sp_counted_ptr_inplace<Catch::clara::detail::BoundFlagLambda<Catch::makeCommandLineParser(Catch::ConfigData&)::{lambda(bool)#9}>, std::allocator<Catch::makeCommandLineParser(Catch::ConfigData&)::{lambda(bool)#9}>, (__gnu_cxx::_Lock_policy)2> >&):
    #####:   49:    __addressof(_Tp& __r) _GLIBCXX_NOEXCEPT
    #####:   50:    { return __builtin_addressof(__r); }
------------------
std::allocator<std::_Sp_counted_ptr_inplace<Catch::clara::detail::BoundValueRef<std::vector<std::__cxx11::basic_string<char, std::char_traits<char>, std::allocator<char> >, std::allocator<std::__cxx11::basic_string<char, std::char_traits<char>, std::allocator<char> > > > >, std::allocator<Catch::clara::detail::BoundValueRef<std::vector<std::__cxx11::basic_string<char, std::char_traits<char>, std::allocator<char> >, std::allocator<std::__cxx11::basic_string<char, std::char_traits<char>, std::allocator<char> > > > > >, (__gnu_cxx::_Lock_policy)2> >* std::__addressof<std::allocator<std::_Sp_counted_ptr_inplace<Catch::clara::detail::BoundValueRef<std::vector<std::__cxx11::basic_string<char, std::char_traits<char>, std::allocator<char> >, std::allocator<std::__cxx11::basic_string<char, std::char_traits<char>, std::allocator<char> > > > >, std::allocator<Catch::clara::detail::BoundValueRef<std::vector<std::__cxx11::basic_string<char, std::char_traits<char>, std::allocator<char> >, std::allocator<std::__cxx11::basic_string<char, std::char_traits<char>, std::allocator<char> > > > > >, (__gnu_cxx::_Lock_policy)2> > >(std::allocator<std::_Sp_counted_ptr_inplace<Catch::clara::detail::BoundValueRef<std::vector<std::__cxx11::basic_string<char, std::char_traits<char>, std::allocator<char> >, std::allocator<std::__cxx11::basic_string<char, std::char_traits<char>, std::allocator<char> > > > >, std::allocator<Catch::clara::detail::BoundValueRef<std::vector<std::__cxx11::basic_string<char, std::char_traits<char>, std::allocator<char> >, std::allocator<std::__cxx11::basic_string<char, std::char_traits<char>, std::allocator<char> > > > > >, (__gnu_cxx::_Lock_policy)2> >&):
    #####:   49:    __addressof(_Tp& __r) _GLIBCXX_NOEXCEPT
    #####:   50:    { return __builtin_addressof(__r); }
------------------
std::pair<long, std::vector<std::__cxx11::sub_match<__gnu_cxx::__normal_iterator<char const*, std::__cxx11::basic_string<char, std::char_traits<char>, std::allocator<char> > > >, std::allocator<std::__cxx11::sub_match<__gnu_cxx::__normal_iterator<char const*, std::__cxx11::basic_string<char, std::char_traits<char>, std::allocator<char> > > > > > >* std::__addressof<std::pair<long, std::vector<std::__cxx11::sub_match<__gnu_cxx::__normal_iterator<char const*, std::__cxx11::basic_string<char, std::char_traits<char>, std::allocator<char> > > >, std::allocator<std::__cxx11::sub_match<__gnu_cxx::__normal_iterator<char const*, std::__cxx11::basic_string<char, std::char_traits<char>, std::allocator<char> > > > > > > >(std::pair<long, std::vector<std::__cxx11::sub_match<__gnu_cxx::__normal_iterator<char const*, std::__cxx11::basic_string<char, std::char_traits<char>, std::allocator<char> > > >, std::allocator<std::__cxx11::sub_match<__gnu_cxx::__normal_iterator<char const*, std::__cxx11::basic_string<char, std::char_traits<char>, std::allocator<char> > > > > > >&):
    #####:   49:    __addressof(_Tp& __r) _GLIBCXX_NOEXCEPT
    #####:   50:    { return __builtin_addressof(__r); }
------------------
std::allocator<std::_Sp_counted_ptr_inplace<Catch::ReporterRegistrar<Catch::CompactReporter>::ReporterFactory, std::allocator<Catch::ReporterRegistrar<Catch::CompactReporter>::ReporterFactory>, (__gnu_cxx::_Lock_policy)2> >* std::__addressof<std::allocator<std::_Sp_counted_ptr_inplace<Catch::ReporterRegistrar<Catch::CompactReporter>::ReporterFactory, std::allocator<Catch::ReporterRegistrar<Catch::CompactReporter>::ReporterFactory>, (__gnu_cxx::_Lock_policy)2> > >(std::allocator<std::_Sp_counted_ptr_inplace<Catch::ReporterRegistrar<Catch::CompactReporter>::ReporterFactory, std::allocator<Catch::ReporterRegistrar<Catch::CompactReporter>::ReporterFactory>, (__gnu_cxx::_Lock_policy)2> >&):
    #####:   49:    __addressof(_Tp& __r) _GLIBCXX_NOEXCEPT
    #####:   50:    { return __builtin_addressof(__r); }
------------------
std::allocator<std::_Sp_counted_ptr_inplace<Catch::ReporterRegistrar<Catch::ConsoleReporter>::ReporterFactory, std::allocator<Catch::ReporterRegistrar<Catch::ConsoleReporter>::ReporterFactory>, (__gnu_cxx::_Lock_policy)2> >* std::__addressof<std::allocator<std::_Sp_counted_ptr_inplace<Catch::ReporterRegistrar<Catch::ConsoleReporter>::ReporterFactory, std::allocator<Catch::ReporterRegistrar<Catch::ConsoleReporter>::ReporterFactory>, (__gnu_cxx::_Lock_policy)2> > >(std::allocator<std::_Sp_counted_ptr_inplace<Catch::ReporterRegistrar<Catch::ConsoleReporter>::ReporterFactory, std::allocator<Catch::ReporterRegistrar<Catch::ConsoleReporter>::ReporterFactory>, (__gnu_cxx::_Lock_policy)2> >&):
    #####:   49:    __addressof(_Tp& __r) _GLIBCXX_NOEXCEPT
    #####:   50:    { return __builtin_addressof(__r); }
------------------
std::allocator<std::_Sp_counted_ptr_inplace<Catch::CumulativeReporterBase<Catch::JunitReporter>::Node<Catch::TestCaseStats, Catch::CumulativeReporterBase<Catch::JunitReporter>::SectionNode>, std::allocator<Catch::CumulativeReporterBase<Catch::JunitReporter>::Node<Catch::TestCaseStats, Catch::CumulativeReporterBase<Catch::JunitReporter>::SectionNode> >, (__gnu_cxx::_Lock_policy)2> >* std::__addressof<std::allocator<std::_Sp_counted_ptr_inplace<Catch::CumulativeReporterBase<Catch::JunitReporter>::Node<Catch::TestCaseStats, Catch::CumulativeReporterBase<Catch::JunitReporter>::SectionNode>, std::allocator<Catch::CumulativeReporterBase<Catch::JunitReporter>::Node<Catch::TestCaseStats, Catch::CumulativeReporterBase<Catch::JunitReporter>::SectionNode> >, (__gnu_cxx::_Lock_policy)2> > >(std::allocator<std::_Sp_counted_ptr_inplace<Catch::CumulativeReporterBase<Catch::JunitReporter>::Node<Catch::TestCaseStats, Catch::CumulativeReporterBase<Catch::JunitReporter>::SectionNode>, std::allocator<Catch::CumulativeReporterBase<Catch::JunitReporter>::Node<Catch::TestCaseStats, Catch::CumulativeReporterBase<Catch::JunitReporter>::SectionNode> >, (__gnu_cxx::_Lock_policy)2> >&):
    #####:   49:    __addressof(_Tp& __r) _GLIBCXX_NOEXCEPT
    #####:   50:    { return __builtin_addressof(__r); }
------------------
std::allocator<std::_Sp_counted_ptr_inplace<Catch::CumulativeReporterBase<Catch::JunitReporter>::Node<Catch::TestGroupStats, Catch::CumulativeReporterBase<Catch::JunitReporter>::Node<Catch::TestCaseStats, Catch::CumulativeReporterBase<Catch::JunitReporter>::SectionNode> >, std::allocator<Catch::CumulativeReporterBase<Catch::JunitReporter>::Node<Catch::TestGroupStats, Catch::CumulativeReporterBase<Catch::JunitReporter>::Node<Catch::TestCaseStats, Catch::CumulativeReporterBase<Catch::JunitReporter>::SectionNode> > >, (__gnu_cxx::_Lock_policy)2> >* std::__addressof<std::allocator<std::_Sp_counted_ptr_inplace<Catch::CumulativeReporterBase<Catch::JunitReporter>::Node<Catch::TestGroupStats, Catch::CumulativeReporterBase<Catch::JunitReporter>::Node<Catch::TestCaseStats, Catch::CumulativeReporterBase<Catch::JunitReporter>::SectionNode> >, std::allocator<Catch::CumulativeReporterBase<Catch::JunitReporter>::Node<Catch::TestGroupStats, Catch::CumulativeReporterBase<Catch::JunitReporter>::Node<Catch::TestCaseStats, Catch::CumulativeReporterBase<Catch::JunitReporter>::SectionNode> > >, (__gnu_cxx::_Lock_policy)2> > >(std::allocator<std::_Sp_counted_ptr_inplace<Catch::CumulativeReporterBase<Catch::JunitReporter>::Node<Catch::TestGroupStats, Catch::CumulativeReporterBase<Catch::JunitReporter>::Node<Catch::TestCaseStats, Catch::CumulativeReporterBase<Catch::JunitReporter>::SectionNode> >, std::allocator<Catch::CumulativeReporterBase<Catch::JunitReporter>::Node<Catch::TestGroupStats, Catch::CumulativeReporterBase<Catch::JunitReporter>::Node<Catch::TestCaseStats, Catch::CumulativeReporterBase<Catch::JunitReporter>::SectionNode> > >, (__gnu_cxx::_Lock_policy)2> >&):
    #####:   49:    __addressof(_Tp& __r) _GLIBCXX_NOEXCEPT
    #####:   50:    { return __builtin_addressof(__r); }
------------------
std::allocator<std::_Sp_counted_ptr_inplace<Catch::ReporterRegistrar<Catch::JunitReporter>::ReporterFactory, std::allocator<Catch::ReporterRegistrar<Catch::JunitReporter>::ReporterFactory>, (__gnu_cxx::_Lock_policy)2> >* std::__addressof<std::allocator<std::_Sp_counted_ptr_inplace<Catch::ReporterRegistrar<Catch::JunitReporter>::ReporterFactory, std::allocator<Catch::ReporterRegistrar<Catch::JunitReporter>::ReporterFactory>, (__gnu_cxx::_Lock_policy)2> > >(std::allocator<std::_Sp_counted_ptr_inplace<Catch::ReporterRegistrar<Catch::JunitReporter>::ReporterFactory, std::allocator<Catch::ReporterRegistrar<Catch::JunitReporter>::ReporterFactory>, (__gnu_cxx::_Lock_policy)2> >&):
    #####:   49:    __addressof(_Tp& __r) _GLIBCXX_NOEXCEPT
    #####:   50:    { return __builtin_addressof(__r); }
------------------
std::allocator<std::_Sp_counted_ptr_inplace<Catch::CumulativeReporterBase<Catch::JunitReporter>::Node<Catch::TestRunStats, Catch::CumulativeReporterBase<Catch::JunitReporter>::Node<Catch::TestGroupStats, Catch::CumulativeReporterBase<Catch::JunitReporter>::Node<Catch::TestCaseStats, Catch::CumulativeReporterBase<Catch::JunitReporter>::SectionNode> > >, std::allocator<Catch::CumulativeReporterBase<Catch::JunitReporter>::Node<Catch::TestRunStats, Catch::CumulativeReporterBase<Catch::JunitReporter>::Node<Catch::TestGroupStats, Catch::CumulativeReporterBase<Catch::JunitReporter>::Node<Catch::TestCaseStats, Catch::CumulativeReporterBase<Catch::JunitReporter>::SectionNode> > > >, (__gnu_cxx::_Lock_policy)2> >* std::__addressof<std::allocator<std::_Sp_counted_ptr_inplace<Catch::CumulativeReporterBase<Catch::JunitReporter>::Node<Catch::TestRunStats, Catch::CumulativeReporterBase<Catch::JunitReporter>::Node<Catch::TestGroupStats, Catch::CumulativeReporterBase<Catch::JunitReporter>::Node<Catch::TestCaseStats, Catch::CumulativeReporterBase<Catch::JunitReporter>::SectionNode> > >, std::allocator<Catch::CumulativeReporterBase<Catch::JunitReporter>::Node<Catch::TestRunStats, Catch::CumulativeReporterBase<Catch::JunitReporter>::Node<Catch::TestGroupStats, Catch::CumulativeReporterBase<Catch::JunitReporter>::Node<Catch::TestCaseStats, Catch::CumulativeReporterBase<Catch::JunitReporter>::SectionNode> > > >, (__gnu_cxx::_Lock_policy)2> > >(std::allocator<std::_Sp_counted_ptr_inplace<Catch::CumulativeReporterBase<Catch::JunitReporter>::Node<Catch::TestRunStats, Catch::CumulativeReporterBase<Catch::JunitReporter>::Node<Catch::TestGroupStats, Catch::CumulativeReporterBase<Catch::JunitReporter>::Node<Catch::TestCaseStats, Catch::CumulativeReporterBase<Catch::JunitReporter>::SectionNode> > >, std::allocator<Catch::CumulativeReporterBase<Catch::JunitReporter>::Node<Catch::TestRunStats, Catch::CumulativeReporterBase<Catch::JunitReporter>::Node<Catch::TestGroupStats, Catch::CumulativeReporterBase<Catch::JunitReporter>::Node<Catch::TestCaseStats, Catch::CumulativeReporterBase<Catch::JunitReporter>::SectionNode> > > >, (__gnu_cxx::_Lock_policy)2> >&):
    #####:   49:    __addressof(_Tp& __r) _GLIBCXX_NOEXCEPT
    #####:   50:    { return __builtin_addressof(__r); }
------------------
std::allocator<std::_Sp_counted_ptr_inplace<Catch::clara::detail::BoundLambda<Catch::makeCommandLineParser(Catch::ConfigData&)::{lambda(std::__cxx11::basic_string<char, std::char_traits<char>, std::allocator<char> > const&)#8}>, std::allocator<Catch::makeCommandLineParser(Catch::ConfigData&)::{lambda(std::__cxx11::basic_string<char, std::char_traits<char>, std::allocator<char> > const&)#8}>, (__gnu_cxx::_Lock_policy)2> >* std::__addressof<std::allocator<std::_Sp_counted_ptr_inplace<Catch::clara::detail::BoundLambda<Catch::makeCommandLineParser(Catch::ConfigData&)::{lambda(std::__cxx11::basic_string<char, std::char_traits<char>, std::allocator<char> > const&)#8}>, std::allocator<Catch::makeCommandLineParser(Catch::ConfigData&)::{lambda(std::__cxx11::basic_string<char, std::char_traits<char>, std::allocator<char> > const&)#8}>, (__gnu_cxx::_Lock_policy)2> > >(std::allocator<std::_Sp_counted_ptr_inplace<Catch::clara::detail::BoundLambda<Catch::makeCommandLineParser(Catch::ConfigData&)::{lambda(std::__cxx11::basic_string<char, std::char_traits<char>, std::allocator<char> > const&)#8}>, std::allocator<Catch::makeCommandLineParser(Catch::ConfigData&)::{lambda(std::__cxx11::basic_string<char, std::char_traits<char>, std::allocator<char> > const&)#8}>, (__gnu_cxx::_Lock_policy)2> >&):
    #####:   49:    __addressof(_Tp& __r) _GLIBCXX_NOEXCEPT
    #####:   50:    { return __builtin_addressof(__r); }
------------------
std::allocator<std::_Sp_counted_ptr_inplace<Catch::clara::detail::BoundLambda<Catch::makeCommandLineParser(Catch::ConfigData&)::{lambda(int)#10}>, std::allocator<Catch::makeCommandLineParser(Catch::ConfigData&)::{lambda(int)#10}>, (__gnu_cxx::_Lock_policy)2> >* std::__addressof<std::allocator<std::_Sp_counted_ptr_inplace<Catch::clara::detail::BoundLambda<Catch::makeCommandLineParser(Catch::ConfigData&)::{lambda(int)#10}>, std::allocator<Catch::makeCommandLineParser(Catch::ConfigData&)::{lambda(int)#10}>, (__gnu_cxx::_Lock_policy)2> > >(std::allocator<std::_Sp_counted_ptr_inplace<Catch::clara::detail::BoundLambda<Catch::makeCommandLineParser(Catch::ConfigData&)::{lambda(int)#10}>, std::allocator<Catch::makeCommandLineParser(Catch::ConfigData&)::{lambda(int)#10}>, (__gnu_cxx::_Lock_policy)2> >&):
    #####:   49:    __addressof(_Tp& __r) _GLIBCXX_NOEXCEPT
    #####:   50:    { return __builtin_addressof(__r); }
------------------
std::allocator<std::_Sp_counted_ptr_inplace<Catch::clara::detail::BoundLambda<Catch::makeCommandLineParser(Catch::ConfigData&)::{lambda(std::__cxx11::basic_string<char, std::char_traits<char>, std::allocator<char> > const&)#1}>, std::allocator<Catch::makeCommandLineParser(Catch::ConfigData&)::{lambda(std::__cxx11::basic_string<char, std::char_traits<char>, std::allocator<char> > const&)#1}>, (__gnu_cxx::_Lock_policy)2> >* std::__addressof<std::allocator<std::_Sp_counted_ptr_inplace<Catch::clara::detail::BoundLambda<Catch::makeCommandLineParser(Catch::ConfigData&)::{lambda(std::__cxx11::basic_string<char, std::char_traits<char>, std::allocator<char> > const&)#1}>, std::allocator<Catch::makeCommandLineParser(Catch::ConfigData&)::{lambda(std::__cxx11::basic_string<char, std::char_traits<char>, std::allocator<char> > const&)#1}>, (__gnu_cxx::_Lock_policy)2> > >(std::allocator<std::_Sp_counted_ptr_inplace<Catch::clara::detail::BoundLambda<Catch::makeCommandLineParser(Catch::ConfigData&)::{lambda(std::__cxx11::basic_string<char, std::char_traits<char>, std::allocator<char> > const&)#1}>, std::allocator<Catch::makeCommandLineParser(Catch::ConfigData&)::{lambda(std::__cxx11::basic_string<char, std::char_traits<char>, std::allocator<char> > const&)#1}>, (__gnu_cxx::_Lock_policy)2> >&):
    #####:   49:    __addressof(_Tp& __r) _GLIBCXX_NOEXCEPT
    #####:   50:    { return __builtin_addressof(__r); }
------------------
std::allocator<std::_Sp_counted_ptr_inplace<Catch::clara::detail::BoundLambda<Catch::makeCommandLineParser(Catch::ConfigData&)::{lambda(bool)#11}>, std::allocator<Catch::makeCommandLineParser(Catch::ConfigData&)::{lambda(bool)#11}>, (__gnu_cxx::_Lock_policy)2> >* std::__addressof<std::allocator<std::_Sp_counted_ptr_inplace<Catch::clara::detail::BoundLambda<Catch::makeCommandLineParser(Catch::ConfigData&)::{lambda(bool)#11}>, std::allocator<Catch::makeCommandLineParser(Catch::ConfigData&)::{lambda(bool)#11}>, (__gnu_cxx::_Lock_policy)2> > >(std::allocator<std::_Sp_counted_ptr_inplace<Catch::clara::detail::BoundLambda<Catch::makeCommandLineParser(Catch::ConfigData&)::{lambda(bool)#11}>, std::allocator<Catch::makeCommandLineParser(Catch::ConfigData&)::{lambda(bool)#11}>, (__gnu_cxx::_Lock_policy)2> >&):
    #####:   49:    __addressof(_Tp& __r) _GLIBCXX_NOEXCEPT
    #####:   50:    { return __builtin_addressof(__r); }
------------------
std::allocator<std::_Sp_counted_ptr_inplace<Catch::clara::detail::BoundValueRef<double>, std::allocator<Catch::clara::detail::BoundValueRef<double> >, (__gnu_cxx::_Lock_policy)2> >* std::__addressof<std::allocator<std::_Sp_counted_ptr_inplace<Catch::clara::detail::BoundValueRef<double>, std::allocator<Catch::clara::detail::BoundValueRef<double> >, (__gnu_cxx::_Lock_policy)2> > >(std::allocator<std::_Sp_counted_ptr_inplace<Catch::clara::detail::BoundValueRef<double>, std::allocator<Catch::clara::detail::BoundValueRef<double> >, (__gnu_cxx::_Lock_policy)2> >&):
    #####:   49:    __addressof(_Tp& __r) _GLIBCXX_NOEXCEPT
    #####:   50:    { return __builtin_addressof(__r); }
------------------
std::allocator<std::_Sp_counted_ptr_inplace<Catch::clara::detail::BoundLambda<Catch::makeCommandLineParser(Catch::ConfigData&)::{lambda(std::__cxx11::basic_string<char, std::char_traits<char>, std::allocator<char> > const&)#2}>, std::allocator<Catch::makeCommandLineParser(Catch::ConfigData&)::{lambda(std::__cxx11::basic_string<char, std::char_traits<char>, std::allocator<char> > const&)#2}>, (__gnu_cxx::_Lock_policy)2> >* std::__addressof<std::allocator<std::_Sp_counted_ptr_inplace<Catch::clara::detail::BoundLambda<Catch::makeCommandLineParser(Catch::ConfigData&)::{lambda(std::__cxx11::basic_string<char, std::char_traits<char>, std::allocator<char> > const&)#2}>, std::allocator<Catch::makeCommandLineParser(Catch::ConfigData&)::{lambda(std::__cxx11::basic_string<char, std::char_traits<char>, std::allocator<char> > const&)#2}>, (__gnu_cxx::_Lock_policy)2> > >(std::allocator<std::_Sp_counted_ptr_inplace<Catch::clara::detail::BoundLambda<Catch::makeCommandLineParser(Catch::ConfigData&)::{lambda(std::__cxx11::basic_string<char, std::char_traits<char>, std::allocator<char> > const&)#2}>, std::allocator<Catch::makeCommandLineParser(Catch::ConfigData&)::{lambda(std::__cxx11::basic_string<char, std::char_traits<char>, std::allocator<char> > const&)#2}>, (__gnu_cxx::_Lock_policy)2> >&):
    #####:   49:    __addressof(_Tp& __r) _GLIBCXX_NOEXCEPT
    #####:   50:    { return __builtin_addressof(__r); }
------------------
std::allocator<std::_Sp_counted_ptr_inplace<Catch::clara::detail::BoundLambda<Catch::makeCommandLineParser(Catch::ConfigData&)::{lambda(std::__cxx11::basic_string<char, std::char_traits<char>, std::allocator<char> > const&)#7}>, std::allocator<Catch::makeCommandLineParser(Catch::ConfigData&)::{lambda(std::__cxx11::basic_string<char, std::char_traits<char>, std::allocator<char> > const&)#7}>, (__gnu_cxx::_Lock_policy)2> >* std::__addressof<std::allocator<std::_Sp_counted_ptr_inplace<Catch::clara::detail::BoundLambda<Catch::makeCommandLineParser(Catch::ConfigData&)::{lambda(std::__cxx11::basic_string<char, std::char_traits<char>, std::allocator<char> > const&)#7}>, std::allocator<Catch::makeCommandLineParser(Catch::ConfigData&)::{lambda(std::__cxx11::basic_string<char, std::char_traits<char>, std::allocator<char> > const&)#7}>, (__gnu_cxx::_Lock_policy)2> > >(std::allocator<std::_Sp_counted_ptr_inplace<Catch::clara::detail::BoundLambda<Catch::makeCommandLineParser(Catch::ConfigData&)::{lambda(std::__cxx11::basic_string<char, std::char_traits<char>, std::allocator<char> > const&)#7}>, std::allocator<Catch::makeCommandLineParser(Catch::ConfigData&)::{lambda(std::__cxx11::basic_string<char, std::char_traits<char>, std::allocator<char> > const&)#7}>, (__gnu_cxx::_Lock_policy)2> >&):
    #####:   49:    __addressof(_Tp& __r) _GLIBCXX_NOEXCEPT
    #####:   50:    { return __builtin_addressof(__r); }
------------------
std::allocator<std::_Sp_counted_ptr_inplace<Catch::clara::detail::BoundLambda<Catch::makeCommandLineParser(Catch::ConfigData&)::{lambda(std::__cxx11::basic_string<char, std::char_traits<char>, std::allocator<char> > const&)#3}>, std::allocator<Catch::makeCommandLineParser(Catch::ConfigData&)::{lambda(std::__cxx11::basic_string<char, std::char_traits<char>, std::allocator<char> > const&)#3}>, (__gnu_cxx::_Lock_policy)2> >* std::__addressof<std::allocator<std::_Sp_counted_ptr_inplace<Catch::clara::detail::BoundLambda<Catch::makeCommandLineParser(Catch::ConfigData&)::{lambda(std::__cxx11::basic_string<char, std::char_traits<char>, std::allocator<char> > const&)#3}>, std::allocator<Catch::makeCommandLineParser(Catch::ConfigData&)::{lambda(std::__cxx11::basic_string<char, std::char_traits<char>, std::allocator<char> > const&)#3}>, (__gnu_cxx::_Lock_policy)2> > >(std::allocator<std::_Sp_counted_ptr_inplace<Catch::clara::detail::BoundLambda<Catch::makeCommandLineParser(Catch::ConfigData&)::{lambda(std::__cxx11::basic_string<char, std::char_traits<char>, std::allocator<char> > const&)#3}>, std::allocator<Catch::makeCommandLineParser(Catch::ConfigData&)::{lambda(std::__cxx11::basic_string<char, std::char_traits<char>, std::allocator<char> > const&)#3}>, (__gnu_cxx::_Lock_policy)2> >&):
    #####:   49:    __addressof(_Tp& __r) _GLIBCXX_NOEXCEPT
    #####:   50:    { return __builtin_addressof(__r); }
------------------
std::allocator<std::_Sp_counted_ptr_inplace<Catch::clara::detail::BoundLambda<Catch::makeCommandLineParser(Catch::ConfigData&)::{lambda(std::__cxx11::basic_string<char, std::char_traits<char>, std::allocator<char> > const&)#4}>, std::allocator<Catch::makeCommandLineParser(Catch::ConfigData&)::{lambda(std::__cxx11::basic_string<char, std::char_traits<char>, std::allocator<char> > const&)#4}>, (__gnu_cxx::_Lock_policy)2> >* std::__addressof<std::allocator<std::_Sp_counted_ptr_inplace<Catch::clara::detail::BoundLambda<Catch::makeCommandLineParser(Catch::ConfigData&)::{lambda(std::__cxx11::basic_string<char, std::char_traits<char>, std::allocator<char> > const&)#4}>, std::allocator<Catch::makeCommandLineParser(Catch::ConfigData&)::{lambda(std::__cxx11::basic_string<char, std::char_traits<char>, std::allocator<char> > const&)#4}>, (__gnu_cxx::_Lock_policy)2> > >(std::allocator<std::_Sp_counted_ptr_inplace<Catch::clara::detail::BoundLambda<Catch::makeCommandLineParser(Catch::ConfigData&)::{lambda(std::__cxx11::basic_string<char, std::char_traits<char>, std::allocator<char> > const&)#4}>, std::allocator<Catch::makeCommandLineParser(Catch::ConfigData&)::{lambda(std::__cxx11::basic_string<char, std::char_traits<char>, std::allocator<char> > const&)#4}>, (__gnu_cxx::_Lock_policy)2> >&):
    #####:   49:    __addressof(_Tp& __r) _GLIBCXX_NOEXCEPT
    #####:   50:    { return __builtin_addressof(__r); }
------------------
std::allocator<std::_Sp_counted_ptr_inplace<Catch::clara::detail::BoundLambda<Catch::makeCommandLineParser(Catch::ConfigData&)::{lambda(std::__cxx11::basic_string<char, std::char_traits<char>, std::allocator<char> > const&)#5}>, std::allocator<Catch::makeCommandLineParser(Catch::ConfigData&)::{lambda(std::__cxx11::basic_string<char, std::char_traits<char>, std::allocator<char> > const&)#5}>, (__gnu_cxx::_Lock_policy)2> >* std::__addressof<std::allocator<std::_Sp_counted_ptr_inplace<Catch::clara::detail::BoundLambda<Catch::makeCommandLineParser(Catch::ConfigData&)::{lambda(std::__cxx11::basic_string<char, std::char_traits<char>, std::allocator<char> > const&)#5}>, std::allocator<Catch::makeCommandLineParser(Catch::ConfigData&)::{lambda(std::__cxx11::basic_string<char, std::char_traits<char>, std::allocator<char> > const&)#5}>, (__gnu_cxx::_Lock_policy)2> > >(std::allocator<std::_Sp_counted_ptr_inplace<Catch::clara::detail::BoundLambda<Catch::makeCommandLineParser(Catch::ConfigData&)::{lambda(std::__cxx11::basic_string<char, std::char_traits<char>, std::allocator<char> > const&)#5}>, std::allocator<Catch::makeCommandLineParser(Catch::ConfigData&)::{lambda(std::__cxx11::basic_string<char, std::char_traits<char>, std::allocator<char> > const&)#5}>, (__gnu_cxx::_Lock_policy)2> >&):
    #####:   49:    __addressof(_Tp& __r) _GLIBCXX_NOEXCEPT
    #####:   50:    { return __builtin_addressof(__r); }
------------------
        -:   51:
        -:   52:#if __cplusplus >= 201103L
        -:   53:
        -:   54:_GLIBCXX_END_NAMESPACE_VERSION
        -:   55:} // namespace
        -:   56:
        -:   57:#include <type_traits> // Brings in std::declval too.
        -:   58:
        -:   59:namespace std _GLIBCXX_VISIBILITY(default)
        -:   60:{
        -:   61:_GLIBCXX_BEGIN_NAMESPACE_VERSION
        -:   62:
        -:   63:  /**
        -:   64:   *  @addtogroup utilities
        -:   65:   *  @{
        -:   66:   */
        -:   67:
        -:   68:  /**
        -:   69:   *  @brief  Forward an lvalue.
        -:   70:   *  @return The parameter cast to the specified type.
        -:   71:   *
        -:   72:   *  This function is used to implement "perfect forwarding".
        -:   73:   */
        -:   74:  template<typename _Tp>
        -:   75:    constexpr _Tp&&
    #####:   76:    forward(typename std::remove_reference<_Tp>::type& __t) noexcept
    #####:   77:    { return static_cast<_Tp&&>(__t); }
------------------
std::_Rb_tree_iterator<Catch::TestCase>& std::forward<std::_Rb_tree_iterator<Catch::TestCase>&>(std::remove_reference<std::_Rb_tree_iterator<Catch::TestCase>&>::type&):
    #####:   76:    forward(typename std::remove_reference<_Tp>::type& __t) noexcept
    #####:   77:    { return static_cast<_Tp&&>(__t); }
------------------
Catch::makeCommandLineParser(Catch::ConfigData&)::{lambda(std::__cxx11::basic_string<char, std::char_traits<char>, std::allocator<char> > const&)#1} const& std::forward<Catch::makeCommandLineParser(Catch::ConfigData&)::{lambda(std::__cxx11::basic_string<char, std::char_traits<char>, std::allocator<char> > const&)#1} const&>(std::remove_reference<Catch::makeCommandLineParser(Catch::ConfigData&)::{lambda(std::__cxx11::basic_string<char, std::char_traits<char>, std::allocator<char> > const&)#1} const&>::type&):
    #####:   76:    forward(typename std::remove_reference<_Tp>::type& __t) noexcept
    #####:   77:    { return static_cast<_Tp&&>(__t); }
------------------
Catch::makeCommandLineParser(Catch::ConfigData&)::{lambda(int)#10} const& std::forward<Catch::makeCommandLineParser(Catch::ConfigData&)::{lambda(int)#10} const&>(std::remove_reference<Catch::makeCommandLineParser(Catch::ConfigData&)::{lambda(int)#10} const&>::type&):
    #####:   76:    forward(typename std::remove_reference<_Tp>::type& __t) noexcept
    #####:   77:    { return static_cast<_Tp&&>(__t); }
------------------
Catch::makeCommandLineParser(Catch::ConfigData&)::{lambda(std::__cxx11::basic_string<char, std::char_traits<char>, std::allocator<char> > const&)#8} const& std::forward<Catch::makeCommandLineParser(Catch::ConfigData&)::{lambda(std::__cxx11::basic_string<char, std::char_traits<char>, std::allocator<char> > const&)#8} const&>(std::remove_reference<Catch::makeCommandLineParser(Catch::ConfigData&)::{lambda(std::__cxx11::basic_string<char, std::char_traits<char>, std::allocator<char> > const&)#8} const&>::type&):
    #####:   76:    forward(typename std::remove_reference<_Tp>::type& __t) noexcept
    #####:   77:    { return static_cast<_Tp&&>(__t); }
------------------
std::unique_ptr<Catch::IStreamingReporter, std::default_delete<Catch::IStreamingReporter> >&& std::forward<std::unique_ptr<Catch::IStreamingReporter, std::default_delete<Catch::IStreamingReporter> > >(std::remove_reference<std::unique_ptr<Catch::IStreamingReporter, std::default_delete<Catch::IStreamingReporter> > >::type&):
    #####:   76:    forward(typename std::remove_reference<_Tp>::type& __t) noexcept
    #####:   77:    { return static_cast<_Tp&&>(__t); }
------------------
Catch::TestGroupStats const& std::forward<Catch::TestGroupStats const&>(std::remove_reference<Catch::TestGroupStats const&>::type&):
    #####:   76:    forward(typename std::remove_reference<_Tp>::type& __t) noexcept
    #####:   77:    { return static_cast<_Tp&&>(__t); }
------------------
Catch::TestCaseStats const& std::forward<Catch::TestCaseStats const&>(std::remove_reference<Catch::TestCaseStats const&>::type&):
    #####:   76:    forward(typename std::remove_reference<_Tp>::type& __t) noexcept
    #####:   77:    { return static_cast<_Tp&&>(__t); }
------------------
Catch::SummaryColumn&& std::forward<Catch::SummaryColumn>(std::remove_reference<Catch::SummaryColumn>::type&):
    #####:   76:    forward(typename std::remove_reference<_Tp>::type& __t) noexcept
    #####:   77:    { return static_cast<_Tp&&>(__t); }
------------------
std::shared_ptr<Catch::TestSpec::Pattern> const& std::forward<std::shared_ptr<Catch::TestSpec::Pattern> const&>(std::remove_reference<std::shared_ptr<Catch::TestSpec::Pattern> const&>::type&):
    #####:   76:    forward(typename std::remove_reference<_Tp>::type& __t) noexcept
    #####:   77:    { return static_cast<_Tp&&>(__t); }
------------------
Catch::TestSpec::Filter const& std::forward<Catch::TestSpec::Filter const&>(std::remove_reference<Catch::TestSpec::Filter const&>::type&):
    #####:   76:    forward(typename std::remove_reference<_Tp>::type& __t) noexcept
    #####:   77:    { return static_cast<_Tp&&>(__t); }
------------------
std::shared_ptr<Catch::TestCaseTracking::ITracker> const& std::forward<std::shared_ptr<Catch::TestCaseTracking::ITracker> const&>(std::remove_reference<std::shared_ptr<Catch::TestCaseTracking::ITracker> const&>::type&):
    #####:   76:    forward(typename std::remove_reference<_Tp>::type& __t) noexcept
    #####:   77:    { return static_cast<_Tp&&>(__t); }
------------------
Catch::makeCommandLineParser(Catch::ConfigData&)::{lambda(bool)#11} const& std::forward<Catch::makeCommandLineParser(Catch::ConfigData&)::{lambda(bool)#11} const&>(std::remove_reference<Catch::makeCommandLineParser(Catch::ConfigData&)::{lambda(bool)#11} const&>::type&):
    #####:   76:    forward(typename std::remove_reference<_Tp>::type& __t) noexcept
    #####:   77:    { return static_cast<_Tp&&>(__t); }
------------------
unsigned long const& std::forward<unsigned long const&>(std::remove_reference<unsigned long const&>::type&):
    #####:   76:    forward(typename std::remove_reference<_Tp>::type& __t) noexcept
    #####:   77:    { return static_cast<_Tp&&>(__t); }
------------------
std::unique_ptr<std::__cxx11::basic_ostringstream<char, std::char_traits<char>, std::allocator<char> >, std::default_delete<std::__cxx11::basic_ostringstream<char, std::char_traits<char>, std::allocator<char> > > >&& std::forward<std::unique_ptr<std::__cxx11::basic_ostringstream<char, std::char_traits<char>, std::allocator<char> >, std::default_delete<std::__cxx11::basic_ostringstream<char, std::char_traits<char>, std::allocator<char> > > > >(std::remove_reference<std::unique_ptr<std::__cxx11::basic_ostringstream<char, std::char_traits<char>, std::allocator<char> >, std::default_delete<std::__cxx11::basic_ostringstream<char, std::char_traits<char>, std::allocator<char> > > > >::type&):
    #####:   76:    forward(typename std::remove_reference<_Tp>::type& __t) noexcept
    #####:   77:    { return static_cast<_Tp&&>(__t); }
------------------
std::__exception_ptr::exception_ptr const& std::forward<std::__exception_ptr::exception_ptr const&>(std::remove_reference<std::__exception_ptr::exception_ptr const&>::type&):
    #####:   76:    forward(typename std::remove_reference<_Tp>::type& __t) noexcept
    #####:   77:    { return static_cast<_Tp&&>(__t); }
------------------
Catch::ISingleton* const& std::forward<Catch::ISingleton* const&>(std::remove_reference<Catch::ISingleton* const&>::type&):
    #####:   76:    forward(typename std::remove_reference<_Tp>::type& __t) noexcept
    #####:   77:    { return static_cast<_Tp&&>(__t); }
------------------
std::__cxx11::basic_string<char, std::char_traits<char>, std::allocator<char> >&& std::forward<std::__cxx11::basic_string<char, std::char_traits<char>, std::allocator<char> > >(std::remove_reference<std::__cxx11::basic_string<char, std::char_traits<char>, std::allocator<char> > >::type&):
    #####:   76:    forward(typename std::remove_reference<_Tp>::type& __t) noexcept
    #####:   77:    { return static_cast<_Tp&&>(__t); }
------------------
bool&& std::forward<bool>(std::remove_reference<bool>::type&):
    #####:   76:    forward(typename std::remove_reference<_Tp>::type& __t) noexcept
    #####:   77:    { return static_cast<_Tp&&>(__t); }
------------------
std::_Rb_tree_iterator<Catch::TestCase const*>&& std::forward<std::_Rb_tree_iterator<Catch::TestCase const*> >(std::remove_reference<std::_Rb_tree_iterator<Catch::TestCase const*> >::type&):
    #####:   76:    forward(typename std::remove_reference<_Tp>::type& __t) noexcept
    #####:   77:    { return static_cast<_Tp&&>(__t); }
------------------
Catch::SectionEndInfo const& std::forward<Catch::SectionEndInfo const&>(std::remove_reference<Catch::SectionEndInfo const&>::type&):
    #####:   76:    forward(typename std::remove_reference<_Tp>::type& __t) noexcept
    #####:   77:    { return static_cast<_Tp&&>(__t); }
------------------
std::_Rb_tree_iterator<std::__cxx11::basic_string<char, std::char_traits<char>, std::allocator<char> > >& std::forward<std::_Rb_tree_iterator<std::__cxx11::basic_string<char, std::char_traits<char>, std::allocator<char> > >&>(std::remove_reference<std::_Rb_tree_iterator<std::__cxx11::basic_string<char, std::char_traits<char>, std::allocator<char> > >&>::type&):
    #####:   76:    forward(typename std::remove_reference<_Tp>::type& __t) noexcept
    #####:   77:    { return static_cast<_Tp&&>(__t); }
------------------
Catch::MessageInfo const& std::forward<Catch::MessageInfo const&>(std::remove_reference<Catch::MessageInfo const&>::type&):
    #####:   76:    forward(typename std::remove_reference<_Tp>::type& __t) noexcept
    #####:   77:    { return static_cast<_Tp&&>(__t); }
------------------
std::_Rb_tree_iterator<std::__cxx11::basic_string<char, std::char_traits<char>, std::allocator<char> > >&& std::forward<std::_Rb_tree_iterator<std::__cxx11::basic_string<char, std::char_traits<char>, std::allocator<char> > > >(std::remove_reference<std::_Rb_tree_iterator<std::__cxx11::basic_string<char, std::char_traits<char>, std::allocator<char> > > >::type&):
    #####:   76:    forward(typename std::remove_reference<_Tp>::type& __t) noexcept
    #####:   77:    { return static_cast<_Tp&&>(__t); }
------------------
std::shared_ptr<Catch::CumulativeReporterBase<Catch::JunitReporter>::SectionNode> const& std::forward<std::shared_ptr<Catch::CumulativeReporterBase<Catch::JunitReporter>::SectionNode> const&>(std::remove_reference<std::shared_ptr<Catch::CumulativeReporterBase<Catch::JunitReporter>::SectionNode> const&>::type&):
    #####:   76:    forward(typename std::remove_reference<_Tp>::type& __t) noexcept
    #####:   77:    { return static_cast<_Tp&&>(__t); }
------------------
Catch::AssertionStats const& std::forward<Catch::AssertionStats const&>(std::remove_reference<Catch::AssertionStats const&>::type&):
    #####:   76:    forward(typename std::remove_reference<_Tp>::type& __t) noexcept
    #####:   77:    { return static_cast<_Tp&&>(__t); }
------------------
Catch::SectionInfo const& std::forward<Catch::SectionInfo const&>(std::remove_reference<Catch::SectionInfo const&>::type&):
    #####:   76:    forward(typename std::remove_reference<_Tp>::type& __t) noexcept
    #####:   77:    { return static_cast<_Tp&&>(__t); }
------------------
Catch::Verbosity const& std::forward<Catch::Verbosity const&>(std::remove_reference<Catch::Verbosity const&>::type&):
    #####:   76:    forward(typename std::remove_reference<_Tp>::type& __t) noexcept
    #####:   77:    { return static_cast<_Tp&&>(__t); }
------------------
std::_Rb_tree_iterator<Catch::TestCase>&& std::forward<std::_Rb_tree_iterator<Catch::TestCase> >(std::remove_reference<std::_Rb_tree_iterator<Catch::TestCase> >::type&):
    #####:   76:    forward(typename std::remove_reference<_Tp>::type& __t) noexcept
    #####:   77:    { return static_cast<_Tp&&>(__t); }
------------------
std::_Rb_tree_iterator<std::pair<std::__cxx11::basic_string<char, std::char_traits<char>, std::allocator<char> > const, Catch::TagAlias> >&& std::forward<std::_Rb_tree_iterator<std::pair<std::__cxx11::basic_string<char, std::char_traits<char>, std::allocator<char> > const, Catch::TagAlias> > >(std::remove_reference<std::_Rb_tree_iterator<std::pair<std::__cxx11::basic_string<char, std::char_traits<char>, std::allocator<char> > const, Catch::TagAlias> > >::type&):
    #####:   76:    forward(typename std::remove_reference<_Tp>::type& __t) noexcept
    #####:   77:    { return static_cast<_Tp&&>(__t); }
------------------
Catch::TestCase const* const& std::forward<Catch::TestCase const* const&>(std::remove_reference<Catch::TestCase const* const&>::type&):
    #####:   76:    forward(typename std::remove_reference<_Tp>::type& __t) noexcept
    #####:   77:    { return static_cast<_Tp&&>(__t); }
------------------
std::_Rb_tree_iterator<std::pair<std::__cxx11::basic_string<char, std::char_traits<char>, std::allocator<char> > const, std::shared_ptr<Catch::IReporterFactory> > >&& std::forward<std::_Rb_tree_iterator<std::pair<std::__cxx11::basic_string<char, std::char_traits<char>, std::allocator<char> > const, std::shared_ptr<Catch::IReporterFactory> > > >(std::remove_reference<std::_Rb_tree_iterator<std::pair<std::__cxx11::basic_string<char, std::char_traits<char>, std::allocator<char> > const, std::shared_ptr<Catch::IReporterFactory> > > >::type&):
    #####:   76:    forward(typename std::remove_reference<_Tp>::type& __t) noexcept
    #####:   77:    { return static_cast<_Tp&&>(__t); }
------------------
char const& std::forward<char const&>(std::remove_reference<char const&>::type&):
    #####:   76:    forward(typename std::remove_reference<_Tp>::type& __t) noexcept
    #####:   77:    { return static_cast<_Tp&&>(__t); }
------------------
std::_Rb_tree_iterator<std::pair<std::__cxx11::basic_string<char, std::char_traits<char>, std::allocator<char> > const, Catch::TagInfo> >&& std::forward<std::_Rb_tree_iterator<std::pair<std::__cxx11::basic_string<char, std::char_traits<char>, std::allocator<char> > const, Catch::TagInfo> > >(std::remove_reference<std::_Rb_tree_iterator<std::pair<std::__cxx11::basic_string<char, std::char_traits<char>, std::allocator<char> > const, Catch::TagInfo> > >::type&):
    #####:   76:    forward(typename std::remove_reference<_Tp>::type& __t) noexcept
    #####:   77:    { return static_cast<_Tp&&>(__t); }
------------------
Catch::IStreamingReporter*&& std::forward<Catch::IStreamingReporter*>(std::remove_reference<Catch::IStreamingReporter*>::type&):
    #####:   76:    forward(typename std::remove_reference<_Tp>::type& __t) noexcept
    #####:   77:    { return static_cast<_Tp&&>(__t); }
------------------
std::default_delete<Catch::Detail::EnumInfo>&& std::forward<std::default_delete<Catch::Detail::EnumInfo> >(std::remove_reference<std::default_delete<Catch::Detail::EnumInfo> >::type&):
    #####:   76:    forward(typename std::remove_reference<_Tp>::type& __t) noexcept
    #####:   77:    { return static_cast<_Tp&&>(__t); }
------------------
long& std::forward<long&>(std::remove_reference<long&>::type&):
    #####:   76:    forward(typename std::remove_reference<_Tp>::type& __t) noexcept
    #####:   77:    { return static_cast<_Tp&&>(__t); }
------------------
unsigned int& std::forward<unsigned int&>(std::remove_reference<unsigned int&>::type&):
    #####:   76:    forward(typename std::remove_reference<_Tp>::type& __t) noexcept
    #####:   77:    { return static_cast<_Tp&&>(__t); }
------------------
Catch::makeCommandLineParser(Catch::ConfigData&)::{lambda(std::__cxx11::basic_string<char, std::char_traits<char>, std::allocator<char> > const&)#6} const& std::forward<Catch::makeCommandLineParser(Catch::ConfigData&)::{lambda(std::__cxx11::basic_string<char, std::char_traits<char>, std::allocator<char> > const&)#6} const&>(std::remove_reference<Catch::makeCommandLineParser(Catch::ConfigData&)::{lambda(std::__cxx11::basic_string<char, std::char_traits<char>, std::allocator<char> > const&)#6} const&>::type&):
    #####:   76:    forward(typename std::remove_reference<_Tp>::type& __t) noexcept
    #####:   77:    { return static_cast<_Tp&&>(__t); }
------------------
Catch::makeCommandLineParser(Catch::ConfigData&)::{lambda(std::__cxx11::basic_string<char, std::char_traits<char>, std::allocator<char> > const&)#5} const& std::forward<Catch::makeCommandLineParser(Catch::ConfigData&)::{lambda(std::__cxx11::basic_string<char, std::char_traits<char>, std::allocator<char> > const&)#5} const&>(std::remove_reference<Catch::makeCommandLineParser(Catch::ConfigData&)::{lambda(std::__cxx11::basic_string<char, std::char_traits<char>, std::allocator<char> > const&)#5} const&>::type&):
    #####:   76:    forward(typename std::remove_reference<_Tp>::type& __t) noexcept
    #####:   77:    { return static_cast<_Tp&&>(__t); }
------------------
Catch::makeCommandLineParser(Catch::ConfigData&)::{lambda(std::__cxx11::basic_string<char, std::char_traits<char>, std::allocator<char> > const&)#4} const& std::forward<Catch::makeCommandLineParser(Catch::ConfigData&)::{lambda(std::__cxx11::basic_string<char, std::char_traits<char>, std::allocator<char> > const&)#4} const&>(std::remove_reference<Catch::makeCommandLineParser(Catch::ConfigData&)::{lambda(std::__cxx11::basic_string<char, std::char_traits<char>, std::allocator<char> > const&)#4} const&>::type&):
    #####:   76:    forward(typename std::remove_reference<_Tp>::type& __t) noexcept
    #####:   77:    { return static_cast<_Tp&&>(__t); }
------------------
Catch::makeCommandLineParser(Catch::ConfigData&)::{lambda(std::__cxx11::basic_string<char, std::char_traits<char>, std::allocator<char> > const&)#3} const& std::forward<Catch::makeCommandLineParser(Catch::ConfigData&)::{lambda(std::__cxx11::basic_string<char, std::char_traits<char>, std::allocator<char> > const&)#3} const&>(std::remove_reference<Catch::makeCommandLineParser(Catch::ConfigData&)::{lambda(std::__cxx11::basic_string<char, std::char_traits<char>, std::allocator<char> > const&)#3} const&>::type&):
    #####:   76:    forward(typename std::remove_reference<_Tp>::type& __t) noexcept
    #####:   77:    { return static_cast<_Tp&&>(__t); }
------------------
Catch::makeCommandLineParser(Catch::ConfigData&)::{lambda(std::__cxx11::basic_string<char, std::char_traits<char>, std::allocator<char> > const&)#7} const& std::forward<Catch::makeCommandLineParser(Catch::ConfigData&)::{lambda(std::__cxx11::basic_string<char, std::char_traits<char>, std::allocator<char> > const&)#7} const&>(std::remove_reference<Catch::makeCommandLineParser(Catch::ConfigData&)::{lambda(std::__cxx11::basic_string<char, std::char_traits<char>, std::allocator<char> > const&)#7} const&>::type&):
    #####:   76:    forward(typename std::remove_reference<_Tp>::type& __t) noexcept
    #####:   77:    { return static_cast<_Tp&&>(__t); }
------------------
Catch::makeCommandLineParser(Catch::ConfigData&)::{lambda(std::__cxx11::basic_string<char, std::char_traits<char>, std::allocator<char> > const&)#2} const& std::forward<Catch::makeCommandLineParser(Catch::ConfigData&)::{lambda(std::__cxx11::basic_string<char, std::char_traits<char>, std::allocator<char> > const&)#2} const&>(std::remove_reference<Catch::makeCommandLineParser(Catch::ConfigData&)::{lambda(std::__cxx11::basic_string<char, std::char_traits<char>, std::allocator<char> > const&)#2} const&>::type&):
    #####:   76:    forward(typename std::remove_reference<_Tp>::type& __t) noexcept
    #####:   77:    { return static_cast<_Tp&&>(__t); }
------------------
double& std::forward<double&>(std::remove_reference<double&>::type&):
    #####:   76:    forward(typename std::remove_reference<_Tp>::type& __t) noexcept
    #####:   77:    { return static_cast<_Tp&&>(__t); }
------------------
Catch::SourceLineInfo const& std::forward<Catch::SourceLineInfo const&>(std::remove_reference<Catch::SourceLineInfo const&>::type&):
    #####:   76:    forward(typename std::remove_reference<_Tp>::type& __t) noexcept
    #####:   77:    { return static_cast<_Tp&&>(__t); }
------------------
[...]
        -:  151:    inline _Tp
        -:  152:    __exchange(_Tp& __obj, _Up&& __new_val)
        -:  153:    {
        -:  154:      _Tp __old_val = std::move(__obj);
        -:  155:      __obj = std::forward<_Up>(__new_val);
        -:  156:      return __old_val;
        -:  157:    }
        -:  158:
        -:  159:  /// @} group utilities
        -:  160:
        -:  161:#define _GLIBCXX_MOVE(__val) std::move(__val)
        -:  162:#define _GLIBCXX_FORWARD(_Tp, __val) std::forward<_Tp>(__val)
        -:  163:#else
        -:  164:#define _GLIBCXX_MOVE(__val) (__val)
        -:  165:#define _GLIBCXX_FORWARD(_Tp, __val) (__val)
        -:  166:#endif
        -:  167:
        -:  168:  /**
        -:  169:   *  @addtogroup utilities
        -:  170:   *  @{
        -:  171:   */
        -:  172:
        -:  173:  /**
        -:  174:   *  @brief Swaps two values.
        -:  175:   *  @param  __a  A thing of arbitrary type.
        -:  176:   *  @param  __b  Another thing of arbitrary type.
        -:  177:   *  @return   Nothing.
        -:  178:  */
        -:  179:  template<typename _Tp>
        -:  180:    _GLIBCXX20_CONSTEXPR
        -:  181:    inline
        -:  182:#if __cplusplus >= 201103L
        -:  183:    typename enable_if<__and_<__not_<__is_tuple_like<_Tp>>,
        -:  184:			      is_move_constructible<_Tp>,
        -:  185:			      is_move_assignable<_Tp>>::value>::type
        -:  186:#else
        -:  187:    void
        -:  188:#endif
    #####:  189:    swap(_Tp& __a, _Tp& __b)
        -:  190:    _GLIBCXX_NOEXCEPT_IF(__and_<is_nothrow_move_constructible<_Tp>,
        -:  191:				is_nothrow_move_assignable<_Tp>>::value)
        -:  192:    {
        -:  193:#if __cplusplus < 201103L
        -:  194:      // concept requirements
        -:  195:      __glibcxx_function_requires(_SGIAssignableConcept<_Tp>)
        -:  196:#endif
    #####:  197:      _Tp __tmp = _GLIBCXX_MOVE(__a);
    #####:  198:      __a = _GLIBCXX_MOVE(__b);
    #####:  199:      __b = _GLIBCXX_MOVE(__tmp);
    #####:  200:    }
------------------
std::enable_if<std::__and_<std::__not_<std::__is_tuple_like<Catch::TestCase> >, std::is_move_constructible<Catch::TestCase>, std::is_move_assignable<Catch::TestCase> >::value, void>::type std::swap<Catch::TestCase>(Catch::TestCase&, Catch::TestCase&):
    #####:  189:    swap(_Tp& __a, _Tp& __b)
        -:  190:    _GLIBCXX_NOEXCEPT_IF(__and_<is_nothrow_move_constructible<_Tp>,
        -:  191:				is_nothrow_move_assignable<_Tp>>::value)
        -:  192:    {
        -:  193:#if __cplusplus < 201103L
        -:  194:      // concept requirements
        -:  195:      __glibcxx_function_requires(_SGIAssignableConcept<_Tp>)
        -:  196:#endif
    #####:  197:      _Tp __tmp = _GLIBCXX_MOVE(__a);
    #####:  198:      __a = _GLIBCXX_MOVE(__b);
    #####:  199:      __b = _GLIBCXX_MOVE(__tmp);
    #####:  200:    }
------------------
std::enable_if<std::__and_<std::__not_<std::__is_tuple_like<Catch::Config*> >, std::is_move_constructible<Catch::Config*>, std::is_move_assignable<Catch::Config*> >::value, void>::type std::swap<Catch::Config*>(Catch::Config*&, Catch::Config*&):
    #####:  189:    swap(_Tp& __a, _Tp& __b)
        -:  190:    _GLIBCXX_NOEXCEPT_IF(__and_<is_nothrow_move_constructible<_Tp>,
        -:  191:				is_nothrow_move_assignable<_Tp>>::value)
        -:  192:    {
        -:  193:#if __cplusplus < 201103L
        -:  194:      // concept requirements
        -:  195:      __glibcxx_function_requires(_SGIAssignableConcept<_Tp>)
        -:  196:#endif
    #####:  197:      _Tp __tmp = _GLIBCXX_MOVE(__a);
    #####:  198:      __a = _GLIBCXX_MOVE(__b);
    #####:  199:      __b = _GLIBCXX_MOVE(__tmp);
    #####:  200:    }
------------------
std::enable_if<std::__and_<std::__not_<std::__is_tuple_like<Catch::TestCaseTracking::ITracker*> >, std::is_move_constructible<Catch::TestCaseTracking::ITracker*>, std::is_move_assignable<Catch::TestCaseTracking::ITracker*> >::value, void>::type std::swap<Catch::TestCaseTracking::ITracker*>(Catch::TestCaseTracking::ITracker*&, Catch::TestCaseTracking::ITracker*&):
    #####:  189:    swap(_Tp& __a, _Tp& __b)
        -:  190:    _GLIBCXX_NOEXCEPT_IF(__and_<is_nothrow_move_constructible<_Tp>,
        -:  191:				is_nothrow_move_assignable<_Tp>>::value)
        -:  192:    {
        -:  193:#if __cplusplus < 201103L
        -:  194:      // concept requirements
        -:  195:      __glibcxx_function_requires(_SGIAssignableConcept<_Tp>)
        -:  196:#endif
    #####:  197:      _Tp __tmp = _GLIBCXX_MOVE(__a);
    #####:  198:      __a = _GLIBCXX_MOVE(__b);
    #####:  199:      __b = _GLIBCXX_MOVE(__tmp);
    #####:  200:    }
------------------
std::enable_if<std::__and_<std::__not_<std::__is_tuple_like<Catch::clara::detail::BoundValueRefBase*> >, std::is_move_constructible<Catch::clara::detail::BoundValueRefBase*>, std::is_move_assignable<Catch::clara::detail::BoundValueRefBase*> >::value, void>::type std::swap<Catch::clara::detail::BoundValueRefBase*>(Catch::clara::detail::BoundValueRefBase*&, Catch::clara::detail::BoundValueRefBase*&):
    #####:  189:    swap(_Tp& __a, _Tp& __b)
        -:  190:    _GLIBCXX_NOEXCEPT_IF(__and_<is_nothrow_move_constructible<_Tp>,
        -:  191:				is_nothrow_move_assignable<_Tp>>::value)
        -:  192:    {
        -:  193:#if __cplusplus < 201103L
        -:  194:      // concept requirements
        -:  195:      __glibcxx_function_requires(_SGIAssignableConcept<_Tp>)
        -:  196:#endif
    #####:  197:      _Tp __tmp = _GLIBCXX_MOVE(__a);
    #####:  198:      __a = _GLIBCXX_MOVE(__b);
    #####:  199:      __b = _GLIBCXX_MOVE(__tmp);
    #####:  200:    }
------------------
std::enable_if<std::__and_<std::__not_<std::__is_tuple_like<Catch::Generators::GeneratorTracker*> >, std::is_move_constructible<Catch::Generators::GeneratorTracker*>, std::is_move_assignable<Catch::Generators::GeneratorTracker*> >::value, void>::type std::swap<Catch::Generators::GeneratorTracker*>(Catch::Generators::GeneratorTracker*&, Catch::Generators::GeneratorTracker*&):
    #####:  189:    swap(_Tp& __a, _Tp& __b)
        -:  190:    _GLIBCXX_NOEXCEPT_IF(__and_<is_nothrow_move_constructible<_Tp>,
        -:  191:				is_nothrow_move_assignable<_Tp>>::value)
        -:  192:    {
        -:  193:#if __cplusplus < 201103L
        -:  194:      // concept requirements
        -:  195:      __glibcxx_function_requires(_SGIAssignableConcept<_Tp>)
        -:  196:#endif
    #####:  197:      _Tp __tmp = _GLIBCXX_MOVE(__a);
    #####:  198:      __a = _GLIBCXX_MOVE(__b);
    #####:  199:      __b = _GLIBCXX_MOVE(__tmp);
    #####:  200:    }
------------------
std::enable_if<std::__and_<std::__not_<std::__is_tuple_like<std::__cxx11::basic_string<char, std::char_traits<char>, std::allocator<char> >*> >, std::is_move_constructible<std::__cxx11::basic_string<char, std::char_traits<char>, std::allocator<char> >*>, std::is_move_assignable<std::__cxx11::basic_string<char, std::char_traits<char>, std::allocator<char> >*> >::value, void>::type std::swap<std::__cxx11::basic_string<char, std::char_traits<char>, std::allocator<char> >*>(std::__cxx11::basic_string<char, std::char_traits<char>, std::allocator<char> >*&, std::__cxx11::basic_string<char, std::char_traits<char>, std::allocator<char> >*&):
    #####:  189:    swap(_Tp& __a, _Tp& __b)
        -:  190:    _GLIBCXX_NOEXCEPT_IF(__and_<is_nothrow_move_constructible<_Tp>,
        -:  191:				is_nothrow_move_assignable<_Tp>>::value)
        -:  192:    {
        -:  193:#if __cplusplus < 201103L
        -:  194:      // concept requirements
        -:  195:      __glibcxx_function_requires(_SGIAssignableConcept<_Tp>)
        -:  196:#endif
    #####:  197:      _Tp __tmp = _GLIBCXX_MOVE(__a);
    #####:  198:      __a = _GLIBCXX_MOVE(__b);
    #####:  199:      __b = _GLIBCXX_MOVE(__tmp);
    #####:  200:    }
------------------
std::enable_if<std::__and_<std::__not_<std::__is_tuple_like<Catch::TestCaseTracking::SectionTracker*> >, std::is_move_constructible<Catch::TestCaseTracking::SectionTracker*>, std::is_move_assignable<Catch::TestCaseTracking::SectionTracker*> >::value, void>::type std::swap<Catch::TestCaseTracking::SectionTracker*>(Catch::TestCaseTracking::SectionTracker*&, Catch::TestCaseTracking::SectionTracker*&):
    #####:  189:    swap(_Tp& __a, _Tp& __b)
        -:  190:    _GLIBCXX_NOEXCEPT_IF(__and_<is_nothrow_move_constructible<_Tp>,
        -:  191:				is_nothrow_move_assignable<_Tp>>::value)
        -:  192:    {
        -:  193:#if __cplusplus < 201103L
        -:  194:      // concept requirements
        -:  195:      __glibcxx_function_requires(_SGIAssignableConcept<_Tp>)
        -:  196:#endif
    #####:  197:      _Tp __tmp = _GLIBCXX_MOVE(__a);
    #####:  198:      __a = _GLIBCXX_MOVE(__b);
    #####:  199:      __b = _GLIBCXX_MOVE(__tmp);
    #####:  200:    }
------------------
std::enable_if<std::__and_<std::__not_<std::__is_tuple_like<Catch::TestSpec::Pattern*> >, std::is_move_constructible<Catch::TestSpec::Pattern*>, std::is_move_assignable<Catch::TestSpec::Pattern*> >::value, void>::type std::swap<Catch::TestSpec::Pattern*>(Catch::TestSpec::Pattern*&, Catch::TestSpec::Pattern*&):
    #####:  189:    swap(_Tp& __a, _Tp& __b)
        -:  190:    _GLIBCXX_NOEXCEPT_IF(__and_<is_nothrow_move_constructible<_Tp>,
        -:  191:				is_nothrow_move_assignable<_Tp>>::value)
        -:  192:    {
        -:  193:#if __cplusplus < 201103L
        -:  194:      // concept requirements
        -:  195:      __glibcxx_function_requires(_SGIAssignableConcept<_Tp>)
        -:  196:#endif
    #####:  197:      _Tp __tmp = _GLIBCXX_MOVE(__a);
    #####:  198:      __a = _GLIBCXX_MOVE(__b);
    #####:  199:      __b = _GLIBCXX_MOVE(__tmp);
    #####:  200:    }
------------------
std::enable_if<std::__and_<std::__not_<std::__is_tuple_like<Catch::CumulativeReporterBase<Catch::JunitReporter>::SectionNode*> >, std::is_move_constructible<Catch::CumulativeReporterBase<Catch::JunitReporter>::SectionNode*>, std::is_move_assignable<Catch::CumulativeReporterBase<Catch::JunitReporter>::SectionNode*> >::value, void>::type std::swap<Catch::CumulativeReporterBase<Catch::JunitReporter>::SectionNode*>(Catch::CumulativeReporterBase<Catch::JunitReporter>::SectionNode*&, Catch::CumulativeReporterBase<Catch::JunitReporter>::SectionNode*&):
    #####:  189:    swap(_Tp& __a, _Tp& __b)
        -:  190:    _GLIBCXX_NOEXCEPT_IF(__and_<is_nothrow_move_constructible<_Tp>,
        -:  191:				is_nothrow_move_assignable<_Tp>>::value)
        -:  192:    {
        -:  193:#if __cplusplus < 201103L
        -:  194:      // concept requirements
        -:  195:      __glibcxx_function_requires(_SGIAssignableConcept<_Tp>)
        -:  196:#endif
    #####:  197:      _Tp __tmp = _GLIBCXX_MOVE(__a);
    #####:  198:      __a = _GLIBCXX_MOVE(__b);
    #####:  199:      __b = _GLIBCXX_MOVE(__tmp);
    #####:  200:    }
------------------
std::enable_if<std::__and_<std::__not_<std::__is_tuple_like<char> >, std::is_move_constructible<char>, std::is_move_assignable<char> >::value, void>::type std::swap<char>(char&, char&):
    #####:  189:    swap(_Tp& __a, _Tp& __b)
        -:  190:    _GLIBCXX_NOEXCEPT_IF(__and_<is_nothrow_move_constructible<_Tp>,
        -:  191:				is_nothrow_move_assignable<_Tp>>::value)
        -:  192:    {
        -:  193:#if __cplusplus < 201103L
        -:  194:      // concept requirements
        -:  195:      __glibcxx_function_requires(_SGIAssignableConcept<_Tp>)
        -:  196:#endif
    #####:  197:      _Tp __tmp = _GLIBCXX_MOVE(__a);
    #####:  198:      __a = _GLIBCXX_MOVE(__b);
    #####:  199:      __b = _GLIBCXX_MOVE(__tmp);
    #####:  200:    }
------------------
std::enable_if<std::__and_<std::__not_<std::__is_tuple_like<Catch::ITestInvoker*> >, std::is_move_constructible<Catch::ITestInvoker*>, std::is_move_assignable<Catch::ITestInvoker*> >::value, void>::type std::swap<Catch::ITestInvoker*>(Catch::ITestInvoker*&, Catch::ITestInvoker*&):
    #####:  189:    swap(_Tp& __a, _Tp& __b)
        -:  190:    _GLIBCXX_NOEXCEPT_IF(__and_<is_nothrow_move_constructible<_Tp>,
        -:  191:				is_nothrow_move_assignable<_Tp>>::value)
        -:  192:    {
        -:  193:#if __cplusplus < 201103L
        -:  194:      // concept requirements
        -:  195:      __glibcxx_function_requires(_SGIAssignableConcept<_Tp>)
        -:  196:#endif
    #####:  197:      _Tp __tmp = _GLIBCXX_MOVE(__a);
    #####:  198:      __a = _GLIBCXX_MOVE(__b);
    #####:  199:      __b = _GLIBCXX_MOVE(__tmp);
    #####:  200:    }
------------------
std::enable_if<std::__and_<std::__not_<std::__is_tuple_like<unsigned long> >, std::is_move_constructible<unsigned long>, std::is_move_assignable<unsigned long> >::value, void>::type std::swap<unsigned long>(unsigned long&, unsigned long&):
    #####:  189:    swap(_Tp& __a, _Tp& __b)
        -:  190:    _GLIBCXX_NOEXCEPT_IF(__and_<is_nothrow_move_constructible<_Tp>,
        -:  191:				is_nothrow_move_assignable<_Tp>>::value)
        -:  192:    {
        -:  193:#if __cplusplus < 201103L
        -:  194:      // concept requirements
        -:  195:      __glibcxx_function_requires(_SGIAssignableConcept<_Tp>)
        -:  196:#endif
    #####:  197:      _Tp __tmp = _GLIBCXX_MOVE(__a);
    #####:  198:      __a = _GLIBCXX_MOVE(__b);
    #####:  199:      __b = _GLIBCXX_MOVE(__tmp);
    #####:  200:    }
------------------
std::enable_if<std::__and_<std::__not_<std::__is_tuple_like<Catch::TestCase const*> >, std::is_move_constructible<Catch::TestCase const*>, std::is_move_assignable<Catch::TestCase const*> >::value, void>::type std::swap<Catch::TestCase const*>(Catch::TestCase const*&, Catch::TestCase const*&):
    #####:  189:    swap(_Tp& __a, _Tp& __b)
        -:  190:    _GLIBCXX_NOEXCEPT_IF(__and_<is_nothrow_move_constructible<_Tp>,
        -:  191:				is_nothrow_move_assignable<_Tp>>::value)
        -:  192:    {
        -:  193:#if __cplusplus < 201103L
        -:  194:      // concept requirements
        -:  195:      __glibcxx_function_requires(_SGIAssignableConcept<_Tp>)
        -:  196:#endif
    #####:  197:      _Tp __tmp = _GLIBCXX_MOVE(__a);
    #####:  198:      __a = _GLIBCXX_MOVE(__b);
    #####:  199:      __b = _GLIBCXX_MOVE(__tmp);
    #####:  200:    }
------------------
std::enable_if<std::__and_<std::__not_<std::__is_tuple_like<std::_Any_data> >, std::is_move_constructible<std::_Any_data>, std::is_move_assignable<std::_Any_data> >::value, void>::type std::swap<std::_Any_data>(std::_Any_data&, std::_Any_data&):
    #####:  189:    swap(_Tp& __a, _Tp& __b)
        -:  190:    _GLIBCXX_NOEXCEPT_IF(__and_<is_nothrow_move_constructible<_Tp>,
        -:  191:				is_nothrow_move_assignable<_Tp>>::value)
        -:  192:    {
        -:  193:#if __cplusplus < 201103L
        -:  194:      // concept requirements
        -:  195:      __glibcxx_function_requires(_SGIAssignableConcept<_Tp>)
        -:  196:#endif
    #####:  197:      _Tp __tmp = _GLIBCXX_MOVE(__a);
    #####:  198:      __a = _GLIBCXX_MOVE(__b);
    #####:  199:      __b = _GLIBCXX_MOVE(__tmp);
    #####:  200:    }
------------------
std::enable_if<std::__and_<std::__not_<std::__is_tuple_like<bool (*)(std::_Any_data&, std::_Any_data const&, std::_Manager_operation)> >, std::is_move_constructible<bool (*)(std::_Any_data&, std::_Any_data const&, std::_Manager_operation)>, std::is_move_assignable<bool (*)(std::_Any_data&, std::_Any_data const&, std::_Manager_operation)> >::value, void>::type std::swap<bool (*)(std::_Any_data&, std::_Any_data const&, std::_Manager_operation)>(bool (*&)(std::_Any_data&, std::_Any_data const&, std::_Manager_operation), bool (*&)(std::_Any_data&, std::_Any_data const&, std::_Manager_operation)):
    #####:  189:    swap(_Tp& __a, _Tp& __b)
        -:  190:    _GLIBCXX_NOEXCEPT_IF(__and_<is_nothrow_move_constructible<_Tp>,
        -:  191:				is_nothrow_move_assignable<_Tp>>::value)
        -:  192:    {
        -:  193:#if __cplusplus < 201103L
        -:  194:      // concept requirements
        -:  195:      __glibcxx_function_requires(_SGIAssignableConcept<_Tp>)
        -:  196:#endif
    #####:  197:      _Tp __tmp = _GLIBCXX_MOVE(__a);
    #####:  198:      __a = _GLIBCXX_MOVE(__b);
    #####:  199:      __b = _GLIBCXX_MOVE(__tmp);
    #####:  200:    }
------------------
std::enable_if<std::__and_<std::__not_<std::__is_tuple_like<bool (*)(std::_Any_data const&, char&&)> >, std::is_move_constructible<bool (*)(std::_Any_data const&, char&&)>, std::is_move_assignable<bool (*)(std::_Any_data const&, char&&)> >::value, void>::type std::swap<bool (*)(std::_Any_data const&, char&&)>(bool (*&)(std::_Any_data const&, char&&), bool (*&)(std::_Any_data const&, char&&)):
    #####:  189:    swap(_Tp& __a, _Tp& __b)
        -:  190:    _GLIBCXX_NOEXCEPT_IF(__and_<is_nothrow_move_constructible<_Tp>,
        -:  191:				is_nothrow_move_assignable<_Tp>>::value)
        -:  192:    {
        -:  193:#if __cplusplus < 201103L
        -:  194:      // concept requirements
        -:  195:      __glibcxx_function_requires(_SGIAssignableConcept<_Tp>)
        -:  196:#endif
    #####:  197:      _Tp __tmp = _GLIBCXX_MOVE(__a);
    #####:  198:      __a = _GLIBCXX_MOVE(__b);
    #####:  199:      __b = _GLIBCXX_MOVE(__tmp);
    #####:  200:    }
------------------
std::enable_if<std::__and_<std::__not_<std::__is_tuple_like<long> >, std::is_move_constructible<long>, std::is_move_assignable<long> >::value, void>::type std::swap<long>(long&, long&):
    #####:  189:    swap(_Tp& __a, _Tp& __b)
        -:  190:    _GLIBCXX_NOEXCEPT_IF(__and_<is_nothrow_move_constructible<_Tp>,
        -:  191:				is_nothrow_move_assignable<_Tp>>::value)
        -:  192:    {
        -:  193:#if __cplusplus < 201103L
        -:  194:      // concept requirements
        -:  195:      __glibcxx_function_requires(_SGIAssignableConcept<_Tp>)
        -:  196:#endif
    #####:  197:      _Tp __tmp = _GLIBCXX_MOVE(__a);
    #####:  198:      __a = _GLIBCXX_MOVE(__b);
    #####:  199:      __b = _GLIBCXX_MOVE(__tmp);
    #####:  200:    }
------------------
std::enable_if<std::__and_<std::__not_<std::__is_tuple_like<std::locale> >, std::is_move_constructible<std::locale>, std::is_move_assignable<std::locale> >::value, void>::type std::swap<std::locale>(std::locale&, std::locale&):
    #####:  189:    swap(_Tp& __a, _Tp& __b)
        -:  190:    _GLIBCXX_NOEXCEPT_IF(__and_<is_nothrow_move_constructible<_Tp>,
        -:  191:				is_nothrow_move_assignable<_Tp>>::value)
        -:  192:    {
        -:  193:#if __cplusplus < 201103L
        -:  194:      // concept requirements
        -:  195:      __glibcxx_function_requires(_SGIAssignableConcept<_Tp>)
        -:  196:#endif
    #####:  197:      _Tp __tmp = _GLIBCXX_MOVE(__a);
    #####:  198:      __a = _GLIBCXX_MOVE(__b);
    #####:  199:      __b = _GLIBCXX_MOVE(__tmp);
    #####:  200:    }
------------------
        -:  201:
        -:  202:  // _GLIBCXX_RESOLVE_LIB_DEFECTS
        -:  203:  // DR 809. std::swap should be overloaded for array types.
        -:  204:  /// Swap the contents of two arrays.
        -:  205:  template<typename _Tp, size_t _Nm>
        -:  206:    _GLIBCXX20_CONSTEXPR
        -:  207:    inline
        -:  208:#if __cplusplus >= 201103L
        -:  209:    typename enable_if<__is_swappable<_Tp>::value>::type
        -:  210:#else
        -:  211:    void
        -:  212:#endif
        -:  213:    swap(_Tp (&__a)[_Nm], _Tp (&__b)[_Nm])
        -:  214:    _GLIBCXX_NOEXCEPT_IF(__is_nothrow_swappable<_Tp>::value)
        -:  215:    {
        -:  216:      for (size_t __n = 0; __n < _Nm; ++__n)
        -:  217:	swap(__a[__n], __b[__n]);
        -:  218:    }
        -:  219:
        -:  220:  /// @} group utilities
        -:  221:_GLIBCXX_END_NAMESPACE_VERSION
        -:  222:} // namespace
        -:  223:
        -:  224:#endif /* _MOVE_H */
