        -:    0:Source:/usr/include/c++/10/ext/new_allocator.h
        -:    0:Graph:testing.gcno
        -:    0:Data:-
        -:    0:Runs:0
        -:    1:// Allocator that wraps operator new -*- C++ -*-
        -:    2:
        -:    3:// Copyright (C) 2001-2020 Free Software Foundation, Inc.
        -:    4://
        -:    5:// This file is part of the GNU ISO C++ Library.  This library is free
        -:    6:// software; you can redistribute it and/or modify it under the
        -:    7:// terms of the GNU General Public License as published by the
        -:    8:// Free Software Foundation; either version 3, or (at your option)
        -:    9:// any later version.
        -:   10:
        -:   11:// This library is distributed in the hope that it will be useful,
        -:   12:// but WITHOUT ANY WARRANTY; without even the implied warranty of
        -:   13:// MERCHANTABILITY or FITNESS FOR A PARTICULAR PURPOSE.  See the
        -:   14:// GNU General Public License for more details.
        -:   15:
        -:   16:// Under Section 7 of GPL version 3, you are granted additional
        -:   17:// permissions described in the GCC Runtime Library Exception, version
        -:   18:// 3.1, as published by the Free Software Foundation.
        -:   19:
        -:   20:// You should have received a copy of the GNU General Public License and
        -:   21:// a copy of the GCC Runtime Library Exception along with this program;
        -:   22:// see the files COPYING3 and COPYING.RUNTIME respectively.  If not, see
        -:   23:// <http://www.gnu.org/licenses/>.
        -:   24:
        -:   25:/** @file ext/new_allocator.h
        -:   26: *  This file is a GNU extension to the Standard C++ Library.
        -:   27: */
        -:   28:
        -:   29:#ifndef _NEW_ALLOCATOR_H
        -:   30:#define _NEW_ALLOCATOR_H 1
        -:   31:
        -:   32:#include <bits/c++config.h>
        -:   33:#include <new>
        -:   34:#include <bits/functexcept.h>
        -:   35:#include <bits/move.h>
        -:   36:#if __cplusplus >= 201103L
        -:   37:#include <type_traits>
        -:   38:#endif
        -:   39:
        -:   40:namespace __gnu_cxx _GLIBCXX_VISIBILITY(default)
        -:   41:{
        -:   42:_GLIBCXX_BEGIN_NAMESPACE_VERSION
        -:   43:
        -:   44:  /**
        -:   45:   *  @brief  An allocator that uses global new, as per [20.4].
        -:   46:   *  @ingroup allocators
        -:   47:   *
        -:   48:   *  This is precisely the allocator defined in the C++ Standard.
        -:   49:   *    - all allocation calls operator new
        -:   50:   *    - all deallocation calls operator delete
        -:   51:   *
        -:   52:   *  @tparam  _Tp  Type of allocated object.
        -:   53:   */
        -:   54:  template<typename _Tp>
        -:   55:    class new_allocator
        -:   56:    {
        -:   57:    public:
        -:   58:      typedef _Tp        value_type;
        -:   59:      typedef std::size_t     size_type;
        -:   60:      typedef std::ptrdiff_t  difference_type;
        -:   61:#if __cplusplus <= 201703L
        -:   62:      typedef _Tp*       pointer;
        -:   63:      typedef const _Tp* const_pointer;
        -:   64:      typedef _Tp&       reference;
        -:   65:      typedef const _Tp& const_reference;
        -:   66:
        -:   67:      template<typename _Tp1>
        -:   68:	struct rebind
        -:   69:	{ typedef new_allocator<_Tp1> other; };
        -:   70:#endif
        -:   71:
        -:   72:#if __cplusplus >= 201103L
        -:   73:      // _GLIBCXX_RESOLVE_LIB_DEFECTS
        -:   74:      // 2103. propagate_on_container_move_assignment
        -:   75:      typedef std::true_type propagate_on_container_move_assignment;
        -:   76:#endif
        -:   77:
        -:   78:      _GLIBCXX20_CONSTEXPR
    #####:   79:      new_allocator() _GLIBCXX_USE_NOEXCEPT { }
------------------
__gnu_cxx::new_allocator<Catch::AssertionStats>::new_allocator():
    #####:   79:      new_allocator() _GLIBCXX_USE_NOEXCEPT { }
------------------
__gnu_cxx::new_allocator<std::shared_ptr<Catch::TestCaseTracking::ITracker> >::new_allocator():
    #####:   79:      new_allocator() _GLIBCXX_USE_NOEXCEPT { }
------------------
__gnu_cxx::new_allocator<Catch::TestCase const*>::new_allocator():
    #####:   79:      new_allocator() _GLIBCXX_USE_NOEXCEPT { }
------------------
__gnu_cxx::new_allocator<std::shared_ptr<Catch::TestSpec::Pattern> >::new_allocator():
    #####:   79:      new_allocator() _GLIBCXX_USE_NOEXCEPT { }
------------------
__gnu_cxx::new_allocator<Catch::TestSpec::NamePattern>::new_allocator():
    #####:   79:      new_allocator() _GLIBCXX_USE_NOEXCEPT { }
------------------
__gnu_cxx::new_allocator<Catch::TestSpec::ExcludedPattern>::new_allocator():
    #####:   79:      new_allocator() _GLIBCXX_USE_NOEXCEPT { }
------------------
__gnu_cxx::new_allocator<Catch::TestSpec::TagPattern>::new_allocator():
    #####:   79:      new_allocator() _GLIBCXX_USE_NOEXCEPT { }
------------------
__gnu_cxx::new_allocator<Catch::SummaryColumn>::new_allocator():
    #####:   79:      new_allocator() _GLIBCXX_USE_NOEXCEPT { }
------------------
__gnu_cxx::new_allocator<std::unique_ptr<Catch::IStreamingReporter, std::default_delete<Catch::IStreamingReporter> > >::new_allocator():
    #####:   79:      new_allocator() _GLIBCXX_USE_NOEXCEPT { }
------------------
__gnu_cxx::new_allocator<std::_Rb_tree_node<Catch::Verbosity> >::new_allocator():
    #####:   79:      new_allocator() _GLIBCXX_USE_NOEXCEPT { }
------------------
__gnu_cxx::new_allocator<Catch::clara::detail::BoundFlagLambda<Catch::clara::detail::Help::Help(bool&)::{lambda(bool)#1}> >::new_allocator():
    #####:   79:      new_allocator() _GLIBCXX_USE_NOEXCEPT { }
------------------
__gnu_cxx::new_allocator<Catch::clara::detail::BoundFlagLambda<Catch::makeCommandLineParser(Catch::ConfigData&)::{lambda(bool)#9}> >::new_allocator():
    #####:   79:      new_allocator() _GLIBCXX_USE_NOEXCEPT { }
------------------
__gnu_cxx::new_allocator<Catch::clara::detail::BoundValueRef<std::vector<std::__cxx11::basic_string<char, std::char_traits<char>, std::allocator<char> >, std::allocator<std::__cxx11::basic_string<char, std::char_traits<char>, std::allocator<char> > > > > >::new_allocator():
    #####:   79:      new_allocator() _GLIBCXX_USE_NOEXCEPT { }
------------------
__gnu_cxx::new_allocator<Catch::SectionInfo>::new_allocator():
    #####:   79:      new_allocator() _GLIBCXX_USE_NOEXCEPT { }
------------------
__gnu_cxx::new_allocator<Catch::ReporterRegistrar<Catch::CompactReporter>::ReporterFactory>::new_allocator():
    #####:   79:      new_allocator() _GLIBCXX_USE_NOEXCEPT { }
------------------
__gnu_cxx::new_allocator<Catch::ReporterRegistrar<Catch::ConsoleReporter>::ReporterFactory>::new_allocator():
    #####:   79:      new_allocator() _GLIBCXX_USE_NOEXCEPT { }
------------------
__gnu_cxx::new_allocator<Catch::TestCaseTracking::SectionTracker>::new_allocator():
    #####:   79:      new_allocator() _GLIBCXX_USE_NOEXCEPT { }
------------------
__gnu_cxx::new_allocator<std::vector<std::shared_ptr<Catch::CumulativeReporterBase<Catch::JunitReporter>::SectionNode>, std::allocator<std::shared_ptr<Catch::CumulativeReporterBase<Catch::JunitReporter>::SectionNode> > > >::new_allocator():
    #####:   79:      new_allocator() _GLIBCXX_USE_NOEXCEPT { }
------------------
__gnu_cxx::new_allocator<std::shared_ptr<Catch::CumulativeReporterBase<Catch::JunitReporter>::Node<Catch::TestCaseStats, Catch::CumulativeReporterBase<Catch::JunitReporter>::SectionNode> > >::new_allocator():
    #####:   79:      new_allocator() _GLIBCXX_USE_NOEXCEPT { }
------------------
__gnu_cxx::new_allocator<std::shared_ptr<Catch::CumulativeReporterBase<Catch::JunitReporter>::Node<Catch::TestGroupStats, Catch::CumulativeReporterBase<Catch::JunitReporter>::Node<Catch::TestCaseStats, Catch::CumulativeReporterBase<Catch::JunitReporter>::SectionNode> > > >::new_allocator():
    #####:   79:      new_allocator() _GLIBCXX_USE_NOEXCEPT { }
------------------
__gnu_cxx::new_allocator<std::shared_ptr<Catch::CumulativeReporterBase<Catch::JunitReporter>::Node<Catch::TestRunStats, Catch::CumulativeReporterBase<Catch::JunitReporter>::Node<Catch::TestGroupStats, Catch::CumulativeReporterBase<Catch::JunitReporter>::Node<Catch::TestCaseStats, Catch::CumulativeReporterBase<Catch::JunitReporter>::SectionNode> > > > >::new_allocator():
    #####:   79:      new_allocator() _GLIBCXX_USE_NOEXCEPT { }
------------------
__gnu_cxx::new_allocator<std::shared_ptr<Catch::CumulativeReporterBase<Catch::JunitReporter>::SectionNode> >::new_allocator():
    #####:   79:      new_allocator() _GLIBCXX_USE_NOEXCEPT { }
------------------
__gnu_cxx::new_allocator<Catch::CumulativeReporterBase<Catch::JunitReporter>::Node<Catch::TestCaseStats, Catch::CumulativeReporterBase<Catch::JunitReporter>::SectionNode> >::new_allocator():
    #####:   79:      new_allocator() _GLIBCXX_USE_NOEXCEPT { }
------------------
__gnu_cxx::new_allocator<Catch::CumulativeReporterBase<Catch::JunitReporter>::Node<Catch::TestGroupStats, Catch::CumulativeReporterBase<Catch::JunitReporter>::Node<Catch::TestCaseStats, Catch::CumulativeReporterBase<Catch::JunitReporter>::SectionNode> > >::new_allocator():
    #####:   79:      new_allocator() _GLIBCXX_USE_NOEXCEPT { }
------------------
__gnu_cxx::new_allocator<Catch::ReporterRegistrar<Catch::JunitReporter>::ReporterFactory>::new_allocator():
    #####:   79:      new_allocator() _GLIBCXX_USE_NOEXCEPT { }
------------------
__gnu_cxx::new_allocator<Catch::ReporterRegistrar<Catch::XmlReporter>::ReporterFactory>::new_allocator():
    #####:   79:      new_allocator() _GLIBCXX_USE_NOEXCEPT { }
------------------
__gnu_cxx::new_allocator<std::__cxx11::sub_match<__gnu_cxx::__normal_iterator<char const*, std::__cxx11::basic_string<char, std::char_traits<char>, std::allocator<char> > > > >::new_allocator():
    #####:   79:      new_allocator() _GLIBCXX_USE_NOEXCEPT { }
------------------
__gnu_cxx::new_allocator<Catch::clara::detail::BoundLambda<Catch::makeCommandLineParser(Catch::ConfigData&)::{lambda(std::__cxx11::basic_string<char, std::char_traits<char>, std::allocator<char> > const&)#8}> >::new_allocator():
    #####:   79:      new_allocator() _GLIBCXX_USE_NOEXCEPT { }
------------------
__gnu_cxx::new_allocator<Catch::clara::detail::BoundLambda<Catch::makeCommandLineParser(Catch::ConfigData&)::{lambda(int)#10}> >::new_allocator():
    #####:   79:      new_allocator() _GLIBCXX_USE_NOEXCEPT { }
------------------
__gnu_cxx::new_allocator<Catch::clara::detail::BoundLambda<Catch::makeCommandLineParser(Catch::ConfigData&)::{lambda(std::__cxx11::basic_string<char, std::char_traits<char>, std::allocator<char> > const&)#1}> >::new_allocator():
    #####:   79:      new_allocator() _GLIBCXX_USE_NOEXCEPT { }
------------------
__gnu_cxx::new_allocator<Catch::clara::detail::BoundLambda<Catch::makeCommandLineParser(Catch::ConfigData&)::{lambda(bool)#11}> >::new_allocator():
    #####:   79:      new_allocator() _GLIBCXX_USE_NOEXCEPT { }
------------------
__gnu_cxx::new_allocator<Catch::clara::detail::BoundValueRef<double> >::new_allocator():
    #####:   79:      new_allocator() _GLIBCXX_USE_NOEXCEPT { }
------------------
__gnu_cxx::new_allocator<std::_Rb_tree_node<std::pair<std::__cxx11::basic_string<char, std::char_traits<char>, std::allocator<char> > const, Catch::TagInfo> > >::new_allocator():
    #####:   79:      new_allocator() _GLIBCXX_USE_NOEXCEPT { }
------------------
__gnu_cxx::new_allocator<char>::new_allocator():
    #####:   79:      new_allocator() _GLIBCXX_USE_NOEXCEPT { }
------------------
__gnu_cxx::new_allocator<wchar_t>::new_allocator():
    #####:   79:      new_allocator() _GLIBCXX_USE_NOEXCEPT { }
------------------
__gnu_cxx::new_allocator<std::__cxx11::basic_string<char, std::char_traits<char>, std::allocator<char> > >::new_allocator():
    #####:   79:      new_allocator() _GLIBCXX_USE_NOEXCEPT { }
------------------
__gnu_cxx::new_allocator<Catch::clara::detail::HelpColumns>::new_allocator():
    #####:   79:      new_allocator() _GLIBCXX_USE_NOEXCEPT { }
------------------
__gnu_cxx::new_allocator<Catch::TestSpec::FilterMatch>::new_allocator():
    #####:   79:      new_allocator() _GLIBCXX_USE_NOEXCEPT { }
------------------
__gnu_cxx::new_allocator<Catch::Verbosity>::new_allocator():
    #####:   79:      new_allocator() _GLIBCXX_USE_NOEXCEPT { }
------------------
__gnu_cxx::new_allocator<Catch::(anonymous namespace)::ColumnInfo>::new_allocator():
    #####:   79:      new_allocator() _GLIBCXX_USE_NOEXCEPT { }
------------------
__gnu_cxx::new_allocator<Catch::clara::TextFlow::Column::iterator>::new_allocator():
    #####:   79:      new_allocator() _GLIBCXX_USE_NOEXCEPT { }
------------------
__gnu_cxx::new_allocator<Catch::clara::TextFlow::Column>::new_allocator():
    #####:   79:      new_allocator() _GLIBCXX_USE_NOEXCEPT { }
------------------
__gnu_cxx::new_allocator<Catch::clara::detail::Token>::new_allocator():
    #####:   79:      new_allocator() _GLIBCXX_USE_NOEXCEPT { }
------------------
__gnu_cxx::new_allocator<Catch::clara::detail::BoundValueRef<std::__cxx11::basic_string<char, std::char_traits<char>, std::allocator<char> > > >::new_allocator():
    #####:   79:      new_allocator() _GLIBCXX_USE_NOEXCEPT { }
------------------
__gnu_cxx::new_allocator<Catch::clara::detail::BoundFlagRef>::new_allocator():
    #####:   79:      new_allocator() _GLIBCXX_USE_NOEXCEPT { }
------------------
__gnu_cxx::new_allocator<Catch::TestSpec::Filter>::new_allocator():
    #####:   79:      new_allocator() _GLIBCXX_USE_NOEXCEPT { }
------------------
__gnu_cxx::new_allocator<Catch::StringRef>::new_allocator():
    #####:   79:      new_allocator() _GLIBCXX_USE_NOEXCEPT { }
------------------
__gnu_cxx::new_allocator<std::pair<int, Catch::StringRef> >::new_allocator():
    #####:   79:      new_allocator() _GLIBCXX_USE_NOEXCEPT { }
------------------
__gnu_cxx::new_allocator<Catch::clara::detail::BoundLambda<Catch::makeCommandLineParser(Catch::ConfigData&)::{lambda(std::__cxx11::basic_string<char, std::char_traits<char>, std::allocator<char> > const&)#2}> >::new_allocator():
    #####:   79:      new_allocator() _GLIBCXX_USE_NOEXCEPT { }
------------------
__gnu_cxx::new_allocator<std::_Rb_tree_node<std::__cxx11::basic_string<char, std::char_traits<char>, std::allocator<char> > > >::new_allocator():
    #####:   79:      new_allocator() _GLIBCXX_USE_NOEXCEPT { }
------------------
__gnu_cxx::new_allocator<unsigned long>::new_allocator():
    #####:   79:      new_allocator() _GLIBCXX_USE_NOEXCEPT { }
------------------
__gnu_cxx::new_allocator<Catch::MessageInfo>::new_allocator():
    #####:   79:      new_allocator() _GLIBCXX_USE_NOEXCEPT { }
------------------
__gnu_cxx::new_allocator<Catch::Generators::GeneratorTracker>::new_allocator():
    #####:   79:      new_allocator() _GLIBCXX_USE_NOEXCEPT { }
------------------
__gnu_cxx::new_allocator<Catch::ScopedMessage>::new_allocator():
    #####:   79:      new_allocator() _GLIBCXX_USE_NOEXCEPT { }
------------------
__gnu_cxx::new_allocator<Catch::SectionEndInfo>::new_allocator():
    #####:   79:      new_allocator() _GLIBCXX_USE_NOEXCEPT { }
------------------
__gnu_cxx::new_allocator<Catch::TestCaseTracking::ITracker*>::new_allocator():
    #####:   79:      new_allocator() _GLIBCXX_USE_NOEXCEPT { }
------------------
__gnu_cxx::new_allocator<std::_Rb_tree_node<Catch::TestCase const*> >::new_allocator():
    #####:   79:      new_allocator() _GLIBCXX_USE_NOEXCEPT { }
------------------
__gnu_cxx::new_allocator<Catch::clara::detail::Opt>::new_allocator():
    #####:   79:      new_allocator() _GLIBCXX_USE_NOEXCEPT { }
------------------
__gnu_cxx::new_allocator<Catch::clara::detail::Arg>::new_allocator():
    #####:   79:      new_allocator() _GLIBCXX_USE_NOEXCEPT { }
------------------
__gnu_cxx::new_allocator<Catch::Config>::new_allocator():
    #####:   79:      new_allocator() _GLIBCXX_USE_NOEXCEPT { }
------------------
__gnu_cxx::new_allocator<Catch::ISingleton*>::new_allocator():
    #####:   79:      new_allocator() _GLIBCXX_USE_NOEXCEPT { }
------------------
__gnu_cxx::new_allocator<std::pair<unsigned long, Catch::TestCase const*> >::new_allocator():
    #####:   79:      new_allocator() _GLIBCXX_USE_NOEXCEPT { }
------------------
__gnu_cxx::new_allocator<Catch::TestCase>::new_allocator():
    #####:   79:      new_allocator() _GLIBCXX_USE_NOEXCEPT { }
------------------
__gnu_cxx::new_allocator<std::_Rb_tree_node<Catch::TestCase> >::new_allocator():
    #####:   79:      new_allocator() _GLIBCXX_USE_NOEXCEPT { }
------------------
__gnu_cxx::new_allocator<std::_Sp_counted_ptr_inplace<Catch::clara::detail::BoundValueRef<unsigned int>, std::allocator<Catch::clara::detail::BoundValueRef<unsigned int> >, (__gnu_cxx::_Lock_policy)2> >::new_allocator():
    #####:   79:      new_allocator() _GLIBCXX_USE_NOEXCEPT { }
------------------
__gnu_cxx::new_allocator<std::_Sp_counted_ptr_inplace<Catch::CumulativeReporterBase<Catch::JunitReporter>::Node<Catch::TestCaseStats, Catch::CumulativeReporterBase<Catch::JunitReporter>::SectionNode>, std::allocator<Catch::CumulativeReporterBase<Catch::JunitReporter>::Node<Catch::TestCaseStats, Catch::CumulativeReporterBase<Catch::JunitReporter>::SectionNode> >, (__gnu_cxx::_Lock_policy)2> >::new_allocator():
    #####:   79:      new_allocator() _GLIBCXX_USE_NOEXCEPT { }
------------------
__gnu_cxx::new_allocator<std::_Sp_counted_ptr_inplace<Catch::CumulativeReporterBase<Catch::JunitReporter>::Node<Catch::TestGroupStats, Catch::CumulativeReporterBase<Catch::JunitReporter>::Node<Catch::TestCaseStats, Catch::CumulativeReporterBase<Catch::JunitReporter>::SectionNode> >, std::allocator<Catch::CumulativeReporterBase<Catch::JunitReporter>::Node<Catch::TestGroupStats, Catch::CumulativeReporterBase<Catch::JunitReporter>::Node<Catch::TestCaseStats, Catch::CumulativeReporterBase<Catch::JunitReporter>::SectionNode> > >, (__gnu_cxx::_Lock_policy)2> >::new_allocator():
    #####:   79:      new_allocator() _GLIBCXX_USE_NOEXCEPT { }
------------------
__gnu_cxx::new_allocator<std::_Sp_counted_ptr_inplace<Catch::ReporterRegistrar<Catch::JunitReporter>::ReporterFactory, std::allocator<Catch::ReporterRegistrar<Catch::JunitReporter>::ReporterFactory>, (__gnu_cxx::_Lock_policy)2> >::new_allocator():
    #####:   79:      new_allocator() _GLIBCXX_USE_NOEXCEPT { }
------------------
__gnu_cxx::new_allocator<std::_Sp_counted_ptr_inplace<Catch::ReporterRegistrar<Catch::XmlReporter>::ReporterFactory, std::allocator<Catch::ReporterRegistrar<Catch::XmlReporter>::ReporterFactory>, (__gnu_cxx::_Lock_policy)2> >::new_allocator():
    #####:   79:      new_allocator() _GLIBCXX_USE_NOEXCEPT { }
------------------
__gnu_cxx::new_allocator<std::_Sp_counted_ptr_inplace<Catch::clara::detail::BoundLambda<Catch::makeCommandLineParser(Catch::ConfigData&)::{lambda(std::__cxx11::basic_string<char, std::char_traits<char>, std::allocator<char> > const&)#8}>, std::allocator<Catch::makeCommandLineParser(Catch::ConfigData&)::{lambda(std::__cxx11::basic_string<char, std::char_traits<char>, std::allocator<char> > const&)#8}>, (__gnu_cxx::_Lock_policy)2> >::new_allocator():
    #####:   79:      new_allocator() _GLIBCXX_USE_NOEXCEPT { }
------------------
__gnu_cxx::new_allocator<std::_Sp_counted_ptr_inplace<Catch::clara::detail::BoundLambda<Catch::makeCommandLineParser(Catch::ConfigData&)::{lambda(int)#10}>, std::allocator<Catch::makeCommandLineParser(Catch::ConfigData&)::{lambda(int)#10}>, (__gnu_cxx::_Lock_policy)2> >::new_allocator():
    #####:   79:      new_allocator() _GLIBCXX_USE_NOEXCEPT { }
------------------
__gnu_cxx::new_allocator<std::_Sp_counted_ptr_inplace<Catch::clara::detail::BoundLambda<Catch::makeCommandLineParser(Catch::ConfigData&)::{lambda(std::__cxx11::basic_string<char, std::char_traits<char>, std::allocator<char> > const&)#1}>, std::allocator<Catch::makeCommandLineParser(Catch::ConfigData&)::{lambda(std::__cxx11::basic_string<char, std::char_traits<char>, std::allocator<char> > const&)#1}>, (__gnu_cxx::_Lock_policy)2> >::new_allocator():
    #####:   79:      new_allocator() _GLIBCXX_USE_NOEXCEPT { }
------------------
__gnu_cxx::new_allocator<std::_Sp_counted_ptr_inplace<Catch::clara::detail::BoundLambda<Catch::makeCommandLineParser(Catch::ConfigData&)::{lambda(bool)#11}>, std::allocator<Catch::makeCommandLineParser(Catch::ConfigData&)::{lambda(bool)#11}>, (__gnu_cxx::_Lock_policy)2> >::new_allocator():
    #####:   79:      new_allocator() _GLIBCXX_USE_NOEXCEPT { }
------------------
__gnu_cxx::new_allocator<std::_Sp_counted_ptr_inplace<Catch::clara::detail::BoundValueRef<double>, std::allocator<Catch::clara::detail::BoundValueRef<double> >, (__gnu_cxx::_Lock_policy)2> >::new_allocator():
    #####:   79:      new_allocator() _GLIBCXX_USE_NOEXCEPT { }
------------------
__gnu_cxx::new_allocator<std::_Sp_counted_ptr_inplace<Catch::clara::detail::BoundLambda<Catch::makeCommandLineParser(Catch::ConfigData&)::{lambda(std::__cxx11::basic_string<char, std::char_traits<char>, std::allocator<char> > const&)#2}>, std::allocator<Catch::makeCommandLineParser(Catch::ConfigData&)::{lambda(std::__cxx11::basic_string<char, std::char_traits<char>, std::allocator<char> > const&)#2}>, (__gnu_cxx::_Lock_policy)2> >::new_allocator():
    #####:   79:      new_allocator() _GLIBCXX_USE_NOEXCEPT { }
------------------
__gnu_cxx::new_allocator<std::_Sp_counted_ptr_inplace<Catch::clara::detail::BoundLambda<Catch::makeCommandLineParser(Catch::ConfigData&)::{lambda(std::__cxx11::basic_string<char, std::char_traits<char>, std::allocator<char> > const&)#7}>, std::allocator<Catch::makeCommandLineParser(Catch::ConfigData&)::{lambda(std::__cxx11::basic_string<char, std::char_traits<char>, std::allocator<char> > const&)#7}>, (__gnu_cxx::_Lock_policy)2> >::new_allocator():
    #####:   79:      new_allocator() _GLIBCXX_USE_NOEXCEPT { }
------------------
__gnu_cxx::new_allocator<std::_Sp_counted_ptr_inplace<Catch::clara::detail::BoundLambda<Catch::makeCommandLineParser(Catch::ConfigData&)::{lambda(std::__cxx11::basic_string<char, std::char_traits<char>, std::allocator<char> > const&)#3}>, std::allocator<Catch::makeCommandLineParser(Catch::ConfigData&)::{lambda(std::__cxx11::basic_string<char, std::char_traits<char>, std::allocator<char> > const&)#3}>, (__gnu_cxx::_Lock_policy)2> >::new_allocator():
    #####:   79:      new_allocator() _GLIBCXX_USE_NOEXCEPT { }
------------------
__gnu_cxx::new_allocator<std::_Sp_counted_ptr_inplace<Catch::clara::detail::BoundLambda<Catch::makeCommandLineParser(Catch::ConfigData&)::{lambda(std::__cxx11::basic_string<char, std::char_traits<char>, std::allocator<char> > const&)#4}>, std::allocator<Catch::makeCommandLineParser(Catch::ConfigData&)::{lambda(std::__cxx11::basic_string<char, std::char_traits<char>, std::allocator<char> > const&)#4}>, (__gnu_cxx::_Lock_policy)2> >::new_allocator():
    #####:   79:      new_allocator() _GLIBCXX_USE_NOEXCEPT { }
------------------
__gnu_cxx::new_allocator<std::_Sp_counted_ptr_inplace<Catch::clara::detail::BoundLambda<Catch::makeCommandLineParser(Catch::ConfigData&)::{lambda(std::__cxx11::basic_string<char, std::char_traits<char>, std::allocator<char> > const&)#5}>, std::allocator<Catch::makeCommandLineParser(Catch::ConfigData&)::{lambda(std::__cxx11::basic_string<char, std::char_traits<char>, std::allocator<char> > const&)#5}>, (__gnu_cxx::_Lock_policy)2> >::new_allocator():
    #####:   79:      new_allocator() _GLIBCXX_USE_NOEXCEPT { }
------------------
__gnu_cxx::new_allocator<std::_Sp_counted_ptr_inplace<Catch::clara::detail::BoundLambda<Catch::makeCommandLineParser(Catch::ConfigData&)::{lambda(std::__cxx11::basic_string<char, std::char_traits<char>, std::allocator<char> > const&)#6}>, std::allocator<Catch::makeCommandLineParser(Catch::ConfigData&)::{lambda(std::__cxx11::basic_string<char, std::char_traits<char>, std::allocator<char> > const&)#6}>, (__gnu_cxx::_Lock_policy)2> >::new_allocator():
    #####:   79:      new_allocator() _GLIBCXX_USE_NOEXCEPT { }
------------------
__gnu_cxx::new_allocator<std::_Sp_counted_ptr_inplace<Catch::ReporterRegistrar<Catch::ConsoleReporter>::ReporterFactory, std::allocator<Catch::ReporterRegistrar<Catch::ConsoleReporter>::ReporterFactory>, (__gnu_cxx::_Lock_policy)2> >::new_allocator():
    #####:   79:      new_allocator() _GLIBCXX_USE_NOEXCEPT { }
------------------
__gnu_cxx::new_allocator<std::_Sp_counted_ptr_inplace<Catch::clara::detail::BoundValueRef<long>, std::allocator<Catch::clara::detail::BoundValueRef<long> >, (__gnu_cxx::_Lock_policy)2> >::new_allocator():
    #####:   79:      new_allocator() _GLIBCXX_USE_NOEXCEPT { }
------------------
__gnu_cxx::new_allocator<std::pair<long, std::vector<std::__cxx11::sub_match<__gnu_cxx::__normal_iterator<char const*, std::__cxx11::basic_string<char, std::char_traits<char>, std::allocator<char> > > >, std::allocator<std::__cxx11::sub_match<__gnu_cxx::__normal_iterator<char const*, std::__cxx11::basic_string<char, std::char_traits<char>, std::allocator<char> > > > > > > >::new_allocator():
    #####:   79:      new_allocator() _GLIBCXX_USE_NOEXCEPT { }
------------------
__gnu_cxx::new_allocator<std::__detail::_StateSeq<std::__cxx11::regex_traits<char> > >::new_allocator():
    #####:   79:      new_allocator() _GLIBCXX_USE_NOEXCEPT { }
------------------
__gnu_cxx::new_allocator<std::__detail::_StateSeq<std::__cxx11::regex_traits<char> >*>::new_allocator():
    #####:   79:      new_allocator() _GLIBCXX_USE_NOEXCEPT { }
------------------
__gnu_cxx::new_allocator<std::_Sp_counted_ptr_inplace<std::__detail::_NFA<std::__cxx11::regex_traits<char> >, std::allocator<std::__detail::_NFA<std::__cxx11::regex_traits<char> > >, (__gnu_cxx::_Lock_policy)2> >::new_allocator():
    #####:   79:      new_allocator() _GLIBCXX_USE_NOEXCEPT { }
------------------
__gnu_cxx::new_allocator<std::_Rb_tree_node<std::pair<long const, long> > >::new_allocator():
    #####:   79:      new_allocator() _GLIBCXX_USE_NOEXCEPT { }
------------------
__gnu_cxx::new_allocator<std::pair<char, char> >::new_allocator():
    #####:   79:      new_allocator() _GLIBCXX_USE_NOEXCEPT { }
------------------
__gnu_cxx::new_allocator<std::__cxx11::regex_traits<char>::_RegexMask>::new_allocator():
    #####:   79:      new_allocator() _GLIBCXX_USE_NOEXCEPT { }
------------------
__gnu_cxx::new_allocator<std::pair<std::__cxx11::basic_string<char, std::char_traits<char>, std::allocator<char> >, std::__cxx11::basic_string<char, std::char_traits<char>, std::allocator<char> > > >::new_allocator():
    #####:   79:      new_allocator() _GLIBCXX_USE_NOEXCEPT { }
------------------
__gnu_cxx::new_allocator<long>::new_allocator():
    #####:   79:      new_allocator() _GLIBCXX_USE_NOEXCEPT { }
------------------
__gnu_cxx::new_allocator<long*>::new_allocator():
    #####:   79:      new_allocator() _GLIBCXX_USE_NOEXCEPT { }
------------------
__gnu_cxx::new_allocator<std::__detail::_State<char> >::new_allocator():
    #####:   79:      new_allocator() _GLIBCXX_USE_NOEXCEPT { }
------------------
__gnu_cxx::new_allocator<Catch::CumulativeReporterBase<Catch::JunitReporter>::SectionNode>::new_allocator():
    #####:   79:      new_allocator() _GLIBCXX_USE_NOEXCEPT { }
------------------
__gnu_cxx::new_allocator<Catch::CumulativeReporterBase<Catch::JunitReporter>::Node<Catch::TestRunStats, Catch::CumulativeReporterBase<Catch::JunitReporter>::Node<Catch::TestGroupStats, Catch::CumulativeReporterBase<Catch::JunitReporter>::Node<Catch::TestCaseStats, Catch::CumulativeReporterBase<Catch::JunitReporter>::SectionNode> > > >::new_allocator():
    #####:   79:      new_allocator() _GLIBCXX_USE_NOEXCEPT { }
------------------
__gnu_cxx::new_allocator<std::_Sp_counted_ptr_inplace<Catch::CumulativeReporterBase<Catch::JunitReporter>::SectionNode, std::allocator<Catch::CumulativeReporterBase<Catch::JunitReporter>::SectionNode>, (__gnu_cxx::_Lock_policy)2> >::new_allocator():
    #####:   79:      new_allocator() _GLIBCXX_USE_NOEXCEPT { }
------------------
__gnu_cxx::new_allocator<std::_Sp_counted_ptr_inplace<std::__cxx11::basic_string<char, std::char_traits<char>, std::allocator<char> >, std::allocator<std::__cxx11::basic_string<char, std::char_traits<char>, std::allocator<char> > >, (__gnu_cxx::_Lock_policy)2> >::new_allocator():
    #####:   79:      new_allocator() _GLIBCXX_USE_NOEXCEPT { }
------------------
__gnu_cxx::new_allocator<Catch::clara::detail::BoundLambda<Catch::makeCommandLineParser(Catch::ConfigData&)::{lambda(std::__cxx11::basic_string<char, std::char_traits<char>, std::allocator<char> > const&)#7}> >::new_allocator():
    #####:   79:      new_allocator() _GLIBCXX_USE_NOEXCEPT { }
------------------
__gnu_cxx::new_allocator<Catch::clara::detail::BoundLambda<Catch::makeCommandLineParser(Catch::ConfigData&)::{lambda(std::__cxx11::basic_string<char, std::char_traits<char>, std::allocator<char> > const&)#3}> >::new_allocator():
    #####:   79:      new_allocator() _GLIBCXX_USE_NOEXCEPT { }
------------------
__gnu_cxx::new_allocator<Catch::clara::detail::BoundLambda<Catch::makeCommandLineParser(Catch::ConfigData&)::{lambda(std::__cxx11::basic_string<char, std::char_traits<char>, std::allocator<char> > const&)#4}> >::new_allocator():
    #####:   79:      new_allocator() _GLIBCXX_USE_NOEXCEPT { }
------------------
__gnu_cxx::new_allocator<Catch::clara::detail::BoundLambda<Catch::makeCommandLineParser(Catch::ConfigData&)::{lambda(std::__cxx11::basic_string<char, std::char_traits<char>, std::allocator<char> > const&)#5}> >::new_allocator():
    #####:   79:      new_allocator() _GLIBCXX_USE_NOEXCEPT { }
------------------
__gnu_cxx::new_allocator<Catch::clara::detail::BoundLambda<Catch::makeCommandLineParser(Catch::ConfigData&)::{lambda(std::__cxx11::basic_string<char, std::char_traits<char>, std::allocator<char> > const&)#6}> >::new_allocator():
    #####:   79:      new_allocator() _GLIBCXX_USE_NOEXCEPT { }
------------------
__gnu_cxx::new_allocator<Catch::clara::detail::BoundValueRef<unsigned int> >::new_allocator():
    #####:   79:      new_allocator() _GLIBCXX_USE_NOEXCEPT { }
------------------
__gnu_cxx::new_allocator<Catch::clara::detail::BoundValueRef<long> >::new_allocator():
    #####:   79:      new_allocator() _GLIBCXX_USE_NOEXCEPT { }
------------------
__gnu_cxx::new_allocator<std::_Rb_tree_node<std::pair<std::__cxx11::basic_string<char, std::char_traits<char>, std::allocator<char> > const, std::shared_ptr<Catch::IReporterFactory> > > >::new_allocator():
    #####:   79:      new_allocator() _GLIBCXX_USE_NOEXCEPT { }
------------------
__gnu_cxx::new_allocator<std::shared_ptr<Catch::IReporterFactory> >::new_allocator():
    #####:   79:      new_allocator() _GLIBCXX_USE_NOEXCEPT { }
------------------
__gnu_cxx::new_allocator<std::unique_ptr<Catch::IExceptionTranslator const, std::default_delete<Catch::IExceptionTranslator const> > >::new_allocator():
    #####:   79:      new_allocator() _GLIBCXX_USE_NOEXCEPT { }
------------------
__gnu_cxx::new_allocator<std::_Rb_tree_node<std::pair<std::__cxx11::basic_string<char, std::char_traits<char>, std::allocator<char> > const, Catch::TagAlias> > >::new_allocator():
    #####:   79:      new_allocator() _GLIBCXX_USE_NOEXCEPT { }
------------------
__gnu_cxx::new_allocator<std::__exception_ptr::exception_ptr>::new_allocator():
    #####:   79:      new_allocator() _GLIBCXX_USE_NOEXCEPT { }
------------------
__gnu_cxx::new_allocator<std::unique_ptr<Catch::Detail::EnumInfo, std::default_delete<Catch::Detail::EnumInfo> > >::new_allocator():
    #####:   79:      new_allocator() _GLIBCXX_USE_NOEXCEPT { }
------------------
__gnu_cxx::new_allocator<std::unique_ptr<std::__cxx11::basic_ostringstream<char, std::char_traits<char>, std::allocator<char> >, std::default_delete<std::__cxx11::basic_ostringstream<char, std::char_traits<char>, std::allocator<char> > > > >::new_allocator():
    #####:   79:      new_allocator() _GLIBCXX_USE_NOEXCEPT { }
------------------
__gnu_cxx::new_allocator<char*>::new_allocator():
    #####:   79:      new_allocator() _GLIBCXX_USE_NOEXCEPT { }
------------------
__gnu_cxx::new_allocator<std::_Sp_counted_ptr_inplace<Catch::CumulativeReporterBase<Catch::JunitReporter>::Node<Catch::TestRunStats, Catch::CumulativeReporterBase<Catch::JunitReporter>::Node<Catch::TestGroupStats, Catch::CumulativeReporterBase<Catch::JunitReporter>::Node<Catch::TestCaseStats, Catch::CumulativeReporterBase<Catch::JunitReporter>::SectionNode> > >, std::allocator<Catch::CumulativeReporterBase<Catch::JunitReporter>::Node<Catch::TestRunStats, Catch::CumulativeReporterBase<Catch::JunitReporter>::Node<Catch::TestGroupStats, Catch::CumulativeReporterBase<Catch::JunitReporter>::Node<Catch::TestCaseStats, Catch::CumulativeReporterBase<Catch::JunitReporter>::SectionNode> > > >, (__gnu_cxx::_Lock_policy)2> >::new_allocator():
    #####:   79:      new_allocator() _GLIBCXX_USE_NOEXCEPT { }
------------------
__gnu_cxx::new_allocator<std::_Sp_counted_ptr_inplace<Catch::clara::detail::BoundValueRef<std::__cxx11::basic_string<char, std::char_traits<char>, std::allocator<char> > >, std::allocator<Catch::clara::detail::BoundValueRef<std::__cxx11::basic_string<char, std::char_traits<char>, std::allocator<char> > > >, (__gnu_cxx::_Lock_policy)2> >::new_allocator():
    #####:   79:      new_allocator() _GLIBCXX_USE_NOEXCEPT { }
------------------
__gnu_cxx::new_allocator<std::_Sp_counted_ptr_inplace<Catch::clara::detail::BoundFlagRef, std::allocator<Catch::clara::detail::BoundFlagRef>, (__gnu_cxx::_Lock_policy)2> >::new_allocator():
    #####:   79:      new_allocator() _GLIBCXX_USE_NOEXCEPT { }
------------------
__gnu_cxx::new_allocator<std::pair<__gnu_cxx::__normal_iterator<char const*, std::__cxx11::basic_string<char, std::char_traits<char>, std::allocator<char> > >, int> >::new_allocator():
    #####:   79:      new_allocator() _GLIBCXX_USE_NOEXCEPT { }
------------------
__gnu_cxx::new_allocator<std::_Sp_counted_ptr_inplace<Catch::Generators::GeneratorTracker, std::allocator<Catch::Generators::GeneratorTracker>, (__gnu_cxx::_Lock_policy)2> >::new_allocator():
    #####:   79:      new_allocator() _GLIBCXX_USE_NOEXCEPT { }
------------------
__gnu_cxx::new_allocator<std::_Sp_counted_ptr_inplace<Catch::Config, std::allocator<Catch::Config>, (__gnu_cxx::_Lock_policy)2> >::new_allocator():
    #####:   79:      new_allocator() _GLIBCXX_USE_NOEXCEPT { }
------------------
__gnu_cxx::new_allocator<std::_Sp_counted_ptr_inplace<Catch::TestCaseTracking::SectionTracker, std::allocator<Catch::TestCaseTracking::SectionTracker>, (__gnu_cxx::_Lock_policy)2> >::new_allocator():
    #####:   79:      new_allocator() _GLIBCXX_USE_NOEXCEPT { }
------------------
__gnu_cxx::new_allocator<std::_Sp_counted_ptr_inplace<Catch::TestSpec::NamePattern, std::allocator<Catch::TestSpec::NamePattern>, (__gnu_cxx::_Lock_policy)2> >::new_allocator():
    #####:   79:      new_allocator() _GLIBCXX_USE_NOEXCEPT { }
------------------
__gnu_cxx::new_allocator<std::_Sp_counted_ptr_inplace<Catch::TestSpec::ExcludedPattern, std::allocator<Catch::TestSpec::ExcludedPattern>, (__gnu_cxx::_Lock_policy)2> >::new_allocator():
    #####:   79:      new_allocator() _GLIBCXX_USE_NOEXCEPT { }
------------------
__gnu_cxx::new_allocator<std::_Sp_counted_ptr_inplace<Catch::TestSpec::TagPattern, std::allocator<Catch::TestSpec::TagPattern>, (__gnu_cxx::_Lock_policy)2> >::new_allocator():
    #####:   79:      new_allocator() _GLIBCXX_USE_NOEXCEPT { }
------------------
__gnu_cxx::new_allocator<std::_Sp_counted_ptr_inplace<Catch::clara::detail::BoundFlagLambda<Catch::clara::detail::Help::Help(bool&)::{lambda(bool)#1}>, std::allocator<Catch::clara::detail::Help::Help(bool&)::{lambda(bool)#1}>, (__gnu_cxx::_Lock_policy)2> >::new_allocator():
    #####:   79:      new_allocator() _GLIBCXX_USE_NOEXCEPT { }
------------------
__gnu_cxx::new_allocator<std::_Sp_counted_ptr_inplace<Catch::clara::detail::BoundFlagLambda<Catch::makeCommandLineParser(Catch::ConfigData&)::{lambda(bool)#9}>, std::allocator<Catch::makeCommandLineParser(Catch::ConfigData&)::{lambda(bool)#9}>, (__gnu_cxx::_Lock_policy)2> >::new_allocator():
    #####:   79:      new_allocator() _GLIBCXX_USE_NOEXCEPT { }
------------------
__gnu_cxx::new_allocator<std::_Sp_counted_ptr_inplace<Catch::clara::detail::BoundValueRef<std::vector<std::__cxx11::basic_string<char, std::char_traits<char>, std::allocator<char> >, std::allocator<std::__cxx11::basic_string<char, std::char_traits<char>, std::allocator<char> > > > >, std::allocator<Catch::clara::detail::BoundValueRef<std::vector<std::__cxx11::basic_string<char, std::char_traits<char>, std::allocator<char> >, std::allocator<std::__cxx11::basic_string<char, std::char_traits<char>, std::allocator<char> > > > > >, (__gnu_cxx::_Lock_policy)2> >::new_allocator():
    #####:   79:      new_allocator() _GLIBCXX_USE_NOEXCEPT { }
------------------
__gnu_cxx::new_allocator<std::__detail::_NFA<std::__cxx11::regex_traits<char> > >::new_allocator():
    #####:   79:      new_allocator() _GLIBCXX_USE_NOEXCEPT { }
------------------
__gnu_cxx::new_allocator<std::_Sp_counted_ptr_inplace<Catch::ReporterRegistrar<Catch::CompactReporter>::ReporterFactory, std::allocator<Catch::ReporterRegistrar<Catch::CompactReporter>::ReporterFactory>, (__gnu_cxx::_Lock_policy)2> >::new_allocator():
    #####:   79:      new_allocator() _GLIBCXX_USE_NOEXCEPT { }
------------------
        -:   80:
        -:   81:      _GLIBCXX20_CONSTEXPR
    #####:   82:      new_allocator(const new_allocator&) _GLIBCXX_USE_NOEXCEPT { }
------------------
__gnu_cxx::new_allocator<char>::new_allocator(__gnu_cxx::new_allocator<char> const&):
    #####:   82:      new_allocator(const new_allocator&) _GLIBCXX_USE_NOEXCEPT { }
------------------
__gnu_cxx::new_allocator<Catch::clara::detail::BoundFlagLambda<Catch::makeCommandLineParser(Catch::ConfigData&)::{lambda(bool)#9}> >::new_allocator(Catch::clara::detail::BoundFlagLambda<Catch::makeCommandLineParser(Catch::ConfigData&)::{lambda(bool)#9}> const&):
    #####:   82:      new_allocator(const new_allocator&) _GLIBCXX_USE_NOEXCEPT { }
------------------
__gnu_cxx::new_allocator<Catch::clara::detail::BoundFlagLambda<Catch::clara::detail::Help::Help(bool&)::{lambda(bool)#1}> >::new_allocator(Catch::clara::detail::BoundFlagLambda<Catch::clara::detail::Help::Help(bool&)::{lambda(bool)#1}> const&):
    #####:   82:      new_allocator(const new_allocator&) _GLIBCXX_USE_NOEXCEPT { }
------------------
__gnu_cxx::new_allocator<Catch::TestSpec::TagPattern>::new_allocator(__gnu_cxx::new_allocator<Catch::TestSpec::TagPattern> const&):
    #####:   82:      new_allocator(const new_allocator&) _GLIBCXX_USE_NOEXCEPT { }
------------------
__gnu_cxx::new_allocator<Catch::TestSpec::ExcludedPattern>::new_allocator(__gnu_cxx::new_allocator<Catch::TestSpec::ExcludedPattern> const&):
    #####:   82:      new_allocator(const new_allocator&) _GLIBCXX_USE_NOEXCEPT { }
------------------
__gnu_cxx::new_allocator<Catch::TestSpec::NamePattern>::new_allocator(__gnu_cxx::new_allocator<Catch::TestSpec::NamePattern> const&):
    #####:   82:      new_allocator(const new_allocator&) _GLIBCXX_USE_NOEXCEPT { }
------------------
__gnu_cxx::new_allocator<Catch::TestCaseTracking::SectionTracker>::new_allocator(__gnu_cxx::new_allocator<Catch::TestCaseTracking::SectionTracker> const&):
    #####:   82:      new_allocator(const new_allocator&) _GLIBCXX_USE_NOEXCEPT { }
------------------
__gnu_cxx::new_allocator<Catch::Config>::new_allocator(__gnu_cxx::new_allocator<Catch::Config> const&):
    #####:   82:      new_allocator(const new_allocator&) _GLIBCXX_USE_NOEXCEPT { }
------------------
__gnu_cxx::new_allocator<Catch::Generators::GeneratorTracker>::new_allocator(__gnu_cxx::new_allocator<Catch::Generators::GeneratorTracker> const&):
    #####:   82:      new_allocator(const new_allocator&) _GLIBCXX_USE_NOEXCEPT { }
------------------
__gnu_cxx::new_allocator<Catch::clara::detail::BoundFlagRef>::new_allocator(__gnu_cxx::new_allocator<Catch::clara::detail::BoundFlagRef> const&):
    #####:   82:      new_allocator(const new_allocator&) _GLIBCXX_USE_NOEXCEPT { }
------------------
__gnu_cxx::new_allocator<Catch::clara::detail::BoundValueRef<std::__cxx11::basic_string<char, std::char_traits<char>, std::allocator<char> > > >::new_allocator(__gnu_cxx::new_allocator<Catch::clara::detail::BoundValueRef<std::__cxx11::basic_string<char, std::char_traits<char>, std::allocator<char> > > > const&):
    #####:   82:      new_allocator(const new_allocator&) _GLIBCXX_USE_NOEXCEPT { }
------------------
__gnu_cxx::new_allocator<std::shared_ptr<Catch::TestSpec::Pattern> >::new_allocator(__gnu_cxx::new_allocator<std::shared_ptr<Catch::TestSpec::Pattern> > const&):
    #####:   82:      new_allocator(const new_allocator&) _GLIBCXX_USE_NOEXCEPT { }
------------------
__gnu_cxx::new_allocator<Catch::MessageInfo>::new_allocator(__gnu_cxx::new_allocator<Catch::MessageInfo> const&):
    #####:   82:      new_allocator(const new_allocator&) _GLIBCXX_USE_NOEXCEPT { }
------------------
__gnu_cxx::new_allocator<Catch::clara::detail::Token>::new_allocator(__gnu_cxx::new_allocator<Catch::clara::detail::Token> const&):
    #####:   82:      new_allocator(const new_allocator&) _GLIBCXX_USE_NOEXCEPT { }
------------------
__gnu_cxx::new_allocator<Catch::clara::detail::BoundValueRef<std::vector<std::__cxx11::basic_string<char, std::char_traits<char>, std::allocator<char> >, std::allocator<std::__cxx11::basic_string<char, std::char_traits<char>, std::allocator<char> > > > > >::new_allocator(__gnu_cxx::new_allocator<Catch::clara::detail::BoundValueRef<std::vector<std::__cxx11::basic_string<char, std::char_traits<char>, std::allocator<char> >, std::allocator<std::__cxx11::basic_string<char, std::char_traits<char>, std::allocator<char> > > > > > const&):
    #####:   82:      new_allocator(const new_allocator&) _GLIBCXX_USE_NOEXCEPT { }
------------------
__gnu_cxx::new_allocator<Catch::(anonymous namespace)::ColumnInfo>::new_allocator(__gnu_cxx::new_allocator<Catch::(anonymous namespace)::ColumnInfo> const&):
    #####:   82:      new_allocator(const new_allocator&) _GLIBCXX_USE_NOEXCEPT { }
------------------
__gnu_cxx::new_allocator<Catch::Verbosity>::new_allocator(__gnu_cxx::new_allocator<Catch::Verbosity> const&):
    #####:   82:      new_allocator(const new_allocator&) _GLIBCXX_USE_NOEXCEPT { }
------------------
__gnu_cxx::new_allocator<Catch::TestSpec::Filter>::new_allocator(__gnu_cxx::new_allocator<Catch::TestSpec::Filter> const&):
    #####:   82:      new_allocator(const new_allocator&) _GLIBCXX_USE_NOEXCEPT { }
------------------
__gnu_cxx::new_allocator<Catch::TestSpec::FilterMatch>::new_allocator(__gnu_cxx::new_allocator<Catch::TestSpec::FilterMatch> const&):
    #####:   82:      new_allocator(const new_allocator&) _GLIBCXX_USE_NOEXCEPT { }
------------------
__gnu_cxx::new_allocator<Catch::TestCase const*>::new_allocator(__gnu_cxx::new_allocator<Catch::TestCase const*> const&):
    #####:   82:      new_allocator(const new_allocator&) _GLIBCXX_USE_NOEXCEPT { }
------------------
__gnu_cxx::new_allocator<std::__cxx11::basic_string<char, std::char_traits<char>, std::allocator<char> > >::new_allocator(__gnu_cxx::new_allocator<std::__cxx11::basic_string<char, std::char_traits<char>, std::allocator<char> > > const&):
    #####:   82:      new_allocator(const new_allocator&) _GLIBCXX_USE_NOEXCEPT { }
------------------
__gnu_cxx::new_allocator<std::_Rb_tree_node<std::__cxx11::basic_string<char, std::char_traits<char>, std::allocator<char> > > >::new_allocator(__gnu_cxx::new_allocator<std::_Rb_tree_node<std::__cxx11::basic_string<char, std::char_traits<char>, std::allocator<char> > > > const&):
    #####:   82:      new_allocator(const new_allocator&) _GLIBCXX_USE_NOEXCEPT { }
------------------
__gnu_cxx::new_allocator<Catch::TestCase>::new_allocator(__gnu_cxx::new_allocator<Catch::TestCase> const&):
    #####:   82:      new_allocator(const new_allocator&) _GLIBCXX_USE_NOEXCEPT { }
------------------
__gnu_cxx::new_allocator<Catch::clara::detail::Arg>::new_allocator(__gnu_cxx::new_allocator<Catch::clara::detail::Arg> const&):
    #####:   82:      new_allocator(const new_allocator&) _GLIBCXX_USE_NOEXCEPT { }
------------------
__gnu_cxx::new_allocator<Catch::clara::detail::Opt>::new_allocator(__gnu_cxx::new_allocator<Catch::clara::detail::Opt> const&):
    #####:   82:      new_allocator(const new_allocator&) _GLIBCXX_USE_NOEXCEPT { }
------------------
__gnu_cxx::new_allocator<Catch::clara::detail::HelpColumns>::new_allocator(__gnu_cxx::new_allocator<Catch::clara::detail::HelpColumns> const&):
    #####:   82:      new_allocator(const new_allocator&) _GLIBCXX_USE_NOEXCEPT { }
------------------
__gnu_cxx::new_allocator<Catch::clara::TextFlow::Column>::new_allocator(__gnu_cxx::new_allocator<Catch::clara::TextFlow::Column> const&):
    #####:   82:      new_allocator(const new_allocator&) _GLIBCXX_USE_NOEXCEPT { }
------------------
__gnu_cxx::new_allocator<std::_Rb_tree_node<Catch::Verbosity> >::new_allocator(__gnu_cxx::new_allocator<std::_Rb_tree_node<Catch::Verbosity> > const&):
    #####:   82:      new_allocator(const new_allocator&) _GLIBCXX_USE_NOEXCEPT { }
------------------
__gnu_cxx::new_allocator<Catch::clara::detail::BoundLambda<Catch::makeCommandLineParser(Catch::ConfigData&)::{lambda(std::__cxx11::basic_string<char, std::char_traits<char>, std::allocator<char> > const&)#7}> >::new_allocator(Catch::clara::detail::BoundLambda<Catch::makeCommandLineParser(Catch::ConfigData&)::{lambda(std::__cxx11::basic_string<char, std::char_traits<char>, std::allocator<char> > const&)#7}> const&):
    #####:   82:      new_allocator(const new_allocator&) _GLIBCXX_USE_NOEXCEPT { }
------------------
__gnu_cxx::new_allocator<Catch::CumulativeReporterBase<Catch::JunitReporter>::SectionNode>::new_allocator(__gnu_cxx::new_allocator<Catch::CumulativeReporterBase<Catch::JunitReporter>::SectionNode> const&):
    #####:   82:      new_allocator(const new_allocator&) _GLIBCXX_USE_NOEXCEPT { }
------------------
__gnu_cxx::new_allocator<std::pair<std::__cxx11::basic_string<char, std::char_traits<char>, std::allocator<char> >, std::__cxx11::basic_string<char, std::char_traits<char>, std::allocator<char> > > >::new_allocator(__gnu_cxx::new_allocator<std::pair<std::__cxx11::basic_string<char, std::char_traits<char>, std::allocator<char> >, std::__cxx11::basic_string<char, std::char_traits<char>, std::allocator<char> > > > const&):
    #####:   82:      new_allocator(const new_allocator&) _GLIBCXX_USE_NOEXCEPT { }
------------------
__gnu_cxx::new_allocator<std::__cxx11::regex_traits<char>::_RegexMask>::new_allocator(__gnu_cxx::new_allocator<std::__cxx11::regex_traits<char>::_RegexMask> const&):
    #####:   82:      new_allocator(const new_allocator&) _GLIBCXX_USE_NOEXCEPT { }
------------------
__gnu_cxx::new_allocator<std::pair<char, char> >::new_allocator(__gnu_cxx::new_allocator<std::pair<char, char> > const&):
    #####:   82:      new_allocator(const new_allocator&) _GLIBCXX_USE_NOEXCEPT { }
------------------
__gnu_cxx::new_allocator<std::__detail::_NFA<std::__cxx11::regex_traits<char> > >::new_allocator(__gnu_cxx::new_allocator<std::__detail::_NFA<std::__cxx11::regex_traits<char> > > const&):
    #####:   82:      new_allocator(const new_allocator&) _GLIBCXX_USE_NOEXCEPT { }
------------------
__gnu_cxx::new_allocator<std::pair<long, std::vector<std::__cxx11::sub_match<__gnu_cxx::__normal_iterator<char const*, std::__cxx11::basic_string<char, std::char_traits<char>, std::allocator<char> > > >, std::allocator<std::__cxx11::sub_match<__gnu_cxx::__normal_iterator<char const*, std::__cxx11::basic_string<char, std::char_traits<char>, std::allocator<char> > > > > > > >::new_allocator(__gnu_cxx::new_allocator<std::pair<long, std::vector<std::__cxx11::sub_match<__gnu_cxx::__normal_iterator<char const*, std::__cxx11::basic_string<char, std::char_traits<char>, std::allocator<char> > > >, std::allocator<std::__cxx11::sub_match<__gnu_cxx::__normal_iterator<char const*, std::__cxx11::basic_string<char, std::char_traits<char>, std::allocator<char> > > > > > > > const&):
    #####:   82:      new_allocator(const new_allocator&) _GLIBCXX_USE_NOEXCEPT { }
------------------
__gnu_cxx::new_allocator<std::pair<__gnu_cxx::__normal_iterator<char const*, std::__cxx11::basic_string<char, std::char_traits<char>, std::allocator<char> > >, int> >::new_allocator(__gnu_cxx::new_allocator<std::pair<__gnu_cxx::__normal_iterator<char const*, std::__cxx11::basic_string<char, std::char_traits<char>, std::allocator<char> > >, int> > const&):
    #####:   82:      new_allocator(const new_allocator&) _GLIBCXX_USE_NOEXCEPT { }
------------------
__gnu_cxx::new_allocator<Catch::clara::detail::BoundValueRef<long> >::new_allocator(__gnu_cxx::new_allocator<Catch::clara::detail::BoundValueRef<long> > const&):
    #####:   82:      new_allocator(const new_allocator&) _GLIBCXX_USE_NOEXCEPT { }
------------------
__gnu_cxx::new_allocator<Catch::clara::detail::BoundValueRef<unsigned int> >::new_allocator(__gnu_cxx::new_allocator<Catch::clara::detail::BoundValueRef<unsigned int> > const&):
    #####:   82:      new_allocator(const new_allocator&) _GLIBCXX_USE_NOEXCEPT { }
------------------
__gnu_cxx::new_allocator<Catch::clara::detail::BoundLambda<Catch::makeCommandLineParser(Catch::ConfigData&)::{lambda(std::__cxx11::basic_string<char, std::char_traits<char>, std::allocator<char> > const&)#6}> >::new_allocator(Catch::clara::detail::BoundLambda<Catch::makeCommandLineParser(Catch::ConfigData&)::{lambda(std::__cxx11::basic_string<char, std::char_traits<char>, std::allocator<char> > const&)#6}> const&):
    #####:   82:      new_allocator(const new_allocator&) _GLIBCXX_USE_NOEXCEPT { }
------------------
__gnu_cxx::new_allocator<Catch::clara::detail::BoundLambda<Catch::makeCommandLineParser(Catch::ConfigData&)::{lambda(std::__cxx11::basic_string<char, std::char_traits<char>, std::allocator<char> > const&)#5}> >::new_allocator(Catch::clara::detail::BoundLambda<Catch::makeCommandLineParser(Catch::ConfigData&)::{lambda(std::__cxx11::basic_string<char, std::char_traits<char>, std::allocator<char> > const&)#5}> const&):
    #####:   82:      new_allocator(const new_allocator&) _GLIBCXX_USE_NOEXCEPT { }
------------------
__gnu_cxx::new_allocator<Catch::clara::detail::BoundLambda<Catch::makeCommandLineParser(Catch::ConfigData&)::{lambda(std::__cxx11::basic_string<char, std::char_traits<char>, std::allocator<char> > const&)#4}> >::new_allocator(Catch::clara::detail::BoundLambda<Catch::makeCommandLineParser(Catch::ConfigData&)::{lambda(std::__cxx11::basic_string<char, std::char_traits<char>, std::allocator<char> > const&)#4}> const&):
    #####:   82:      new_allocator(const new_allocator&) _GLIBCXX_USE_NOEXCEPT { }
------------------
__gnu_cxx::new_allocator<Catch::clara::detail::BoundLambda<Catch::makeCommandLineParser(Catch::ConfigData&)::{lambda(std::__cxx11::basic_string<char, std::char_traits<char>, std::allocator<char> > const&)#3}> >::new_allocator(Catch::clara::detail::BoundLambda<Catch::makeCommandLineParser(Catch::ConfigData&)::{lambda(std::__cxx11::basic_string<char, std::char_traits<char>, std::allocator<char> > const&)#3}> const&):
    #####:   82:      new_allocator(const new_allocator&) _GLIBCXX_USE_NOEXCEPT { }
------------------
__gnu_cxx::new_allocator<Catch::CumulativeReporterBase<Catch::JunitReporter>::Node<Catch::TestRunStats, Catch::CumulativeReporterBase<Catch::JunitReporter>::Node<Catch::TestGroupStats, Catch::CumulativeReporterBase<Catch::JunitReporter>::Node<Catch::TestCaseStats, Catch::CumulativeReporterBase<Catch::JunitReporter>::SectionNode> > > >::new_allocator(__gnu_cxx::new_allocator<Catch::CumulativeReporterBase<Catch::JunitReporter>::Node<Catch::TestRunStats, Catch::CumulativeReporterBase<Catch::JunitReporter>::Node<Catch::TestGroupStats, Catch::CumulativeReporterBase<Catch::JunitReporter>::Node<Catch::TestCaseStats, Catch::CumulativeReporterBase<Catch::JunitReporter>::SectionNode> > > > const&):
    #####:   82:      new_allocator(const new_allocator&) _GLIBCXX_USE_NOEXCEPT { }
------------------
__gnu_cxx::new_allocator<Catch::clara::detail::BoundLambda<Catch::makeCommandLineParser(Catch::ConfigData&)::{lambda(std::__cxx11::basic_string<char, std::char_traits<char>, std::allocator<char> > const&)#2}> >::new_allocator(Catch::clara::detail::BoundLambda<Catch::makeCommandLineParser(Catch::ConfigData&)::{lambda(std::__cxx11::basic_string<char, std::char_traits<char>, std::allocator<char> > const&)#2}> const&):
    #####:   82:      new_allocator(const new_allocator&) _GLIBCXX_USE_NOEXCEPT { }
------------------
__gnu_cxx::new_allocator<Catch::clara::detail::BoundValueRef<double> >::new_allocator(__gnu_cxx::new_allocator<Catch::clara::detail::BoundValueRef<double> > const&):
    #####:   82:      new_allocator(const new_allocator&) _GLIBCXX_USE_NOEXCEPT { }
------------------
__gnu_cxx::new_allocator<Catch::clara::detail::BoundLambda<Catch::makeCommandLineParser(Catch::ConfigData&)::{lambda(bool)#11}> >::new_allocator(Catch::clara::detail::BoundLambda<Catch::makeCommandLineParser(Catch::ConfigData&)::{lambda(bool)#11}> const&):
    #####:   82:      new_allocator(const new_allocator&) _GLIBCXX_USE_NOEXCEPT { }
------------------
__gnu_cxx::new_allocator<Catch::clara::detail::BoundLambda<Catch::makeCommandLineParser(Catch::ConfigData&)::{lambda(std::__cxx11::basic_string<char, std::char_traits<char>, std::allocator<char> > const&)#1}> >::new_allocator(Catch::clara::detail::BoundLambda<Catch::makeCommandLineParser(Catch::ConfigData&)::{lambda(std::__cxx11::basic_string<char, std::char_traits<char>, std::allocator<char> > const&)#1}> const&):
    #####:   82:      new_allocator(const new_allocator&) _GLIBCXX_USE_NOEXCEPT { }
------------------
__gnu_cxx::new_allocator<Catch::clara::detail::BoundLambda<Catch::makeCommandLineParser(Catch::ConfigData&)::{lambda(int)#10}> >::new_allocator(Catch::clara::detail::BoundLambda<Catch::makeCommandLineParser(Catch::ConfigData&)::{lambda(int)#10}> const&):
    #####:   82:      new_allocator(const new_allocator&) _GLIBCXX_USE_NOEXCEPT { }
------------------
__gnu_cxx::new_allocator<Catch::clara::detail::BoundLambda<Catch::makeCommandLineParser(Catch::ConfigData&)::{lambda(std::__cxx11::basic_string<char, std::char_traits<char>, std::allocator<char> > const&)#8}> >::new_allocator(Catch::clara::detail::BoundLambda<Catch::makeCommandLineParser(Catch::ConfigData&)::{lambda(std::__cxx11::basic_string<char, std::char_traits<char>, std::allocator<char> > const&)#8}> const&):
    #####:   82:      new_allocator(const new_allocator&) _GLIBCXX_USE_NOEXCEPT { }
------------------
__gnu_cxx::new_allocator<std::__cxx11::sub_match<__gnu_cxx::__normal_iterator<char const*, std::__cxx11::basic_string<char, std::char_traits<char>, std::allocator<char> > > > >::new_allocator(__gnu_cxx::new_allocator<std::__cxx11::sub_match<__gnu_cxx::__normal_iterator<char const*, std::__cxx11::basic_string<char, std::char_traits<char>, std::allocator<char> > > > > const&):
    #####:   82:      new_allocator(const new_allocator&) _GLIBCXX_USE_NOEXCEPT { }
------------------
__gnu_cxx::new_allocator<Catch::ReporterRegistrar<Catch::XmlReporter>::ReporterFactory>::new_allocator(__gnu_cxx::new_allocator<Catch::ReporterRegistrar<Catch::XmlReporter>::ReporterFactory> const&):
    #####:   82:      new_allocator(const new_allocator&) _GLIBCXX_USE_NOEXCEPT { }
------------------
__gnu_cxx::new_allocator<Catch::ReporterRegistrar<Catch::JunitReporter>::ReporterFactory>::new_allocator(__gnu_cxx::new_allocator<Catch::ReporterRegistrar<Catch::JunitReporter>::ReporterFactory> const&):
    #####:   82:      new_allocator(const new_allocator&) _GLIBCXX_USE_NOEXCEPT { }
------------------
__gnu_cxx::new_allocator<Catch::CumulativeReporterBase<Catch::JunitReporter>::Node<Catch::TestGroupStats, Catch::CumulativeReporterBase<Catch::JunitReporter>::Node<Catch::TestCaseStats, Catch::CumulativeReporterBase<Catch::JunitReporter>::SectionNode> > >::new_allocator(__gnu_cxx::new_allocator<Catch::CumulativeReporterBase<Catch::JunitReporter>::Node<Catch::TestGroupStats, Catch::CumulativeReporterBase<Catch::JunitReporter>::Node<Catch::TestCaseStats, Catch::CumulativeReporterBase<Catch::JunitReporter>::SectionNode> > > const&):
    #####:   82:      new_allocator(const new_allocator&) _GLIBCXX_USE_NOEXCEPT { }
------------------
__gnu_cxx::new_allocator<Catch::CumulativeReporterBase<Catch::JunitReporter>::Node<Catch::TestCaseStats, Catch::CumulativeReporterBase<Catch::JunitReporter>::SectionNode> >::new_allocator(__gnu_cxx::new_allocator<Catch::CumulativeReporterBase<Catch::JunitReporter>::Node<Catch::TestCaseStats, Catch::CumulativeReporterBase<Catch::JunitReporter>::SectionNode> > const&):
    #####:   82:      new_allocator(const new_allocator&) _GLIBCXX_USE_NOEXCEPT { }
------------------
__gnu_cxx::new_allocator<Catch::ReporterRegistrar<Catch::ConsoleReporter>::ReporterFactory>::new_allocator(__gnu_cxx::new_allocator<Catch::ReporterRegistrar<Catch::ConsoleReporter>::ReporterFactory> const&):
    #####:   82:      new_allocator(const new_allocator&) _GLIBCXX_USE_NOEXCEPT { }
------------------
__gnu_cxx::new_allocator<Catch::ReporterRegistrar<Catch::CompactReporter>::ReporterFactory>::new_allocator(__gnu_cxx::new_allocator<Catch::ReporterRegistrar<Catch::CompactReporter>::ReporterFactory> const&):
    #####:   82:      new_allocator(const new_allocator&) _GLIBCXX_USE_NOEXCEPT { }
------------------
        -:   83:
        -:   84:      template<typename _Tp1>
        -:   85:	_GLIBCXX20_CONSTEXPR
        -:   86:	new_allocator(const new_allocator<_Tp1>&) _GLIBCXX_USE_NOEXCEPT { }
        -:   87:
        -:   88:#if __cplusplus <= 201703L
    #####:   89:      ~new_allocator() _GLIBCXX_USE_NOEXCEPT { }
------------------
__gnu_cxx::new_allocator<std::shared_ptr<Catch::CumulativeReporterBase<Catch::JunitReporter>::Node<Catch::TestGroupStats, Catch::CumulativeReporterBase<Catch::JunitReporter>::Node<Catch::TestCaseStats, Catch::CumulativeReporterBase<Catch::JunitReporter>::SectionNode> > > >::~new_allocator():
    #####:   89:      ~new_allocator() _GLIBCXX_USE_NOEXCEPT { }
------------------
__gnu_cxx::new_allocator<std::_Rb_tree_node<Catch::Verbosity> >::~new_allocator():
    #####:   89:      ~new_allocator() _GLIBCXX_USE_NOEXCEPT { }
------------------
__gnu_cxx::new_allocator<Catch::clara::detail::BoundValueRef<std::__cxx11::basic_string<char, std::char_traits<char>, std::allocator<char> > > >::~new_allocator():
    #####:   89:      ~new_allocator() _GLIBCXX_USE_NOEXCEPT { }
------------------
__gnu_cxx::new_allocator<Catch::clara::detail::BoundFlagRef>::~new_allocator():
    #####:   89:      ~new_allocator() _GLIBCXX_USE_NOEXCEPT { }
------------------
__gnu_cxx::new_allocator<std::_Rb_tree_node<std::pair<std::__cxx11::basic_string<char, std::char_traits<char>, std::allocator<char> > const, std::shared_ptr<Catch::IReporterFactory> > > >::~new_allocator():
    #####:   89:      ~new_allocator() _GLIBCXX_USE_NOEXCEPT { }
------------------
__gnu_cxx::new_allocator<Catch::Generators::GeneratorTracker>::~new_allocator():
    #####:   89:      ~new_allocator() _GLIBCXX_USE_NOEXCEPT { }
------------------
__gnu_cxx::new_allocator<Catch::Config>::~new_allocator():
    #####:   89:      ~new_allocator() _GLIBCXX_USE_NOEXCEPT { }
------------------
__gnu_cxx::new_allocator<std::_Rb_tree_node<std::pair<std::__cxx11::basic_string<char, std::char_traits<char>, std::allocator<char> > const, Catch::TagAlias> > >::~new_allocator():
    #####:   89:      ~new_allocator() _GLIBCXX_USE_NOEXCEPT { }
------------------
__gnu_cxx::new_allocator<Catch::TestCaseTracking::SectionTracker>::~new_allocator():
    #####:   89:      ~new_allocator() _GLIBCXX_USE_NOEXCEPT { }
------------------
__gnu_cxx::new_allocator<Catch::TestSpec::NamePattern>::~new_allocator():
    #####:   89:      ~new_allocator() _GLIBCXX_USE_NOEXCEPT { }
------------------
__gnu_cxx::new_allocator<Catch::TestSpec::ExcludedPattern>::~new_allocator():
    #####:   89:      ~new_allocator() _GLIBCXX_USE_NOEXCEPT { }
------------------
__gnu_cxx::new_allocator<Catch::TestSpec::TagPattern>::~new_allocator():
    #####:   89:      ~new_allocator() _GLIBCXX_USE_NOEXCEPT { }
------------------
__gnu_cxx::new_allocator<Catch::SectionInfo>::~new_allocator():
    #####:   89:      ~new_allocator() _GLIBCXX_USE_NOEXCEPT { }
------------------
__gnu_cxx::new_allocator<Catch::AssertionStats>::~new_allocator():
    #####:   89:      ~new_allocator() _GLIBCXX_USE_NOEXCEPT { }
------------------
__gnu_cxx::new_allocator<std::vector<std::shared_ptr<Catch::CumulativeReporterBase<Catch::JunitReporter>::SectionNode>, std::allocator<std::shared_ptr<Catch::CumulativeReporterBase<Catch::JunitReporter>::SectionNode> > > >::~new_allocator():
    #####:   89:      ~new_allocator() _GLIBCXX_USE_NOEXCEPT { }
------------------
__gnu_cxx::new_allocator<std::shared_ptr<Catch::CumulativeReporterBase<Catch::JunitReporter>::Node<Catch::TestCaseStats, Catch::CumulativeReporterBase<Catch::JunitReporter>::SectionNode> > >::~new_allocator():
    #####:   89:      ~new_allocator() _GLIBCXX_USE_NOEXCEPT { }
------------------
__gnu_cxx::new_allocator<std::unique_ptr<Catch::IStreamingReporter, std::default_delete<Catch::IStreamingReporter> > >::~new_allocator():
    #####:   89:      ~new_allocator() _GLIBCXX_USE_NOEXCEPT { }
------------------
__gnu_cxx::new_allocator<std::shared_ptr<Catch::CumulativeReporterBase<Catch::JunitReporter>::Node<Catch::TestRunStats, Catch::CumulativeReporterBase<Catch::JunitReporter>::Node<Catch::TestGroupStats, Catch::CumulativeReporterBase<Catch::JunitReporter>::Node<Catch::TestCaseStats, Catch::CumulativeReporterBase<Catch::JunitReporter>::SectionNode> > > > >::~new_allocator():
    #####:   89:      ~new_allocator() _GLIBCXX_USE_NOEXCEPT { }
------------------
__gnu_cxx::new_allocator<std::shared_ptr<Catch::CumulativeReporterBase<Catch::JunitReporter>::SectionNode> >::~new_allocator():
    #####:   89:      ~new_allocator() _GLIBCXX_USE_NOEXCEPT { }
------------------
__gnu_cxx::new_allocator<Catch::clara::detail::BoundFlagLambda<Catch::clara::detail::Help::Help(bool&)::{lambda(bool)#1}> >::~new_allocator():
    #####:   89:      ~new_allocator() _GLIBCXX_USE_NOEXCEPT { }
------------------
__gnu_cxx::new_allocator<Catch::clara::detail::BoundFlagLambda<Catch::makeCommandLineParser(Catch::ConfigData&)::{lambda(bool)#9}> >::~new_allocator():
    #####:   89:      ~new_allocator() _GLIBCXX_USE_NOEXCEPT { }
------------------
__gnu_cxx::new_allocator<Catch::clara::detail::BoundValueRef<std::vector<std::__cxx11::basic_string<char, std::char_traits<char>, std::allocator<char> >, std::allocator<std::__cxx11::basic_string<char, std::char_traits<char>, std::allocator<char> > > > > >::~new_allocator():
    #####:   89:      ~new_allocator() _GLIBCXX_USE_NOEXCEPT { }
------------------
__gnu_cxx::new_allocator<std::unique_ptr<Catch::IExceptionTranslator const, std::default_delete<Catch::IExceptionTranslator const> > >::~new_allocator():
    #####:   89:      ~new_allocator() _GLIBCXX_USE_NOEXCEPT { }
------------------
__gnu_cxx::new_allocator<std::shared_ptr<Catch::IReporterFactory> >::~new_allocator():
    #####:   89:      ~new_allocator() _GLIBCXX_USE_NOEXCEPT { }
------------------
__gnu_cxx::new_allocator<std::__exception_ptr::exception_ptr>::~new_allocator():
    #####:   89:      ~new_allocator() _GLIBCXX_USE_NOEXCEPT { }
------------------
__gnu_cxx::new_allocator<std::unique_ptr<Catch::Detail::EnumInfo, std::default_delete<Catch::Detail::EnumInfo> > >::~new_allocator():
    #####:   89:      ~new_allocator() _GLIBCXX_USE_NOEXCEPT { }
------------------
__gnu_cxx::new_allocator<std::unique_ptr<std::__cxx11::basic_ostringstream<char, std::char_traits<char>, std::allocator<char> >, std::default_delete<std::__cxx11::basic_ostringstream<char, std::char_traits<char>, std::allocator<char> > > > >::~new_allocator():
    #####:   89:      ~new_allocator() _GLIBCXX_USE_NOEXCEPT { }
------------------
__gnu_cxx::new_allocator<Catch::ReporterRegistrar<Catch::CompactReporter>::ReporterFactory>::~new_allocator():
    #####:   89:      ~new_allocator() _GLIBCXX_USE_NOEXCEPT { }
------------------
__gnu_cxx::new_allocator<Catch::ReporterRegistrar<Catch::ConsoleReporter>::ReporterFactory>::~new_allocator():
    #####:   89:      ~new_allocator() _GLIBCXX_USE_NOEXCEPT { }
------------------
__gnu_cxx::new_allocator<Catch::CumulativeReporterBase<Catch::JunitReporter>::Node<Catch::TestCaseStats, Catch::CumulativeReporterBase<Catch::JunitReporter>::SectionNode> >::~new_allocator():
    #####:   89:      ~new_allocator() _GLIBCXX_USE_NOEXCEPT { }
------------------
__gnu_cxx::new_allocator<Catch::CumulativeReporterBase<Catch::JunitReporter>::Node<Catch::TestGroupStats, Catch::CumulativeReporterBase<Catch::JunitReporter>::Node<Catch::TestCaseStats, Catch::CumulativeReporterBase<Catch::JunitReporter>::SectionNode> > >::~new_allocator():
    #####:   89:      ~new_allocator() _GLIBCXX_USE_NOEXCEPT { }
------------------
__gnu_cxx::new_allocator<Catch::ReporterRegistrar<Catch::JunitReporter>::ReporterFactory>::~new_allocator():
    #####:   89:      ~new_allocator() _GLIBCXX_USE_NOEXCEPT { }
------------------
__gnu_cxx::new_allocator<unsigned long>::~new_allocator():
    #####:   89:      ~new_allocator() _GLIBCXX_USE_NOEXCEPT { }
------------------
__gnu_cxx::new_allocator<char>::~new_allocator():
    #####:   89:      ~new_allocator() _GLIBCXX_USE_NOEXCEPT { }
------------------
__gnu_cxx::new_allocator<wchar_t>::~new_allocator():
    #####:   89:      ~new_allocator() _GLIBCXX_USE_NOEXCEPT { }
------------------
__gnu_cxx::new_allocator<std::__cxx11::basic_string<char, std::char_traits<char>, std::allocator<char> > >::~new_allocator():
    #####:   89:      ~new_allocator() _GLIBCXX_USE_NOEXCEPT { }
------------------
__gnu_cxx::new_allocator<Catch::clara::TextFlow::Column::iterator>::~new_allocator():
    #####:   89:      ~new_allocator() _GLIBCXX_USE_NOEXCEPT { }
------------------
__gnu_cxx::new_allocator<Catch::clara::TextFlow::Column>::~new_allocator():
    #####:   89:      ~new_allocator() _GLIBCXX_USE_NOEXCEPT { }
------------------
__gnu_cxx::new_allocator<Catch::clara::detail::Token>::~new_allocator():
    #####:   89:      ~new_allocator() _GLIBCXX_USE_NOEXCEPT { }
------------------
__gnu_cxx::new_allocator<Catch::clara::detail::HelpColumns>::~new_allocator():
    #####:   89:      ~new_allocator() _GLIBCXX_USE_NOEXCEPT { }
------------------
__gnu_cxx::new_allocator<Catch::clara::detail::Opt>::~new_allocator():
    #####:   89:      ~new_allocator() _GLIBCXX_USE_NOEXCEPT { }
------------------
__gnu_cxx::new_allocator<Catch::clara::detail::Arg>::~new_allocator():
    #####:   89:      ~new_allocator() _GLIBCXX_USE_NOEXCEPT { }
------------------
__gnu_cxx::new_allocator<Catch::TestSpec::Filter>::~new_allocator():
    #####:   89:      ~new_allocator() _GLIBCXX_USE_NOEXCEPT { }
------------------
__gnu_cxx::new_allocator<Catch::StringRef>::~new_allocator():
    #####:   89:      ~new_allocator() _GLIBCXX_USE_NOEXCEPT { }
------------------
__gnu_cxx::new_allocator<std::pair<int, Catch::StringRef> >::~new_allocator():
    #####:   89:      ~new_allocator() _GLIBCXX_USE_NOEXCEPT { }
------------------
__gnu_cxx::new_allocator<Catch::TestCase>::~new_allocator():
    #####:   89:      ~new_allocator() _GLIBCXX_USE_NOEXCEPT { }
------------------
__gnu_cxx::new_allocator<std::_Rb_tree_node<std::pair<std::__cxx11::basic_string<char, std::char_traits<char>, std::allocator<char> > const, Catch::TagInfo> > >::~new_allocator():
    #####:   89:      ~new_allocator() _GLIBCXX_USE_NOEXCEPT { }
------------------
__gnu_cxx::new_allocator<std::_Rb_tree_node<std::__cxx11::basic_string<char, std::char_traits<char>, std::allocator<char> > > >::~new_allocator():
    #####:   89:      ~new_allocator() _GLIBCXX_USE_NOEXCEPT { }
------------------
__gnu_cxx::new_allocator<Catch::ReporterRegistrar<Catch::XmlReporter>::ReporterFactory>::~new_allocator():
    #####:   89:      ~new_allocator() _GLIBCXX_USE_NOEXCEPT { }
------------------
__gnu_cxx::new_allocator<Catch::MessageInfo>::~new_allocator():
    #####:   89:      ~new_allocator() _GLIBCXX_USE_NOEXCEPT { }
------------------
__gnu_cxx::new_allocator<Catch::ScopedMessage>::~new_allocator():
    #####:   89:      ~new_allocator() _GLIBCXX_USE_NOEXCEPT { }
------------------
__gnu_cxx::new_allocator<Catch::SectionEndInfo>::~new_allocator():
    #####:   89:      ~new_allocator() _GLIBCXX_USE_NOEXCEPT { }
------------------
__gnu_cxx::new_allocator<Catch::TestCaseTracking::ITracker*>::~new_allocator():
    #####:   89:      ~new_allocator() _GLIBCXX_USE_NOEXCEPT { }
------------------
__gnu_cxx::new_allocator<std::_Rb_tree_node<Catch::TestCase const*> >::~new_allocator():
    #####:   89:      ~new_allocator() _GLIBCXX_USE_NOEXCEPT { }
------------------
__gnu_cxx::new_allocator<Catch::TestSpec::FilterMatch>::~new_allocator():
    #####:   89:      ~new_allocator() _GLIBCXX_USE_NOEXCEPT { }
------------------
__gnu_cxx::new_allocator<Catch::ISingleton*>::~new_allocator():
    #####:   89:      ~new_allocator() _GLIBCXX_USE_NOEXCEPT { }
------------------
__gnu_cxx::new_allocator<std::pair<unsigned long, Catch::TestCase const*> >::~new_allocator():
    #####:   89:      ~new_allocator() _GLIBCXX_USE_NOEXCEPT { }
------------------
__gnu_cxx::new_allocator<std::_Rb_tree_node<Catch::TestCase> >::~new_allocator():
    #####:   89:      ~new_allocator() _GLIBCXX_USE_NOEXCEPT { }
------------------
__gnu_cxx::new_allocator<std::shared_ptr<Catch::TestCaseTracking::ITracker> >::~new_allocator():
    #####:   89:      ~new_allocator() _GLIBCXX_USE_NOEXCEPT { }
------------------
__gnu_cxx::new_allocator<Catch::TestCase const*>::~new_allocator():
    #####:   89:      ~new_allocator() _GLIBCXX_USE_NOEXCEPT { }
------------------
__gnu_cxx::new_allocator<std::shared_ptr<Catch::TestSpec::Pattern> >::~new_allocator():
    #####:   89:      ~new_allocator() _GLIBCXX_USE_NOEXCEPT { }
------------------
__gnu_cxx::new_allocator<Catch::Verbosity>::~new_allocator():
    #####:   89:      ~new_allocator() _GLIBCXX_USE_NOEXCEPT { }
------------------
__gnu_cxx::new_allocator<Catch::(anonymous namespace)::ColumnInfo>::~new_allocator():
    #####:   89:      ~new_allocator() _GLIBCXX_USE_NOEXCEPT { }
------------------
__gnu_cxx::new_allocator<Catch::SummaryColumn>::~new_allocator():
    #####:   89:      ~new_allocator() _GLIBCXX_USE_NOEXCEPT { }
------------------
__gnu_cxx::new_allocator<std::_Sp_counted_ptr_inplace<Catch::clara::detail::BoundLambda<Catch::makeCommandLineParser(Catch::ConfigData&)::{lambda(std::__cxx11::basic_string<char, std::char_traits<char>, std::allocator<char> > const&)#5}>, std::allocator<Catch::makeCommandLineParser(Catch::ConfigData&)::{lambda(std::__cxx11::basic_string<char, std::char_traits<char>, std::allocator<char> > const&)#5}>, (__gnu_cxx::_Lock_policy)2> >::~new_allocator():
    #####:   89:      ~new_allocator() _GLIBCXX_USE_NOEXCEPT { }
------------------
__gnu_cxx::new_allocator<std::_Sp_counted_ptr_inplace<Catch::ReporterRegistrar<Catch::CompactReporter>::ReporterFactory, std::allocator<Catch::ReporterRegistrar<Catch::CompactReporter>::ReporterFactory>, (__gnu_cxx::_Lock_policy)2> >::~new_allocator():
    #####:   89:      ~new_allocator() _GLIBCXX_USE_NOEXCEPT { }
------------------
__gnu_cxx::new_allocator<std::_Sp_counted_ptr_inplace<Catch::ReporterRegistrar<Catch::ConsoleReporter>::ReporterFactory, std::allocator<Catch::ReporterRegistrar<Catch::ConsoleReporter>::ReporterFactory>, (__gnu_cxx::_Lock_policy)2> >::~new_allocator():
    #####:   89:      ~new_allocator() _GLIBCXX_USE_NOEXCEPT { }
------------------
__gnu_cxx::new_allocator<std::_Sp_counted_ptr_inplace<Catch::CumulativeReporterBase<Catch::JunitReporter>::Node<Catch::TestCaseStats, Catch::CumulativeReporterBase<Catch::JunitReporter>::SectionNode>, std::allocator<Catch::CumulativeReporterBase<Catch::JunitReporter>::Node<Catch::TestCaseStats, Catch::CumulativeReporterBase<Catch::JunitReporter>::SectionNode> >, (__gnu_cxx::_Lock_policy)2> >::~new_allocator():
    #####:   89:      ~new_allocator() _GLIBCXX_USE_NOEXCEPT { }
------------------
__gnu_cxx::new_allocator<std::_Sp_counted_ptr_inplace<Catch::CumulativeReporterBase<Catch::JunitReporter>::Node<Catch::TestGroupStats, Catch::CumulativeReporterBase<Catch::JunitReporter>::Node<Catch::TestCaseStats, Catch::CumulativeReporterBase<Catch::JunitReporter>::SectionNode> >, std::allocator<Catch::CumulativeReporterBase<Catch::JunitReporter>::Node<Catch::TestGroupStats, Catch::CumulativeReporterBase<Catch::JunitReporter>::Node<Catch::TestCaseStats, Catch::CumulativeReporterBase<Catch::JunitReporter>::SectionNode> > >, (__gnu_cxx::_Lock_policy)2> >::~new_allocator():
    #####:   89:      ~new_allocator() _GLIBCXX_USE_NOEXCEPT { }
------------------
__gnu_cxx::new_allocator<std::_Sp_counted_ptr_inplace<Catch::ReporterRegistrar<Catch::JunitReporter>::ReporterFactory, std::allocator<Catch::ReporterRegistrar<Catch::JunitReporter>::ReporterFactory>, (__gnu_cxx::_Lock_policy)2> >::~new_allocator():
    #####:   89:      ~new_allocator() _GLIBCXX_USE_NOEXCEPT { }
------------------
__gnu_cxx::new_allocator<std::_Sp_counted_ptr_inplace<Catch::ReporterRegistrar<Catch::XmlReporter>::ReporterFactory, std::allocator<Catch::ReporterRegistrar<Catch::XmlReporter>::ReporterFactory>, (__gnu_cxx::_Lock_policy)2> >::~new_allocator():
    #####:   89:      ~new_allocator() _GLIBCXX_USE_NOEXCEPT { }
------------------
__gnu_cxx::new_allocator<std::_Sp_counted_ptr_inplace<Catch::clara::detail::BoundLambda<Catch::makeCommandLineParser(Catch::ConfigData&)::{lambda(std::__cxx11::basic_string<char, std::char_traits<char>, std::allocator<char> > const&)#8}>, std::allocator<Catch::makeCommandLineParser(Catch::ConfigData&)::{lambda(std::__cxx11::basic_string<char, std::char_traits<char>, std::allocator<char> > const&)#8}>, (__gnu_cxx::_Lock_policy)2> >::~new_allocator():
    #####:   89:      ~new_allocator() _GLIBCXX_USE_NOEXCEPT { }
------------------
__gnu_cxx::new_allocator<std::_Sp_counted_ptr_inplace<Catch::clara::detail::BoundLambda<Catch::makeCommandLineParser(Catch::ConfigData&)::{lambda(int)#10}>, std::allocator<Catch::makeCommandLineParser(Catch::ConfigData&)::{lambda(int)#10}>, (__gnu_cxx::_Lock_policy)2> >::~new_allocator():
    #####:   89:      ~new_allocator() _GLIBCXX_USE_NOEXCEPT { }
------------------
__gnu_cxx::new_allocator<std::_Sp_counted_ptr_inplace<Catch::clara::detail::BoundLambda<Catch::makeCommandLineParser(Catch::ConfigData&)::{lambda(std::__cxx11::basic_string<char, std::char_traits<char>, std::allocator<char> > const&)#1}>, std::allocator<Catch::makeCommandLineParser(Catch::ConfigData&)::{lambda(std::__cxx11::basic_string<char, std::char_traits<char>, std::allocator<char> > const&)#1}>, (__gnu_cxx::_Lock_policy)2> >::~new_allocator():
    #####:   89:      ~new_allocator() _GLIBCXX_USE_NOEXCEPT { }
------------------
__gnu_cxx::new_allocator<std::_Sp_counted_ptr_inplace<Catch::clara::detail::BoundLambda<Catch::makeCommandLineParser(Catch::ConfigData&)::{lambda(bool)#11}>, std::allocator<Catch::makeCommandLineParser(Catch::ConfigData&)::{lambda(bool)#11}>, (__gnu_cxx::_Lock_policy)2> >::~new_allocator():
    #####:   89:      ~new_allocator() _GLIBCXX_USE_NOEXCEPT { }
------------------
__gnu_cxx::new_allocator<std::_Sp_counted_ptr_inplace<Catch::clara::detail::BoundValueRef<double>, std::allocator<Catch::clara::detail::BoundValueRef<double> >, (__gnu_cxx::_Lock_policy)2> >::~new_allocator():
    #####:   89:      ~new_allocator() _GLIBCXX_USE_NOEXCEPT { }
------------------
__gnu_cxx::new_allocator<std::_Sp_counted_ptr_inplace<Catch::clara::detail::BoundLambda<Catch::makeCommandLineParser(Catch::ConfigData&)::{lambda(std::__cxx11::basic_string<char, std::char_traits<char>, std::allocator<char> > const&)#2}>, std::allocator<Catch::makeCommandLineParser(Catch::ConfigData&)::{lambda(std::__cxx11::basic_string<char, std::char_traits<char>, std::allocator<char> > const&)#2}>, (__gnu_cxx::_Lock_policy)2> >::~new_allocator():
    #####:   89:      ~new_allocator() _GLIBCXX_USE_NOEXCEPT { }
------------------
__gnu_cxx::new_allocator<std::_Sp_counted_ptr_inplace<Catch::clara::detail::BoundLambda<Catch::makeCommandLineParser(Catch::ConfigData&)::{lambda(std::__cxx11::basic_string<char, std::char_traits<char>, std::allocator<char> > const&)#7}>, std::allocator<Catch::makeCommandLineParser(Catch::ConfigData&)::{lambda(std::__cxx11::basic_string<char, std::char_traits<char>, std::allocator<char> > const&)#7}>, (__gnu_cxx::_Lock_policy)2> >::~new_allocator():
    #####:   89:      ~new_allocator() _GLIBCXX_USE_NOEXCEPT { }
------------------
__gnu_cxx::new_allocator<std::_Sp_counted_ptr_inplace<Catch::clara::detail::BoundLambda<Catch::makeCommandLineParser(Catch::ConfigData&)::{lambda(std::__cxx11::basic_string<char, std::char_traits<char>, std::allocator<char> > const&)#3}>, std::allocator<Catch::makeCommandLineParser(Catch::ConfigData&)::{lambda(std::__cxx11::basic_string<char, std::char_traits<char>, std::allocator<char> > const&)#3}>, (__gnu_cxx::_Lock_policy)2> >::~new_allocator():
    #####:   89:      ~new_allocator() _GLIBCXX_USE_NOEXCEPT { }
------------------
__gnu_cxx::new_allocator<std::_Sp_counted_ptr_inplace<Catch::clara::detail::BoundLambda<Catch::makeCommandLineParser(Catch::ConfigData&)::{lambda(std::__cxx11::basic_string<char, std::char_traits<char>, std::allocator<char> > const&)#4}>, std::allocator<Catch::makeCommandLineParser(Catch::ConfigData&)::{lambda(std::__cxx11::basic_string<char, std::char_traits<char>, std::allocator<char> > const&)#4}>, (__gnu_cxx::_Lock_policy)2> >::~new_allocator():
    #####:   89:      ~new_allocator() _GLIBCXX_USE_NOEXCEPT { }
------------------
__gnu_cxx::new_allocator<std::pair<long, std::vector<std::__cxx11::sub_match<__gnu_cxx::__normal_iterator<char const*, std::__cxx11::basic_string<char, std::char_traits<char>, std::allocator<char> > > >, std::allocator<std::__cxx11::sub_match<__gnu_cxx::__normal_iterator<char const*, std::__cxx11::basic_string<char, std::char_traits<char>, std::allocator<char> > > > > > > >::~new_allocator():
    #####:   89:      ~new_allocator() _GLIBCXX_USE_NOEXCEPT { }
------------------
__gnu_cxx::new_allocator<std::_Sp_counted_ptr_inplace<Catch::clara::detail::BoundLambda<Catch::makeCommandLineParser(Catch::ConfigData&)::{lambda(std::__cxx11::basic_string<char, std::char_traits<char>, std::allocator<char> > const&)#6}>, std::allocator<Catch::makeCommandLineParser(Catch::ConfigData&)::{lambda(std::__cxx11::basic_string<char, std::char_traits<char>, std::allocator<char> > const&)#6}>, (__gnu_cxx::_Lock_policy)2> >::~new_allocator():
    #####:   89:      ~new_allocator() _GLIBCXX_USE_NOEXCEPT { }
------------------
__gnu_cxx::new_allocator<std::_Sp_counted_ptr_inplace<Catch::clara::detail::BoundValueRef<unsigned int>, std::allocator<Catch::clara::detail::BoundValueRef<unsigned int> >, (__gnu_cxx::_Lock_policy)2> >::~new_allocator():
    #####:   89:      ~new_allocator() _GLIBCXX_USE_NOEXCEPT { }
------------------
__gnu_cxx::new_allocator<std::_Sp_counted_ptr_inplace<Catch::clara::detail::BoundValueRef<long>, std::allocator<Catch::clara::detail::BoundValueRef<long> >, (__gnu_cxx::_Lock_policy)2> >::~new_allocator():
    #####:   89:      ~new_allocator() _GLIBCXX_USE_NOEXCEPT { }
------------------
__gnu_cxx::new_allocator<std::__detail::_StateSeq<std::__cxx11::regex_traits<char> >*>::~new_allocator():
    #####:   89:      ~new_allocator() _GLIBCXX_USE_NOEXCEPT { }
------------------
[...]
    #####:  154:	destroy(_Up* __p)
        -:  155:	noexcept(std::is_nothrow_destructible<_Up>::value)
    #####:  156:	{ __p->~_Up(); }
------------------
void __gnu_cxx::new_allocator<Catch::ReporterRegistrar<Catch::ConsoleReporter>::ReporterFactory>::destroy<Catch::ReporterRegistrar<Catch::ConsoleReporter>::ReporterFactory>(Catch::ReporterRegistrar<Catch::ConsoleReporter>::ReporterFactory*):
    #####:  154:	destroy(_Up* __p)
        -:  155:	noexcept(std::is_nothrow_destructible<_Up>::value)
    #####:  156:	{ __p->~_Up(); }
------------------
void __gnu_cxx::new_allocator<Catch::ReporterRegistrar<Catch::CompactReporter>::ReporterFactory>::destroy<Catch::ReporterRegistrar<Catch::CompactReporter>::ReporterFactory>(Catch::ReporterRegistrar<Catch::CompactReporter>::ReporterFactory*):
    #####:  154:	destroy(_Up* __p)
        -:  155:	noexcept(std::is_nothrow_destructible<_Up>::value)
    #####:  156:	{ __p->~_Up(); }
------------------
void __gnu_cxx::new_allocator<Catch::clara::detail::BoundValueRef<std::vector<std::__cxx11::basic_string<char, std::char_traits<char>, std::allocator<char> >, std::allocator<std::__cxx11::basic_string<char, std::char_traits<char>, std::allocator<char> > > > > >::destroy<Catch::clara::detail::BoundValueRef<std::vector<std::__cxx11::basic_string<char, std::char_traits<char>, std::allocator<char> >, std::allocator<std::__cxx11::basic_string<char, std::char_traits<char>, std::allocator<char> > > > > >(Catch::clara::detail::BoundValueRef<std::vector<std::__cxx11::basic_string<char, std::char_traits<char>, std::allocator<char> >, std::allocator<std::__cxx11::basic_string<char, std::char_traits<char>, std::allocator<char> > > > >*):
    #####:  154:	destroy(_Up* __p)
        -:  155:	noexcept(std::is_nothrow_destructible<_Up>::value)
    #####:  156:	{ __p->~_Up(); }
------------------
void __gnu_cxx::new_allocator<Catch::clara::detail::BoundFlagLambda<Catch::makeCommandLineParser(Catch::ConfigData&)::{lambda(bool)#9}> >::destroy<Catch::makeCommandLineParser(Catch::ConfigData&)::{lambda(bool)#9}>(Catch::makeCommandLineParser(Catch::ConfigData&)::{lambda(bool)#9}*):
    #####:  154:	destroy(_Up* __p)
        -:  155:	noexcept(std::is_nothrow_destructible<_Up>::value)
    #####:  156:	{ __p->~_Up(); }
------------------
void __gnu_cxx::new_allocator<Catch::clara::detail::BoundFlagLambda<Catch::clara::detail::Help::Help(bool&)::{lambda(bool)#1}> >::destroy<Catch::clara::detail::Help::Help(bool&)::{lambda(bool)#1}>(Catch::clara::detail::Help::Help(bool&)::{lambda(bool)#1}*):
    #####:  154:	destroy(_Up* __p)
        -:  155:	noexcept(std::is_nothrow_destructible<_Up>::value)
    #####:  156:	{ __p->~_Up(); }
------------------
void __gnu_cxx::new_allocator<Catch::clara::detail::BoundLambda<Catch::makeCommandLineParser(Catch::ConfigData&)::{lambda(int)#10}> >::destroy<Catch::makeCommandLineParser(Catch::ConfigData&)::{lambda(int)#10}>(Catch::makeCommandLineParser(Catch::ConfigData&)::{lambda(int)#10}*):
    #####:  154:	destroy(_Up* __p)
        -:  155:	noexcept(std::is_nothrow_destructible<_Up>::value)
    #####:  156:	{ __p->~_Up(); }
------------------
void __gnu_cxx::new_allocator<Catch::TestSpec::ExcludedPattern>::destroy<Catch::TestSpec::ExcludedPattern>(Catch::TestSpec::ExcludedPattern*):
    #####:  154:	destroy(_Up* __p)
        -:  155:	noexcept(std::is_nothrow_destructible<_Up>::value)
    #####:  156:	{ __p->~_Up(); }
------------------
void __gnu_cxx::new_allocator<Catch::TestSpec::NamePattern>::destroy<Catch::TestSpec::NamePattern>(Catch::TestSpec::NamePattern*):
    #####:  154:	destroy(_Up* __p)
        -:  155:	noexcept(std::is_nothrow_destructible<_Up>::value)
    #####:  156:	{ __p->~_Up(); }
------------------
void __gnu_cxx::new_allocator<Catch::TestCaseTracking::SectionTracker>::destroy<Catch::TestCaseTracking::SectionTracker>(Catch::TestCaseTracking::SectionTracker*):
    #####:  154:	destroy(_Up* __p)
        -:  155:	noexcept(std::is_nothrow_destructible<_Up>::value)
    #####:  156:	{ __p->~_Up(); }
------------------
void __gnu_cxx::new_allocator<Catch::Config>::destroy<Catch::Config>(Catch::Config*):
    #####:  154:	destroy(_Up* __p)
        -:  155:	noexcept(std::is_nothrow_destructible<_Up>::value)
    #####:  156:	{ __p->~_Up(); }
------------------
void __gnu_cxx::new_allocator<Catch::Generators::GeneratorTracker>::destroy<Catch::Generators::GeneratorTracker>(Catch::Generators::GeneratorTracker*):
    #####:  154:	destroy(_Up* __p)
        -:  155:	noexcept(std::is_nothrow_destructible<_Up>::value)
    #####:  156:	{ __p->~_Up(); }
------------------
void __gnu_cxx::new_allocator<Catch::clara::detail::BoundFlagRef>::destroy<Catch::clara::detail::BoundFlagRef>(Catch::clara::detail::BoundFlagRef*):
    #####:  154:	destroy(_Up* __p)
        -:  155:	noexcept(std::is_nothrow_destructible<_Up>::value)
    #####:  156:	{ __p->~_Up(); }
------------------
void __gnu_cxx::new_allocator<Catch::clara::detail::BoundValueRef<std::__cxx11::basic_string<char, std::char_traits<char>, std::allocator<char> > > >::destroy<Catch::clara::detail::BoundValueRef<std::__cxx11::basic_string<char, std::char_traits<char>, std::allocator<char> > > >(Catch::clara::detail::BoundValueRef<std::__cxx11::basic_string<char, std::char_traits<char>, std::allocator<char> > >*):
    #####:  154:	destroy(_Up* __p)
        -:  155:	noexcept(std::is_nothrow_destructible<_Up>::value)
    #####:  156:	{ __p->~_Up(); }
------------------
void __gnu_cxx::new_allocator<std::shared_ptr<Catch::CumulativeReporterBase<Catch::JunitReporter>::Node<Catch::TestRunStats, Catch::CumulativeReporterBase<Catch::JunitReporter>::Node<Catch::TestGroupStats, Catch::CumulativeReporterBase<Catch::JunitReporter>::Node<Catch::TestCaseStats, Catch::CumulativeReporterBase<Catch::JunitReporter>::SectionNode> > > > >::destroy<std::shared_ptr<Catch::CumulativeReporterBase<Catch::JunitReporter>::Node<Catch::TestRunStats, Catch::CumulativeReporterBase<Catch::JunitReporter>::Node<Catch::TestGroupStats, Catch::CumulativeReporterBase<Catch::JunitReporter>::Node<Catch::TestCaseStats, Catch::CumulativeReporterBase<Catch::JunitReporter>::SectionNode> > > > >(std::shared_ptr<Catch::CumulativeReporterBase<Catch::JunitReporter>::Node<Catch::TestRunStats, Catch::CumulativeReporterBase<Catch::JunitReporter>::Node<Catch::TestGroupStats, Catch::CumulativeReporterBase<Catch::JunitReporter>::Node<Catch::TestCaseStats, Catch::CumulativeReporterBase<Catch::JunitReporter>::SectionNode> > > >*):
    #####:  154:	destroy(_Up* __p)
        -:  155:	noexcept(std::is_nothrow_destructible<_Up>::value)
    #####:  156:	{ __p->~_Up(); }
------------------
void __gnu_cxx::new_allocator<Catch::CumulativeReporterBase<Catch::JunitReporter>::Node<Catch::TestRunStats, Catch::CumulativeReporterBase<Catch::JunitReporter>::Node<Catch::TestGroupStats, Catch::CumulativeReporterBase<Catch::JunitReporter>::Node<Catch::TestCaseStats, Catch::CumulativeReporterBase<Catch::JunitReporter>::SectionNode> > > >::destroy<Catch::CumulativeReporterBase<Catch::JunitReporter>::Node<Catch::TestRunStats, Catch::CumulativeReporterBase<Catch::JunitReporter>::Node<Catch::TestGroupStats, Catch::CumulativeReporterBase<Catch::JunitReporter>::Node<Catch::TestCaseStats, Catch::CumulativeReporterBase<Catch::JunitReporter>::SectionNode> > > >(Catch::CumulativeReporterBase<Catch::JunitReporter>::Node<Catch::TestRunStats, Catch::CumulativeReporterBase<Catch::JunitReporter>::Node<Catch::TestGroupStats, Catch::CumulativeReporterBase<Catch::JunitReporter>::Node<Catch::TestCaseStats, Catch::CumulativeReporterBase<Catch::JunitReporter>::SectionNode> > >*):
    #####:  154:	destroy(_Up* __p)
        -:  155:	noexcept(std::is_nothrow_destructible<_Up>::value)
    #####:  156:	{ __p->~_Up(); }
------------------
void __gnu_cxx::new_allocator<Catch::clara::detail::BoundValueRef<unsigned int> >::destroy<Catch::clara::detail::BoundValueRef<unsigned int> >(Catch::clara::detail::BoundValueRef<unsigned int>*):
    #####:  154:	destroy(_Up* __p)
        -:  155:	noexcept(std::is_nothrow_destructible<_Up>::value)
    #####:  156:	{ __p->~_Up(); }
------------------
void __gnu_cxx::new_allocator<std::__detail::_State<char> >::destroy<std::__detail::_State<char> >(std::__detail::_State<char>*):
    #####:  154:	destroy(_Up* __p)
        -:  155:	noexcept(std::is_nothrow_destructible<_Up>::value)
    #####:  156:	{ __p->~_Up(); }
------------------
void __gnu_cxx::new_allocator<std::pair<long, std::vector<std::__cxx11::sub_match<__gnu_cxx::__normal_iterator<char const*, std::__cxx11::basic_string<char, std::char_traits<char>, std::allocator<char> > > >, std::allocator<std::__cxx11::sub_match<__gnu_cxx::__normal_iterator<char const*, std::__cxx11::basic_string<char, std::char_traits<char>, std::allocator<char> > > > > > > >::destroy<std::pair<long, std::vector<std::__cxx11::sub_match<__gnu_cxx::__normal_iterator<char const*, std::__cxx11::basic_string<char, std::char_traits<char>, std::allocator<char> > > >, std::allocator<std::__cxx11::sub_match<__gnu_cxx::__normal_iterator<char const*, std::__cxx11::basic_string<char, std::char_traits<char>, std::allocator<char> > > > > > > >(std::pair<long, std::vector<std::__cxx11::sub_match<__gnu_cxx::__normal_iterator<char const*, std::__cxx11::basic_string<char, std::char_traits<char>, std::allocator<char> > > >, std::allocator<std::__cxx11::sub_match<__gnu_cxx::__normal_iterator<char const*, std::__cxx11::basic_string<char, std::char_traits<char>, std::allocator<char> > > > > > >*):
    #####:  154:	destroy(_Up* __p)
        -:  155:	noexcept(std::is_nothrow_destructible<_Up>::value)
    #####:  156:	{ __p->~_Up(); }
------------------
void __gnu_cxx::new_allocator<long>::destroy<long>(long*):
    #####:  154:	destroy(_Up* __p)
        -:  155:	noexcept(std::is_nothrow_destructible<_Up>::value)
    #####:  156:	{ __p->~_Up(); }
------------------
void __gnu_cxx::new_allocator<std::__cxx11::regex_traits<char>::_RegexMask>::destroy<std::__cxx11::regex_traits<char>::_RegexMask>(std::__cxx11::regex_traits<char>::_RegexMask*):
    #####:  154:	destroy(_Up* __p)
        -:  155:	noexcept(std::is_nothrow_destructible<_Up>::value)
    #####:  156:	{ __p->~_Up(); }
------------------
void __gnu_cxx::new_allocator<std::_Rb_tree_node<std::pair<long const, long> > >::destroy<std::pair<long const, long> >(std::pair<long const, long>*):
    #####:  154:	destroy(_Up* __p)
        -:  155:	noexcept(std::is_nothrow_destructible<_Up>::value)
    #####:  156:	{ __p->~_Up(); }
------------------
void __gnu_cxx::new_allocator<std::pair<char, char> >::destroy<std::pair<char, char> >(std::pair<char, char>*):
    #####:  154:	destroy(_Up* __p)
        -:  155:	noexcept(std::is_nothrow_destructible<_Up>::value)
    #####:  156:	{ __p->~_Up(); }
------------------
void __gnu_cxx::new_allocator<std::pair<std::__cxx11::basic_string<char, std::char_traits<char>, std::allocator<char> >, std::__cxx11::basic_string<char, std::char_traits<char>, std::allocator<char> > > >::destroy<std::pair<std::__cxx11::basic_string<char, std::char_traits<char>, std::allocator<char> >, std::__cxx11::basic_string<char, std::char_traits<char>, std::allocator<char> > > >(std::pair<std::__cxx11::basic_string<char, std::char_traits<char>, std::allocator<char> >, std::__cxx11::basic_string<char, std::char_traits<char>, std::allocator<char> > >*):
    #####:  154:	destroy(_Up* __p)
        -:  155:	noexcept(std::is_nothrow_destructible<_Up>::value)
    #####:  156:	{ __p->~_Up(); }
------------------
void __gnu_cxx::new_allocator<std::__detail::_NFA<std::__cxx11::regex_traits<char> > >::destroy<std::__detail::_NFA<std::__cxx11::regex_traits<char> > >(std::__detail::_NFA<std::__cxx11::regex_traits<char> >*):
    #####:  154:	destroy(_Up* __p)
        -:  155:	noexcept(std::is_nothrow_destructible<_Up>::value)
    #####:  156:	{ __p->~_Up(); }
------------------
void __gnu_cxx::new_allocator<Catch::clara::detail::BoundValueRef<long> >::destroy<Catch::clara::detail::BoundValueRef<long> >(Catch::clara::detail::BoundValueRef<long>*):
    #####:  154:	destroy(_Up* __p)
        -:  155:	noexcept(std::is_nothrow_destructible<_Up>::value)
    #####:  156:	{ __p->~_Up(); }
------------------
void __gnu_cxx::new_allocator<Catch::CumulativeReporterBase<Catch::JunitReporter>::SectionNode>::destroy<Catch::CumulativeReporterBase<Catch::JunitReporter>::SectionNode>(Catch::CumulativeReporterBase<Catch::JunitReporter>::SectionNode*):
    #####:  154:	destroy(_Up* __p)
        -:  155:	noexcept(std::is_nothrow_destructible<_Up>::value)
    #####:  156:	{ __p->~_Up(); }
------------------
void __gnu_cxx::new_allocator<Catch::clara::detail::BoundLambda<Catch::makeCommandLineParser(Catch::ConfigData&)::{lambda(std::__cxx11::basic_string<char, std::char_traits<char>, std::allocator<char> > const&)#6}> >::destroy<Catch::makeCommandLineParser(Catch::ConfigData&)::{lambda(std::__cxx11::basic_string<char, std::char_traits<char>, std::allocator<char> > const&)#6}>(Catch::makeCommandLineParser(Catch::ConfigData&)::{lambda(std::__cxx11::basic_string<char, std::char_traits<char>, std::allocator<char> > const&)#6}*):
    #####:  154:	destroy(_Up* __p)
        -:  155:	noexcept(std::is_nothrow_destructible<_Up>::value)
    #####:  156:	{ __p->~_Up(); }
------------------
void __gnu_cxx::new_allocator<Catch::clara::detail::BoundLambda<Catch::makeCommandLineParser(Catch::ConfigData&)::{lambda(std::__cxx11::basic_string<char, std::char_traits<char>, std::allocator<char> > const&)#5}> >::destroy<Catch::makeCommandLineParser(Catch::ConfigData&)::{lambda(std::__cxx11::basic_string<char, std::char_traits<char>, std::allocator<char> > const&)#5}>(Catch::makeCommandLineParser(Catch::ConfigData&)::{lambda(std::__cxx11::basic_string<char, std::char_traits<char>, std::allocator<char> > const&)#5}*):
    #####:  154:	destroy(_Up* __p)
        -:  155:	noexcept(std::is_nothrow_destructible<_Up>::value)
    #####:  156:	{ __p->~_Up(); }
------------------
void __gnu_cxx::new_allocator<Catch::clara::detail::BoundLambda<Catch::makeCommandLineParser(Catch::ConfigData&)::{lambda(std::__cxx11::basic_string<char, std::char_traits<char>, std::allocator<char> > const&)#4}> >::destroy<Catch::makeCommandLineParser(Catch::ConfigData&)::{lambda(std::__cxx11::basic_string<char, std::char_traits<char>, std::allocator<char> > const&)#4}>(Catch::makeCommandLineParser(Catch::ConfigData&)::{lambda(std::__cxx11::basic_string<char, std::char_traits<char>, std::allocator<char> > const&)#4}*):
    #####:  154:	destroy(_Up* __p)
        -:  155:	noexcept(std::is_nothrow_destructible<_Up>::value)
    #####:  156:	{ __p->~_Up(); }
------------------
void __gnu_cxx::new_allocator<Catch::clara::detail::BoundLambda<Catch::makeCommandLineParser(Catch::ConfigData&)::{lambda(std::__cxx11::basic_string<char, std::char_traits<char>, std::allocator<char> > const&)#3}> >::destroy<Catch::makeCommandLineParser(Catch::ConfigData&)::{lambda(std::__cxx11::basic_string<char, std::char_traits<char>, std::allocator<char> > const&)#3}>(Catch::makeCommandLineParser(Catch::ConfigData&)::{lambda(std::__cxx11::basic_string<char, std::char_traits<char>, std::allocator<char> > const&)#3}*):
    #####:  154:	destroy(_Up* __p)
        -:  155:	noexcept(std::is_nothrow_destructible<_Up>::value)
    #####:  156:	{ __p->~_Up(); }
------------------
void __gnu_cxx::new_allocator<Catch::clara::detail::BoundLambda<Catch::makeCommandLineParser(Catch::ConfigData&)::{lambda(std::__cxx11::basic_string<char, std::char_traits<char>, std::allocator<char> > const&)#7}> >::destroy<Catch::makeCommandLineParser(Catch::ConfigData&)::{lambda(std::__cxx11::basic_string<char, std::char_traits<char>, std::allocator<char> > const&)#7}>(Catch::makeCommandLineParser(Catch::ConfigData&)::{lambda(std::__cxx11::basic_string<char, std::char_traits<char>, std::allocator<char> > const&)#7}*):
    #####:  154:	destroy(_Up* __p)
        -:  155:	noexcept(std::is_nothrow_destructible<_Up>::value)
    #####:  156:	{ __p->~_Up(); }
------------------
void __gnu_cxx::new_allocator<Catch::clara::detail::BoundLambda<Catch::makeCommandLineParser(Catch::ConfigData&)::{lambda(std::__cxx11::basic_string<char, std::char_traits<char>, std::allocator<char> > const&)#2}> >::destroy<Catch::makeCommandLineParser(Catch::ConfigData&)::{lambda(std::__cxx11::basic_string<char, std::char_traits<char>, std::allocator<char> > const&)#2}>(Catch::makeCommandLineParser(Catch::ConfigData&)::{lambda(std::__cxx11::basic_string<char, std::char_traits<char>, std::allocator<char> > const&)#2}*):
    #####:  154:	destroy(_Up* __p)
        -:  155:	noexcept(std::is_nothrow_destructible<_Up>::value)
    #####:  156:	{ __p->~_Up(); }
------------------
void __gnu_cxx::new_allocator<Catch::clara::detail::BoundValueRef<double> >::destroy<Catch::clara::detail::BoundValueRef<double> >(Catch::clara::detail::BoundValueRef<double>*):
    #####:  154:	destroy(_Up* __p)
        -:  155:	noexcept(std::is_nothrow_destructible<_Up>::value)
    #####:  156:	{ __p->~_Up(); }
------------------
void __gnu_cxx::new_allocator<Catch::clara::detail::BoundLambda<Catch::makeCommandLineParser(Catch::ConfigData&)::{lambda(bool)#11}> >::destroy<Catch::makeCommandLineParser(Catch::ConfigData&)::{lambda(bool)#11}>(Catch::makeCommandLineParser(Catch::ConfigData&)::{lambda(bool)#11}*):
    #####:  154:	destroy(_Up* __p)
        -:  155:	noexcept(std::is_nothrow_destructible<_Up>::value)
    #####:  156:	{ __p->~_Up(); }
------------------
void __gnu_cxx::new_allocator<Catch::clara::detail::BoundLambda<Catch::makeCommandLineParser(Catch::ConfigData&)::{lambda(std::__cxx11::basic_string<char, std::char_traits<char>, std::allocator<char> > const&)#1}> >::destroy<Catch::makeCommandLineParser(Catch::ConfigData&)::{lambda(std::__cxx11::basic_string<char, std::char_traits<char>, std::allocator<char> > const&)#1}>(Catch::makeCommandLineParser(Catch::ConfigData&)::{lambda(std::__cxx11::basic_string<char, std::char_traits<char>, std::allocator<char> > const&)#1}*):
    #####:  154:	destroy(_Up* __p)
        -:  155:	noexcept(std::is_nothrow_destructible<_Up>::value)
    #####:  156:	{ __p->~_Up(); }
------------------
        -:  157:#else
        -:  158:      // _GLIBCXX_RESOLVE_LIB_DEFECTS
        -:  159:      // 402. wrong new expression in [some_] allocator::construct
        -:  160:      void
        -:  161:      construct(pointer __p, const _Tp& __val)
        -:  162:      { ::new((void *)__p) _Tp(__val); }
        -:  163:
        -:  164:      void
        -:  165:      destroy(pointer __p) { __p->~_Tp(); }
        -:  166:#endif
        -:  167:#endif // ! C++20
        -:  168:
        -:  169:      template<typename _Up>
        -:  170:	friend _GLIBCXX20_CONSTEXPR bool
        -:  171:	operator==(const new_allocator&, const new_allocator<_Up>&)
        -:  172:	_GLIBCXX_NOTHROW
        -:  173:	{ return true; }
        -:  174:
        -:  175:#if __cpp_impl_three_way_comparison < 201907L
        -:  176:      template<typename _Up>
        -:  177:	friend _GLIBCXX20_CONSTEXPR bool
        -:  178:	operator!=(const new_allocator&, const new_allocator<_Up>&)
        -:  179:	_GLIBCXX_NOTHROW
        -:  180:	{ return false; }
        -:  181:#endif
        -:  182:
        -:  183:    private:
        -:  184:      _GLIBCXX_CONSTEXPR size_type
    #####:  185:      _M_max_size() const _GLIBCXX_USE_NOEXCEPT
        -:  186:      {
        -:  187:#if __PTRDIFF_MAX__ < __SIZE_MAX__
    #####:  188:	return std::size_t(__PTRDIFF_MAX__) / sizeof(_Tp);
        -:  189:#else
        -:  190:	return std::size_t(-1) / sizeof(_Tp);
        -:  191:#endif
        -:  192:      }
        -:  193:    };
        -:  194:
        -:  195:_GLIBCXX_END_NAMESPACE_VERSION
        -:  196:} // namespace
        -:  197:
        -:  198:#endif
