        -:    0:Source:/usr/include/c++/10/bits/std_function.h
        -:    0:Graph:testing.gcno
        -:    0:Data:-
        -:    0:Runs:0
        -:    1:// Implementation of std::function -*- C++ -*-
        -:    2:
        -:    3:// Copyright (C) 2004-2020 Free Software Foundation, Inc.
        -:    4://
        -:    5:// This file is part of the GNU ISO C++ Library.  This library is free
        -:    6:// software; you can redistribute it and/or modify it under the
        -:    7:// terms of the GNU General Public License as published by the
        -:    8:// Free Software Foundation; either version 3, or (at your option)
        -:    9:// any later version.
        -:   10:
        -:   11:// This library is distributed in the hope that it will be useful,
        -:   12:// but WITHOUT ANY WARRANTY; without even the implied warranty of
        -:   13:// MERCHANTABILITY or FITNESS FOR A PARTICULAR PURPOSE.  See the
        -:   14:// GNU General Public License for more details.
        -:   15:
        -:   16:// Under Section 7 of GPL version 3, you are granted additional
        -:   17:// permissions described in the GCC Runtime Library Exception, version
        -:   18:// 3.1, as published by the Free Software Foundation.
        -:   19:
        -:   20:// You should have received a copy of the GNU General Public License and
        -:   21:// a copy of the GCC Runtime Library Exception along with this program;
        -:   22:// see the files COPYING3 and COPYING.RUNTIME respectively.  If not, see
        -:   23:// <http://www.gnu.org/licenses/>.
        -:   24:
        -:   25:/** @file include/bits/std_function.h
        -:   26: *  This is an internal header file, included by other library headers.
        -:   27: *  Do not attempt to use it directly. @headername{functional}
        -:   28: */
        -:   29:
        -:   30:#ifndef _GLIBCXX_STD_FUNCTION_H
        -:   31:#define _GLIBCXX_STD_FUNCTION_H 1
        -:   32:
        -:   33:#pragma GCC system_header
        -:   34:
        -:   35:#if __cplusplus < 201103L
        -:   36:# include <bits/c++0x_warning.h>
        -:   37:#else
        -:   38:
        -:   39:#if __cpp_rtti
        -:   40:# include <typeinfo>
        -:   41:#endif
        -:   42:#include <bits/stl_function.h>
        -:   43:#include <bits/invoke.h>
        -:   44:#include <bits/refwrap.h>
        -:   45:#include <bits/functexcept.h>
        -:   46:
        -:   47:namespace std _GLIBCXX_VISIBILITY(default)
        -:   48:{
        -:   49:_GLIBCXX_BEGIN_NAMESPACE_VERSION
        -:   50:
        -:   51:  /**
        -:   52:   *  @brief Exception class thrown when class template function's
        -:   53:   *  operator() is called with an empty target.
        -:   54:   *  @ingroup exceptions
        -:   55:   */
        -:   56:  class bad_function_call : public std::exception
        -:   57:  {
        -:   58:  public:
        -:   59:    virtual ~bad_function_call() noexcept;
        -:   60:
        -:   61:    const char* what() const noexcept;
        -:   62:  };
        -:   63:
        -:   64:  /**
        -:   65:   *  Trait identifying "location-invariant" types, meaning that the
        -:   66:   *  address of the object (or any of its members) will not escape.
        -:   67:   *  Trivially copyable types are location-invariant and users can
        -:   68:   *  specialize this trait for other types.
        -:   69:   */
        -:   70:  template<typename _Tp>
        -:   71:    struct __is_location_invariant
        -:   72:    : is_trivially_copyable<_Tp>::type
        -:   73:    { };
        -:   74:
        -:   75:  class _Undefined_class;
        -:   76:
        -:   77:  union _Nocopy_types
        -:   78:  {
        -:   79:    void*       _M_object;
        -:   80:    const void* _M_const_object;
        -:   81:    void (*_M_function_pointer)();
        -:   82:    void (_Undefined_class::*_M_member_pointer)();
        -:   83:  };
        -:   84:
        -:   85:  union [[gnu::may_alias]] _Any_data
        -:   86:  {
    #####:   87:    void*       _M_access()       { return &_M_pod_data[0]; }
    #####:   88:    const void* _M_access() const { return &_M_pod_data[0]; }
        -:   89:
        -:   90:    template<typename _Tp>
        -:   91:      _Tp&
    #####:   92:      _M_access()
    #####:   93:      { return *static_cast<_Tp*>(_M_access()); }
------------------
std::__detail::_BracketMatcher<std::__cxx11::regex_traits<char>, false, true>*& std::_Any_data::_M_access<std::__detail::_BracketMatcher<std::__cxx11::regex_traits<char>, false, true>*>():
    #####:   92:      _M_access()
    #####:   93:      { return *static_cast<_Tp*>(_M_access()); }
------------------
std::type_info const*& std::_Any_data::_M_access<std::type_info const*>():
    #####:   92:      _M_access()
    #####:   93:      { return *static_cast<_Tp*>(_M_access()); }
------------------
std::__detail::_AnyMatcher<std::__cxx11::regex_traits<char>, false, false, false>*& std::_Any_data::_M_access<std::__detail::_AnyMatcher<std::__cxx11::regex_traits<char>, false, false, false>*>():
    #####:   92:      _M_access()
    #####:   93:      { return *static_cast<_Tp*>(_M_access()); }
------------------
std::__detail::_AnyMatcher<std::__cxx11::regex_traits<char>, false, false, true>*& std::_Any_data::_M_access<std::__detail::_AnyMatcher<std::__cxx11::regex_traits<char>, false, false, true>*>():
    #####:   92:      _M_access()
    #####:   93:      { return *static_cast<_Tp*>(_M_access()); }
------------------
std::__detail::_AnyMatcher<std::__cxx11::regex_traits<char>, false, true, false>*& std::_Any_data::_M_access<std::__detail::_AnyMatcher<std::__cxx11::regex_traits<char>, false, true, false>*>():
    #####:   92:      _M_access()
    #####:   93:      { return *static_cast<_Tp*>(_M_access()); }
------------------
std::__detail::_AnyMatcher<std::__cxx11::regex_traits<char>, false, true, true>*& std::_Any_data::_M_access<std::__detail::_AnyMatcher<std::__cxx11::regex_traits<char>, false, true, true>*>():
    #####:   92:      _M_access()
    #####:   93:      { return *static_cast<_Tp*>(_M_access()); }
------------------
std::__detail::_AnyMatcher<std::__cxx11::regex_traits<char>, true, false, false>*& std::_Any_data::_M_access<std::__detail::_AnyMatcher<std::__cxx11::regex_traits<char>, true, false, false>*>():
    #####:   92:      _M_access()
    #####:   93:      { return *static_cast<_Tp*>(_M_access()); }
------------------
std::__detail::_AnyMatcher<std::__cxx11::regex_traits<char>, true, false, true>*& std::_Any_data::_M_access<std::__detail::_AnyMatcher<std::__cxx11::regex_traits<char>, true, false, true>*>():
    #####:   92:      _M_access()
    #####:   93:      { return *static_cast<_Tp*>(_M_access()); }
------------------
std::__detail::_AnyMatcher<std::__cxx11::regex_traits<char>, true, true, false>*& std::_Any_data::_M_access<std::__detail::_AnyMatcher<std::__cxx11::regex_traits<char>, true, true, false>*>():
    #####:   92:      _M_access()
    #####:   93:      { return *static_cast<_Tp*>(_M_access()); }
------------------
std::__detail::_AnyMatcher<std::__cxx11::regex_traits<char>, true, true, true>*& std::_Any_data::_M_access<std::__detail::_AnyMatcher<std::__cxx11::regex_traits<char>, true, true, true>*>():
    #####:   92:      _M_access()
    #####:   93:      { return *static_cast<_Tp*>(_M_access()); }
------------------
std::__detail::_CharMatcher<std::__cxx11::regex_traits<char>, false, false>*& std::_Any_data::_M_access<std::__detail::_CharMatcher<std::__cxx11::regex_traits<char>, false, false>*>():
    #####:   92:      _M_access()
    #####:   93:      { return *static_cast<_Tp*>(_M_access()); }
------------------
std::__detail::_CharMatcher<std::__cxx11::regex_traits<char>, false, true>*& std::_Any_data::_M_access<std::__detail::_CharMatcher<std::__cxx11::regex_traits<char>, false, true>*>():
    #####:   92:      _M_access()
    #####:   93:      { return *static_cast<_Tp*>(_M_access()); }
------------------
std::__detail::_CharMatcher<std::__cxx11::regex_traits<char>, true, false>*& std::_Any_data::_M_access<std::__detail::_CharMatcher<std::__cxx11::regex_traits<char>, true, false>*>():
    #####:   92:      _M_access()
    #####:   93:      { return *static_cast<_Tp*>(_M_access()); }
------------------
std::__detail::_CharMatcher<std::__cxx11::regex_traits<char>, true, true>*& std::_Any_data::_M_access<std::__detail::_CharMatcher<std::__cxx11::regex_traits<char>, true, true>*>():
    #####:   92:      _M_access()
    #####:   93:      { return *static_cast<_Tp*>(_M_access()); }
------------------
std::__detail::_BracketMatcher<std::__cxx11::regex_traits<char>, false, false>*& std::_Any_data::_M_access<std::__detail::_BracketMatcher<std::__cxx11::regex_traits<char>, false, false>*>():
    #####:   92:      _M_access()
    #####:   93:      { return *static_cast<_Tp*>(_M_access()); }
------------------
std::__detail::_CharMatcher<std::__cxx11::regex_traits<char>, true, true>& std::_Any_data::_M_access<std::__detail::_CharMatcher<std::__cxx11::regex_traits<char>, true, true> >():
    #####:   92:      _M_access()
    #####:   93:      { return *static_cast<_Tp*>(_M_access()); }
------------------
std::__detail::_BracketMatcher<std::__cxx11::regex_traits<char>, true, false>*& std::_Any_data::_M_access<std::__detail::_BracketMatcher<std::__cxx11::regex_traits<char>, true, false>*>():
    #####:   92:      _M_access()
    #####:   93:      { return *static_cast<_Tp*>(_M_access()); }
------------------
std::__detail::_BracketMatcher<std::__cxx11::regex_traits<char>, true, true>*& std::_Any_data::_M_access<std::__detail::_BracketMatcher<std::__cxx11::regex_traits<char>, true, true>*>():
    #####:   92:      _M_access()
    #####:   93:      { return *static_cast<_Tp*>(_M_access()); }
------------------
std::__detail::_AnyMatcher<std::__cxx11::regex_traits<char>, false, false, false>& std::_Any_data::_M_access<std::__detail::_AnyMatcher<std::__cxx11::regex_traits<char>, false, false, false> >():
    #####:   92:      _M_access()
    #####:   93:      { return *static_cast<_Tp*>(_M_access()); }
------------------
std::__detail::_AnyMatcher<std::__cxx11::regex_traits<char>, false, false, true>& std::_Any_data::_M_access<std::__detail::_AnyMatcher<std::__cxx11::regex_traits<char>, false, false, true> >():
    #####:   92:      _M_access()
    #####:   93:      { return *static_cast<_Tp*>(_M_access()); }
------------------
std::__detail::_AnyMatcher<std::__cxx11::regex_traits<char>, false, true, false>& std::_Any_data::_M_access<std::__detail::_AnyMatcher<std::__cxx11::regex_traits<char>, false, true, false> >():
    #####:   92:      _M_access()
    #####:   93:      { return *static_cast<_Tp*>(_M_access()); }
------------------
std::__detail::_AnyMatcher<std::__cxx11::regex_traits<char>, false, true, true>& std::_Any_data::_M_access<std::__detail::_AnyMatcher<std::__cxx11::regex_traits<char>, false, true, true> >():
    #####:   92:      _M_access()
    #####:   93:      { return *static_cast<_Tp*>(_M_access()); }
------------------
std::__detail::_AnyMatcher<std::__cxx11::regex_traits<char>, true, false, false>& std::_Any_data::_M_access<std::__detail::_AnyMatcher<std::__cxx11::regex_traits<char>, true, false, false> >():
    #####:   92:      _M_access()
    #####:   93:      { return *static_cast<_Tp*>(_M_access()); }
------------------
std::__detail::_AnyMatcher<std::__cxx11::regex_traits<char>, true, false, true>& std::_Any_data::_M_access<std::__detail::_AnyMatcher<std::__cxx11::regex_traits<char>, true, false, true> >():
    #####:   92:      _M_access()
    #####:   93:      { return *static_cast<_Tp*>(_M_access()); }
------------------
std::__detail::_AnyMatcher<std::__cxx11::regex_traits<char>, true, true, false>& std::_Any_data::_M_access<std::__detail::_AnyMatcher<std::__cxx11::regex_traits<char>, true, true, false> >():
    #####:   92:      _M_access()
    #####:   93:      { return *static_cast<_Tp*>(_M_access()); }
------------------
std::__detail::_AnyMatcher<std::__cxx11::regex_traits<char>, true, true, true>& std::_Any_data::_M_access<std::__detail::_AnyMatcher<std::__cxx11::regex_traits<char>, true, true, true> >():
    #####:   92:      _M_access()
    #####:   93:      { return *static_cast<_Tp*>(_M_access()); }
------------------
std::__detail::_CharMatcher<std::__cxx11::regex_traits<char>, false, false>& std::_Any_data::_M_access<std::__detail::_CharMatcher<std::__cxx11::regex_traits<char>, false, false> >():
    #####:   92:      _M_access()
    #####:   93:      { return *static_cast<_Tp*>(_M_access()); }
------------------
std::__detail::_CharMatcher<std::__cxx11::regex_traits<char>, false, true>& std::_Any_data::_M_access<std::__detail::_CharMatcher<std::__cxx11::regex_traits<char>, false, true> >():
    #####:   92:      _M_access()
    #####:   93:      { return *static_cast<_Tp*>(_M_access()); }
------------------
std::__detail::_CharMatcher<std::__cxx11::regex_traits<char>, true, false>& std::_Any_data::_M_access<std::__detail::_CharMatcher<std::__cxx11::regex_traits<char>, true, false> >():
    #####:   92:      _M_access()
    #####:   93:      { return *static_cast<_Tp*>(_M_access()); }
------------------
        -:   94:
        -:   95:    template<typename _Tp>
        -:   96:      const _Tp&
    #####:   97:      _M_access() const
    #####:   98:      { return *static_cast<const _Tp*>(_M_access()); }
------------------
std::__detail::_CharMatcher<std::__cxx11::regex_traits<char>, false, true> const& std::_Any_data::_M_access<std::__detail::_CharMatcher<std::__cxx11::regex_traits<char>, false, true> >() const:
    #####:   97:      _M_access() const
    #####:   98:      { return *static_cast<const _Tp*>(_M_access()); }
------------------
std::__detail::_AnyMatcher<std::__cxx11::regex_traits<char>, false, false, false> const& std::_Any_data::_M_access<std::__detail::_AnyMatcher<std::__cxx11::regex_traits<char>, false, false, false> >() const:
    #####:   97:      _M_access() const
    #####:   98:      { return *static_cast<const _Tp*>(_M_access()); }
------------------
std::__detail::_AnyMatcher<std::__cxx11::regex_traits<char>, false, false, true> const& std::_Any_data::_M_access<std::__detail::_AnyMatcher<std::__cxx11::regex_traits<char>, false, false, true> >() const:
    #####:   97:      _M_access() const
    #####:   98:      { return *static_cast<const _Tp*>(_M_access()); }
------------------
std::__detail::_AnyMatcher<std::__cxx11::regex_traits<char>, false, true, false> const& std::_Any_data::_M_access<std::__detail::_AnyMatcher<std::__cxx11::regex_traits<char>, false, true, false> >() const:
    #####:   97:      _M_access() const
    #####:   98:      { return *static_cast<const _Tp*>(_M_access()); }
------------------
std::__detail::_AnyMatcher<std::__cxx11::regex_traits<char>, false, true, true> const& std::_Any_data::_M_access<std::__detail::_AnyMatcher<std::__cxx11::regex_traits<char>, false, true, true> >() const:
    #####:   97:      _M_access() const
    #####:   98:      { return *static_cast<const _Tp*>(_M_access()); }
------------------
std::__detail::_AnyMatcher<std::__cxx11::regex_traits<char>, true, false, false> const& std::_Any_data::_M_access<std::__detail::_AnyMatcher<std::__cxx11::regex_traits<char>, true, false, false> >() const:
    #####:   97:      _M_access() const
    #####:   98:      { return *static_cast<const _Tp*>(_M_access()); }
------------------
std::__detail::_AnyMatcher<std::__cxx11::regex_traits<char>, true, false, true> const& std::_Any_data::_M_access<std::__detail::_AnyMatcher<std::__cxx11::regex_traits<char>, true, false, true> >() const:
    #####:   97:      _M_access() const
    #####:   98:      { return *static_cast<const _Tp*>(_M_access()); }
------------------
std::__detail::_AnyMatcher<std::__cxx11::regex_traits<char>, true, true, false> const& std::_Any_data::_M_access<std::__detail::_AnyMatcher<std::__cxx11::regex_traits<char>, true, true, false> >() const:
    #####:   97:      _M_access() const
    #####:   98:      { return *static_cast<const _Tp*>(_M_access()); }
------------------
std::__detail::_AnyMatcher<std::__cxx11::regex_traits<char>, true, true, true> const& std::_Any_data::_M_access<std::__detail::_AnyMatcher<std::__cxx11::regex_traits<char>, true, true, true> >() const:
    #####:   97:      _M_access() const
    #####:   98:      { return *static_cast<const _Tp*>(_M_access()); }
------------------
std::__detail::_CharMatcher<std::__cxx11::regex_traits<char>, false, false> const& std::_Any_data::_M_access<std::__detail::_CharMatcher<std::__cxx11::regex_traits<char>, false, false> >() const:
    #####:   97:      _M_access() const
    #####:   98:      { return *static_cast<const _Tp*>(_M_access()); }
------------------
std::__detail::_BracketMatcher<std::__cxx11::regex_traits<char>, true, true> const* const& std::_Any_data::_M_access<std::__detail::_BracketMatcher<std::__cxx11::regex_traits<char>, true, true> const*>() const:
    #####:   97:      _M_access() const
    #####:   98:      { return *static_cast<const _Tp*>(_M_access()); }
------------------
std::__detail::_CharMatcher<std::__cxx11::regex_traits<char>, true, false> const& std::_Any_data::_M_access<std::__detail::_CharMatcher<std::__cxx11::regex_traits<char>, true, false> >() const:
    #####:   97:      _M_access() const
    #####:   98:      { return *static_cast<const _Tp*>(_M_access()); }
------------------
std::__detail::_CharMatcher<std::__cxx11::regex_traits<char>, true, true> const& std::_Any_data::_M_access<std::__detail::_CharMatcher<std::__cxx11::regex_traits<char>, true, true> >() const:
    #####:   97:      _M_access() const
    #####:   98:      { return *static_cast<const _Tp*>(_M_access()); }
------------------
std::__detail::_BracketMatcher<std::__cxx11::regex_traits<char>, false, false>* const& std::_Any_data::_M_access<std::__detail::_BracketMatcher<std::__cxx11::regex_traits<char>, false, false>*>() const:
    #####:   97:      _M_access() const
    #####:   98:      { return *static_cast<const _Tp*>(_M_access()); }
------------------
std::__detail::_BracketMatcher<std::__cxx11::regex_traits<char>, false, true>* const& std::_Any_data::_M_access<std::__detail::_BracketMatcher<std::__cxx11::regex_traits<char>, false, true>*>() const:
    #####:   97:      _M_access() const
    #####:   98:      { return *static_cast<const _Tp*>(_M_access()); }
------------------
std::__detail::_BracketMatcher<std::__cxx11::regex_traits<char>, true, false>* const& std::_Any_data::_M_access<std::__detail::_BracketMatcher<std::__cxx11::regex_traits<char>, true, false>*>() const:
    #####:   97:      _M_access() const
    #####:   98:      { return *static_cast<const _Tp*>(_M_access()); }
------------------
std::__detail::_BracketMatcher<std::__cxx11::regex_traits<char>, true, true>* const& std::_Any_data::_M_access<std::__detail::_BracketMatcher<std::__cxx11::regex_traits<char>, true, true>*>() const:
    #####:   97:      _M_access() const
    #####:   98:      { return *static_cast<const _Tp*>(_M_access()); }
------------------
std::__detail::_BracketMatcher<std::__cxx11::regex_traits<char>, false, false> const* const& std::_Any_data::_M_access<std::__detail::_BracketMatcher<std::__cxx11::regex_traits<char>, false, false> const*>() const:
    #####:   97:      _M_access() const
    #####:   98:      { return *static_cast<const _Tp*>(_M_access()); }
------------------
std::__detail::_BracketMatcher<std::__cxx11::regex_traits<char>, false, true> const* const& std::_Any_data::_M_access<std::__detail::_BracketMatcher<std::__cxx11::regex_traits<char>, false, true> const*>() const:
    #####:   97:      _M_access() const
    #####:   98:      { return *static_cast<const _Tp*>(_M_access()); }
------------------
std::__detail::_BracketMatcher<std::__cxx11::regex_traits<char>, true, false> const* const& std::_Any_data::_M_access<std::__detail::_BracketMatcher<std::__cxx11::regex_traits<char>, true, false> const*>() const:
    #####:   97:      _M_access() const
    #####:   98:      { return *static_cast<const _Tp*>(_M_access()); }
------------------
        -:   99:
        -:  100:    _Nocopy_types _M_unused;
        -:  101:    char _M_pod_data[sizeof(_Nocopy_types)];
        -:  102:  };
        -:  103:
        -:  104:  enum _Manager_operation
        -:  105:  {
        -:  106:    __get_type_info,
        -:  107:    __get_functor_ptr,
        -:  108:    __clone_functor,
        -:  109:    __destroy_functor
        -:  110:  };
        -:  111:
        -:  112:  template<typename _Signature>
        -:  113:    class function;
        -:  114:
        -:  115:  /// Base class of all polymorphic function object wrappers.
        -:  116:  class _Function_base
        -:  117:  {
        -:  118:  public:
        -:  119:    static const size_t _M_max_size = sizeof(_Nocopy_types);
        -:  120:    static const size_t _M_max_align = __alignof__(_Nocopy_types);
        -:  121:
        -:  122:    template<typename _Functor>
        -:  123:      class _Base_manager
        -:  124:      {
        -:  125:      protected:
        -:  126:	static const bool __stored_locally =
        -:  127:	(__is_location_invariant<_Functor>::value
        -:  128:	 && sizeof(_Functor) <= _M_max_size
        -:  129:	 && __alignof__(_Functor) <= _M_max_align
        -:  130:	 && (_M_max_align % __alignof__(_Functor) == 0));
        -:  131:
        -:  132:	typedef integral_constant<bool, __stored_locally> _Local_storage;
        -:  133:
        -:  134:	// Retrieve a pointer to the function object
        -:  135:	static _Functor*
    #####:  136:	_M_get_pointer(const _Any_data& __source)
        -:  137:	{
        -:  138:	  if _GLIBCXX17_CONSTEXPR (__stored_locally)
        -:  139:	    {
    #####:  140:	      const _Functor& __f = __source._M_access<_Functor>();
    #####:  141:	      return const_cast<_Functor*>(std::__addressof(__f));
        -:  142:	    }
        -:  143:	  else // have stored a pointer
    #####:  144:	    return __source._M_access<_Functor*>();
        -:  145:	}
------------------
std::_Function_base::_Base_manager<std::__detail::_BracketMatcher<std::__cxx11::regex_traits<char>, true, true> >::_M_get_pointer(std::_Any_data const&):
    #####:  136:	_M_get_pointer(const _Any_data& __source)
        -:  137:	{
        -:  138:	  if _GLIBCXX17_CONSTEXPR (__stored_locally)
        -:  139:	    {
        -:  140:	      const _Functor& __f = __source._M_access<_Functor>();
        -:  141:	      return const_cast<_Functor*>(std::__addressof(__f));
        -:  142:	    }
        -:  143:	  else // have stored a pointer
    #####:  144:	    return __source._M_access<_Functor*>();
        -:  145:	}
------------------
std::_Function_base::_Base_manager<std::__detail::_BracketMatcher<std::__cxx11::regex_traits<char>, true, false> >::_M_get_pointer(std::_Any_data const&):
    #####:  136:	_M_get_pointer(const _Any_data& __source)
        -:  137:	{
        -:  138:	  if _GLIBCXX17_CONSTEXPR (__stored_locally)
        -:  139:	    {
        -:  140:	      const _Functor& __f = __source._M_access<_Functor>();
        -:  141:	      return const_cast<_Functor*>(std::__addressof(__f));
        -:  142:	    }
        -:  143:	  else // have stored a pointer
    #####:  144:	    return __source._M_access<_Functor*>();
        -:  145:	}
------------------
std::_Function_base::_Base_manager<std::__detail::_BracketMatcher<std::__cxx11::regex_traits<char>, false, true> >::_M_get_pointer(std::_Any_data const&):
    #####:  136:	_M_get_pointer(const _Any_data& __source)
        -:  137:	{
        -:  138:	  if _GLIBCXX17_CONSTEXPR (__stored_locally)
        -:  139:	    {
        -:  140:	      const _Functor& __f = __source._M_access<_Functor>();
        -:  141:	      return const_cast<_Functor*>(std::__addressof(__f));
        -:  142:	    }
        -:  143:	  else // have stored a pointer
    #####:  144:	    return __source._M_access<_Functor*>();
        -:  145:	}
------------------
std::_Function_base::_Base_manager<std::__detail::_BracketMatcher<std::__cxx11::regex_traits<char>, false, false> >::_M_get_pointer(std::_Any_data const&):
    #####:  136:	_M_get_pointer(const _Any_data& __source)
        -:  137:	{
        -:  138:	  if _GLIBCXX17_CONSTEXPR (__stored_locally)
        -:  139:	    {
        -:  140:	      const _Functor& __f = __source._M_access<_Functor>();
        -:  141:	      return const_cast<_Functor*>(std::__addressof(__f));
        -:  142:	    }
        -:  143:	  else // have stored a pointer
    #####:  144:	    return __source._M_access<_Functor*>();
        -:  145:	}
------------------
std::_Function_base::_Base_manager<std::__detail::_CharMatcher<std::__cxx11::regex_traits<char>, true, true> >::_M_get_pointer(std::_Any_data const&):
    #####:  136:	_M_get_pointer(const _Any_data& __source)
        -:  137:	{
        -:  138:	  if _GLIBCXX17_CONSTEXPR (__stored_locally)
        -:  139:	    {
    #####:  140:	      const _Functor& __f = __source._M_access<_Functor>();
    #####:  141:	      return const_cast<_Functor*>(std::__addressof(__f));
        -:  142:	    }
        -:  143:	  else // have stored a pointer
        -:  144:	    return __source._M_access<_Functor*>();
        -:  145:	}
------------------
std::_Function_base::_Base_manager<std::__detail::_CharMatcher<std::__cxx11::regex_traits<char>, true, false> >::_M_get_pointer(std::_Any_data const&):
    #####:  136:	_M_get_pointer(const _Any_data& __source)
        -:  137:	{
        -:  138:	  if _GLIBCXX17_CONSTEXPR (__stored_locally)
        -:  139:	    {
    #####:  140:	      const _Functor& __f = __source._M_access<_Functor>();
    #####:  141:	      return const_cast<_Functor*>(std::__addressof(__f));
        -:  142:	    }
        -:  143:	  else // have stored a pointer
        -:  144:	    return __source._M_access<_Functor*>();
        -:  145:	}
------------------
std::_Function_base::_Base_manager<std::__detail::_CharMatcher<std::__cxx11::regex_traits<char>, false, true> >::_M_get_pointer(std::_Any_data const&):
    #####:  136:	_M_get_pointer(const _Any_data& __source)
        -:  137:	{
        -:  138:	  if _GLIBCXX17_CONSTEXPR (__stored_locally)
        -:  139:	    {
    #####:  140:	      const _Functor& __f = __source._M_access<_Functor>();
    #####:  141:	      return const_cast<_Functor*>(std::__addressof(__f));
        -:  142:	    }
        -:  143:	  else // have stored a pointer
        -:  144:	    return __source._M_access<_Functor*>();
        -:  145:	}
------------------
std::_Function_base::_Base_manager<std::__detail::_CharMatcher<std::__cxx11::regex_traits<char>, false, false> >::_M_get_pointer(std::_Any_data const&):
    #####:  136:	_M_get_pointer(const _Any_data& __source)
        -:  137:	{
        -:  138:	  if _GLIBCXX17_CONSTEXPR (__stored_locally)
        -:  139:	    {
    #####:  140:	      const _Functor& __f = __source._M_access<_Functor>();
    #####:  141:	      return const_cast<_Functor*>(std::__addressof(__f));
        -:  142:	    }
        -:  143:	  else // have stored a pointer
        -:  144:	    return __source._M_access<_Functor*>();
        -:  145:	}
------------------
std::_Function_base::_Base_manager<std::__detail::_AnyMatcher<std::__cxx11::regex_traits<char>, true, true, true> >::_M_get_pointer(std::_Any_data const&):
    #####:  136:	_M_get_pointer(const _Any_data& __source)
        -:  137:	{
        -:  138:	  if _GLIBCXX17_CONSTEXPR (__stored_locally)
        -:  139:	    {
    #####:  140:	      const _Functor& __f = __source._M_access<_Functor>();
    #####:  141:	      return const_cast<_Functor*>(std::__addressof(__f));
        -:  142:	    }
        -:  143:	  else // have stored a pointer
        -:  144:	    return __source._M_access<_Functor*>();
        -:  145:	}
------------------
std::_Function_base::_Base_manager<std::__detail::_AnyMatcher<std::__cxx11::regex_traits<char>, true, true, false> >::_M_get_pointer(std::_Any_data const&):
    #####:  136:	_M_get_pointer(const _Any_data& __source)
        -:  137:	{
        -:  138:	  if _GLIBCXX17_CONSTEXPR (__stored_locally)
        -:  139:	    {
    #####:  140:	      const _Functor& __f = __source._M_access<_Functor>();
    #####:  141:	      return const_cast<_Functor*>(std::__addressof(__f));
        -:  142:	    }
        -:  143:	  else // have stored a pointer
        -:  144:	    return __source._M_access<_Functor*>();
        -:  145:	}
------------------
std::_Function_base::_Base_manager<std::__detail::_AnyMatcher<std::__cxx11::regex_traits<char>, true, false, true> >::_M_get_pointer(std::_Any_data const&):
    #####:  136:	_M_get_pointer(const _Any_data& __source)
        -:  137:	{
        -:  138:	  if _GLIBCXX17_CONSTEXPR (__stored_locally)
        -:  139:	    {
    #####:  140:	      const _Functor& __f = __source._M_access<_Functor>();
    #####:  141:	      return const_cast<_Functor*>(std::__addressof(__f));
        -:  142:	    }
        -:  143:	  else // have stored a pointer
        -:  144:	    return __source._M_access<_Functor*>();
        -:  145:	}
------------------
std::_Function_base::_Base_manager<std::__detail::_AnyMatcher<std::__cxx11::regex_traits<char>, true, false, false> >::_M_get_pointer(std::_Any_data const&):
    #####:  136:	_M_get_pointer(const _Any_data& __source)
        -:  137:	{
        -:  138:	  if _GLIBCXX17_CONSTEXPR (__stored_locally)
        -:  139:	    {
    #####:  140:	      const _Functor& __f = __source._M_access<_Functor>();
    #####:  141:	      return const_cast<_Functor*>(std::__addressof(__f));
        -:  142:	    }
        -:  143:	  else // have stored a pointer
        -:  144:	    return __source._M_access<_Functor*>();
        -:  145:	}
------------------
std::_Function_base::_Base_manager<std::__detail::_AnyMatcher<std::__cxx11::regex_traits<char>, false, true, true> >::_M_get_pointer(std::_Any_data const&):
    #####:  136:	_M_get_pointer(const _Any_data& __source)
        -:  137:	{
        -:  138:	  if _GLIBCXX17_CONSTEXPR (__stored_locally)
        -:  139:	    {
    #####:  140:	      const _Functor& __f = __source._M_access<_Functor>();
    #####:  141:	      return const_cast<_Functor*>(std::__addressof(__f));
        -:  142:	    }
        -:  143:	  else // have stored a pointer
        -:  144:	    return __source._M_access<_Functor*>();
        -:  145:	}
------------------
std::_Function_base::_Base_manager<std::__detail::_AnyMatcher<std::__cxx11::regex_traits<char>, false, true, false> >::_M_get_pointer(std::_Any_data const&):
    #####:  136:	_M_get_pointer(const _Any_data& __source)
        -:  137:	{
        -:  138:	  if _GLIBCXX17_CONSTEXPR (__stored_locally)
        -:  139:	    {
    #####:  140:	      const _Functor& __f = __source._M_access<_Functor>();
    #####:  141:	      return const_cast<_Functor*>(std::__addressof(__f));
        -:  142:	    }
        -:  143:	  else // have stored a pointer
        -:  144:	    return __source._M_access<_Functor*>();
        -:  145:	}
------------------
std::_Function_base::_Base_manager<std::__detail::_AnyMatcher<std::__cxx11::regex_traits<char>, false, false, true> >::_M_get_pointer(std::_Any_data const&):
    #####:  136:	_M_get_pointer(const _Any_data& __source)
        -:  137:	{
        -:  138:	  if _GLIBCXX17_CONSTEXPR (__stored_locally)
        -:  139:	    {
    #####:  140:	      const _Functor& __f = __source._M_access<_Functor>();
    #####:  141:	      return const_cast<_Functor*>(std::__addressof(__f));
        -:  142:	    }
        -:  143:	  else // have stored a pointer
        -:  144:	    return __source._M_access<_Functor*>();
        -:  145:	}
------------------
std::_Function_base::_Base_manager<std::__detail::_AnyMatcher<std::__cxx11::regex_traits<char>, false, false, false> >::_M_get_pointer(std::_Any_data const&):
    #####:  136:	_M_get_pointer(const _Any_data& __source)
        -:  137:	{
        -:  138:	  if _GLIBCXX17_CONSTEXPR (__stored_locally)
        -:  139:	    {
    #####:  140:	      const _Functor& __f = __source._M_access<_Functor>();
    #####:  141:	      return const_cast<_Functor*>(std::__addressof(__f));
        -:  142:	    }
        -:  143:	  else // have stored a pointer
        -:  144:	    return __source._M_access<_Functor*>();
        -:  145:	}
------------------
        -:  146:
        -:  147:	// Clone a location-invariant function object that fits within
        -:  148:	// an _Any_data structure.
        -:  149:	static void
    #####:  150:	_M_clone(_Any_data& __dest, const _Any_data& __source, true_type)
        -:  151:	{
    #####:  152:	  ::new (__dest._M_access()) _Functor(__source._M_access<_Functor>());
    #####:  153:	}
------------------
std::_Function_base::_Base_manager<std::__detail::_CharMatcher<std::__cxx11::regex_traits<char>, true, true> >::_M_clone(std::_Any_data&, std::_Any_data const&, std::integral_constant<bool, true>):
    #####:  150:	_M_clone(_Any_data& __dest, const _Any_data& __source, true_type)
        -:  151:	{
    #####:  152:	  ::new (__dest._M_access()) _Functor(__source._M_access<_Functor>());
    #####:  153:	}
------------------
std::_Function_base::_Base_manager<std::__detail::_CharMatcher<std::__cxx11::regex_traits<char>, true, false> >::_M_clone(std::_Any_data&, std::_Any_data const&, std::integral_constant<bool, true>):
    #####:  150:	_M_clone(_Any_data& __dest, const _Any_data& __source, true_type)
        -:  151:	{
    #####:  152:	  ::new (__dest._M_access()) _Functor(__source._M_access<_Functor>());
    #####:  153:	}
------------------
std::_Function_base::_Base_manager<std::__detail::_CharMatcher<std::__cxx11::regex_traits<char>, false, true> >::_M_clone(std::_Any_data&, std::_Any_data const&, std::integral_constant<bool, true>):
    #####:  150:	_M_clone(_Any_data& __dest, const _Any_data& __source, true_type)
        -:  151:	{
    #####:  152:	  ::new (__dest._M_access()) _Functor(__source._M_access<_Functor>());
    #####:  153:	}
------------------
std::_Function_base::_Base_manager<std::__detail::_CharMatcher<std::__cxx11::regex_traits<char>, false, false> >::_M_clone(std::_Any_data&, std::_Any_data const&, std::integral_constant<bool, true>):
    #####:  150:	_M_clone(_Any_data& __dest, const _Any_data& __source, true_type)
        -:  151:	{
    #####:  152:	  ::new (__dest._M_access()) _Functor(__source._M_access<_Functor>());
    #####:  153:	}
------------------
std::_Function_base::_Base_manager<std::__detail::_AnyMatcher<std::__cxx11::regex_traits<char>, true, true, true> >::_M_clone(std::_Any_data&, std::_Any_data const&, std::integral_constant<bool, true>):
    #####:  150:	_M_clone(_Any_data& __dest, const _Any_data& __source, true_type)
        -:  151:	{
    #####:  152:	  ::new (__dest._M_access()) _Functor(__source._M_access<_Functor>());
    #####:  153:	}
------------------
std::_Function_base::_Base_manager<std::__detail::_AnyMatcher<std::__cxx11::regex_traits<char>, true, true, false> >::_M_clone(std::_Any_data&, std::_Any_data const&, std::integral_constant<bool, true>):
    #####:  150:	_M_clone(_Any_data& __dest, const _Any_data& __source, true_type)
        -:  151:	{
    #####:  152:	  ::new (__dest._M_access()) _Functor(__source._M_access<_Functor>());
    #####:  153:	}
------------------
std::_Function_base::_Base_manager<std::__detail::_AnyMatcher<std::__cxx11::regex_traits<char>, true, false, true> >::_M_clone(std::_Any_data&, std::_Any_data const&, std::integral_constant<bool, true>):
    #####:  150:	_M_clone(_Any_data& __dest, const _Any_data& __source, true_type)
        -:  151:	{
    #####:  152:	  ::new (__dest._M_access()) _Functor(__source._M_access<_Functor>());
    #####:  153:	}
------------------
std::_Function_base::_Base_manager<std::__detail::_AnyMatcher<std::__cxx11::regex_traits<char>, true, false, false> >::_M_clone(std::_Any_data&, std::_Any_data const&, std::integral_constant<bool, true>):
    #####:  150:	_M_clone(_Any_data& __dest, const _Any_data& __source, true_type)
        -:  151:	{
    #####:  152:	  ::new (__dest._M_access()) _Functor(__source._M_access<_Functor>());
    #####:  153:	}
------------------
std::_Function_base::_Base_manager<std::__detail::_AnyMatcher<std::__cxx11::regex_traits<char>, false, true, true> >::_M_clone(std::_Any_data&, std::_Any_data const&, std::integral_constant<bool, true>):
    #####:  150:	_M_clone(_Any_data& __dest, const _Any_data& __source, true_type)
        -:  151:	{
    #####:  152:	  ::new (__dest._M_access()) _Functor(__source._M_access<_Functor>());
    #####:  153:	}
------------------
std::_Function_base::_Base_manager<std::__detail::_AnyMatcher<std::__cxx11::regex_traits<char>, false, true, false> >::_M_clone(std::_Any_data&, std::_Any_data const&, std::integral_constant<bool, true>):
    #####:  150:	_M_clone(_Any_data& __dest, const _Any_data& __source, true_type)
        -:  151:	{
    #####:  152:	  ::new (__dest._M_access()) _Functor(__source._M_access<_Functor>());
    #####:  153:	}
------------------
std::_Function_base::_Base_manager<std::__detail::_AnyMatcher<std::__cxx11::regex_traits<char>, false, false, true> >::_M_clone(std::_Any_data&, std::_Any_data const&, std::integral_constant<bool, true>):
    #####:  150:	_M_clone(_Any_data& __dest, const _Any_data& __source, true_type)
        -:  151:	{
    #####:  152:	  ::new (__dest._M_access()) _Functor(__source._M_access<_Functor>());
    #####:  153:	}
------------------
std::_Function_base::_Base_manager<std::__detail::_AnyMatcher<std::__cxx11::regex_traits<char>, false, false, false> >::_M_clone(std::_Any_data&, std::_Any_data const&, std::integral_constant<bool, true>):
    #####:  150:	_M_clone(_Any_data& __dest, const _Any_data& __source, true_type)
        -:  151:	{
    #####:  152:	  ::new (__dest._M_access()) _Functor(__source._M_access<_Functor>());
    #####:  153:	}
------------------
        -:  154:
        -:  155:	// Clone a function object that is not location-invariant or
        -:  156:	// that cannot fit into an _Any_data structure.
        -:  157:	static void
    #####:  158:	_M_clone(_Any_data& __dest, const _Any_data& __source, false_type)
        -:  159:	{
    #####:  160:	  __dest._M_access<_Functor*>() =
    #####:  161:	    new _Functor(*__source._M_access<const _Functor*>());
    #####:  162:	}
------------------
std::_Function_base::_Base_manager<std::__detail::_BracketMatcher<std::__cxx11::regex_traits<char>, true, true> >::_M_clone(std::_Any_data&, std::_Any_data const&, std::integral_constant<bool, false>):
    #####:  158:	_M_clone(_Any_data& __dest, const _Any_data& __source, false_type)
        -:  159:	{
    #####:  160:	  __dest._M_access<_Functor*>() =
    #####:  161:	    new _Functor(*__source._M_access<const _Functor*>());
    #####:  162:	}
------------------
std::_Function_base::_Base_manager<std::__detail::_BracketMatcher<std::__cxx11::regex_traits<char>, true, false> >::_M_clone(std::_Any_data&, std::_Any_data const&, std::integral_constant<bool, false>):
    #####:  158:	_M_clone(_Any_data& __dest, const _Any_data& __source, false_type)
        -:  159:	{
    #####:  160:	  __dest._M_access<_Functor*>() =
    #####:  161:	    new _Functor(*__source._M_access<const _Functor*>());
    #####:  162:	}
------------------
std::_Function_base::_Base_manager<std::__detail::_BracketMatcher<std::__cxx11::regex_traits<char>, false, true> >::_M_clone(std::_Any_data&, std::_Any_data const&, std::integral_constant<bool, false>):
    #####:  158:	_M_clone(_Any_data& __dest, const _Any_data& __source, false_type)
        -:  159:	{
    #####:  160:	  __dest._M_access<_Functor*>() =
    #####:  161:	    new _Functor(*__source._M_access<const _Functor*>());
    #####:  162:	}
------------------
std::_Function_base::_Base_manager<std::__detail::_BracketMatcher<std::__cxx11::regex_traits<char>, false, false> >::_M_clone(std::_Any_data&, std::_Any_data const&, std::integral_constant<bool, false>):
    #####:  158:	_M_clone(_Any_data& __dest, const _Any_data& __source, false_type)
        -:  159:	{
    #####:  160:	  __dest._M_access<_Functor*>() =
    #####:  161:	    new _Functor(*__source._M_access<const _Functor*>());
    #####:  162:	}
------------------
        -:  163:
        -:  164:	// Destroying a location-invariant object may still require
        -:  165:	// destruction.
        -:  166:	static void
    #####:  167:	_M_destroy(_Any_data& __victim, true_type)
        -:  168:	{
    #####:  169:	  __victim._M_access<_Functor>().~_Functor();
    #####:  170:	}
------------------
std::_Function_base::_Base_manager<std::__detail::_CharMatcher<std::__cxx11::regex_traits<char>, true, true> >::_M_destroy(std::_Any_data&, std::integral_constant<bool, true>):
    #####:  167:	_M_destroy(_Any_data& __victim, true_type)
        -:  168:	{
    #####:  169:	  __victim._M_access<_Functor>().~_Functor();
    #####:  170:	}
------------------
std::_Function_base::_Base_manager<std::__detail::_CharMatcher<std::__cxx11::regex_traits<char>, true, false> >::_M_destroy(std::_Any_data&, std::integral_constant<bool, true>):
    #####:  167:	_M_destroy(_Any_data& __victim, true_type)
        -:  168:	{
    #####:  169:	  __victim._M_access<_Functor>().~_Functor();
    #####:  170:	}
------------------
std::_Function_base::_Base_manager<std::__detail::_CharMatcher<std::__cxx11::regex_traits<char>, false, true> >::_M_destroy(std::_Any_data&, std::integral_constant<bool, true>):
    #####:  167:	_M_destroy(_Any_data& __victim, true_type)
        -:  168:	{
    #####:  169:	  __victim._M_access<_Functor>().~_Functor();
    #####:  170:	}
------------------
std::_Function_base::_Base_manager<std::__detail::_CharMatcher<std::__cxx11::regex_traits<char>, false, false> >::_M_destroy(std::_Any_data&, std::integral_constant<bool, true>):
    #####:  167:	_M_destroy(_Any_data& __victim, true_type)
        -:  168:	{
    #####:  169:	  __victim._M_access<_Functor>().~_Functor();
    #####:  170:	}
------------------
std::_Function_base::_Base_manager<std::__detail::_AnyMatcher<std::__cxx11::regex_traits<char>, true, true, true> >::_M_destroy(std::_Any_data&, std::integral_constant<bool, true>):
    #####:  167:	_M_destroy(_Any_data& __victim, true_type)
        -:  168:	{
    #####:  169:	  __victim._M_access<_Functor>().~_Functor();
    #####:  170:	}
------------------
std::_Function_base::_Base_manager<std::__detail::_AnyMatcher<std::__cxx11::regex_traits<char>, true, true, false> >::_M_destroy(std::_Any_data&, std::integral_constant<bool, true>):
    #####:  167:	_M_destroy(_Any_data& __victim, true_type)
        -:  168:	{
    #####:  169:	  __victim._M_access<_Functor>().~_Functor();
    #####:  170:	}
------------------
std::_Function_base::_Base_manager<std::__detail::_AnyMatcher<std::__cxx11::regex_traits<char>, true, false, true> >::_M_destroy(std::_Any_data&, std::integral_constant<bool, true>):
    #####:  167:	_M_destroy(_Any_data& __victim, true_type)
        -:  168:	{
    #####:  169:	  __victim._M_access<_Functor>().~_Functor();
    #####:  170:	}
------------------
std::_Function_base::_Base_manager<std::__detail::_AnyMatcher<std::__cxx11::regex_traits<char>, true, false, false> >::_M_destroy(std::_Any_data&, std::integral_constant<bool, true>):
    #####:  167:	_M_destroy(_Any_data& __victim, true_type)
        -:  168:	{
    #####:  169:	  __victim._M_access<_Functor>().~_Functor();
    #####:  170:	}
------------------
std::_Function_base::_Base_manager<std::__detail::_AnyMatcher<std::__cxx11::regex_traits<char>, false, true, true> >::_M_destroy(std::_Any_data&, std::integral_constant<bool, true>):
    #####:  167:	_M_destroy(_Any_data& __victim, true_type)
        -:  168:	{
    #####:  169:	  __victim._M_access<_Functor>().~_Functor();
    #####:  170:	}
------------------
std::_Function_base::_Base_manager<std::__detail::_AnyMatcher<std::__cxx11::regex_traits<char>, false, true, false> >::_M_destroy(std::_Any_data&, std::integral_constant<bool, true>):
    #####:  167:	_M_destroy(_Any_data& __victim, true_type)
        -:  168:	{
    #####:  169:	  __victim._M_access<_Functor>().~_Functor();
    #####:  170:	}
------------------
std::_Function_base::_Base_manager<std::__detail::_AnyMatcher<std::__cxx11::regex_traits<char>, false, false, true> >::_M_destroy(std::_Any_data&, std::integral_constant<bool, true>):
    #####:  167:	_M_destroy(_Any_data& __victim, true_type)
        -:  168:	{
    #####:  169:	  __victim._M_access<_Functor>().~_Functor();
    #####:  170:	}
------------------
std::_Function_base::_Base_manager<std::__detail::_AnyMatcher<std::__cxx11::regex_traits<char>, false, false, false> >::_M_destroy(std::_Any_data&, std::integral_constant<bool, true>):
    #####:  167:	_M_destroy(_Any_data& __victim, true_type)
        -:  168:	{
    #####:  169:	  __victim._M_access<_Functor>().~_Functor();
    #####:  170:	}
------------------
        -:  171:
        -:  172:	// Destroying an object located on the heap.
        -:  173:	static void
    #####:  174:	_M_destroy(_Any_data& __victim, false_type)
        -:  175:	{
    #####:  176:	  delete __victim._M_access<_Functor*>();
    #####:  177:	}
------------------
std::_Function_base::_Base_manager<std::__detail::_BracketMatcher<std::__cxx11::regex_traits<char>, true, true> >::_M_destroy(std::_Any_data&, std::integral_constant<bool, false>):
    #####:  174:	_M_destroy(_Any_data& __victim, false_type)
        -:  175:	{
    #####:  176:	  delete __victim._M_access<_Functor*>();
    #####:  177:	}
------------------
std::_Function_base::_Base_manager<std::__detail::_BracketMatcher<std::__cxx11::regex_traits<char>, true, false> >::_M_destroy(std::_Any_data&, std::integral_constant<bool, false>):
    #####:  174:	_M_destroy(_Any_data& __victim, false_type)
        -:  175:	{
    #####:  176:	  delete __victim._M_access<_Functor*>();
    #####:  177:	}
------------------
std::_Function_base::_Base_manager<std::__detail::_BracketMatcher<std::__cxx11::regex_traits<char>, false, true> >::_M_destroy(std::_Any_data&, std::integral_constant<bool, false>):
    #####:  174:	_M_destroy(_Any_data& __victim, false_type)
        -:  175:	{
    #####:  176:	  delete __victim._M_access<_Functor*>();
    #####:  177:	}
------------------
std::_Function_base::_Base_manager<std::__detail::_BracketMatcher<std::__cxx11::regex_traits<char>, false, false> >::_M_destroy(std::_Any_data&, std::integral_constant<bool, false>):
    #####:  174:	_M_destroy(_Any_data& __victim, false_type)
        -:  175:	{
    #####:  176:	  delete __victim._M_access<_Functor*>();
    #####:  177:	}
------------------
        -:  178:
        -:  179:      public:
        -:  180:	static bool
    #####:  181:	_M_manager(_Any_data& __dest, const _Any_data& __source,
        -:  182:		   _Manager_operation __op)
        -:  183:	{
    #####:  184:	  switch (__op)
        -:  185:	    {
        -:  186:#if __cpp_rtti
    #####:  187:	    case __get_type_info:
    #####:  188:	      __dest._M_access<const type_info*>() = &typeid(_Functor);
    #####:  189:	      break;
        -:  190:#endif
    #####:  191:	    case __get_functor_ptr:
    #####:  192:	      __dest._M_access<_Functor*>() = _M_get_pointer(__source);
    #####:  193:	      break;
        -:  194:
    #####:  195:	    case __clone_functor:
    #####:  196:	      _M_clone(__dest, __source, _Local_storage());
    #####:  197:	      break;
        -:  198:
    #####:  199:	    case __destroy_functor:
    #####:  200:	      _M_destroy(__dest, _Local_storage());
    #####:  201:	      break;
        -:  202:	    }
    #####:  203:	  return false;
        -:  204:	}
------------------
std::_Function_base::_Base_manager<std::__detail::_BracketMatcher<std::__cxx11::regex_traits<char>, true, true> >::_M_manager(std::_Any_data&, std::_Any_data const&, std::_Manager_operation):
    #####:  181:	_M_manager(_Any_data& __dest, const _Any_data& __source,
        -:  182:		   _Manager_operation __op)
        -:  183:	{
    #####:  184:	  switch (__op)
        -:  185:	    {
        -:  186:#if __cpp_rtti
    #####:  187:	    case __get_type_info:
    #####:  188:	      __dest._M_access<const type_info*>() = &typeid(_Functor);
    #####:  189:	      break;
        -:  190:#endif
    #####:  191:	    case __get_functor_ptr:
    #####:  192:	      __dest._M_access<_Functor*>() = _M_get_pointer(__source);
    #####:  193:	      break;
        -:  194:
    #####:  195:	    case __clone_functor:
    #####:  196:	      _M_clone(__dest, __source, _Local_storage());
    #####:  197:	      break;
        -:  198:
    #####:  199:	    case __destroy_functor:
    #####:  200:	      _M_destroy(__dest, _Local_storage());
    #####:  201:	      break;
        -:  202:	    }
    #####:  203:	  return false;
        -:  204:	}
------------------
std::_Function_base::_Base_manager<std::__detail::_BracketMatcher<std::__cxx11::regex_traits<char>, true, false> >::_M_manager(std::_Any_data&, std::_Any_data const&, std::_Manager_operation):
    #####:  181:	_M_manager(_Any_data& __dest, const _Any_data& __source,
        -:  182:		   _Manager_operation __op)
        -:  183:	{
    #####:  184:	  switch (__op)
        -:  185:	    {
        -:  186:#if __cpp_rtti
    #####:  187:	    case __get_type_info:
    #####:  188:	      __dest._M_access<const type_info*>() = &typeid(_Functor);
    #####:  189:	      break;
        -:  190:#endif
    #####:  191:	    case __get_functor_ptr:
    #####:  192:	      __dest._M_access<_Functor*>() = _M_get_pointer(__source);
    #####:  193:	      break;
        -:  194:
    #####:  195:	    case __clone_functor:
    #####:  196:	      _M_clone(__dest, __source, _Local_storage());
    #####:  197:	      break;
        -:  198:
    #####:  199:	    case __destroy_functor:
    #####:  200:	      _M_destroy(__dest, _Local_storage());
    #####:  201:	      break;
        -:  202:	    }
    #####:  203:	  return false;
        -:  204:	}
------------------
std::_Function_base::_Base_manager<std::__detail::_BracketMatcher<std::__cxx11::regex_traits<char>, false, true> >::_M_manager(std::_Any_data&, std::_Any_data const&, std::_Manager_operation):
    #####:  181:	_M_manager(_Any_data& __dest, const _Any_data& __source,
        -:  182:		   _Manager_operation __op)
        -:  183:	{
    #####:  184:	  switch (__op)
        -:  185:	    {
        -:  186:#if __cpp_rtti
    #####:  187:	    case __get_type_info:
    #####:  188:	      __dest._M_access<const type_info*>() = &typeid(_Functor);
    #####:  189:	      break;
        -:  190:#endif
    #####:  191:	    case __get_functor_ptr:
    #####:  192:	      __dest._M_access<_Functor*>() = _M_get_pointer(__source);
    #####:  193:	      break;
        -:  194:
    #####:  195:	    case __clone_functor:
    #####:  196:	      _M_clone(__dest, __source, _Local_storage());
    #####:  197:	      break;
        -:  198:
    #####:  199:	    case __destroy_functor:
    #####:  200:	      _M_destroy(__dest, _Local_storage());
    #####:  201:	      break;
        -:  202:	    }
    #####:  203:	  return false;
        -:  204:	}
------------------
std::_Function_base::_Base_manager<std::__detail::_BracketMatcher<std::__cxx11::regex_traits<char>, false, false> >::_M_manager(std::_Any_data&, std::_Any_data const&, std::_Manager_operation):
    #####:  181:	_M_manager(_Any_data& __dest, const _Any_data& __source,
        -:  182:		   _Manager_operation __op)
        -:  183:	{
    #####:  184:	  switch (__op)
        -:  185:	    {
        -:  186:#if __cpp_rtti
    #####:  187:	    case __get_type_info:
    #####:  188:	      __dest._M_access<const type_info*>() = &typeid(_Functor);
    #####:  189:	      break;
        -:  190:#endif
    #####:  191:	    case __get_functor_ptr:
    #####:  192:	      __dest._M_access<_Functor*>() = _M_get_pointer(__source);
    #####:  193:	      break;
        -:  194:
    #####:  195:	    case __clone_functor:
    #####:  196:	      _M_clone(__dest, __source, _Local_storage());
    #####:  197:	      break;
        -:  198:
    #####:  199:	    case __destroy_functor:
    #####:  200:	      _M_destroy(__dest, _Local_storage());
    #####:  201:	      break;
        -:  202:	    }
    #####:  203:	  return false;
        -:  204:	}
------------------
std::_Function_base::_Base_manager<std::__detail::_CharMatcher<std::__cxx11::regex_traits<char>, true, true> >::_M_manager(std::_Any_data&, std::_Any_data const&, std::_Manager_operation):
    #####:  181:	_M_manager(_Any_data& __dest, const _Any_data& __source,
        -:  182:		   _Manager_operation __op)
        -:  183:	{
    #####:  184:	  switch (__op)
        -:  185:	    {
        -:  186:#if __cpp_rtti
    #####:  187:	    case __get_type_info:
    #####:  188:	      __dest._M_access<const type_info*>() = &typeid(_Functor);
    #####:  189:	      break;
        -:  190:#endif
    #####:  191:	    case __get_functor_ptr:
    #####:  192:	      __dest._M_access<_Functor*>() = _M_get_pointer(__source);
    #####:  193:	      break;
        -:  194:
    #####:  195:	    case __clone_functor:
    #####:  196:	      _M_clone(__dest, __source, _Local_storage());
    #####:  197:	      break;
        -:  198:
    #####:  199:	    case __destroy_functor:
    #####:  200:	      _M_destroy(__dest, _Local_storage());
    #####:  201:	      break;
        -:  202:	    }
    #####:  203:	  return false;
        -:  204:	}
------------------
std::_Function_base::_Base_manager<std::__detail::_CharMatcher<std::__cxx11::regex_traits<char>, true, false> >::_M_manager(std::_Any_data&, std::_Any_data const&, std::_Manager_operation):
    #####:  181:	_M_manager(_Any_data& __dest, const _Any_data& __source,
        -:  182:		   _Manager_operation __op)
        -:  183:	{
    #####:  184:	  switch (__op)
        -:  185:	    {
        -:  186:#if __cpp_rtti
    #####:  187:	    case __get_type_info:
    #####:  188:	      __dest._M_access<const type_info*>() = &typeid(_Functor);
    #####:  189:	      break;
        -:  190:#endif
    #####:  191:	    case __get_functor_ptr:
    #####:  192:	      __dest._M_access<_Functor*>() = _M_get_pointer(__source);
    #####:  193:	      break;
        -:  194:
    #####:  195:	    case __clone_functor:
    #####:  196:	      _M_clone(__dest, __source, _Local_storage());
    #####:  197:	      break;
        -:  198:
    #####:  199:	    case __destroy_functor:
    #####:  200:	      _M_destroy(__dest, _Local_storage());
    #####:  201:	      break;
        -:  202:	    }
    #####:  203:	  return false;
        -:  204:	}
------------------
std::_Function_base::_Base_manager<std::__detail::_CharMatcher<std::__cxx11::regex_traits<char>, false, true> >::_M_manager(std::_Any_data&, std::_Any_data const&, std::_Manager_operation):
    #####:  181:	_M_manager(_Any_data& __dest, const _Any_data& __source,
        -:  182:		   _Manager_operation __op)
        -:  183:	{
    #####:  184:	  switch (__op)
        -:  185:	    {
        -:  186:#if __cpp_rtti
    #####:  187:	    case __get_type_info:
    #####:  188:	      __dest._M_access<const type_info*>() = &typeid(_Functor);
    #####:  189:	      break;
        -:  190:#endif
    #####:  191:	    case __get_functor_ptr:
    #####:  192:	      __dest._M_access<_Functor*>() = _M_get_pointer(__source);
    #####:  193:	      break;
        -:  194:
    #####:  195:	    case __clone_functor:
    #####:  196:	      _M_clone(__dest, __source, _Local_storage());
    #####:  197:	      break;
        -:  198:
    #####:  199:	    case __destroy_functor:
    #####:  200:	      _M_destroy(__dest, _Local_storage());
    #####:  201:	      break;
        -:  202:	    }
    #####:  203:	  return false;
        -:  204:	}
------------------
std::_Function_base::_Base_manager<std::__detail::_CharMatcher<std::__cxx11::regex_traits<char>, false, false> >::_M_manager(std::_Any_data&, std::_Any_data const&, std::_Manager_operation):
    #####:  181:	_M_manager(_Any_data& __dest, const _Any_data& __source,
        -:  182:		   _Manager_operation __op)
        -:  183:	{
    #####:  184:	  switch (__op)
        -:  185:	    {
        -:  186:#if __cpp_rtti
    #####:  187:	    case __get_type_info:
    #####:  188:	      __dest._M_access<const type_info*>() = &typeid(_Functor);
    #####:  189:	      break;
        -:  190:#endif
    #####:  191:	    case __get_functor_ptr:
    #####:  192:	      __dest._M_access<_Functor*>() = _M_get_pointer(__source);
    #####:  193:	      break;
        -:  194:
    #####:  195:	    case __clone_functor:
    #####:  196:	      _M_clone(__dest, __source, _Local_storage());
    #####:  197:	      break;
        -:  198:
    #####:  199:	    case __destroy_functor:
    #####:  200:	      _M_destroy(__dest, _Local_storage());
    #####:  201:	      break;
        -:  202:	    }
    #####:  203:	  return false;
        -:  204:	}
------------------
std::_Function_base::_Base_manager<std::__detail::_AnyMatcher<std::__cxx11::regex_traits<char>, true, true, true> >::_M_manager(std::_Any_data&, std::_Any_data const&, std::_Manager_operation):
    #####:  181:	_M_manager(_Any_data& __dest, const _Any_data& __source,
        -:  182:		   _Manager_operation __op)
        -:  183:	{
    #####:  184:	  switch (__op)
        -:  185:	    {
        -:  186:#if __cpp_rtti
    #####:  187:	    case __get_type_info:
    #####:  188:	      __dest._M_access<const type_info*>() = &typeid(_Functor);
    #####:  189:	      break;
        -:  190:#endif
    #####:  191:	    case __get_functor_ptr:
    #####:  192:	      __dest._M_access<_Functor*>() = _M_get_pointer(__source);
    #####:  193:	      break;
        -:  194:
    #####:  195:	    case __clone_functor:
    #####:  196:	      _M_clone(__dest, __source, _Local_storage());
    #####:  197:	      break;
        -:  198:
    #####:  199:	    case __destroy_functor:
    #####:  200:	      _M_destroy(__dest, _Local_storage());
    #####:  201:	      break;
        -:  202:	    }
    #####:  203:	  return false;
        -:  204:	}
------------------
std::_Function_base::_Base_manager<std::__detail::_AnyMatcher<std::__cxx11::regex_traits<char>, true, true, false> >::_M_manager(std::_Any_data&, std::_Any_data const&, std::_Manager_operation):
    #####:  181:	_M_manager(_Any_data& __dest, const _Any_data& __source,
        -:  182:		   _Manager_operation __op)
        -:  183:	{
    #####:  184:	  switch (__op)
        -:  185:	    {
        -:  186:#if __cpp_rtti
    #####:  187:	    case __get_type_info:
    #####:  188:	      __dest._M_access<const type_info*>() = &typeid(_Functor);
    #####:  189:	      break;
        -:  190:#endif
    #####:  191:	    case __get_functor_ptr:
    #####:  192:	      __dest._M_access<_Functor*>() = _M_get_pointer(__source);
    #####:  193:	      break;
        -:  194:
    #####:  195:	    case __clone_functor:
    #####:  196:	      _M_clone(__dest, __source, _Local_storage());
    #####:  197:	      break;
        -:  198:
    #####:  199:	    case __destroy_functor:
    #####:  200:	      _M_destroy(__dest, _Local_storage());
    #####:  201:	      break;
        -:  202:	    }
    #####:  203:	  return false;
        -:  204:	}
------------------
std::_Function_base::_Base_manager<std::__detail::_AnyMatcher<std::__cxx11::regex_traits<char>, true, false, true> >::_M_manager(std::_Any_data&, std::_Any_data const&, std::_Manager_operation):
    #####:  181:	_M_manager(_Any_data& __dest, const _Any_data& __source,
        -:  182:		   _Manager_operation __op)
        -:  183:	{
    #####:  184:	  switch (__op)
        -:  185:	    {
        -:  186:#if __cpp_rtti
    #####:  187:	    case __get_type_info:
    #####:  188:	      __dest._M_access<const type_info*>() = &typeid(_Functor);
    #####:  189:	      break;
        -:  190:#endif
    #####:  191:	    case __get_functor_ptr:
    #####:  192:	      __dest._M_access<_Functor*>() = _M_get_pointer(__source);
    #####:  193:	      break;
        -:  194:
    #####:  195:	    case __clone_functor:
    #####:  196:	      _M_clone(__dest, __source, _Local_storage());
    #####:  197:	      break;
        -:  198:
    #####:  199:	    case __destroy_functor:
    #####:  200:	      _M_destroy(__dest, _Local_storage());
    #####:  201:	      break;
        -:  202:	    }
    #####:  203:	  return false;
        -:  204:	}
------------------
std::_Function_base::_Base_manager<std::__detail::_AnyMatcher<std::__cxx11::regex_traits<char>, true, false, false> >::_M_manager(std::_Any_data&, std::_Any_data const&, std::_Manager_operation):
    #####:  181:	_M_manager(_Any_data& __dest, const _Any_data& __source,
        -:  182:		   _Manager_operation __op)
        -:  183:	{
    #####:  184:	  switch (__op)
        -:  185:	    {
        -:  186:#if __cpp_rtti
    #####:  187:	    case __get_type_info:
    #####:  188:	      __dest._M_access<const type_info*>() = &typeid(_Functor);
    #####:  189:	      break;
        -:  190:#endif
    #####:  191:	    case __get_functor_ptr:
    #####:  192:	      __dest._M_access<_Functor*>() = _M_get_pointer(__source);
    #####:  193:	      break;
        -:  194:
    #####:  195:	    case __clone_functor:
    #####:  196:	      _M_clone(__dest, __source, _Local_storage());
    #####:  197:	      break;
        -:  198:
    #####:  199:	    case __destroy_functor:
    #####:  200:	      _M_destroy(__dest, _Local_storage());
    #####:  201:	      break;
        -:  202:	    }
    #####:  203:	  return false;
        -:  204:	}
------------------
std::_Function_base::_Base_manager<std::__detail::_AnyMatcher<std::__cxx11::regex_traits<char>, false, true, true> >::_M_manager(std::_Any_data&, std::_Any_data const&, std::_Manager_operation):
    #####:  181:	_M_manager(_Any_data& __dest, const _Any_data& __source,
        -:  182:		   _Manager_operation __op)
        -:  183:	{
    #####:  184:	  switch (__op)
        -:  185:	    {
        -:  186:#if __cpp_rtti
    #####:  187:	    case __get_type_info:
    #####:  188:	      __dest._M_access<const type_info*>() = &typeid(_Functor);
    #####:  189:	      break;
        -:  190:#endif
    #####:  191:	    case __get_functor_ptr:
    #####:  192:	      __dest._M_access<_Functor*>() = _M_get_pointer(__source);
    #####:  193:	      break;
        -:  194:
    #####:  195:	    case __clone_functor:
    #####:  196:	      _M_clone(__dest, __source, _Local_storage());
    #####:  197:	      break;
        -:  198:
    #####:  199:	    case __destroy_functor:
    #####:  200:	      _M_destroy(__dest, _Local_storage());
    #####:  201:	      break;
        -:  202:	    }
    #####:  203:	  return false;
        -:  204:	}
------------------
std::_Function_base::_Base_manager<std::__detail::_AnyMatcher<std::__cxx11::regex_traits<char>, false, true, false> >::_M_manager(std::_Any_data&, std::_Any_data const&, std::_Manager_operation):
    #####:  181:	_M_manager(_Any_data& __dest, const _Any_data& __source,
        -:  182:		   _Manager_operation __op)
        -:  183:	{
    #####:  184:	  switch (__op)
        -:  185:	    {
        -:  186:#if __cpp_rtti
    #####:  187:	    case __get_type_info:
    #####:  188:	      __dest._M_access<const type_info*>() = &typeid(_Functor);
    #####:  189:	      break;
        -:  190:#endif
    #####:  191:	    case __get_functor_ptr:
    #####:  192:	      __dest._M_access<_Functor*>() = _M_get_pointer(__source);
    #####:  193:	      break;
        -:  194:
    #####:  195:	    case __clone_functor:
    #####:  196:	      _M_clone(__dest, __source, _Local_storage());
    #####:  197:	      break;
        -:  198:
    #####:  199:	    case __destroy_functor:
    #####:  200:	      _M_destroy(__dest, _Local_storage());
    #####:  201:	      break;
        -:  202:	    }
    #####:  203:	  return false;
        -:  204:	}
------------------
std::_Function_base::_Base_manager<std::__detail::_AnyMatcher<std::__cxx11::regex_traits<char>, false, false, true> >::_M_manager(std::_Any_data&, std::_Any_data const&, std::_Manager_operation):
    #####:  181:	_M_manager(_Any_data& __dest, const _Any_data& __source,
        -:  182:		   _Manager_operation __op)
        -:  183:	{
    #####:  184:	  switch (__op)
        -:  185:	    {
        -:  186:#if __cpp_rtti
    #####:  187:	    case __get_type_info:
    #####:  188:	      __dest._M_access<const type_info*>() = &typeid(_Functor);
    #####:  189:	      break;
        -:  190:#endif
    #####:  191:	    case __get_functor_ptr:
    #####:  192:	      __dest._M_access<_Functor*>() = _M_get_pointer(__source);
    #####:  193:	      break;
        -:  194:
    #####:  195:	    case __clone_functor:
    #####:  196:	      _M_clone(__dest, __source, _Local_storage());
    #####:  197:	      break;
        -:  198:
    #####:  199:	    case __destroy_functor:
    #####:  200:	      _M_destroy(__dest, _Local_storage());
    #####:  201:	      break;
        -:  202:	    }
    #####:  203:	  return false;
        -:  204:	}
------------------
std::_Function_base::_Base_manager<std::__detail::_AnyMatcher<std::__cxx11::regex_traits<char>, false, false, false> >::_M_manager(std::_Any_data&, std::_Any_data const&, std::_Manager_operation):
    #####:  181:	_M_manager(_Any_data& __dest, const _Any_data& __source,
        -:  182:		   _Manager_operation __op)
        -:  183:	{
    #####:  184:	  switch (__op)
        -:  185:	    {
        -:  186:#if __cpp_rtti
    #####:  187:	    case __get_type_info:
    #####:  188:	      __dest._M_access<const type_info*>() = &typeid(_Functor);
    #####:  189:	      break;
        -:  190:#endif
    #####:  191:	    case __get_functor_ptr:
    #####:  192:	      __dest._M_access<_Functor*>() = _M_get_pointer(__source);
    #####:  193:	      break;
        -:  194:
    #####:  195:	    case __clone_functor:
    #####:  196:	      _M_clone(__dest, __source, _Local_storage());
    #####:  197:	      break;
        -:  198:
    #####:  199:	    case __destroy_functor:
    #####:  200:	      _M_destroy(__dest, _Local_storage());
    #####:  201:	      break;
        -:  202:	    }
    #####:  203:	  return false;
        -:  204:	}
------------------
        -:  205:
        -:  206:	static void
    #####:  207:	_M_init_functor(_Any_data& __functor, _Functor&& __f)
    #####:  208:	{ _M_init_functor(__functor, std::move(__f), _Local_storage()); }
------------------
std::_Function_base::_Base_manager<std::__detail::_BracketMatcher<std::__cxx11::regex_traits<char>, true, true> >::_M_init_functor(std::_Any_data&, std::__detail::_BracketMatcher<std::__cxx11::regex_traits<char>, true, true>&&):
    #####:  207:	_M_init_functor(_Any_data& __functor, _Functor&& __f)
    #####:  208:	{ _M_init_functor(__functor, std::move(__f), _Local_storage()); }
------------------
std::_Function_base::_Base_manager<std::__detail::_BracketMatcher<std::__cxx11::regex_traits<char>, true, false> >::_M_init_functor(std::_Any_data&, std::__detail::_BracketMatcher<std::__cxx11::regex_traits<char>, true, false>&&):
    #####:  207:	_M_init_functor(_Any_data& __functor, _Functor&& __f)
    #####:  208:	{ _M_init_functor(__functor, std::move(__f), _Local_storage()); }
------------------
std::_Function_base::_Base_manager<std::__detail::_BracketMatcher<std::__cxx11::regex_traits<char>, false, true> >::_M_init_functor(std::_Any_data&, std::__detail::_BracketMatcher<std::__cxx11::regex_traits<char>, false, true>&&):
    #####:  207:	_M_init_functor(_Any_data& __functor, _Functor&& __f)
    #####:  208:	{ _M_init_functor(__functor, std::move(__f), _Local_storage()); }
------------------
std::_Function_base::_Base_manager<std::__detail::_BracketMatcher<std::__cxx11::regex_traits<char>, false, false> >::_M_init_functor(std::_Any_data&, std::__detail::_BracketMatcher<std::__cxx11::regex_traits<char>, false, false>&&):
    #####:  207:	_M_init_functor(_Any_data& __functor, _Functor&& __f)
    #####:  208:	{ _M_init_functor(__functor, std::move(__f), _Local_storage()); }
------------------
std::_Function_base::_Base_manager<std::__detail::_CharMatcher<std::__cxx11::regex_traits<char>, true, true> >::_M_init_functor(std::_Any_data&, std::__detail::_CharMatcher<std::__cxx11::regex_traits<char>, true, true>&&):
    #####:  207:	_M_init_functor(_Any_data& __functor, _Functor&& __f)
    #####:  208:	{ _M_init_functor(__functor, std::move(__f), _Local_storage()); }
------------------
std::_Function_base::_Base_manager<std::__detail::_CharMatcher<std::__cxx11::regex_traits<char>, true, false> >::_M_init_functor(std::_Any_data&, std::__detail::_CharMatcher<std::__cxx11::regex_traits<char>, true, false>&&):
    #####:  207:	_M_init_functor(_Any_data& __functor, _Functor&& __f)
    #####:  208:	{ _M_init_functor(__functor, std::move(__f), _Local_storage()); }
------------------
std::_Function_base::_Base_manager<std::__detail::_CharMatcher<std::__cxx11::regex_traits<char>, false, true> >::_M_init_functor(std::_Any_data&, std::__detail::_CharMatcher<std::__cxx11::regex_traits<char>, false, true>&&):
    #####:  207:	_M_init_functor(_Any_data& __functor, _Functor&& __f)
    #####:  208:	{ _M_init_functor(__functor, std::move(__f), _Local_storage()); }
------------------
std::_Function_base::_Base_manager<std::__detail::_CharMatcher<std::__cxx11::regex_traits<char>, false, false> >::_M_init_functor(std::_Any_data&, std::__detail::_CharMatcher<std::__cxx11::regex_traits<char>, false, false>&&):
    #####:  207:	_M_init_functor(_Any_data& __functor, _Functor&& __f)
    #####:  208:	{ _M_init_functor(__functor, std::move(__f), _Local_storage()); }
------------------
std::_Function_base::_Base_manager<std::__detail::_AnyMatcher<std::__cxx11::regex_traits<char>, true, true, true> >::_M_init_functor(std::_Any_data&, std::__detail::_AnyMatcher<std::__cxx11::regex_traits<char>, true, true, true>&&):
    #####:  207:	_M_init_functor(_Any_data& __functor, _Functor&& __f)
    #####:  208:	{ _M_init_functor(__functor, std::move(__f), _Local_storage()); }
------------------
std::_Function_base::_Base_manager<std::__detail::_AnyMatcher<std::__cxx11::regex_traits<char>, true, true, false> >::_M_init_functor(std::_Any_data&, std::__detail::_AnyMatcher<std::__cxx11::regex_traits<char>, true, true, false>&&):
    #####:  207:	_M_init_functor(_Any_data& __functor, _Functor&& __f)
    #####:  208:	{ _M_init_functor(__functor, std::move(__f), _Local_storage()); }
------------------
std::_Function_base::_Base_manager<std::__detail::_AnyMatcher<std::__cxx11::regex_traits<char>, true, false, true> >::_M_init_functor(std::_Any_data&, std::__detail::_AnyMatcher<std::__cxx11::regex_traits<char>, true, false, true>&&):
    #####:  207:	_M_init_functor(_Any_data& __functor, _Functor&& __f)
    #####:  208:	{ _M_init_functor(__functor, std::move(__f), _Local_storage()); }
------------------
std::_Function_base::_Base_manager<std::__detail::_AnyMatcher<std::__cxx11::regex_traits<char>, true, false, false> >::_M_init_functor(std::_Any_data&, std::__detail::_AnyMatcher<std::__cxx11::regex_traits<char>, true, false, false>&&):
    #####:  207:	_M_init_functor(_Any_data& __functor, _Functor&& __f)
    #####:  208:	{ _M_init_functor(__functor, std::move(__f), _Local_storage()); }
------------------
std::_Function_base::_Base_manager<std::__detail::_AnyMatcher<std::__cxx11::regex_traits<char>, false, true, true> >::_M_init_functor(std::_Any_data&, std::__detail::_AnyMatcher<std::__cxx11::regex_traits<char>, false, true, true>&&):
    #####:  207:	_M_init_functor(_Any_data& __functor, _Functor&& __f)
    #####:  208:	{ _M_init_functor(__functor, std::move(__f), _Local_storage()); }
------------------
std::_Function_base::_Base_manager<std::__detail::_AnyMatcher<std::__cxx11::regex_traits<char>, false, true, false> >::_M_init_functor(std::_Any_data&, std::__detail::_AnyMatcher<std::__cxx11::regex_traits<char>, false, true, false>&&):
    #####:  207:	_M_init_functor(_Any_data& __functor, _Functor&& __f)
    #####:  208:	{ _M_init_functor(__functor, std::move(__f), _Local_storage()); }
------------------
std::_Function_base::_Base_manager<std::__detail::_AnyMatcher<std::__cxx11::regex_traits<char>, false, false, true> >::_M_init_functor(std::_Any_data&, std::__detail::_AnyMatcher<std::__cxx11::regex_traits<char>, false, false, true>&&):
    #####:  207:	_M_init_functor(_Any_data& __functor, _Functor&& __f)
    #####:  208:	{ _M_init_functor(__functor, std::move(__f), _Local_storage()); }
------------------
std::_Function_base::_Base_manager<std::__detail::_AnyMatcher<std::__cxx11::regex_traits<char>, false, false, false> >::_M_init_functor(std::_Any_data&, std::__detail::_AnyMatcher<std::__cxx11::regex_traits<char>, false, false, false>&&):
    #####:  207:	_M_init_functor(_Any_data& __functor, _Functor&& __f)
    #####:  208:	{ _M_init_functor(__functor, std::move(__f), _Local_storage()); }
------------------
        -:  209:
        -:  210:	template<typename _Signature>
        -:  211:	  static bool
        -:  212:	  _M_not_empty_function(const function<_Signature>& __f)
        -:  213:	  { return static_cast<bool>(__f); }
        -:  214:
        -:  215:	template<typename _Tp>
        -:  216:	  static bool
        -:  217:	  _M_not_empty_function(_Tp* __fp)
        -:  218:	  { return __fp != nullptr; }
        -:  219:
        -:  220:	template<typename _Class, typename _Tp>
        -:  221:	  static bool
        -:  222:	  _M_not_empty_function(_Tp _Class::* __mp)
        -:  223:	  { return __mp != nullptr; }
        -:  224:
        -:  225:	template<typename _Tp>
        -:  226:	  static bool
    #####:  227:	  _M_not_empty_function(const _Tp&)
    #####:  228:	  { return true; }
------------------
bool std::_Function_base::_Base_manager<std::__detail::_BracketMatcher<std::__cxx11::regex_traits<char>, true, true> >::_M_not_empty_function<std::__detail::_BracketMatcher<std::__cxx11::regex_traits<char>, true, true> >(std::__detail::_BracketMatcher<std::__cxx11::regex_traits<char>, true, true> const&):
    #####:  227:	  _M_not_empty_function(const _Tp&)
    #####:  228:	  { return true; }
------------------
bool std::_Function_base::_Base_manager<std::__detail::_BracketMatcher<std::__cxx11::regex_traits<char>, true, false> >::_M_not_empty_function<std::__detail::_BracketMatcher<std::__cxx11::regex_traits<char>, true, false> >(std::__detail::_BracketMatcher<std::__cxx11::regex_traits<char>, true, false> const&):
    #####:  227:	  _M_not_empty_function(const _Tp&)
    #####:  228:	  { return true; }
------------------
bool std::_Function_base::_Base_manager<std::__detail::_BracketMatcher<std::__cxx11::regex_traits<char>, false, true> >::_M_not_empty_function<std::__detail::_BracketMatcher<std::__cxx11::regex_traits<char>, false, true> >(std::__detail::_BracketMatcher<std::__cxx11::regex_traits<char>, false, true> const&):
    #####:  227:	  _M_not_empty_function(const _Tp&)
    #####:  228:	  { return true; }
------------------
bool std::_Function_base::_Base_manager<std::__detail::_BracketMatcher<std::__cxx11::regex_traits<char>, false, false> >::_M_not_empty_function<std::__detail::_BracketMatcher<std::__cxx11::regex_traits<char>, false, false> >(std::__detail::_BracketMatcher<std::__cxx11::regex_traits<char>, false, false> const&):
    #####:  227:	  _M_not_empty_function(const _Tp&)
    #####:  228:	  { return true; }
------------------
bool std::_Function_base::_Base_manager<std::__detail::_CharMatcher<std::__cxx11::regex_traits<char>, true, true> >::_M_not_empty_function<std::__detail::_CharMatcher<std::__cxx11::regex_traits<char>, true, true> >(std::__detail::_CharMatcher<std::__cxx11::regex_traits<char>, true, true> const&):
    #####:  227:	  _M_not_empty_function(const _Tp&)
    #####:  228:	  { return true; }
------------------
bool std::_Function_base::_Base_manager<std::__detail::_CharMatcher<std::__cxx11::regex_traits<char>, true, false> >::_M_not_empty_function<std::__detail::_CharMatcher<std::__cxx11::regex_traits<char>, true, false> >(std::__detail::_CharMatcher<std::__cxx11::regex_traits<char>, true, false> const&):
    #####:  227:	  _M_not_empty_function(const _Tp&)
    #####:  228:	  { return true; }
------------------
bool std::_Function_base::_Base_manager<std::__detail::_CharMatcher<std::__cxx11::regex_traits<char>, false, true> >::_M_not_empty_function<std::__detail::_CharMatcher<std::__cxx11::regex_traits<char>, false, true> >(std::__detail::_CharMatcher<std::__cxx11::regex_traits<char>, false, true> const&):
    #####:  227:	  _M_not_empty_function(const _Tp&)
    #####:  228:	  { return true; }
------------------
bool std::_Function_base::_Base_manager<std::__detail::_CharMatcher<std::__cxx11::regex_traits<char>, false, false> >::_M_not_empty_function<std::__detail::_CharMatcher<std::__cxx11::regex_traits<char>, false, false> >(std::__detail::_CharMatcher<std::__cxx11::regex_traits<char>, false, false> const&):
    #####:  227:	  _M_not_empty_function(const _Tp&)
    #####:  228:	  { return true; }
------------------
bool std::_Function_base::_Base_manager<std::__detail::_AnyMatcher<std::__cxx11::regex_traits<char>, true, true, true> >::_M_not_empty_function<std::__detail::_AnyMatcher<std::__cxx11::regex_traits<char>, true, true, true> >(std::__detail::_AnyMatcher<std::__cxx11::regex_traits<char>, true, true, true> const&):
    #####:  227:	  _M_not_empty_function(const _Tp&)
    #####:  228:	  { return true; }
------------------
bool std::_Function_base::_Base_manager<std::__detail::_AnyMatcher<std::__cxx11::regex_traits<char>, true, true, false> >::_M_not_empty_function<std::__detail::_AnyMatcher<std::__cxx11::regex_traits<char>, true, true, false> >(std::__detail::_AnyMatcher<std::__cxx11::regex_traits<char>, true, true, false> const&):
    #####:  227:	  _M_not_empty_function(const _Tp&)
    #####:  228:	  { return true; }
------------------
bool std::_Function_base::_Base_manager<std::__detail::_AnyMatcher<std::__cxx11::regex_traits<char>, true, false, true> >::_M_not_empty_function<std::__detail::_AnyMatcher<std::__cxx11::regex_traits<char>, true, false, true> >(std::__detail::_AnyMatcher<std::__cxx11::regex_traits<char>, true, false, true> const&):
    #####:  227:	  _M_not_empty_function(const _Tp&)
    #####:  228:	  { return true; }
------------------
bool std::_Function_base::_Base_manager<std::__detail::_AnyMatcher<std::__cxx11::regex_traits<char>, true, false, false> >::_M_not_empty_function<std::__detail::_AnyMatcher<std::__cxx11::regex_traits<char>, true, false, false> >(std::__detail::_AnyMatcher<std::__cxx11::regex_traits<char>, true, false, false> const&):
    #####:  227:	  _M_not_empty_function(const _Tp&)
    #####:  228:	  { return true; }
------------------
bool std::_Function_base::_Base_manager<std::__detail::_AnyMatcher<std::__cxx11::regex_traits<char>, false, true, true> >::_M_not_empty_function<std::__detail::_AnyMatcher<std::__cxx11::regex_traits<char>, false, true, true> >(std::__detail::_AnyMatcher<std::__cxx11::regex_traits<char>, false, true, true> const&):
    #####:  227:	  _M_not_empty_function(const _Tp&)
    #####:  228:	  { return true; }
------------------
bool std::_Function_base::_Base_manager<std::__detail::_AnyMatcher<std::__cxx11::regex_traits<char>, false, true, false> >::_M_not_empty_function<std::__detail::_AnyMatcher<std::__cxx11::regex_traits<char>, false, true, false> >(std::__detail::_AnyMatcher<std::__cxx11::regex_traits<char>, false, true, false> const&):
    #####:  227:	  _M_not_empty_function(const _Tp&)
    #####:  228:	  { return true; }
------------------
[...]
        -:  588:    function(const function& __x)
    #####:  589:    : _Function_base()
        -:  590:    {
    #####:  591:      if (static_cast<bool>(__x))
        -:  592:	{
    #####:  593:	  __x._M_manager(_M_functor, __x._M_functor, __clone_functor);
    #####:  594:	  _M_invoker = __x._M_invoker;
    #####:  595:	  _M_manager = __x._M_manager;
        -:  596:	}
    #####:  597:    }
        -:  598:
        -:  599:  template<typename _Res, typename... _ArgTypes>
        -:  600:    template<typename _Functor, typename, typename>
    #####:  601:      function<_Res(_ArgTypes...)>::
        -:  602:      function(_Functor __f)
    #####:  603:      : _Function_base()
        -:  604:      {
        -:  605:	typedef _Function_handler<_Res(_ArgTypes...), _Functor> _My_handler;
        -:  606:
    #####:  607:	if (_My_handler::_M_not_empty_function(__f))
        -:  608:	  {
    #####:  609:	    _My_handler::_M_init_functor(_M_functor, std::move(__f));
    #####:  610:	    _M_invoker = &_My_handler::_M_invoke;
    #####:  611:	    _M_manager = &_My_handler::_M_manager;
        -:  612:	  }
    #####:  613:      }
------------------
std::function<bool (char)>::function<std::__detail::_BracketMatcher<std::__cxx11::regex_traits<char>, true, true>, void, void>(std::__detail::_BracketMatcher<std::__cxx11::regex_traits<char>, true, true>):
    #####:  601:      function<_Res(_ArgTypes...)>::
        -:  602:      function(_Functor __f)
    #####:  603:      : _Function_base()
        -:  604:      {
        -:  605:	typedef _Function_handler<_Res(_ArgTypes...), _Functor> _My_handler;
        -:  606:
    #####:  607:	if (_My_handler::_M_not_empty_function(__f))
        -:  608:	  {
    #####:  609:	    _My_handler::_M_init_functor(_M_functor, std::move(__f));
    #####:  610:	    _M_invoker = &_My_handler::_M_invoke;
    #####:  611:	    _M_manager = &_My_handler::_M_manager;
        -:  612:	  }
    #####:  613:      }
------------------
std::function<bool (char)>::function<std::__detail::_BracketMatcher<std::__cxx11::regex_traits<char>, true, false>, void, void>(std::__detail::_BracketMatcher<std::__cxx11::regex_traits<char>, true, false>):
    #####:  601:      function<_Res(_ArgTypes...)>::
        -:  602:      function(_Functor __f)
    #####:  603:      : _Function_base()
        -:  604:      {
        -:  605:	typedef _Function_handler<_Res(_ArgTypes...), _Functor> _My_handler;
        -:  606:
    #####:  607:	if (_My_handler::_M_not_empty_function(__f))
        -:  608:	  {
    #####:  609:	    _My_handler::_M_init_functor(_M_functor, std::move(__f));
    #####:  610:	    _M_invoker = &_My_handler::_M_invoke;
    #####:  611:	    _M_manager = &_My_handler::_M_manager;
        -:  612:	  }
    #####:  613:      }
------------------
std::function<bool (char)>::function<std::__detail::_BracketMatcher<std::__cxx11::regex_traits<char>, false, true>, void, void>(std::__detail::_BracketMatcher<std::__cxx11::regex_traits<char>, false, true>):
    #####:  601:      function<_Res(_ArgTypes...)>::
        -:  602:      function(_Functor __f)
    #####:  603:      : _Function_base()
        -:  604:      {
        -:  605:	typedef _Function_handler<_Res(_ArgTypes...), _Functor> _My_handler;
        -:  606:
    #####:  607:	if (_My_handler::_M_not_empty_function(__f))
        -:  608:	  {
    #####:  609:	    _My_handler::_M_init_functor(_M_functor, std::move(__f));
    #####:  610:	    _M_invoker = &_My_handler::_M_invoke;
    #####:  611:	    _M_manager = &_My_handler::_M_manager;
        -:  612:	  }
    #####:  613:      }
------------------
std::function<bool (char)>::function<std::__detail::_BracketMatcher<std::__cxx11::regex_traits<char>, false, false>, void, void>(std::__detail::_BracketMatcher<std::__cxx11::regex_traits<char>, false, false>):
    #####:  601:      function<_Res(_ArgTypes...)>::
        -:  602:      function(_Functor __f)
    #####:  603:      : _Function_base()
        -:  604:      {
        -:  605:	typedef _Function_handler<_Res(_ArgTypes...), _Functor> _My_handler;
        -:  606:
    #####:  607:	if (_My_handler::_M_not_empty_function(__f))
        -:  608:	  {
    #####:  609:	    _My_handler::_M_init_functor(_M_functor, std::move(__f));
    #####:  610:	    _M_invoker = &_My_handler::_M_invoke;
    #####:  611:	    _M_manager = &_My_handler::_M_manager;
        -:  612:	  }
    #####:  613:      }
------------------
std::function<bool (char)>::function<std::__detail::_CharMatcher<std::__cxx11::regex_traits<char>, true, true>, void, void>(std::__detail::_CharMatcher<std::__cxx11::regex_traits<char>, true, true>):
    #####:  601:      function<_Res(_ArgTypes...)>::
        -:  602:      function(_Functor __f)
    #####:  603:      : _Function_base()
        -:  604:      {
        -:  605:	typedef _Function_handler<_Res(_ArgTypes...), _Functor> _My_handler;
        -:  606:
    #####:  607:	if (_My_handler::_M_not_empty_function(__f))
        -:  608:	  {
    #####:  609:	    _My_handler::_M_init_functor(_M_functor, std::move(__f));
    #####:  610:	    _M_invoker = &_My_handler::_M_invoke;
    #####:  611:	    _M_manager = &_My_handler::_M_manager;
        -:  612:	  }
    #####:  613:      }
------------------
std::function<bool (char)>::function<std::__detail::_CharMatcher<std::__cxx11::regex_traits<char>, true, false>, void, void>(std::__detail::_CharMatcher<std::__cxx11::regex_traits<char>, true, false>):
    #####:  601:      function<_Res(_ArgTypes...)>::
        -:  602:      function(_Functor __f)
    #####:  603:      : _Function_base()
        -:  604:      {
        -:  605:	typedef _Function_handler<_Res(_ArgTypes...), _Functor> _My_handler;
        -:  606:
    #####:  607:	if (_My_handler::_M_not_empty_function(__f))
        -:  608:	  {
    #####:  609:	    _My_handler::_M_init_functor(_M_functor, std::move(__f));
    #####:  610:	    _M_invoker = &_My_handler::_M_invoke;
    #####:  611:	    _M_manager = &_My_handler::_M_manager;
        -:  612:	  }
    #####:  613:      }
------------------
std::function<bool (char)>::function<std::__detail::_CharMatcher<std::__cxx11::regex_traits<char>, false, true>, void, void>(std::__detail::_CharMatcher<std::__cxx11::regex_traits<char>, false, true>):
    #####:  601:      function<_Res(_ArgTypes...)>::
        -:  602:      function(_Functor __f)
    #####:  603:      : _Function_base()
        -:  604:      {
        -:  605:	typedef _Function_handler<_Res(_ArgTypes...), _Functor> _My_handler;
        -:  606:
    #####:  607:	if (_My_handler::_M_not_empty_function(__f))
        -:  608:	  {
    #####:  609:	    _My_handler::_M_init_functor(_M_functor, std::move(__f));
    #####:  610:	    _M_invoker = &_My_handler::_M_invoke;
    #####:  611:	    _M_manager = &_My_handler::_M_manager;
        -:  612:	  }
    #####:  613:      }
------------------
std::function<bool (char)>::function<std::__detail::_CharMatcher<std::__cxx11::regex_traits<char>, false, false>, void, void>(std::__detail::_CharMatcher<std::__cxx11::regex_traits<char>, false, false>):
    #####:  601:      function<_Res(_ArgTypes...)>::
        -:  602:      function(_Functor __f)
    #####:  603:      : _Function_base()
        -:  604:      {
        -:  605:	typedef _Function_handler<_Res(_ArgTypes...), _Functor> _My_handler;
        -:  606:
    #####:  607:	if (_My_handler::_M_not_empty_function(__f))
        -:  608:	  {
    #####:  609:	    _My_handler::_M_init_functor(_M_functor, std::move(__f));
    #####:  610:	    _M_invoker = &_My_handler::_M_invoke;
    #####:  611:	    _M_manager = &_My_handler::_M_manager;
        -:  612:	  }
    #####:  613:      }
------------------
std::function<bool (char)>::function<std::__detail::_AnyMatcher<std::__cxx11::regex_traits<char>, true, true, true>, void, void>(std::__detail::_AnyMatcher<std::__cxx11::regex_traits<char>, true, true, true>):
    #####:  601:      function<_Res(_ArgTypes...)>::
        -:  602:      function(_Functor __f)
    #####:  603:      : _Function_base()
        -:  604:      {
        -:  605:	typedef _Function_handler<_Res(_ArgTypes...), _Functor> _My_handler;
        -:  606:
    #####:  607:	if (_My_handler::_M_not_empty_function(__f))
        -:  608:	  {
    #####:  609:	    _My_handler::_M_init_functor(_M_functor, std::move(__f));
    #####:  610:	    _M_invoker = &_My_handler::_M_invoke;
    #####:  611:	    _M_manager = &_My_handler::_M_manager;
        -:  612:	  }
    #####:  613:      }
------------------
std::function<bool (char)>::function<std::__detail::_AnyMatcher<std::__cxx11::regex_traits<char>, true, true, false>, void, void>(std::__detail::_AnyMatcher<std::__cxx11::regex_traits<char>, true, true, false>):
    #####:  601:      function<_Res(_ArgTypes...)>::
        -:  602:      function(_Functor __f)
    #####:  603:      : _Function_base()
        -:  604:      {
        -:  605:	typedef _Function_handler<_Res(_ArgTypes...), _Functor> _My_handler;
        -:  606:
    #####:  607:	if (_My_handler::_M_not_empty_function(__f))
        -:  608:	  {
    #####:  609:	    _My_handler::_M_init_functor(_M_functor, std::move(__f));
    #####:  610:	    _M_invoker = &_My_handler::_M_invoke;
    #####:  611:	    _M_manager = &_My_handler::_M_manager;
        -:  612:	  }
    #####:  613:      }
------------------
std::function<bool (char)>::function<std::__detail::_AnyMatcher<std::__cxx11::regex_traits<char>, true, false, true>, void, void>(std::__detail::_AnyMatcher<std::__cxx11::regex_traits<char>, true, false, true>):
    #####:  601:      function<_Res(_ArgTypes...)>::
        -:  602:      function(_Functor __f)
    #####:  603:      : _Function_base()
        -:  604:      {
        -:  605:	typedef _Function_handler<_Res(_ArgTypes...), _Functor> _My_handler;
        -:  606:
    #####:  607:	if (_My_handler::_M_not_empty_function(__f))
        -:  608:	  {
    #####:  609:	    _My_handler::_M_init_functor(_M_functor, std::move(__f));
    #####:  610:	    _M_invoker = &_My_handler::_M_invoke;
    #####:  611:	    _M_manager = &_My_handler::_M_manager;
        -:  612:	  }
    #####:  613:      }
------------------
std::function<bool (char)>::function<std::__detail::_AnyMatcher<std::__cxx11::regex_traits<char>, true, false, false>, void, void>(std::__detail::_AnyMatcher<std::__cxx11::regex_traits<char>, true, false, false>):
    #####:  601:      function<_Res(_ArgTypes...)>::
        -:  602:      function(_Functor __f)
    #####:  603:      : _Function_base()
        -:  604:      {
        -:  605:	typedef _Function_handler<_Res(_ArgTypes...), _Functor> _My_handler;
        -:  606:
    #####:  607:	if (_My_handler::_M_not_empty_function(__f))
        -:  608:	  {
    #####:  609:	    _My_handler::_M_init_functor(_M_functor, std::move(__f));
    #####:  610:	    _M_invoker = &_My_handler::_M_invoke;
    #####:  611:	    _M_manager = &_My_handler::_M_manager;
        -:  612:	  }
    #####:  613:      }
------------------
std::function<bool (char)>::function<std::__detail::_AnyMatcher<std::__cxx11::regex_traits<char>, false, true, true>, void, void>(std::__detail::_AnyMatcher<std::__cxx11::regex_traits<char>, false, true, true>):
    #####:  601:      function<_Res(_ArgTypes...)>::
        -:  602:      function(_Functor __f)
    #####:  603:      : _Function_base()
        -:  604:      {
        -:  605:	typedef _Function_handler<_Res(_ArgTypes...), _Functor> _My_handler;
        -:  606:
    #####:  607:	if (_My_handler::_M_not_empty_function(__f))
        -:  608:	  {
    #####:  609:	    _My_handler::_M_init_functor(_M_functor, std::move(__f));
    #####:  610:	    _M_invoker = &_My_handler::_M_invoke;
    #####:  611:	    _M_manager = &_My_handler::_M_manager;
        -:  612:	  }
    #####:  613:      }
------------------
std::function<bool (char)>::function<std::__detail::_AnyMatcher<std::__cxx11::regex_traits<char>, false, true, false>, void, void>(std::__detail::_AnyMatcher<std::__cxx11::regex_traits<char>, false, true, false>):
    #####:  601:      function<_Res(_ArgTypes...)>::
        -:  602:      function(_Functor __f)
    #####:  603:      : _Function_base()
        -:  604:      {
        -:  605:	typedef _Function_handler<_Res(_ArgTypes...), _Functor> _My_handler;
        -:  606:
    #####:  607:	if (_My_handler::_M_not_empty_function(__f))
        -:  608:	  {
    #####:  609:	    _My_handler::_M_init_functor(_M_functor, std::move(__f));
    #####:  610:	    _M_invoker = &_My_handler::_M_invoke;
    #####:  611:	    _M_manager = &_My_handler::_M_manager;
        -:  612:	  }
    #####:  613:      }
------------------
std::function<bool (char)>::function<std::__detail::_AnyMatcher<std::__cxx11::regex_traits<char>, false, false, true>, void, void>(std::__detail::_AnyMatcher<std::__cxx11::regex_traits<char>, false, false, true>):
    #####:  601:      function<_Res(_ArgTypes...)>::
        -:  602:      function(_Functor __f)
    #####:  603:      : _Function_base()
        -:  604:      {
        -:  605:	typedef _Function_handler<_Res(_ArgTypes...), _Functor> _My_handler;
        -:  606:
    #####:  607:	if (_My_handler::_M_not_empty_function(__f))
        -:  608:	  {
    #####:  609:	    _My_handler::_M_init_functor(_M_functor, std::move(__f));
    #####:  610:	    _M_invoker = &_My_handler::_M_invoke;
    #####:  611:	    _M_manager = &_My_handler::_M_manager;
        -:  612:	  }
    #####:  613:      }
------------------
std::function<bool (char)>::function<std::__detail::_AnyMatcher<std::__cxx11::regex_traits<char>, false, false, false>, void, void>(std::__detail::_AnyMatcher<std::__cxx11::regex_traits<char>, false, false, false>):
    #####:  601:      function<_Res(_ArgTypes...)>::
        -:  602:      function(_Functor __f)
    #####:  603:      : _Function_base()
        -:  604:      {
        -:  605:	typedef _Function_handler<_Res(_ArgTypes...), _Functor> _My_handler;
        -:  606:
    #####:  607:	if (_My_handler::_M_not_empty_function(__f))
        -:  608:	  {
    #####:  609:	    _My_handler::_M_init_functor(_M_functor, std::move(__f));
    #####:  610:	    _M_invoker = &_My_handler::_M_invoke;
    #####:  611:	    _M_manager = &_My_handler::_M_manager;
        -:  612:	  }
    #####:  613:      }
------------------
        -:  614:
        -:  615:  template<typename _Res, typename... _ArgTypes>
        -:  616:    _Res
    #####:  617:    function<_Res(_ArgTypes...)>::
        -:  618:    operator()(_ArgTypes... __args) const
        -:  619:    {
    #####:  620:      if (_M_empty())
    #####:  621:	__throw_bad_function_call();
    #####:  622:      return _M_invoker(_M_functor, std::forward<_ArgTypes>(__args)...);
        -:  623:    }
        -:  624:
        -:  625:#if __cpp_rtti
        -:  626:  template<typename _Res, typename... _ArgTypes>
        -:  627:    const type_info&
        -:  628:    function<_Res(_ArgTypes...)>::
        -:  629:    target_type() const noexcept
        -:  630:    {
        -:  631:      if (_M_manager)
        -:  632:	{
        -:  633:	  _Any_data __typeinfo_result;
        -:  634:	  _M_manager(__typeinfo_result, _M_functor, __get_type_info);
        -:  635:	  return *__typeinfo_result._M_access<const type_info*>();
        -:  636:	}
        -:  637:      else
        -:  638:	return typeid(void);
        -:  639:    }
        -:  640:
        -:  641:  template<typename _Res, typename... _ArgTypes>
        -:  642:    template<typename _Functor>
        -:  643:      _Functor*
        -:  644:      function<_Res(_ArgTypes...)>::
        -:  645:      target() noexcept
        -:  646:      {
        -:  647:	const function* __const_this = this;
        -:  648:	const _Functor* __func = __const_this->template target<_Functor>();
        -:  649:	return const_cast<_Functor*>(__func);
        -:  650:      }
        -:  651:
        -:  652:  template<typename _Res, typename... _ArgTypes>
        -:  653:    template<typename _Functor>
        -:  654:      const _Functor*
        -:  655:      function<_Res(_ArgTypes...)>::
        -:  656:      target() const noexcept
        -:  657:      {
        -:  658:	if (typeid(_Functor) == target_type() && _M_manager)
        -:  659:	  {
        -:  660:	    _Any_data __ptr;
        -:  661:	    _M_manager(__ptr, _M_functor, __get_functor_ptr);
        -:  662:	    return __ptr._M_access<const _Functor*>();
        -:  663:	  }
        -:  664:	else
        -:  665:	  return nullptr;
        -:  666:      }
        -:  667:#endif
        -:  668:
        -:  669:  // [20.7.15.2.6] null pointer comparisons
        -:  670:
        -:  671:  /**
        -:  672:   *  @brief Compares a polymorphic function object wrapper against 0
        -:  673:   *  (the NULL pointer).
        -:  674:   *  @returns @c true if the wrapper has no target, @c false otherwise
        -:  675:   *
        -:  676:   *  This function will not throw an %exception.
        -:  677:   */
        -:  678:  template<typename _Res, typename... _Args>
        -:  679:    inline bool
        -:  680:    operator==(const function<_Res(_Args...)>& __f, nullptr_t) noexcept
        -:  681:    { return !static_cast<bool>(__f); }
        -:  682:
        -:  683:#if __cpp_impl_three_way_comparison < 201907L
        -:  684:  /// @overload
        -:  685:  template<typename _Res, typename... _Args>
        -:  686:    inline bool
        -:  687:    operator==(nullptr_t, const function<_Res(_Args...)>& __f) noexcept
        -:  688:    { return !static_cast<bool>(__f); }
        -:  689:
        -:  690:  /**
        -:  691:   *  @brief Compares a polymorphic function object wrapper against 0
        -:  692:   *  (the NULL pointer).
        -:  693:   *  @returns @c false if the wrapper has no target, @c true otherwise
        -:  694:   *
        -:  695:   *  This function will not throw an %exception.
        -:  696:   */
        -:  697:  template<typename _Res, typename... _Args>
        -:  698:    inline bool
        -:  699:    operator!=(const function<_Res(_Args...)>& __f, nullptr_t) noexcept
        -:  700:    { return static_cast<bool>(__f); }
        -:  701:
        -:  702:  /// @overload
        -:  703:  template<typename _Res, typename... _Args>
        -:  704:    inline bool
        -:  705:    operator!=(nullptr_t, const function<_Res(_Args...)>& __f) noexcept
        -:  706:    { return static_cast<bool>(__f); }
        -:  707:#endif
        -:  708:
        -:  709:  // [20.7.15.2.7] specialized algorithms
        -:  710:
        -:  711:  /**
        -:  712:   *  @brief Swap the targets of two polymorphic function object wrappers.
        -:  713:   *
        -:  714:   *  This function will not throw an %exception.
        -:  715:   */
        -:  716:  // _GLIBCXX_RESOLVE_LIB_DEFECTS
        -:  717:  // 2062. Effect contradictions w/o no-throw guarantee of std::function swaps
        -:  718:  template<typename _Res, typename... _Args>
        -:  719:    inline void
        -:  720:    swap(function<_Res(_Args...)>& __x, function<_Res(_Args...)>& __y) noexcept
        -:  721:    { __x.swap(__y); }
        -:  722:
        -:  723:#if __cplusplus >= 201703L
        -:  724:  namespace __detail::__variant
        -:  725:  {
        -:  726:    template<typename> struct _Never_valueless_alt; // see <variant>
        -:  727:
        -:  728:    // Provide the strong exception-safety guarantee when emplacing a
        -:  729:    // function into a variant.
        -:  730:    template<typename _Signature>
        -:  731:      struct _Never_valueless_alt<std::function<_Signature>>
        -:  732:      : std::true_type
        -:  733:      { };
        -:  734:  }  // namespace __detail::__variant
        -:  735:#endif // C++17
        -:  736:
        -:  737:_GLIBCXX_END_NAMESPACE_VERSION
        -:  738:} // namespace std
        -:  739:
        -:  740:#endif // C++11
        -:  741:#endif // _GLIBCXX_STD_FUNCTION_H
