        -:    0:Source:/usr/include/c++/10/bits/stl_vector.h
        -:    0:Graph:testing.gcno
        -:    0:Data:-
        -:    0:Runs:0
        -:    1:// Vector implementation -*- C++ -*-
        -:    2:
        -:    3:// Copyright (C) 2001-2020 Free Software Foundation, Inc.
        -:    4://
        -:    5:// This file is part of the GNU ISO C++ Library.  This library is free
        -:    6:// software; you can redistribute it and/or modify it under the
        -:    7:// terms of the GNU General Public License as published by the
        -:    8:// Free Software Foundation; either version 3, or (at your option)
        -:    9:// any later version.
        -:   10:
        -:   11:// This library is distributed in the hope that it will be useful,
        -:   12:// but WITHOUT ANY WARRANTY; without even the implied warranty of
        -:   13:// MERCHANTABILITY or FITNESS FOR A PARTICULAR PURPOSE.  See the
        -:   14:// GNU General Public License for more details.
        -:   15:
        -:   16:// Under Section 7 of GPL version 3, you are granted additional
        -:   17:// permissions described in the GCC Runtime Library Exception, version
        -:   18:// 3.1, as published by the Free Software Foundation.
        -:   19:
        -:   20:// You should have received a copy of the GNU General Public License and
        -:   21:// a copy of the GCC Runtime Library Exception along with this program;
        -:   22:// see the files COPYING3 and COPYING.RUNTIME respectively.  If not, see
        -:   23:// <http://www.gnu.org/licenses/>.
        -:   24:
        -:   25:/*
        -:   26: *
        -:   27: * Copyright (c) 1994
        -:   28: * Hewlett-Packard Company
        -:   29: *
        -:   30: * Permission to use, copy, modify, distribute and sell this software
        -:   31: * and its documentation for any purpose is hereby granted without fee,
        -:   32: * provided that the above copyright notice appear in all copies and
        -:   33: * that both that copyright notice and this permission notice appear
        -:   34: * in supporting documentation.  Hewlett-Packard Company makes no
        -:   35: * representations about the suitability of this software for any
        -:   36: * purpose.  It is provided "as is" without express or implied warranty.
        -:   37: *
        -:   38: *
        -:   39: * Copyright (c) 1996
        -:   40: * Silicon Graphics Computer Systems, Inc.
        -:   41: *
        -:   42: * Permission to use, copy, modify, distribute and sell this software
        -:   43: * and its documentation for any purpose is hereby granted without fee,
        -:   44: * provided that the above copyright notice appear in all copies and
        -:   45: * that both that copyright notice and this permission notice appear
        -:   46: * in supporting documentation.  Silicon Graphics makes no
        -:   47: * representations about the suitability of this  software for any
        -:   48: * purpose.  It is provided "as is" without express or implied warranty.
        -:   49: */
        -:   50:
        -:   51:/** @file bits/stl_vector.h
        -:   52: *  This is an internal header file, included by other library headers.
        -:   53: *  Do not attempt to use it directly. @headername{vector}
        -:   54: */
        -:   55:
        -:   56:#ifndef _STL_VECTOR_H
        -:   57:#define _STL_VECTOR_H 1
        -:   58:
        -:   59:#include <bits/stl_iterator_base_funcs.h>
        -:   60:#include <bits/functexcept.h>
        -:   61:#include <bits/concept_check.h>
        -:   62:#if __cplusplus >= 201103L
        -:   63:#include <initializer_list>
        -:   64:#endif
        -:   65:#if __cplusplus > 201703L
        -:   66:# include <compare>
        -:   67:#endif
        -:   68:
        -:   69:#include <debug/assertions.h>
        -:   70:
        -:   71:#if _GLIBCXX_SANITIZE_STD_ALLOCATOR && _GLIBCXX_SANITIZE_VECTOR
        -:   72:extern "C" void
        -:   73:__sanitizer_annotate_contiguous_container(const void*, const void*,
        -:   74:					  const void*, const void*);
        -:   75:#endif
        -:   76:
        -:   77:namespace std _GLIBCXX_VISIBILITY(default)
        -:   78:{
        -:   79:_GLIBCXX_BEGIN_NAMESPACE_VERSION
        -:   80:_GLIBCXX_BEGIN_NAMESPACE_CONTAINER
        -:   81:
        -:   82:  /// See bits/stl_deque.h's _Deque_base for an explanation.
        -:   83:  template<typename _Tp, typename _Alloc>
        -:   84:    struct _Vector_base
        -:   85:    {
        -:   86:      typedef typename __gnu_cxx::__alloc_traits<_Alloc>::template
        -:   87:	rebind<_Tp>::other _Tp_alloc_type;
        -:   88:      typedef typename __gnu_cxx::__alloc_traits<_Tp_alloc_type>::pointer
        -:   89:       	pointer;
        -:   90:
        -:   91:      struct _Vector_impl_data
        -:   92:      {
        -:   93:	pointer _M_start;
        -:   94:	pointer _M_finish;
        -:   95:	pointer _M_end_of_storage;
        -:   96:
    #####:   97:	_Vector_impl_data() _GLIBCXX_NOEXCEPT
    #####:   98:	: _M_start(), _M_finish(), _M_end_of_storage()
    #####:   99:	{ }
------------------
std::_Vector_base<Catch::ScopedMessage, std::allocator<Catch::ScopedMessage> >::_Vector_impl_data::_Vector_impl_data():
    #####:   97:	_Vector_impl_data() _GLIBCXX_NOEXCEPT
    #####:   98:	: _M_start(), _M_finish(), _M_end_of_storage()
    #####:   99:	{ }
------------------
std::_Vector_base<std::shared_ptr<Catch::TestSpec::Pattern>, std::allocator<std::shared_ptr<Catch::TestSpec::Pattern> > >::_Vector_impl_data::_Vector_impl_data():
    #####:   97:	_Vector_impl_data() _GLIBCXX_NOEXCEPT
    #####:   98:	: _M_start(), _M_finish(), _M_end_of_storage()
    #####:   99:	{ }
------------------
std::_Vector_base<Catch::TestCase const*, std::allocator<Catch::TestCase const*> >::_Vector_impl_data::_Vector_impl_data():
    #####:   97:	_Vector_impl_data() _GLIBCXX_NOEXCEPT
    #####:   98:	: _M_start(), _M_finish(), _M_end_of_storage()
    #####:   99:	{ }
------------------
std::_Vector_base<std::shared_ptr<Catch::TestCaseTracking::ITracker>, std::allocator<std::shared_ptr<Catch::TestCaseTracking::ITracker> > >::_Vector_impl_data::_Vector_impl_data():
    #####:   97:	_Vector_impl_data() _GLIBCXX_NOEXCEPT
    #####:   98:	: _M_start(), _M_finish(), _M_end_of_storage()
    #####:   99:	{ }
------------------
std::_Vector_base<Catch::TestCase, std::allocator<Catch::TestCase> >::_Vector_impl_data::_Vector_impl_data():
    #####:   97:	_Vector_impl_data() _GLIBCXX_NOEXCEPT
    #####:   98:	: _M_start(), _M_finish(), _M_end_of_storage()
    #####:   99:	{ }
------------------
std::_Vector_base<std::pair<unsigned long, Catch::TestCase const*>, std::allocator<std::pair<unsigned long, Catch::TestCase const*> > >::_Vector_impl_data::_Vector_impl_data():
    #####:   97:	_Vector_impl_data() _GLIBCXX_NOEXCEPT
    #####:   98:	: _M_start(), _M_finish(), _M_end_of_storage()
    #####:   99:	{ }
------------------
std::_Vector_base<Catch::ISingleton*, std::allocator<Catch::ISingleton*> >::_Vector_impl_data::_Vector_impl_data():
    #####:   97:	_Vector_impl_data() _GLIBCXX_NOEXCEPT
    #####:   98:	: _M_start(), _M_finish(), _M_end_of_storage()
    #####:   99:	{ }
------------------
std::_Vector_base<Catch::clara::detail::Arg, std::allocator<Catch::clara::detail::Arg> >::_Vector_impl_data::_Vector_impl_data():
    #####:   97:	_Vector_impl_data() _GLIBCXX_NOEXCEPT
    #####:   98:	: _M_start(), _M_finish(), _M_end_of_storage()
    #####:   99:	{ }
------------------
std::_Vector_base<Catch::clara::detail::Opt, std::allocator<Catch::clara::detail::Opt> >::_Vector_impl_data::_Vector_impl_data():
    #####:   97:	_Vector_impl_data() _GLIBCXX_NOEXCEPT
    #####:   98:	: _M_start(), _M_finish(), _M_end_of_storage()
    #####:   99:	{ }
------------------
std::_Vector_base<Catch::TestSpec::FilterMatch, std::allocator<Catch::TestSpec::FilterMatch> >::_Vector_impl_data::_Vector_impl_data():
    #####:   97:	_Vector_impl_data() _GLIBCXX_NOEXCEPT
    #####:   98:	: _M_start(), _M_finish(), _M_end_of_storage()
    #####:   99:	{ }
------------------
std::_Vector_base<Catch::TestCaseTracking::ITracker*, std::allocator<Catch::TestCaseTracking::ITracker*> >::_Vector_impl_data::_Vector_impl_data():
    #####:   97:	_Vector_impl_data() _GLIBCXX_NOEXCEPT
    #####:   98:	: _M_start(), _M_finish(), _M_end_of_storage()
    #####:   99:	{ }
------------------
std::_Vector_base<Catch::SectionEndInfo, std::allocator<Catch::SectionEndInfo> >::_Vector_impl_data::_Vector_impl_data():
    #####:   97:	_Vector_impl_data() _GLIBCXX_NOEXCEPT
    #####:   98:	: _M_start(), _M_finish(), _M_end_of_storage()
    #####:   99:	{ }
------------------
std::_Vector_base<Catch::SummaryColumn, std::allocator<Catch::SummaryColumn> >::_Vector_impl_data::_Vector_impl_data():
    #####:   97:	_Vector_impl_data() _GLIBCXX_NOEXCEPT
    #####:   98:	: _M_start(), _M_finish(), _M_end_of_storage()
    #####:   99:	{ }
------------------
std::_Vector_base<Catch::MessageInfo, std::allocator<Catch::MessageInfo> >::_Vector_impl_data::_Vector_impl_data():
    #####:   97:	_Vector_impl_data() _GLIBCXX_NOEXCEPT
    #####:   98:	: _M_start(), _M_finish(), _M_end_of_storage()
    #####:   99:	{ }
------------------
std::_Vector_base<unsigned long, std::allocator<unsigned long> >::_Vector_impl_data::_Vector_impl_data():
    #####:   97:	_Vector_impl_data() _GLIBCXX_NOEXCEPT
    #####:   98:	: _M_start(), _M_finish(), _M_end_of_storage()
    #####:   99:	{ }
------------------
std::_Vector_base<std::pair<int, Catch::StringRef>, std::allocator<std::pair<int, Catch::StringRef> > >::_Vector_impl_data::_Vector_impl_data():
    #####:   97:	_Vector_impl_data() _GLIBCXX_NOEXCEPT
    #####:   98:	: _M_start(), _M_finish(), _M_end_of_storage()
    #####:   99:	{ }
------------------
std::_Vector_base<Catch::StringRef, std::allocator<Catch::StringRef> >::_Vector_impl_data::_Vector_impl_data():
    #####:   97:	_Vector_impl_data() _GLIBCXX_NOEXCEPT
    #####:   98:	: _M_start(), _M_finish(), _M_end_of_storage()
    #####:   99:	{ }
------------------
std::_Vector_base<Catch::TestSpec::Filter, std::allocator<Catch::TestSpec::Filter> >::_Vector_impl_data::_Vector_impl_data():
    #####:   97:	_Vector_impl_data() _GLIBCXX_NOEXCEPT
    #####:   98:	: _M_start(), _M_finish(), _M_end_of_storage()
    #####:   99:	{ }
------------------
std::_Vector_base<Catch::clara::detail::HelpColumns, std::allocator<Catch::clara::detail::HelpColumns> >::_Vector_impl_data::_Vector_impl_data():
    #####:   97:	_Vector_impl_data() _GLIBCXX_NOEXCEPT
    #####:   98:	: _M_start(), _M_finish(), _M_end_of_storage()
    #####:   99:	{ }
------------------
std::_Vector_base<Catch::clara::detail::Token, std::allocator<Catch::clara::detail::Token> >::_Vector_impl_data::_Vector_impl_data():
    #####:   97:	_Vector_impl_data() _GLIBCXX_NOEXCEPT
    #####:   98:	: _M_start(), _M_finish(), _M_end_of_storage()
    #####:   99:	{ }
------------------
std::_Vector_base<Catch::clara::TextFlow::Column, std::allocator<Catch::clara::TextFlow::Column> >::_Vector_impl_data::_Vector_impl_data():
    #####:   97:	_Vector_impl_data() _GLIBCXX_NOEXCEPT
    #####:   98:	: _M_start(), _M_finish(), _M_end_of_storage()
    #####:   99:	{ }
------------------
std::_Vector_base<Catch::clara::TextFlow::Column::iterator, std::allocator<Catch::clara::TextFlow::Column::iterator> >::_Vector_impl_data::_Vector_impl_data():
    #####:   97:	_Vector_impl_data() _GLIBCXX_NOEXCEPT
    #####:   98:	: _M_start(), _M_finish(), _M_end_of_storage()
    #####:   99:	{ }
------------------
std::_Vector_base<std::__cxx11::basic_string<char, std::char_traits<char>, std::allocator<char> >, std::allocator<std::__cxx11::basic_string<char, std::char_traits<char>, std::allocator<char> > > >::_Vector_impl_data::_Vector_impl_data():
    #####:   97:	_Vector_impl_data() _GLIBCXX_NOEXCEPT
    #####:   98:	: _M_start(), _M_finish(), _M_end_of_storage()
    #####:   99:	{ }
------------------
std::_Vector_base<std::__exception_ptr::exception_ptr, std::allocator<std::__exception_ptr::exception_ptr> >::_Vector_impl_data::_Vector_impl_data():
    #####:   97:	_Vector_impl_data() _GLIBCXX_NOEXCEPT
    #####:   98:	: _M_start(), _M_finish(), _M_end_of_storage()
    #####:   99:	{ }
------------------
std::_Vector_base<std::pair<std::__cxx11::basic_string<char, std::char_traits<char>, std::allocator<char> >, std::__cxx11::basic_string<char, std::char_traits<char>, std::allocator<char> > >, std::allocator<std::pair<std::__cxx11::basic_string<char, std::char_traits<char>, std::allocator<char> >, std::__cxx11::basic_string<char, std::char_traits<char>, std::allocator<char> > > > >::_Vector_impl_data::_Vector_impl_data():
    #####:   97:	_Vector_impl_data() _GLIBCXX_NOEXCEPT
    #####:   98:	: _M_start(), _M_finish(), _M_end_of_storage()
    #####:   99:	{ }
------------------
std::_Vector_base<std::__cxx11::regex_traits<char>::_RegexMask, std::allocator<std::__cxx11::regex_traits<char>::_RegexMask> >::_Vector_impl_data::_Vector_impl_data():
    #####:   97:	_Vector_impl_data() _GLIBCXX_NOEXCEPT
    #####:   98:	: _M_start(), _M_finish(), _M_end_of_storage()
    #####:   99:	{ }
------------------
std::_Vector_base<std::pair<char, char>, std::allocator<std::pair<char, char> > >::_Vector_impl_data::_Vector_impl_data():
    #####:   97:	_Vector_impl_data() _GLIBCXX_NOEXCEPT
    #####:   98:	: _M_start(), _M_finish(), _M_end_of_storage()
    #####:   99:	{ }
------------------
std::_Vector_base<char, std::allocator<char> >::_Vector_impl_data::_Vector_impl_data():
    #####:   97:	_Vector_impl_data() _GLIBCXX_NOEXCEPT
    #####:   98:	: _M_start(), _M_finish(), _M_end_of_storage()
    #####:   99:	{ }
------------------
std::_Vector_base<std::pair<__gnu_cxx::__normal_iterator<char const*, std::__cxx11::basic_string<char, std::char_traits<char>, std::allocator<char> > >, int>, std::allocator<std::pair<__gnu_cxx::__normal_iterator<char const*, std::__cxx11::basic_string<char, std::char_traits<char>, std::allocator<char> > >, int> > >::_Vector_impl_data::_Vector_impl_data():
    #####:   97:	_Vector_impl_data() _GLIBCXX_NOEXCEPT
    #####:   98:	: _M_start(), _M_finish(), _M_end_of_storage()
    #####:   99:	{ }
------------------
std::_Vector_base<std::pair<long, std::vector<std::__cxx11::sub_match<__gnu_cxx::__normal_iterator<char const*, std::__cxx11::basic_string<char, std::char_traits<char>, std::allocator<char> > > >, std::allocator<std::__cxx11::sub_match<__gnu_cxx::__normal_iterator<char const*, std::__cxx11::basic_string<char, std::char_traits<char>, std::allocator<char> > > > > > >, std::allocator<std::pair<long, std::vector<std::__cxx11::sub_match<__gnu_cxx::__normal_iterator<char const*, std::__cxx11::basic_string<char, std::char_traits<char>, std::allocator<char> > > >, std::allocator<std::__cxx11::sub_match<__gnu_cxx::__normal_iterator<char const*, std::__cxx11::basic_string<char, std::char_traits<char>, std::allocator<char> > > > > > > > >::_Vector_impl_data::_Vector_impl_data():
    #####:   97:	_Vector_impl_data() _GLIBCXX_NOEXCEPT
    #####:   98:	: _M_start(), _M_finish(), _M_end_of_storage()
    #####:   99:	{ }
------------------
std::_Vector_base<std::__cxx11::sub_match<__gnu_cxx::__normal_iterator<char const*, std::__cxx11::basic_string<char, std::char_traits<char>, std::allocator<char> > > >, std::allocator<std::__cxx11::sub_match<__gnu_cxx::__normal_iterator<char const*, std::__cxx11::basic_string<char, std::char_traits<char>, std::allocator<char> > > > > >::_Vector_impl_data::_Vector_impl_data():
    #####:   97:	_Vector_impl_data() _GLIBCXX_NOEXCEPT
    #####:   98:	: _M_start(), _M_finish(), _M_end_of_storage()
    #####:   99:	{ }
------------------
std::_Vector_base<Catch::(anonymous namespace)::ColumnInfo, std::allocator<Catch::(anonymous namespace)::ColumnInfo> >::_Vector_impl_data::_Vector_impl_data():
    #####:   97:	_Vector_impl_data() _GLIBCXX_NOEXCEPT
    #####:   98:	: _M_start(), _M_finish(), _M_end_of_storage()
    #####:   99:	{ }
------------------
std::_Vector_base<std::unique_ptr<std::__cxx11::basic_ostringstream<char, std::char_traits<char>, std::allocator<char> >, std::default_delete<std::__cxx11::basic_ostringstream<char, std::char_traits<char>, std::allocator<char> > > >, std::allocator<std::unique_ptr<std::__cxx11::basic_ostringstream<char, std::char_traits<char>, std::allocator<char> >, std::default_delete<std::__cxx11::basic_ostringstream<char, std::char_traits<char>, std::allocator<char> > > > > >::_Vector_impl_data::_Vector_impl_data():
    #####:   97:	_Vector_impl_data() _GLIBCXX_NOEXCEPT
    #####:   98:	: _M_start(), _M_finish(), _M_end_of_storage()
    #####:   99:	{ }
------------------
std::_Vector_base<std::unique_ptr<Catch::Detail::EnumInfo, std::default_delete<Catch::Detail::EnumInfo> >, std::allocator<std::unique_ptr<Catch::Detail::EnumInfo, std::default_delete<Catch::Detail::EnumInfo> > > >::_Vector_impl_data::_Vector_impl_data():
    #####:   97:	_Vector_impl_data() _GLIBCXX_NOEXCEPT
    #####:   98:	: _M_start(), _M_finish(), _M_end_of_storage()
    #####:   99:	{ }
------------------
std::_Vector_base<std::__detail::_State<char>, std::allocator<std::__detail::_State<char> > >::_Vector_impl_data::_Vector_impl_data():
    #####:   97:	_Vector_impl_data() _GLIBCXX_NOEXCEPT
    #####:   98:	: _M_start(), _M_finish(), _M_end_of_storage()
    #####:   99:	{ }
------------------
std::_Vector_base<std::unique_ptr<Catch::IExceptionTranslator const, std::default_delete<Catch::IExceptionTranslator const> >, std::allocator<std::unique_ptr<Catch::IExceptionTranslator const, std::default_delete<Catch::IExceptionTranslator const> > > >::_Vector_impl_data::_Vector_impl_data():
    #####:   97:	_Vector_impl_data() _GLIBCXX_NOEXCEPT
    #####:   98:	: _M_start(), _M_finish(), _M_end_of_storage()
    #####:   99:	{ }
------------------
std::_Vector_base<std::shared_ptr<Catch::IReporterFactory>, std::allocator<std::shared_ptr<Catch::IReporterFactory> > >::_Vector_impl_data::_Vector_impl_data():
    #####:   97:	_Vector_impl_data() _GLIBCXX_NOEXCEPT
    #####:   98:	: _M_start(), _M_finish(), _M_end_of_storage()
    #####:   99:	{ }
------------------
std::_Vector_base<std::shared_ptr<Catch::CumulativeReporterBase<Catch::JunitReporter>::SectionNode>, std::allocator<std::shared_ptr<Catch::CumulativeReporterBase<Catch::JunitReporter>::SectionNode> > >::_Vector_impl_data::_Vector_impl_data():
    #####:   97:	_Vector_impl_data() _GLIBCXX_NOEXCEPT
    #####:   98:	: _M_start(), _M_finish(), _M_end_of_storage()
    #####:   99:	{ }
------------------
std::_Vector_base<std::shared_ptr<Catch::CumulativeReporterBase<Catch::JunitReporter>::Node<Catch::TestRunStats, Catch::CumulativeReporterBase<Catch::JunitReporter>::Node<Catch::TestGroupStats, Catch::CumulativeReporterBase<Catch::JunitReporter>::Node<Catch::TestCaseStats, Catch::CumulativeReporterBase<Catch::JunitReporter>::SectionNode> > > >, std::allocator<std::shared_ptr<Catch::CumulativeReporterBase<Catch::JunitReporter>::Node<Catch::TestRunStats, Catch::CumulativeReporterBase<Catch::JunitReporter>::Node<Catch::TestGroupStats, Catch::CumulativeReporterBase<Catch::JunitReporter>::Node<Catch::TestCaseStats, Catch::CumulativeReporterBase<Catch::JunitReporter>::SectionNode> > > > > >::_Vector_impl_data::_Vector_impl_data():
    #####:   97:	_Vector_impl_data() _GLIBCXX_NOEXCEPT
    #####:   98:	: _M_start(), _M_finish(), _M_end_of_storage()
    #####:   99:	{ }
------------------
std::_Vector_base<std::shared_ptr<Catch::CumulativeReporterBase<Catch::JunitReporter>::Node<Catch::TestGroupStats, Catch::CumulativeReporterBase<Catch::JunitReporter>::Node<Catch::TestCaseStats, Catch::CumulativeReporterBase<Catch::JunitReporter>::SectionNode> > >, std::allocator<std::shared_ptr<Catch::CumulativeReporterBase<Catch::JunitReporter>::Node<Catch::TestGroupStats, Catch::CumulativeReporterBase<Catch::JunitReporter>::Node<Catch::TestCaseStats, Catch::CumulativeReporterBase<Catch::JunitReporter>::SectionNode> > > > >::_Vector_impl_data::_Vector_impl_data():
    #####:   97:	_Vector_impl_data() _GLIBCXX_NOEXCEPT
    #####:   98:	: _M_start(), _M_finish(), _M_end_of_storage()
    #####:   99:	{ }
------------------
std::_Vector_base<std::shared_ptr<Catch::CumulativeReporterBase<Catch::JunitReporter>::Node<Catch::TestCaseStats, Catch::CumulativeReporterBase<Catch::JunitReporter>::SectionNode> >, std::allocator<std::shared_ptr<Catch::CumulativeReporterBase<Catch::JunitReporter>::Node<Catch::TestCaseStats, Catch::CumulativeReporterBase<Catch::JunitReporter>::SectionNode> > > >::_Vector_impl_data::_Vector_impl_data():
    #####:   97:	_Vector_impl_data() _GLIBCXX_NOEXCEPT
    #####:   98:	: _M_start(), _M_finish(), _M_end_of_storage()
    #####:   99:	{ }
------------------
std::_Vector_base<std::vector<std::shared_ptr<Catch::CumulativeReporterBase<Catch::JunitReporter>::SectionNode>, std::allocator<std::shared_ptr<Catch::CumulativeReporterBase<Catch::JunitReporter>::SectionNode> > >, std::allocator<std::vector<std::shared_ptr<Catch::CumulativeReporterBase<Catch::JunitReporter>::SectionNode>, std::allocator<std::shared_ptr<Catch::CumulativeReporterBase<Catch::JunitReporter>::SectionNode> > > > >::_Vector_impl_data::_Vector_impl_data():
    #####:   97:	_Vector_impl_data() _GLIBCXX_NOEXCEPT
    #####:   98:	: _M_start(), _M_finish(), _M_end_of_storage()
    #####:   99:	{ }
------------------
std::_Vector_base<Catch::AssertionStats, std::allocator<Catch::AssertionStats> >::_Vector_impl_data::_Vector_impl_data():
    #####:   97:	_Vector_impl_data() _GLIBCXX_NOEXCEPT
    #####:   98:	: _M_start(), _M_finish(), _M_end_of_storage()
    #####:   99:	{ }
------------------
std::_Vector_base<Catch::SectionInfo, std::allocator<Catch::SectionInfo> >::_Vector_impl_data::_Vector_impl_data():
    #####:   97:	_Vector_impl_data() _GLIBCXX_NOEXCEPT
    #####:   98:	: _M_start(), _M_finish(), _M_end_of_storage()
    #####:   99:	{ }
------------------
std::_Vector_base<std::unique_ptr<Catch::IStreamingReporter, std::default_delete<Catch::IStreamingReporter> >, std::allocator<std::unique_ptr<Catch::IStreamingReporter, std::default_delete<Catch::IStreamingReporter> > > >::_Vector_impl_data::_Vector_impl_data():
    #####:   97:	_Vector_impl_data() _GLIBCXX_NOEXCEPT
    #####:   98:	: _M_start(), _M_finish(), _M_end_of_storage()
    #####:   99:	{ }
------------------
        -:  100:
        -:  101:#if __cplusplus >= 201103L
    #####:  102:	_Vector_impl_data(_Vector_impl_data&& __x) noexcept
    #####:  103:	: _M_start(__x._M_start), _M_finish(__x._M_finish),
    #####:  104:	  _M_end_of_storage(__x._M_end_of_storage)
    #####:  105:	{ __x._M_start = __x._M_finish = __x._M_end_of_storage = pointer(); }
------------------
std::_Vector_base<std::__cxx11::sub_match<__gnu_cxx::__normal_iterator<char const*, std::__cxx11::basic_string<char, std::char_traits<char>, std::allocator<char> > > >, std::allocator<std::__cxx11::sub_match<__gnu_cxx::__normal_iterator<char const*, std::__cxx11::basic_string<char, std::char_traits<char>, std::allocator<char> > > > > >::_Vector_impl_data::_Vector_impl_data(std::_Vector_base<std::__cxx11::sub_match<__gnu_cxx::__normal_iterator<char const*, std::__cxx11::basic_string<char, std::char_traits<char>, std::allocator<char> > > >, std::allocator<std::__cxx11::sub_match<__gnu_cxx::__normal_iterator<char const*, std::__cxx11::basic_string<char, std::char_traits<char>, std::allocator<char> > > > > >::_Vector_impl_data&&):
    #####:  102:	_Vector_impl_data(_Vector_impl_data&& __x) noexcept
    #####:  103:	: _M_start(__x._M_start), _M_finish(__x._M_finish),
    #####:  104:	  _M_end_of_storage(__x._M_end_of_storage)
    #####:  105:	{ __x._M_start = __x._M_finish = __x._M_end_of_storage = pointer(); }
------------------
std::_Vector_base<std::pair<std::__cxx11::basic_string<char, std::char_traits<char>, std::allocator<char> >, std::__cxx11::basic_string<char, std::char_traits<char>, std::allocator<char> > >, std::allocator<std::pair<std::__cxx11::basic_string<char, std::char_traits<char>, std::allocator<char> >, std::__cxx11::basic_string<char, std::char_traits<char>, std::allocator<char> > > > >::_Vector_impl_data::_Vector_impl_data(std::_Vector_base<std::pair<std::__cxx11::basic_string<char, std::char_traits<char>, std::allocator<char> >, std::__cxx11::basic_string<char, std::char_traits<char>, std::allocator<char> > >, std::allocator<std::pair<std::__cxx11::basic_string<char, std::char_traits<char>, std::allocator<char> >, std::__cxx11::basic_string<char, std::char_traits<char>, std::allocator<char> > > > >::_Vector_impl_data&&):
    #####:  102:	_Vector_impl_data(_Vector_impl_data&& __x) noexcept
    #####:  103:	: _M_start(__x._M_start), _M_finish(__x._M_finish),
    #####:  104:	  _M_end_of_storage(__x._M_end_of_storage)
    #####:  105:	{ __x._M_start = __x._M_finish = __x._M_end_of_storage = pointer(); }
------------------
std::_Vector_base<std::__cxx11::regex_traits<char>::_RegexMask, std::allocator<std::__cxx11::regex_traits<char>::_RegexMask> >::_Vector_impl_data::_Vector_impl_data(std::_Vector_base<std::__cxx11::regex_traits<char>::_RegexMask, std::allocator<std::__cxx11::regex_traits<char>::_RegexMask> >::_Vector_impl_data&&):
    #####:  102:	_Vector_impl_data(_Vector_impl_data&& __x) noexcept
    #####:  103:	: _M_start(__x._M_start), _M_finish(__x._M_finish),
    #####:  104:	  _M_end_of_storage(__x._M_end_of_storage)
    #####:  105:	{ __x._M_start = __x._M_finish = __x._M_end_of_storage = pointer(); }
------------------
std::_Vector_base<std::pair<char, char>, std::allocator<std::pair<char, char> > >::_Vector_impl_data::_Vector_impl_data(std::_Vector_base<std::pair<char, char>, std::allocator<std::pair<char, char> > >::_Vector_impl_data&&):
    #####:  102:	_Vector_impl_data(_Vector_impl_data&& __x) noexcept
    #####:  103:	: _M_start(__x._M_start), _M_finish(__x._M_finish),
    #####:  104:	  _M_end_of_storage(__x._M_end_of_storage)
    #####:  105:	{ __x._M_start = __x._M_finish = __x._M_end_of_storage = pointer(); }
------------------
std::_Vector_base<char, std::allocator<char> >::_Vector_impl_data::_Vector_impl_data(std::_Vector_base<char, std::allocator<char> >::_Vector_impl_data&&):
    #####:  102:	_Vector_impl_data(_Vector_impl_data&& __x) noexcept
    #####:  103:	: _M_start(__x._M_start), _M_finish(__x._M_finish),
    #####:  104:	  _M_end_of_storage(__x._M_end_of_storage)
    #####:  105:	{ __x._M_start = __x._M_finish = __x._M_end_of_storage = pointer(); }
------------------
std::_Vector_base<std::shared_ptr<Catch::TestSpec::Pattern>, std::allocator<std::shared_ptr<Catch::TestSpec::Pattern> > >::_Vector_impl_data::_Vector_impl_data(std::_Vector_base<std::shared_ptr<Catch::TestSpec::Pattern>, std::allocator<std::shared_ptr<Catch::TestSpec::Pattern> > >::_Vector_impl_data&&):
    #####:  102:	_Vector_impl_data(_Vector_impl_data&& __x) noexcept
    #####:  103:	: _M_start(__x._M_start), _M_finish(__x._M_finish),
    #####:  104:	  _M_end_of_storage(__x._M_end_of_storage)
    #####:  105:	{ __x._M_start = __x._M_finish = __x._M_end_of_storage = pointer(); }
------------------
std::_Vector_base<std::pair<long, std::vector<std::__cxx11::sub_match<__gnu_cxx::__normal_iterator<char const*, std::__cxx11::basic_string<char, std::char_traits<char>, std::allocator<char> > > >, std::allocator<std::__cxx11::sub_match<__gnu_cxx::__normal_iterator<char const*, std::__cxx11::basic_string<char, std::char_traits<char>, std::allocator<char> > > > > > >, std::allocator<std::pair<long, std::vector<std::__cxx11::sub_match<__gnu_cxx::__normal_iterator<char const*, std::__cxx11::basic_string<char, std::char_traits<char>, std::allocator<char> > > >, std::allocator<std::__cxx11::sub_match<__gnu_cxx::__normal_iterator<char const*, std::__cxx11::basic_string<char, std::char_traits<char>, std::allocator<char> > > > > > > > >::_Vector_impl_data::_Vector_impl_data(std::_Vector_base<std::pair<long, std::vector<std::__cxx11::sub_match<__gnu_cxx::__normal_iterator<char const*, std::__cxx11::basic_string<char, std::char_traits<char>, std::allocator<char> > > >, std::allocator<std::__cxx11::sub_match<__gnu_cxx::__normal_iterator<char const*, std::__cxx11::basic_string<char, std::char_traits<char>, std::allocator<char> > > > > > >, std::allocator<std::pair<long, std::vector<std::__cxx11::sub_match<__gnu_cxx::__normal_iterator<char const*, std::__cxx11::basic_string<char, std::char_traits<char>, std::allocator<char> > > >, std::allocator<std::__cxx11::sub_match<__gnu_cxx::__normal_iterator<char const*, std::__cxx11::basic_string<char, std::char_traits<char>, std::allocator<char> > > > > > > > >::_Vector_impl_data&&):
    #####:  102:	_Vector_impl_data(_Vector_impl_data&& __x) noexcept
    #####:  103:	: _M_start(__x._M_start), _M_finish(__x._M_finish),
    #####:  104:	  _M_end_of_storage(__x._M_end_of_storage)
    #####:  105:	{ __x._M_start = __x._M_finish = __x._M_end_of_storage = pointer(); }
------------------
std::_Vector_base<Catch::(anonymous namespace)::ColumnInfo, std::allocator<Catch::(anonymous namespace)::ColumnInfo> >::_Vector_impl_data::_Vector_impl_data(std::_Vector_base<Catch::(anonymous namespace)::ColumnInfo, std::allocator<Catch::(anonymous namespace)::ColumnInfo> >::_Vector_impl_data&&):
    #####:  102:	_Vector_impl_data(_Vector_impl_data&& __x) noexcept
    #####:  103:	: _M_start(__x._M_start), _M_finish(__x._M_finish),
    #####:  104:	  _M_end_of_storage(__x._M_end_of_storage)
    #####:  105:	{ __x._M_start = __x._M_finish = __x._M_end_of_storage = pointer(); }
------------------
std::_Vector_base<std::__cxx11::basic_string<char, std::char_traits<char>, std::allocator<char> >, std::allocator<std::__cxx11::basic_string<char, std::char_traits<char>, std::allocator<char> > > >::_Vector_impl_data::_Vector_impl_data(std::_Vector_base<std::__cxx11::basic_string<char, std::char_traits<char>, std::allocator<char> >, std::allocator<std::__cxx11::basic_string<char, std::char_traits<char>, std::allocator<char> > > >::_Vector_impl_data&&):
    #####:  102:	_Vector_impl_data(_Vector_impl_data&& __x) noexcept
    #####:  103:	: _M_start(__x._M_start), _M_finish(__x._M_finish),
    #####:  104:	  _M_end_of_storage(__x._M_end_of_storage)
    #####:  105:	{ __x._M_start = __x._M_finish = __x._M_end_of_storage = pointer(); }
------------------
std::_Vector_base<Catch::TestCase, std::allocator<Catch::TestCase> >::_Vector_impl_data::_Vector_impl_data(std::_Vector_base<Catch::TestCase, std::allocator<Catch::TestCase> >::_Vector_impl_data&&):
    #####:  102:	_Vector_impl_data(_Vector_impl_data&& __x) noexcept
    #####:  103:	: _M_start(__x._M_start), _M_finish(__x._M_finish),
    #####:  104:	  _M_end_of_storage(__x._M_end_of_storage)
    #####:  105:	{ __x._M_start = __x._M_finish = __x._M_end_of_storage = pointer(); }
------------------
        -:  106:#endif
        -:  107:
        -:  108:	void
    #####:  109:	_M_copy_data(_Vector_impl_data const& __x) _GLIBCXX_NOEXCEPT
        -:  110:	{
    #####:  111:	  _M_start = __x._M_start;
    #####:  112:	  _M_finish = __x._M_finish;
    #####:  113:	  _M_end_of_storage = __x._M_end_of_storage;
    #####:  114:	}
------------------
std::_Vector_base<std::shared_ptr<Catch::CumulativeReporterBase<Catch::JunitReporter>::Node<Catch::TestGroupStats, Catch::CumulativeReporterBase<Catch::JunitReporter>::Node<Catch::TestCaseStats, Catch::CumulativeReporterBase<Catch::JunitReporter>::SectionNode> > >, std::allocator<std::shared_ptr<Catch::CumulativeReporterBase<Catch::JunitReporter>::Node<Catch::TestGroupStats, Catch::CumulativeReporterBase<Catch::JunitReporter>::Node<Catch::TestCaseStats, Catch::CumulativeReporterBase<Catch::JunitReporter>::SectionNode> > > > >::_Vector_impl_data::_M_copy_data(std::_Vector_base<std::shared_ptr<Catch::CumulativeReporterBase<Catch::JunitReporter>::Node<Catch::TestGroupStats, Catch::CumulativeReporterBase<Catch::JunitReporter>::Node<Catch::TestCaseStats, Catch::CumulativeReporterBase<Catch::JunitReporter>::SectionNode> > >, std::allocator<std::shared_ptr<Catch::CumulativeReporterBase<Catch::JunitReporter>::Node<Catch::TestGroupStats, Catch::CumulativeReporterBase<Catch::JunitReporter>::Node<Catch::TestCaseStats, Catch::CumulativeReporterBase<Catch::JunitReporter>::SectionNode> > > > >::_Vector_impl_data const&):
    #####:  109:	_M_copy_data(_Vector_impl_data const& __x) _GLIBCXX_NOEXCEPT
        -:  110:	{
    #####:  111:	  _M_start = __x._M_start;
    #####:  112:	  _M_finish = __x._M_finish;
    #####:  113:	  _M_end_of_storage = __x._M_end_of_storage;
    #####:  114:	}
------------------
std::_Vector_base<std::__cxx11::sub_match<__gnu_cxx::__normal_iterator<char const*, std::__cxx11::basic_string<char, std::char_traits<char>, std::allocator<char> > > >, std::allocator<std::__cxx11::sub_match<__gnu_cxx::__normal_iterator<char const*, std::__cxx11::basic_string<char, std::char_traits<char>, std::allocator<char> > > > > >::_Vector_impl_data::_M_copy_data(std::_Vector_base<std::__cxx11::sub_match<__gnu_cxx::__normal_iterator<char const*, std::__cxx11::basic_string<char, std::char_traits<char>, std::allocator<char> > > >, std::allocator<std::__cxx11::sub_match<__gnu_cxx::__normal_iterator<char const*, std::__cxx11::basic_string<char, std::char_traits<char>, std::allocator<char> > > > > >::_Vector_impl_data const&):
    #####:  109:	_M_copy_data(_Vector_impl_data const& __x) _GLIBCXX_NOEXCEPT
        -:  110:	{
    #####:  111:	  _M_start = __x._M_start;
    #####:  112:	  _M_finish = __x._M_finish;
    #####:  113:	  _M_end_of_storage = __x._M_end_of_storage;
    #####:  114:	}
------------------
std::_Vector_base<Catch::TestCase const*, std::allocator<Catch::TestCase const*> >::_Vector_impl_data::_M_copy_data(std::_Vector_base<Catch::TestCase const*, std::allocator<Catch::TestCase const*> >::_Vector_impl_data const&):
    #####:  109:	_M_copy_data(_Vector_impl_data const& __x) _GLIBCXX_NOEXCEPT
        -:  110:	{
    #####:  111:	  _M_start = __x._M_start;
    #####:  112:	  _M_finish = __x._M_finish;
    #####:  113:	  _M_end_of_storage = __x._M_end_of_storage;
    #####:  114:	}
------------------
std::_Vector_base<std::shared_ptr<Catch::CumulativeReporterBase<Catch::JunitReporter>::Node<Catch::TestCaseStats, Catch::CumulativeReporterBase<Catch::JunitReporter>::SectionNode> >, std::allocator<std::shared_ptr<Catch::CumulativeReporterBase<Catch::JunitReporter>::Node<Catch::TestCaseStats, Catch::CumulativeReporterBase<Catch::JunitReporter>::SectionNode> > > >::_Vector_impl_data::_M_copy_data(std::_Vector_base<std::shared_ptr<Catch::CumulativeReporterBase<Catch::JunitReporter>::Node<Catch::TestCaseStats, Catch::CumulativeReporterBase<Catch::JunitReporter>::SectionNode> >, std::allocator<std::shared_ptr<Catch::CumulativeReporterBase<Catch::JunitReporter>::Node<Catch::TestCaseStats, Catch::CumulativeReporterBase<Catch::JunitReporter>::SectionNode> > > >::_Vector_impl_data const&):
    #####:  109:	_M_copy_data(_Vector_impl_data const& __x) _GLIBCXX_NOEXCEPT
        -:  110:	{
    #####:  111:	  _M_start = __x._M_start;
    #####:  112:	  _M_finish = __x._M_finish;
    #####:  113:	  _M_end_of_storage = __x._M_end_of_storage;
    #####:  114:	}
------------------
std::_Vector_base<std::shared_ptr<Catch::TestSpec::Pattern>, std::allocator<std::shared_ptr<Catch::TestSpec::Pattern> > >::_Vector_impl_data::_M_copy_data(std::_Vector_base<std::shared_ptr<Catch::TestSpec::Pattern>, std::allocator<std::shared_ptr<Catch::TestSpec::Pattern> > >::_Vector_impl_data const&):
    #####:  109:	_M_copy_data(_Vector_impl_data const& __x) _GLIBCXX_NOEXCEPT
        -:  110:	{
    #####:  111:	  _M_start = __x._M_start;
    #####:  112:	  _M_finish = __x._M_finish;
    #####:  113:	  _M_end_of_storage = __x._M_end_of_storage;
    #####:  114:	}
------------------
std::_Vector_base<Catch::TestCase, std::allocator<Catch::TestCase> >::_Vector_impl_data::_M_copy_data(std::_Vector_base<Catch::TestCase, std::allocator<Catch::TestCase> >::_Vector_impl_data const&):
    #####:  109:	_M_copy_data(_Vector_impl_data const& __x) _GLIBCXX_NOEXCEPT
        -:  110:	{
    #####:  111:	  _M_start = __x._M_start;
    #####:  112:	  _M_finish = __x._M_finish;
    #####:  113:	  _M_end_of_storage = __x._M_end_of_storage;
    #####:  114:	}
------------------
std::_Vector_base<Catch::clara::detail::Arg, std::allocator<Catch::clara::detail::Arg> >::_Vector_impl_data::_M_copy_data(std::_Vector_base<Catch::clara::detail::Arg, std::allocator<Catch::clara::detail::Arg> >::_Vector_impl_data const&):
    #####:  109:	_M_copy_data(_Vector_impl_data const& __x) _GLIBCXX_NOEXCEPT
        -:  110:	{
    #####:  111:	  _M_start = __x._M_start;
    #####:  112:	  _M_finish = __x._M_finish;
    #####:  113:	  _M_end_of_storage = __x._M_end_of_storage;
    #####:  114:	}
------------------
std::_Vector_base<Catch::clara::detail::Opt, std::allocator<Catch::clara::detail::Opt> >::_Vector_impl_data::_M_copy_data(std::_Vector_base<Catch::clara::detail::Opt, std::allocator<Catch::clara::detail::Opt> >::_Vector_impl_data const&):
    #####:  109:	_M_copy_data(_Vector_impl_data const& __x) _GLIBCXX_NOEXCEPT
        -:  110:	{
    #####:  111:	  _M_start = __x._M_start;
    #####:  112:	  _M_finish = __x._M_finish;
    #####:  113:	  _M_end_of_storage = __x._M_end_of_storage;
    #####:  114:	}
------------------
std::_Vector_base<Catch::TestSpec::FilterMatch, std::allocator<Catch::TestSpec::FilterMatch> >::_Vector_impl_data::_M_copy_data(std::_Vector_base<Catch::TestSpec::FilterMatch, std::allocator<Catch::TestSpec::FilterMatch> >::_Vector_impl_data const&):
    #####:  109:	_M_copy_data(_Vector_impl_data const& __x) _GLIBCXX_NOEXCEPT
        -:  110:	{
    #####:  111:	  _M_start = __x._M_start;
    #####:  112:	  _M_finish = __x._M_finish;
    #####:  113:	  _M_end_of_storage = __x._M_end_of_storage;
    #####:  114:	}
------------------
std::_Vector_base<std::__cxx11::basic_string<char, std::char_traits<char>, std::allocator<char> >, std::allocator<std::__cxx11::basic_string<char, std::char_traits<char>, std::allocator<char> > > >::_Vector_impl_data::_M_copy_data(std::_Vector_base<std::__cxx11::basic_string<char, std::char_traits<char>, std::allocator<char> >, std::allocator<std::__cxx11::basic_string<char, std::char_traits<char>, std::allocator<char> > > >::_Vector_impl_data const&):
    #####:  109:	_M_copy_data(_Vector_impl_data const& __x) _GLIBCXX_NOEXCEPT
        -:  110:	{
    #####:  111:	  _M_start = __x._M_start;
    #####:  112:	  _M_finish = __x._M_finish;
    #####:  113:	  _M_end_of_storage = __x._M_end_of_storage;
    #####:  114:	}
------------------
std::_Vector_base<Catch::TestSpec::Filter, std::allocator<Catch::TestSpec::Filter> >::_Vector_impl_data::_M_copy_data(std::_Vector_base<Catch::TestSpec::Filter, std::allocator<Catch::TestSpec::Filter> >::_Vector_impl_data const&):
    #####:  109:	_M_copy_data(_Vector_impl_data const& __x) _GLIBCXX_NOEXCEPT
        -:  110:	{
    #####:  111:	  _M_start = __x._M_start;
    #####:  112:	  _M_finish = __x._M_finish;
    #####:  113:	  _M_end_of_storage = __x._M_end_of_storage;
    #####:  114:	}
------------------
        -:  115:
        -:  116:	void
    #####:  117:	_M_swap_data(_Vector_impl_data& __x) _GLIBCXX_NOEXCEPT
        -:  118:	{
        -:  119:	  // Do not use std::swap(_M_start, __x._M_start), etc as it loses
        -:  120:	  // information used by TBAA.
    #####:  121:	  _Vector_impl_data __tmp;
    #####:  122:	  __tmp._M_copy_data(*this);
    #####:  123:	  _M_copy_data(__x);
    #####:  124:	  __x._M_copy_data(__tmp);
    #####:  125:	}
------------------
std::_Vector_base<std::shared_ptr<Catch::CumulativeReporterBase<Catch::JunitReporter>::Node<Catch::TestGroupStats, Catch::CumulativeReporterBase<Catch::JunitReporter>::Node<Catch::TestCaseStats, Catch::CumulativeReporterBase<Catch::JunitReporter>::SectionNode> > >, std::allocator<std::shared_ptr<Catch::CumulativeReporterBase<Catch::JunitReporter>::Node<Catch::TestGroupStats, Catch::CumulativeReporterBase<Catch::JunitReporter>::Node<Catch::TestCaseStats, Catch::CumulativeReporterBase<Catch::JunitReporter>::SectionNode> > > > >::_Vector_impl_data::_M_swap_data(std::_Vector_base<std::shared_ptr<Catch::CumulativeReporterBase<Catch::JunitReporter>::Node<Catch::TestGroupStats, Catch::CumulativeReporterBase<Catch::JunitReporter>::Node<Catch::TestCaseStats, Catch::CumulativeReporterBase<Catch::JunitReporter>::SectionNode> > >, std::allocator<std::shared_ptr<Catch::CumulativeReporterBase<Catch::JunitReporter>::Node<Catch::TestGroupStats, Catch::CumulativeReporterBase<Catch::JunitReporter>::Node<Catch::TestCaseStats, Catch::CumulativeReporterBase<Catch::JunitReporter>::SectionNode> > > > >::_Vector_impl_data&):
    #####:  117:	_M_swap_data(_Vector_impl_data& __x) _GLIBCXX_NOEXCEPT
        -:  118:	{
        -:  119:	  // Do not use std::swap(_M_start, __x._M_start), etc as it loses
        -:  120:	  // information used by TBAA.
    #####:  121:	  _Vector_impl_data __tmp;
    #####:  122:	  __tmp._M_copy_data(*this);
    #####:  123:	  _M_copy_data(__x);
    #####:  124:	  __x._M_copy_data(__tmp);
    #####:  125:	}
------------------
std::_Vector_base<std::__cxx11::sub_match<__gnu_cxx::__normal_iterator<char const*, std::__cxx11::basic_string<char, std::char_traits<char>, std::allocator<char> > > >, std::allocator<std::__cxx11::sub_match<__gnu_cxx::__normal_iterator<char const*, std::__cxx11::basic_string<char, std::char_traits<char>, std::allocator<char> > > > > >::_Vector_impl_data::_M_swap_data(std::_Vector_base<std::__cxx11::sub_match<__gnu_cxx::__normal_iterator<char const*, std::__cxx11::basic_string<char, std::char_traits<char>, std::allocator<char> > > >, std::allocator<std::__cxx11::sub_match<__gnu_cxx::__normal_iterator<char const*, std::__cxx11::basic_string<char, std::char_traits<char>, std::allocator<char> > > > > >::_Vector_impl_data&):
    #####:  117:	_M_swap_data(_Vector_impl_data& __x) _GLIBCXX_NOEXCEPT
        -:  118:	{
        -:  119:	  // Do not use std::swap(_M_start, __x._M_start), etc as it loses
        -:  120:	  // information used by TBAA.
    #####:  121:	  _Vector_impl_data __tmp;
    #####:  122:	  __tmp._M_copy_data(*this);
    #####:  123:	  _M_copy_data(__x);
    #####:  124:	  __x._M_copy_data(__tmp);
    #####:  125:	}
------------------
std::_Vector_base<Catch::TestCase const*, std::allocator<Catch::TestCase const*> >::_Vector_impl_data::_M_swap_data(std::_Vector_base<Catch::TestCase const*, std::allocator<Catch::TestCase const*> >::_Vector_impl_data&):
    #####:  117:	_M_swap_data(_Vector_impl_data& __x) _GLIBCXX_NOEXCEPT
        -:  118:	{
        -:  119:	  // Do not use std::swap(_M_start, __x._M_start), etc as it loses
        -:  120:	  // information used by TBAA.
    #####:  121:	  _Vector_impl_data __tmp;
    #####:  122:	  __tmp._M_copy_data(*this);
    #####:  123:	  _M_copy_data(__x);
    #####:  124:	  __x._M_copy_data(__tmp);
    #####:  125:	}
------------------
std::_Vector_base<std::shared_ptr<Catch::CumulativeReporterBase<Catch::JunitReporter>::Node<Catch::TestCaseStats, Catch::CumulativeReporterBase<Catch::JunitReporter>::SectionNode> >, std::allocator<std::shared_ptr<Catch::CumulativeReporterBase<Catch::JunitReporter>::Node<Catch::TestCaseStats, Catch::CumulativeReporterBase<Catch::JunitReporter>::SectionNode> > > >::_Vector_impl_data::_M_swap_data(std::_Vector_base<std::shared_ptr<Catch::CumulativeReporterBase<Catch::JunitReporter>::Node<Catch::TestCaseStats, Catch::CumulativeReporterBase<Catch::JunitReporter>::SectionNode> >, std::allocator<std::shared_ptr<Catch::CumulativeReporterBase<Catch::JunitReporter>::Node<Catch::TestCaseStats, Catch::CumulativeReporterBase<Catch::JunitReporter>::SectionNode> > > >::_Vector_impl_data&):
    #####:  117:	_M_swap_data(_Vector_impl_data& __x) _GLIBCXX_NOEXCEPT
        -:  118:	{
        -:  119:	  // Do not use std::swap(_M_start, __x._M_start), etc as it loses
        -:  120:	  // information used by TBAA.
    #####:  121:	  _Vector_impl_data __tmp;
    #####:  122:	  __tmp._M_copy_data(*this);
    #####:  123:	  _M_copy_data(__x);
    #####:  124:	  __x._M_copy_data(__tmp);
    #####:  125:	}
------------------
std::_Vector_base<std::shared_ptr<Catch::TestSpec::Pattern>, std::allocator<std::shared_ptr<Catch::TestSpec::Pattern> > >::_Vector_impl_data::_M_swap_data(std::_Vector_base<std::shared_ptr<Catch::TestSpec::Pattern>, std::allocator<std::shared_ptr<Catch::TestSpec::Pattern> > >::_Vector_impl_data&):
    #####:  117:	_M_swap_data(_Vector_impl_data& __x) _GLIBCXX_NOEXCEPT
        -:  118:	{
        -:  119:	  // Do not use std::swap(_M_start, __x._M_start), etc as it loses
        -:  120:	  // information used by TBAA.
    #####:  121:	  _Vector_impl_data __tmp;
    #####:  122:	  __tmp._M_copy_data(*this);
    #####:  123:	  _M_copy_data(__x);
    #####:  124:	  __x._M_copy_data(__tmp);
    #####:  125:	}
------------------
std::_Vector_base<Catch::TestCase, std::allocator<Catch::TestCase> >::_Vector_impl_data::_M_swap_data(std::_Vector_base<Catch::TestCase, std::allocator<Catch::TestCase> >::_Vector_impl_data&):
    #####:  117:	_M_swap_data(_Vector_impl_data& __x) _GLIBCXX_NOEXCEPT
        -:  118:	{
        -:  119:	  // Do not use std::swap(_M_start, __x._M_start), etc as it loses
        -:  120:	  // information used by TBAA.
    #####:  121:	  _Vector_impl_data __tmp;
    #####:  122:	  __tmp._M_copy_data(*this);
    #####:  123:	  _M_copy_data(__x);
    #####:  124:	  __x._M_copy_data(__tmp);
    #####:  125:	}
------------------
std::_Vector_base<Catch::clara::detail::Arg, std::allocator<Catch::clara::detail::Arg> >::_Vector_impl_data::_M_swap_data(std::_Vector_base<Catch::clara::detail::Arg, std::allocator<Catch::clara::detail::Arg> >::_Vector_impl_data&):
    #####:  117:	_M_swap_data(_Vector_impl_data& __x) _GLIBCXX_NOEXCEPT
        -:  118:	{
        -:  119:	  // Do not use std::swap(_M_start, __x._M_start), etc as it loses
        -:  120:	  // information used by TBAA.
    #####:  121:	  _Vector_impl_data __tmp;
    #####:  122:	  __tmp._M_copy_data(*this);
    #####:  123:	  _M_copy_data(__x);
    #####:  124:	  __x._M_copy_data(__tmp);
    #####:  125:	}
------------------
std::_Vector_base<Catch::clara::detail::Opt, std::allocator<Catch::clara::detail::Opt> >::_Vector_impl_data::_M_swap_data(std::_Vector_base<Catch::clara::detail::Opt, std::allocator<Catch::clara::detail::Opt> >::_Vector_impl_data&):
    #####:  117:	_M_swap_data(_Vector_impl_data& __x) _GLIBCXX_NOEXCEPT
        -:  118:	{
        -:  119:	  // Do not use std::swap(_M_start, __x._M_start), etc as it loses
        -:  120:	  // information used by TBAA.
    #####:  121:	  _Vector_impl_data __tmp;
    #####:  122:	  __tmp._M_copy_data(*this);
    #####:  123:	  _M_copy_data(__x);
    #####:  124:	  __x._M_copy_data(__tmp);
    #####:  125:	}
------------------
std::_Vector_base<Catch::TestSpec::FilterMatch, std::allocator<Catch::TestSpec::FilterMatch> >::_Vector_impl_data::_M_swap_data(std::_Vector_base<Catch::TestSpec::FilterMatch, std::allocator<Catch::TestSpec::FilterMatch> >::_Vector_impl_data&):
    #####:  117:	_M_swap_data(_Vector_impl_data& __x) _GLIBCXX_NOEXCEPT
        -:  118:	{
        -:  119:	  // Do not use std::swap(_M_start, __x._M_start), etc as it loses
        -:  120:	  // information used by TBAA.
    #####:  121:	  _Vector_impl_data __tmp;
    #####:  122:	  __tmp._M_copy_data(*this);
    #####:  123:	  _M_copy_data(__x);
    #####:  124:	  __x._M_copy_data(__tmp);
    #####:  125:	}
------------------
std::_Vector_base<std::__cxx11::basic_string<char, std::char_traits<char>, std::allocator<char> >, std::allocator<std::__cxx11::basic_string<char, std::char_traits<char>, std::allocator<char> > > >::_Vector_impl_data::_M_swap_data(std::_Vector_base<std::__cxx11::basic_string<char, std::char_traits<char>, std::allocator<char> >, std::allocator<std::__cxx11::basic_string<char, std::char_traits<char>, std::allocator<char> > > >::_Vector_impl_data&):
    #####:  117:	_M_swap_data(_Vector_impl_data& __x) _GLIBCXX_NOEXCEPT
        -:  118:	{
        -:  119:	  // Do not use std::swap(_M_start, __x._M_start), etc as it loses
        -:  120:	  // information used by TBAA.
    #####:  121:	  _Vector_impl_data __tmp;
    #####:  122:	  __tmp._M_copy_data(*this);
    #####:  123:	  _M_copy_data(__x);
    #####:  124:	  __x._M_copy_data(__tmp);
    #####:  125:	}
------------------
std::_Vector_base<Catch::TestSpec::Filter, std::allocator<Catch::TestSpec::Filter> >::_Vector_impl_data::_M_swap_data(std::_Vector_base<Catch::TestSpec::Filter, std::allocator<Catch::TestSpec::Filter> >::_Vector_impl_data&):
    #####:  117:	_M_swap_data(_Vector_impl_data& __x) _GLIBCXX_NOEXCEPT
        -:  118:	{
        -:  119:	  // Do not use std::swap(_M_start, __x._M_start), etc as it loses
        -:  120:	  // information used by TBAA.
    #####:  121:	  _Vector_impl_data __tmp;
    #####:  122:	  __tmp._M_copy_data(*this);
    #####:  123:	  _M_copy_data(__x);
    #####:  124:	  __x._M_copy_data(__tmp);
    #####:  125:	}
------------------
        -:  126:      };
        -:  127:
        -:  128:      struct _Vector_impl
        -:  129:	: public _Tp_alloc_type, public _Vector_impl_data
        -:  130:      {
    #####:  131:	_Vector_impl() _GLIBCXX_NOEXCEPT_IF(
        -:  132:	    is_nothrow_default_constructible<_Tp_alloc_type>::value)
    #####:  133:	: _Tp_alloc_type()
    #####:  134:	{ }
------------------
std::_Vector_base<Catch::ScopedMessage, std::allocator<Catch::ScopedMessage> >::_Vector_impl::_Vector_impl():
    #####:  131:	_Vector_impl() _GLIBCXX_NOEXCEPT_IF(
        -:  132:	    is_nothrow_default_constructible<_Tp_alloc_type>::value)
    #####:  133:	: _Tp_alloc_type()
    #####:  134:	{ }
------------------
std::_Vector_base<Catch::TestCase const*, std::allocator<Catch::TestCase const*> >::_Vector_impl::_Vector_impl():
    #####:  131:	_Vector_impl() _GLIBCXX_NOEXCEPT_IF(
        -:  132:	    is_nothrow_default_constructible<_Tp_alloc_type>::value)
    #####:  133:	: _Tp_alloc_type()
    #####:  134:	{ }
------------------
std::_Vector_base<std::shared_ptr<Catch::TestCaseTracking::ITracker>, std::allocator<std::shared_ptr<Catch::TestCaseTracking::ITracker> > >::_Vector_impl::_Vector_impl():
    #####:  131:	_Vector_impl() _GLIBCXX_NOEXCEPT_IF(
        -:  132:	    is_nothrow_default_constructible<_Tp_alloc_type>::value)
    #####:  133:	: _Tp_alloc_type()
    #####:  134:	{ }
------------------
std::_Vector_base<Catch::TestCase, std::allocator<Catch::TestCase> >::_Vector_impl::_Vector_impl():
    #####:  131:	_Vector_impl() _GLIBCXX_NOEXCEPT_IF(
        -:  132:	    is_nothrow_default_constructible<_Tp_alloc_type>::value)
    #####:  133:	: _Tp_alloc_type()
    #####:  134:	{ }
------------------
std::_Vector_base<std::pair<unsigned long, Catch::TestCase const*>, std::allocator<std::pair<unsigned long, Catch::TestCase const*> > >::_Vector_impl::_Vector_impl():
    #####:  131:	_Vector_impl() _GLIBCXX_NOEXCEPT_IF(
        -:  132:	    is_nothrow_default_constructible<_Tp_alloc_type>::value)
    #####:  133:	: _Tp_alloc_type()
    #####:  134:	{ }
------------------
std::_Vector_base<Catch::ISingleton*, std::allocator<Catch::ISingleton*> >::_Vector_impl::_Vector_impl():
    #####:  131:	_Vector_impl() _GLIBCXX_NOEXCEPT_IF(
        -:  132:	    is_nothrow_default_constructible<_Tp_alloc_type>::value)
    #####:  133:	: _Tp_alloc_type()
    #####:  134:	{ }
------------------
std::_Vector_base<Catch::clara::detail::Arg, std::allocator<Catch::clara::detail::Arg> >::_Vector_impl::_Vector_impl():
    #####:  131:	_Vector_impl() _GLIBCXX_NOEXCEPT_IF(
        -:  132:	    is_nothrow_default_constructible<_Tp_alloc_type>::value)
    #####:  133:	: _Tp_alloc_type()
    #####:  134:	{ }
------------------
std::_Vector_base<Catch::clara::detail::Opt, std::allocator<Catch::clara::detail::Opt> >::_Vector_impl::_Vector_impl():
    #####:  131:	_Vector_impl() _GLIBCXX_NOEXCEPT_IF(
        -:  132:	    is_nothrow_default_constructible<_Tp_alloc_type>::value)
    #####:  133:	: _Tp_alloc_type()
    #####:  134:	{ }
------------------
std::_Vector_base<Catch::TestSpec::FilterMatch, std::allocator<Catch::TestSpec::FilterMatch> >::_Vector_impl::_Vector_impl():
    #####:  131:	_Vector_impl() _GLIBCXX_NOEXCEPT_IF(
        -:  132:	    is_nothrow_default_constructible<_Tp_alloc_type>::value)
    #####:  133:	: _Tp_alloc_type()
    #####:  134:	{ }
------------------
std::_Vector_base<Catch::TestCaseTracking::ITracker*, std::allocator<Catch::TestCaseTracking::ITracker*> >::_Vector_impl::_Vector_impl():
    #####:  131:	_Vector_impl() _GLIBCXX_NOEXCEPT_IF(
        -:  132:	    is_nothrow_default_constructible<_Tp_alloc_type>::value)
    #####:  133:	: _Tp_alloc_type()
    #####:  134:	{ }
------------------
std::_Vector_base<Catch::SectionEndInfo, std::allocator<Catch::SectionEndInfo> >::_Vector_impl::_Vector_impl():
    #####:  131:	_Vector_impl() _GLIBCXX_NOEXCEPT_IF(
        -:  132:	    is_nothrow_default_constructible<_Tp_alloc_type>::value)
    #####:  133:	: _Tp_alloc_type()
    #####:  134:	{ }
------------------
std::_Vector_base<std::shared_ptr<Catch::TestSpec::Pattern>, std::allocator<std::shared_ptr<Catch::TestSpec::Pattern> > >::_Vector_impl::_Vector_impl():
    #####:  131:	_Vector_impl() _GLIBCXX_NOEXCEPT_IF(
        -:  132:	    is_nothrow_default_constructible<_Tp_alloc_type>::value)
    #####:  133:	: _Tp_alloc_type()
    #####:  134:	{ }
------------------
std::_Vector_base<Catch::MessageInfo, std::allocator<Catch::MessageInfo> >::_Vector_impl::_Vector_impl():
    #####:  131:	_Vector_impl() _GLIBCXX_NOEXCEPT_IF(
        -:  132:	    is_nothrow_default_constructible<_Tp_alloc_type>::value)
    #####:  133:	: _Tp_alloc_type()
    #####:  134:	{ }
------------------
std::_Vector_base<unsigned long, std::allocator<unsigned long> >::_Vector_impl::_Vector_impl():
    #####:  131:	_Vector_impl() _GLIBCXX_NOEXCEPT_IF(
        -:  132:	    is_nothrow_default_constructible<_Tp_alloc_type>::value)
    #####:  133:	: _Tp_alloc_type()
    #####:  134:	{ }
------------------
std::_Vector_base<std::pair<int, Catch::StringRef>, std::allocator<std::pair<int, Catch::StringRef> > >::_Vector_impl::_Vector_impl():
    #####:  131:	_Vector_impl() _GLIBCXX_NOEXCEPT_IF(
        -:  132:	    is_nothrow_default_constructible<_Tp_alloc_type>::value)
    #####:  133:	: _Tp_alloc_type()
    #####:  134:	{ }
------------------
std::_Vector_base<Catch::StringRef, std::allocator<Catch::StringRef> >::_Vector_impl::_Vector_impl():
    #####:  131:	_Vector_impl() _GLIBCXX_NOEXCEPT_IF(
        -:  132:	    is_nothrow_default_constructible<_Tp_alloc_type>::value)
    #####:  133:	: _Tp_alloc_type()
    #####:  134:	{ }
------------------
std::_Vector_base<Catch::TestSpec::Filter, std::allocator<Catch::TestSpec::Filter> >::_Vector_impl::_Vector_impl():
    #####:  131:	_Vector_impl() _GLIBCXX_NOEXCEPT_IF(
        -:  132:	    is_nothrow_default_constructible<_Tp_alloc_type>::value)
    #####:  133:	: _Tp_alloc_type()
    #####:  134:	{ }
------------------
std::_Vector_base<Catch::clara::detail::HelpColumns, std::allocator<Catch::clara::detail::HelpColumns> >::_Vector_impl::_Vector_impl():
    #####:  131:	_Vector_impl() _GLIBCXX_NOEXCEPT_IF(
        -:  132:	    is_nothrow_default_constructible<_Tp_alloc_type>::value)
    #####:  133:	: _Tp_alloc_type()
    #####:  134:	{ }
------------------
std::_Vector_base<Catch::clara::detail::Token, std::allocator<Catch::clara::detail::Token> >::_Vector_impl::_Vector_impl():
    #####:  131:	_Vector_impl() _GLIBCXX_NOEXCEPT_IF(
        -:  132:	    is_nothrow_default_constructible<_Tp_alloc_type>::value)
    #####:  133:	: _Tp_alloc_type()
    #####:  134:	{ }
------------------
std::_Vector_base<Catch::clara::TextFlow::Column, std::allocator<Catch::clara::TextFlow::Column> >::_Vector_impl::_Vector_impl():
    #####:  131:	_Vector_impl() _GLIBCXX_NOEXCEPT_IF(
        -:  132:	    is_nothrow_default_constructible<_Tp_alloc_type>::value)
    #####:  133:	: _Tp_alloc_type()
    #####:  134:	{ }
------------------
std::_Vector_base<Catch::clara::TextFlow::Column::iterator, std::allocator<Catch::clara::TextFlow::Column::iterator> >::_Vector_impl::_Vector_impl():
    #####:  131:	_Vector_impl() _GLIBCXX_NOEXCEPT_IF(
        -:  132:	    is_nothrow_default_constructible<_Tp_alloc_type>::value)
    #####:  133:	: _Tp_alloc_type()
    #####:  134:	{ }
------------------
std::_Vector_base<std::__cxx11::basic_string<char, std::char_traits<char>, std::allocator<char> >, std::allocator<std::__cxx11::basic_string<char, std::char_traits<char>, std::allocator<char> > > >::_Vector_impl::_Vector_impl():
    #####:  131:	_Vector_impl() _GLIBCXX_NOEXCEPT_IF(
        -:  132:	    is_nothrow_default_constructible<_Tp_alloc_type>::value)
    #####:  133:	: _Tp_alloc_type()
    #####:  134:	{ }
------------------
std::_Vector_base<std::shared_ptr<Catch::IReporterFactory>, std::allocator<std::shared_ptr<Catch::IReporterFactory> > >::_Vector_impl::_Vector_impl():
    #####:  131:	_Vector_impl() _GLIBCXX_NOEXCEPT_IF(
        -:  132:	    is_nothrow_default_constructible<_Tp_alloc_type>::value)
    #####:  133:	: _Tp_alloc_type()
    #####:  134:	{ }
------------------
std::_Vector_base<std::pair<std::__cxx11::basic_string<char, std::char_traits<char>, std::allocator<char> >, std::__cxx11::basic_string<char, std::char_traits<char>, std::allocator<char> > >, std::allocator<std::pair<std::__cxx11::basic_string<char, std::char_traits<char>, std::allocator<char> >, std::__cxx11::basic_string<char, std::char_traits<char>, std::allocator<char> > > > >::_Vector_impl::_Vector_impl():
    #####:  131:	_Vector_impl() _GLIBCXX_NOEXCEPT_IF(
        -:  132:	    is_nothrow_default_constructible<_Tp_alloc_type>::value)
    #####:  133:	: _Tp_alloc_type()
    #####:  134:	{ }
------------------
std::_Vector_base<std::__cxx11::regex_traits<char>::_RegexMask, std::allocator<std::__cxx11::regex_traits<char>::_RegexMask> >::_Vector_impl::_Vector_impl():
    #####:  131:	_Vector_impl() _GLIBCXX_NOEXCEPT_IF(
        -:  132:	    is_nothrow_default_constructible<_Tp_alloc_type>::value)
    #####:  133:	: _Tp_alloc_type()
    #####:  134:	{ }
------------------
std::_Vector_base<std::pair<char, char>, std::allocator<std::pair<char, char> > >::_Vector_impl::_Vector_impl():
    #####:  131:	_Vector_impl() _GLIBCXX_NOEXCEPT_IF(
        -:  132:	    is_nothrow_default_constructible<_Tp_alloc_type>::value)
    #####:  133:	: _Tp_alloc_type()
    #####:  134:	{ }
------------------
std::_Vector_base<char, std::allocator<char> >::_Vector_impl::_Vector_impl():
    #####:  131:	_Vector_impl() _GLIBCXX_NOEXCEPT_IF(
        -:  132:	    is_nothrow_default_constructible<_Tp_alloc_type>::value)
    #####:  133:	: _Tp_alloc_type()
    #####:  134:	{ }
------------------
std::_Vector_base<std::pair<long, std::vector<std::__cxx11::sub_match<__gnu_cxx::__normal_iterator<char const*, std::__cxx11::basic_string<char, std::char_traits<char>, std::allocator<char> > > >, std::allocator<std::__cxx11::sub_match<__gnu_cxx::__normal_iterator<char const*, std::__cxx11::basic_string<char, std::char_traits<char>, std::allocator<char> > > > > > >, std::allocator<std::pair<long, std::vector<std::__cxx11::sub_match<__gnu_cxx::__normal_iterator<char const*, std::__cxx11::basic_string<char, std::char_traits<char>, std::allocator<char> > > >, std::allocator<std::__cxx11::sub_match<__gnu_cxx::__normal_iterator<char const*, std::__cxx11::basic_string<char, std::char_traits<char>, std::allocator<char> > > > > > > > >::_Vector_impl::_Vector_impl():
    #####:  131:	_Vector_impl() _GLIBCXX_NOEXCEPT_IF(
        -:  132:	    is_nothrow_default_constructible<_Tp_alloc_type>::value)
    #####:  133:	: _Tp_alloc_type()
    #####:  134:	{ }
------------------
std::_Vector_base<std::__cxx11::sub_match<__gnu_cxx::__normal_iterator<char const*, std::__cxx11::basic_string<char, std::char_traits<char>, std::allocator<char> > > >, std::allocator<std::__cxx11::sub_match<__gnu_cxx::__normal_iterator<char const*, std::__cxx11::basic_string<char, std::char_traits<char>, std::allocator<char> > > > > >::_Vector_impl::_Vector_impl():
    #####:  131:	_Vector_impl() _GLIBCXX_NOEXCEPT_IF(
        -:  132:	    is_nothrow_default_constructible<_Tp_alloc_type>::value)
    #####:  133:	: _Tp_alloc_type()
    #####:  134:	{ }
------------------
std::_Vector_base<std::unique_ptr<std::__cxx11::basic_ostringstream<char, std::char_traits<char>, std::allocator<char> >, std::default_delete<std::__cxx11::basic_ostringstream<char, std::char_traits<char>, std::allocator<char> > > >, std::allocator<std::unique_ptr<std::__cxx11::basic_ostringstream<char, std::char_traits<char>, std::allocator<char> >, std::default_delete<std::__cxx11::basic_ostringstream<char, std::char_traits<char>, std::allocator<char> > > > > >::_Vector_impl::_Vector_impl():
    #####:  131:	_Vector_impl() _GLIBCXX_NOEXCEPT_IF(
        -:  132:	    is_nothrow_default_constructible<_Tp_alloc_type>::value)
    #####:  133:	: _Tp_alloc_type()
    #####:  134:	{ }
------------------
std::_Vector_base<std::unique_ptr<Catch::Detail::EnumInfo, std::default_delete<Catch::Detail::EnumInfo> >, std::allocator<std::unique_ptr<Catch::Detail::EnumInfo, std::default_delete<Catch::Detail::EnumInfo> > > >::_Vector_impl::_Vector_impl():
    #####:  131:	_Vector_impl() _GLIBCXX_NOEXCEPT_IF(
        -:  132:	    is_nothrow_default_constructible<_Tp_alloc_type>::value)
    #####:  133:	: _Tp_alloc_type()
    #####:  134:	{ }
------------------
std::_Vector_base<std::__exception_ptr::exception_ptr, std::allocator<std::__exception_ptr::exception_ptr> >::_Vector_impl::_Vector_impl():
    #####:  131:	_Vector_impl() _GLIBCXX_NOEXCEPT_IF(
        -:  132:	    is_nothrow_default_constructible<_Tp_alloc_type>::value)
    #####:  133:	: _Tp_alloc_type()
    #####:  134:	{ }
------------------
std::_Vector_base<std::unique_ptr<Catch::IExceptionTranslator const, std::default_delete<Catch::IExceptionTranslator const> >, std::allocator<std::unique_ptr<Catch::IExceptionTranslator const, std::default_delete<Catch::IExceptionTranslator const> > > >::_Vector_impl::_Vector_impl():
    #####:  131:	_Vector_impl() _GLIBCXX_NOEXCEPT_IF(
        -:  132:	    is_nothrow_default_constructible<_Tp_alloc_type>::value)
    #####:  133:	: _Tp_alloc_type()
    #####:  134:	{ }
------------------
std::_Vector_base<std::__detail::_State<char>, std::allocator<std::__detail::_State<char> > >::_Vector_impl::_Vector_impl():
    #####:  131:	_Vector_impl() _GLIBCXX_NOEXCEPT_IF(
        -:  132:	    is_nothrow_default_constructible<_Tp_alloc_type>::value)
    #####:  133:	: _Tp_alloc_type()
    #####:  134:	{ }
------------------
std::_Vector_base<std::shared_ptr<Catch::CumulativeReporterBase<Catch::JunitReporter>::SectionNode>, std::allocator<std::shared_ptr<Catch::CumulativeReporterBase<Catch::JunitReporter>::SectionNode> > >::_Vector_impl::_Vector_impl():
    #####:  131:	_Vector_impl() _GLIBCXX_NOEXCEPT_IF(
        -:  132:	    is_nothrow_default_constructible<_Tp_alloc_type>::value)
    #####:  133:	: _Tp_alloc_type()
    #####:  134:	{ }
------------------
std::_Vector_base<std::shared_ptr<Catch::CumulativeReporterBase<Catch::JunitReporter>::Node<Catch::TestRunStats, Catch::CumulativeReporterBase<Catch::JunitReporter>::Node<Catch::TestGroupStats, Catch::CumulativeReporterBase<Catch::JunitReporter>::Node<Catch::TestCaseStats, Catch::CumulativeReporterBase<Catch::JunitReporter>::SectionNode> > > >, std::allocator<std::shared_ptr<Catch::CumulativeReporterBase<Catch::JunitReporter>::Node<Catch::TestRunStats, Catch::CumulativeReporterBase<Catch::JunitReporter>::Node<Catch::TestGroupStats, Catch::CumulativeReporterBase<Catch::JunitReporter>::Node<Catch::TestCaseStats, Catch::CumulativeReporterBase<Catch::JunitReporter>::SectionNode> > > > > >::_Vector_impl::_Vector_impl():
    #####:  131:	_Vector_impl() _GLIBCXX_NOEXCEPT_IF(
        -:  132:	    is_nothrow_default_constructible<_Tp_alloc_type>::value)
    #####:  133:	: _Tp_alloc_type()
    #####:  134:	{ }
------------------
std::_Vector_base<std::shared_ptr<Catch::CumulativeReporterBase<Catch::JunitReporter>::Node<Catch::TestGroupStats, Catch::CumulativeReporterBase<Catch::JunitReporter>::Node<Catch::TestCaseStats, Catch::CumulativeReporterBase<Catch::JunitReporter>::SectionNode> > >, std::allocator<std::shared_ptr<Catch::CumulativeReporterBase<Catch::JunitReporter>::Node<Catch::TestGroupStats, Catch::CumulativeReporterBase<Catch::JunitReporter>::Node<Catch::TestCaseStats, Catch::CumulativeReporterBase<Catch::JunitReporter>::SectionNode> > > > >::_Vector_impl::_Vector_impl():
    #####:  131:	_Vector_impl() _GLIBCXX_NOEXCEPT_IF(
        -:  132:	    is_nothrow_default_constructible<_Tp_alloc_type>::value)
    #####:  133:	: _Tp_alloc_type()
    #####:  134:	{ }
------------------
std::_Vector_base<std::shared_ptr<Catch::CumulativeReporterBase<Catch::JunitReporter>::Node<Catch::TestCaseStats, Catch::CumulativeReporterBase<Catch::JunitReporter>::SectionNode> >, std::allocator<std::shared_ptr<Catch::CumulativeReporterBase<Catch::JunitReporter>::Node<Catch::TestCaseStats, Catch::CumulativeReporterBase<Catch::JunitReporter>::SectionNode> > > >::_Vector_impl::_Vector_impl():
    #####:  131:	_Vector_impl() _GLIBCXX_NOEXCEPT_IF(
        -:  132:	    is_nothrow_default_constructible<_Tp_alloc_type>::value)
    #####:  133:	: _Tp_alloc_type()
    #####:  134:	{ }
------------------
std::_Vector_base<std::vector<std::shared_ptr<Catch::CumulativeReporterBase<Catch::JunitReporter>::SectionNode>, std::allocator<std::shared_ptr<Catch::CumulativeReporterBase<Catch::JunitReporter>::SectionNode> > >, std::allocator<std::vector<std::shared_ptr<Catch::CumulativeReporterBase<Catch::JunitReporter>::SectionNode>, std::allocator<std::shared_ptr<Catch::CumulativeReporterBase<Catch::JunitReporter>::SectionNode> > > > >::_Vector_impl::_Vector_impl():
    #####:  131:	_Vector_impl() _GLIBCXX_NOEXCEPT_IF(
        -:  132:	    is_nothrow_default_constructible<_Tp_alloc_type>::value)
    #####:  133:	: _Tp_alloc_type()
    #####:  134:	{ }
------------------
std::_Vector_base<Catch::AssertionStats, std::allocator<Catch::AssertionStats> >::_Vector_impl::_Vector_impl():
    #####:  131:	_Vector_impl() _GLIBCXX_NOEXCEPT_IF(
        -:  132:	    is_nothrow_default_constructible<_Tp_alloc_type>::value)
    #####:  133:	: _Tp_alloc_type()
    #####:  134:	{ }
------------------
std::_Vector_base<Catch::SectionInfo, std::allocator<Catch::SectionInfo> >::_Vector_impl::_Vector_impl():
    #####:  131:	_Vector_impl() _GLIBCXX_NOEXCEPT_IF(
        -:  132:	    is_nothrow_default_constructible<_Tp_alloc_type>::value)
    #####:  133:	: _Tp_alloc_type()
    #####:  134:	{ }
------------------
std::_Vector_base<std::unique_ptr<Catch::IStreamingReporter, std::default_delete<Catch::IStreamingReporter> >, std::allocator<std::unique_ptr<Catch::IStreamingReporter, std::default_delete<Catch::IStreamingReporter> > > >::_Vector_impl::_Vector_impl():
    #####:  131:	_Vector_impl() _GLIBCXX_NOEXCEPT_IF(
        -:  132:	    is_nothrow_default_constructible<_Tp_alloc_type>::value)
    #####:  133:	: _Tp_alloc_type()
    #####:  134:	{ }
------------------
std::_Vector_base<Catch::SummaryColumn, std::allocator<Catch::SummaryColumn> >::_Vector_impl::_Vector_impl():
    #####:  131:	_Vector_impl() _GLIBCXX_NOEXCEPT_IF(
        -:  132:	    is_nothrow_default_constructible<_Tp_alloc_type>::value)
    #####:  133:	: _Tp_alloc_type()
    #####:  134:	{ }
------------------
        -:  135:
    #####:  136:	_Vector_impl(_Tp_alloc_type const& __a) _GLIBCXX_NOEXCEPT
    #####:  137:	: _Tp_alloc_type(__a)
    #####:  138:	{ }
------------------
std::_Vector_base<Catch::(anonymous namespace)::ColumnInfo, std::allocator<Catch::(anonymous namespace)::ColumnInfo> >::_Vector_impl::_Vector_impl(std::allocator<Catch::(anonymous namespace)::ColumnInfo> const&):
    #####:  136:	_Vector_impl(_Tp_alloc_type const& __a) _GLIBCXX_NOEXCEPT
    #####:  137:	: _Tp_alloc_type(__a)
    #####:  138:	{ }
------------------
std::_Vector_base<Catch::clara::TextFlow::Column, std::allocator<Catch::clara::TextFlow::Column> >::_Vector_impl::_Vector_impl(std::allocator<Catch::clara::TextFlow::Column> const&):
    #####:  136:	_Vector_impl(_Tp_alloc_type const& __a) _GLIBCXX_NOEXCEPT
    #####:  137:	: _Tp_alloc_type(__a)
    #####:  138:	{ }
------------------
std::_Vector_base<std::__cxx11::basic_string<char, std::char_traits<char>, std::allocator<char> >, std::allocator<std::__cxx11::basic_string<char, std::char_traits<char>, std::allocator<char> > > >::_Vector_impl::_Vector_impl(std::allocator<std::__cxx11::basic_string<char, std::char_traits<char>, std::allocator<char> > > const&):
    #####:  136:	_Vector_impl(_Tp_alloc_type const& __a) _GLIBCXX_NOEXCEPT
    #####:  137:	: _Tp_alloc_type(__a)
    #####:  138:	{ }
------------------
std::_Vector_base<Catch::clara::detail::Token, std::allocator<Catch::clara::detail::Token> >::_Vector_impl::_Vector_impl(std::allocator<Catch::clara::detail::Token> const&):
    #####:  136:	_Vector_impl(_Tp_alloc_type const& __a) _GLIBCXX_NOEXCEPT
    #####:  137:	: _Tp_alloc_type(__a)
    #####:  138:	{ }
------------------
std::_Vector_base<Catch::clara::detail::HelpColumns, std::allocator<Catch::clara::detail::HelpColumns> >::_Vector_impl::_Vector_impl(std::allocator<Catch::clara::detail::HelpColumns> const&):
    #####:  136:	_Vector_impl(_Tp_alloc_type const& __a) _GLIBCXX_NOEXCEPT
    #####:  137:	: _Tp_alloc_type(__a)
    #####:  138:	{ }
------------------
std::_Vector_base<Catch::MessageInfo, std::allocator<Catch::MessageInfo> >::_Vector_impl::_Vector_impl(std::allocator<Catch::MessageInfo> const&):
    #####:  136:	_Vector_impl(_Tp_alloc_type const& __a) _GLIBCXX_NOEXCEPT
    #####:  137:	: _Tp_alloc_type(__a)
    #####:  138:	{ }
------------------
std::_Vector_base<Catch::TestCase, std::allocator<Catch::TestCase> >::_Vector_impl::_Vector_impl(std::allocator<Catch::TestCase> const&):
    #####:  136:	_Vector_impl(_Tp_alloc_type const& __a) _GLIBCXX_NOEXCEPT
    #####:  137:	: _Tp_alloc_type(__a)
    #####:  138:	{ }
------------------
std::_Vector_base<Catch::TestSpec::FilterMatch, std::allocator<Catch::TestSpec::FilterMatch> >::_Vector_impl::_Vector_impl(std::allocator<Catch::TestSpec::FilterMatch> const&):
    #####:  136:	_Vector_impl(_Tp_alloc_type const& __a) _GLIBCXX_NOEXCEPT
    #####:  137:	: _Tp_alloc_type(__a)
    #####:  138:	{ }
------------------
std::_Vector_base<Catch::TestCase const*, std::allocator<Catch::TestCase const*> >::_Vector_impl::_Vector_impl(std::allocator<Catch::TestCase const*> const&):
    #####:  136:	_Vector_impl(_Tp_alloc_type const& __a) _GLIBCXX_NOEXCEPT
    #####:  137:	: _Tp_alloc_type(__a)
    #####:  138:	{ }
------------------
std::_Vector_base<Catch::TestSpec::Filter, std::allocator<Catch::TestSpec::Filter> >::_Vector_impl::_Vector_impl(std::allocator<Catch::TestSpec::Filter> const&):
    #####:  136:	_Vector_impl(_Tp_alloc_type const& __a) _GLIBCXX_NOEXCEPT
    #####:  137:	: _Tp_alloc_type(__a)
    #####:  138:	{ }
------------------
std::_Vector_base<std::pair<std::__cxx11::basic_string<char, std::char_traits<char>, std::allocator<char> >, std::__cxx11::basic_string<char, std::char_traits<char>, std::allocator<char> > >, std::allocator<std::pair<std::__cxx11::basic_string<char, std::char_traits<char>, std::allocator<char> >, std::__cxx11::basic_string<char, std::char_traits<char>, std::allocator<char> > > > >::_Vector_impl::_Vector_impl(std::allocator<std::pair<std::__cxx11::basic_string<char, std::char_traits<char>, std::allocator<char> >, std::__cxx11::basic_string<char, std::char_traits<char>, std::allocator<char> > > > const&):
    #####:  136:	_Vector_impl(_Tp_alloc_type const& __a) _GLIBCXX_NOEXCEPT
    #####:  137:	: _Tp_alloc_type(__a)
    #####:  138:	{ }
------------------
std::_Vector_base<Catch::clara::detail::Opt, std::allocator<Catch::clara::detail::Opt> >::_Vector_impl::_Vector_impl(std::allocator<Catch::clara::detail::Opt> const&):
    #####:  136:	_Vector_impl(_Tp_alloc_type const& __a) _GLIBCXX_NOEXCEPT
    #####:  137:	: _Tp_alloc_type(__a)
    #####:  138:	{ }
------------------
std::_Vector_base<Catch::clara::detail::Arg, std::allocator<Catch::clara::detail::Arg> >::_Vector_impl::_Vector_impl(std::allocator<Catch::clara::detail::Arg> const&):
    #####:  136:	_Vector_impl(_Tp_alloc_type const& __a) _GLIBCXX_NOEXCEPT
    #####:  137:	: _Tp_alloc_type(__a)
    #####:  138:	{ }
------------------
std::_Vector_base<std::shared_ptr<Catch::TestSpec::Pattern>, std::allocator<std::shared_ptr<Catch::TestSpec::Pattern> > >::_Vector_impl::_Vector_impl(std::allocator<std::shared_ptr<Catch::TestSpec::Pattern> > const&):
    #####:  136:	_Vector_impl(_Tp_alloc_type const& __a) _GLIBCXX_NOEXCEPT
    #####:  137:	: _Tp_alloc_type(__a)
    #####:  138:	{ }
------------------
std::_Vector_base<std::__cxx11::sub_match<__gnu_cxx::__normal_iterator<char const*, std::__cxx11::basic_string<char, std::char_traits<char>, std::allocator<char> > > >, std::allocator<std::__cxx11::sub_match<__gnu_cxx::__normal_iterator<char const*, std::__cxx11::basic_string<char, std::char_traits<char>, std::allocator<char> > > > > >::_Vector_impl::_Vector_impl(std::allocator<std::__cxx11::sub_match<__gnu_cxx::__normal_iterator<char const*, std::__cxx11::basic_string<char, std::char_traits<char>, std::allocator<char> > > > > const&):
    #####:  136:	_Vector_impl(_Tp_alloc_type const& __a) _GLIBCXX_NOEXCEPT
    #####:  137:	: _Tp_alloc_type(__a)
    #####:  138:	{ }
------------------
std::_Vector_base<std::pair<__gnu_cxx::__normal_iterator<char const*, std::__cxx11::basic_string<char, std::char_traits<char>, std::allocator<char> > >, int>, std::allocator<std::pair<__gnu_cxx::__normal_iterator<char const*, std::__cxx11::basic_string<char, std::char_traits<char>, std::allocator<char> > >, int> > >::_Vector_impl::_Vector_impl(std::allocator<std::pair<__gnu_cxx::__normal_iterator<char const*, std::__cxx11::basic_string<char, std::char_traits<char>, std::allocator<char> > >, int> > const&):
    #####:  136:	_Vector_impl(_Tp_alloc_type const& __a) _GLIBCXX_NOEXCEPT
    #####:  137:	: _Tp_alloc_type(__a)
    #####:  138:	{ }
------------------
std::_Vector_base<char, std::allocator<char> >::_Vector_impl::_Vector_impl(std::allocator<char> const&):
    #####:  136:	_Vector_impl(_Tp_alloc_type const& __a) _GLIBCXX_NOEXCEPT
    #####:  137:	: _Tp_alloc_type(__a)
    #####:  138:	{ }
------------------
std::_Vector_base<std::pair<char, char>, std::allocator<std::pair<char, char> > >::_Vector_impl::_Vector_impl(std::allocator<std::pair<char, char> > const&):
    #####:  136:	_Vector_impl(_Tp_alloc_type const& __a) _GLIBCXX_NOEXCEPT
    #####:  137:	: _Tp_alloc_type(__a)
    #####:  138:	{ }
------------------
std::_Vector_base<std::__cxx11::regex_traits<char>::_RegexMask, std::allocator<std::__cxx11::regex_traits<char>::_RegexMask> >::_Vector_impl::_Vector_impl(std::allocator<std::__cxx11::regex_traits<char>::_RegexMask> const&):
    #####:  136:	_Vector_impl(_Tp_alloc_type const& __a) _GLIBCXX_NOEXCEPT
    #####:  137:	: _Tp_alloc_type(__a)
    #####:  138:	{ }
------------------
        -:  139:
        -:  140:#if __cplusplus >= 201103L
        -:  141:	// Not defaulted, to enforce noexcept(true) even when
        -:  142:	// !is_nothrow_move_constructible<_Tp_alloc_type>.
    #####:  143:	_Vector_impl(_Vector_impl&& __x) noexcept
    #####:  144:	: _Tp_alloc_type(std::move(__x)), _Vector_impl_data(std::move(__x))
    #####:  145:	{ }
------------------
std::_Vector_base<std::__cxx11::sub_match<__gnu_cxx::__normal_iterator<char const*, std::__cxx11::basic_string<char, std::char_traits<char>, std::allocator<char> > > >, std::allocator<std::__cxx11::sub_match<__gnu_cxx::__normal_iterator<char const*, std::__cxx11::basic_string<char, std::char_traits<char>, std::allocator<char> > > > > >::_Vector_impl::_Vector_impl(std::_Vector_base<std::__cxx11::sub_match<__gnu_cxx::__normal_iterator<char const*, std::__cxx11::basic_string<char, std::char_traits<char>, std::allocator<char> > > >, std::allocator<std::__cxx11::sub_match<__gnu_cxx::__normal_iterator<char const*, std::__cxx11::basic_string<char, std::char_traits<char>, std::allocator<char> > > > > >::_Vector_impl&&):
    #####:  143:	_Vector_impl(_Vector_impl&& __x) noexcept
    #####:  144:	: _Tp_alloc_type(std::move(__x)), _Vector_impl_data(std::move(__x))
    #####:  145:	{ }
------------------
std::_Vector_base<std::pair<std::__cxx11::basic_string<char, std::char_traits<char>, std::allocator<char> >, std::__cxx11::basic_string<char, std::char_traits<char>, std::allocator<char> > >, std::allocator<std::pair<std::__cxx11::basic_string<char, std::char_traits<char>, std::allocator<char> >, std::__cxx11::basic_string<char, std::char_traits<char>, std::allocator<char> > > > >::_Vector_impl::_Vector_impl(std::_Vector_base<std::pair<std::__cxx11::basic_string<char, std::char_traits<char>, std::allocator<char> >, std::__cxx11::basic_string<char, std::char_traits<char>, std::allocator<char> > >, std::allocator<std::pair<std::__cxx11::basic_string<char, std::char_traits<char>, std::allocator<char> >, std::__cxx11::basic_string<char, std::char_traits<char>, std::allocator<char> > > > >::_Vector_impl&&):
    #####:  143:	_Vector_impl(_Vector_impl&& __x) noexcept
    #####:  144:	: _Tp_alloc_type(std::move(__x)), _Vector_impl_data(std::move(__x))
    #####:  145:	{ }
------------------
std::_Vector_base<std::__cxx11::regex_traits<char>::_RegexMask, std::allocator<std::__cxx11::regex_traits<char>::_RegexMask> >::_Vector_impl::_Vector_impl(std::_Vector_base<std::__cxx11::regex_traits<char>::_RegexMask, std::allocator<std::__cxx11::regex_traits<char>::_RegexMask> >::_Vector_impl&&):
    #####:  143:	_Vector_impl(_Vector_impl&& __x) noexcept
    #####:  144:	: _Tp_alloc_type(std::move(__x)), _Vector_impl_data(std::move(__x))
    #####:  145:	{ }
------------------
std::_Vector_base<std::pair<char, char>, std::allocator<std::pair<char, char> > >::_Vector_impl::_Vector_impl(std::_Vector_base<std::pair<char, char>, std::allocator<std::pair<char, char> > >::_Vector_impl&&):
    #####:  143:	_Vector_impl(_Vector_impl&& __x) noexcept
    #####:  144:	: _Tp_alloc_type(std::move(__x)), _Vector_impl_data(std::move(__x))
    #####:  145:	{ }
------------------
std::_Vector_base<char, std::allocator<char> >::_Vector_impl::_Vector_impl(std::_Vector_base<char, std::allocator<char> >::_Vector_impl&&):
    #####:  143:	_Vector_impl(_Vector_impl&& __x) noexcept
    #####:  144:	: _Tp_alloc_type(std::move(__x)), _Vector_impl_data(std::move(__x))
    #####:  145:	{ }
------------------
std::_Vector_base<std::shared_ptr<Catch::TestSpec::Pattern>, std::allocator<std::shared_ptr<Catch::TestSpec::Pattern> > >::_Vector_impl::_Vector_impl(std::_Vector_base<std::shared_ptr<Catch::TestSpec::Pattern>, std::allocator<std::shared_ptr<Catch::TestSpec::Pattern> > >::_Vector_impl&&):
    #####:  143:	_Vector_impl(_Vector_impl&& __x) noexcept
    #####:  144:	: _Tp_alloc_type(std::move(__x)), _Vector_impl_data(std::move(__x))
    #####:  145:	{ }
------------------
[...]
    #####: 1797:			  _M_get_Tp_allocator());
    #####: 1798:	    this->_M_impl._M_finish = __pos;
        -: 1799:	    _GLIBCXX_ASAN_ANNOTATE_SHRINK(__n);
        -: 1800:	  }
    #####: 1801:      }
------------------
std::vector<unsigned long, std::allocator<unsigned long> >::_M_erase_at_end(unsigned long*):
    #####: 1792:      _M_erase_at_end(pointer __pos) _GLIBCXX_NOEXCEPT
        -: 1793:      {
    #####: 1794:	if (size_type __n = this->_M_impl._M_finish - __pos)
        -: 1795:	  {
    #####: 1796:	    std::_Destroy(__pos, this->_M_impl._M_finish,
    #####: 1797:			  _M_get_Tp_allocator());
    #####: 1798:	    this->_M_impl._M_finish = __pos;
        -: 1799:	    _GLIBCXX_ASAN_ANNOTATE_SHRINK(__n);
        -: 1800:	  }
    #####: 1801:      }
------------------
std::vector<std::__cxx11::basic_string<char, std::char_traits<char>, std::allocator<char> >, std::allocator<std::__cxx11::basic_string<char, std::char_traits<char>, std::allocator<char> > > >::_M_erase_at_end(std::__cxx11::basic_string<char, std::char_traits<char>, std::allocator<char> >*):
    #####: 1792:      _M_erase_at_end(pointer __pos) _GLIBCXX_NOEXCEPT
        -: 1793:      {
    #####: 1794:	if (size_type __n = this->_M_impl._M_finish - __pos)
        -: 1795:	  {
    #####: 1796:	    std::_Destroy(__pos, this->_M_impl._M_finish,
    #####: 1797:			  _M_get_Tp_allocator());
    #####: 1798:	    this->_M_impl._M_finish = __pos;
        -: 1799:	    _GLIBCXX_ASAN_ANNOTATE_SHRINK(__n);
        -: 1800:	  }
    #####: 1801:      }
------------------
std::vector<Catch::SectionEndInfo, std::allocator<Catch::SectionEndInfo> >::_M_erase_at_end(Catch::SectionEndInfo*):
    #####: 1792:      _M_erase_at_end(pointer __pos) _GLIBCXX_NOEXCEPT
        -: 1793:      {
    #####: 1794:	if (size_type __n = this->_M_impl._M_finish - __pos)
        -: 1795:	  {
    #####: 1796:	    std::_Destroy(__pos, this->_M_impl._M_finish,
    #####: 1797:			  _M_get_Tp_allocator());
    #####: 1798:	    this->_M_impl._M_finish = __pos;
        -: 1799:	    _GLIBCXX_ASAN_ANNOTATE_SHRINK(__n);
        -: 1800:	  }
    #####: 1801:      }
------------------
std::vector<Catch::MessageInfo, std::allocator<Catch::MessageInfo> >::_M_erase_at_end(Catch::MessageInfo*):
    #####: 1792:      _M_erase_at_end(pointer __pos) _GLIBCXX_NOEXCEPT
        -: 1793:      {
    #####: 1794:	if (size_type __n = this->_M_impl._M_finish - __pos)
        -: 1795:	  {
    #####: 1796:	    std::_Destroy(__pos, this->_M_impl._M_finish,
    #####: 1797:			  _M_get_Tp_allocator());
    #####: 1798:	    this->_M_impl._M_finish = __pos;
        -: 1799:	    _GLIBCXX_ASAN_ANNOTATE_SHRINK(__n);
        -: 1800:	  }
    #####: 1801:      }
------------------
std::vector<Catch::ScopedMessage, std::allocator<Catch::ScopedMessage> >::_M_erase_at_end(Catch::ScopedMessage*):
    #####: 1792:      _M_erase_at_end(pointer __pos) _GLIBCXX_NOEXCEPT
        -: 1793:      {
    #####: 1794:	if (size_type __n = this->_M_impl._M_finish - __pos)
        -: 1795:	  {
    #####: 1796:	    std::_Destroy(__pos, this->_M_impl._M_finish,
    #####: 1797:			  _M_get_Tp_allocator());
    #####: 1798:	    this->_M_impl._M_finish = __pos;
        -: 1799:	    _GLIBCXX_ASAN_ANNOTATE_SHRINK(__n);
        -: 1800:	  }
    #####: 1801:      }
------------------
std::vector<std::shared_ptr<Catch::TestCaseTracking::ITracker>, std::allocator<std::shared_ptr<Catch::TestCaseTracking::ITracker> > >::_M_erase_at_end(std::shared_ptr<Catch::TestCaseTracking::ITracker>*):
    #####: 1792:      _M_erase_at_end(pointer __pos) _GLIBCXX_NOEXCEPT
        -: 1793:      {
    #####: 1794:	if (size_type __n = this->_M_impl._M_finish - __pos)
        -: 1795:	  {
    #####: 1796:	    std::_Destroy(__pos, this->_M_impl._M_finish,
    #####: 1797:			  _M_get_Tp_allocator());
    #####: 1798:	    this->_M_impl._M_finish = __pos;
        -: 1799:	    _GLIBCXX_ASAN_ANNOTATE_SHRINK(__n);
        -: 1800:	  }
    #####: 1801:      }
------------------
std::vector<Catch::clara::detail::Token, std::allocator<Catch::clara::detail::Token> >::_M_erase_at_end(Catch::clara::detail::Token*):
    #####: 1792:      _M_erase_at_end(pointer __pos) _GLIBCXX_NOEXCEPT
        -: 1793:      {
    #####: 1794:	if (size_type __n = this->_M_impl._M_finish - __pos)
        -: 1795:	  {
    #####: 1796:	    std::_Destroy(__pos, this->_M_impl._M_finish,
    #####: 1797:			  _M_get_Tp_allocator());
    #####: 1798:	    this->_M_impl._M_finish = __pos;
        -: 1799:	    _GLIBCXX_ASAN_ANNOTATE_SHRINK(__n);
        -: 1800:	  }
    #####: 1801:      }
------------------
        -: 1802:
        -: 1803:      iterator
        -: 1804:      _M_erase(iterator __position);
        -: 1805:
        -: 1806:      iterator
        -: 1807:      _M_erase(iterator __first, iterator __last);
        -: 1808:
        -: 1809:#if __cplusplus >= 201103L
        -: 1810:    private:
        -: 1811:      // Constant-time move assignment when source object's memory can be
        -: 1812:      // moved, either because the source's allocator will move too
        -: 1813:      // or because the allocators are equal.
        -: 1814:      void
    #####: 1815:      _M_move_assign(vector&& __x, true_type) noexcept
        -: 1816:      {
    #####: 1817:	vector __tmp(get_allocator());
    #####: 1818:	this->_M_impl._M_swap_data(__x._M_impl);
    #####: 1819:	__tmp._M_impl._M_swap_data(__x._M_impl);
    #####: 1820:	std::__alloc_on_move(_M_get_Tp_allocator(), __x._M_get_Tp_allocator());
    #####: 1821:      }
------------------
std::vector<std::__cxx11::sub_match<__gnu_cxx::__normal_iterator<char const*, std::__cxx11::basic_string<char, std::char_traits<char>, std::allocator<char> > > >, std::allocator<std::__cxx11::sub_match<__gnu_cxx::__normal_iterator<char const*, std::__cxx11::basic_string<char, std::char_traits<char>, std::allocator<char> > > > > >::_M_move_assign(std::vector<std::__cxx11::sub_match<__gnu_cxx::__normal_iterator<char const*, std::__cxx11::basic_string<char, std::char_traits<char>, std::allocator<char> > > >, std::allocator<std::__cxx11::sub_match<__gnu_cxx::__normal_iterator<char const*, std::__cxx11::basic_string<char, std::char_traits<char>, std::allocator<char> > > > > >&&, std::integral_constant<bool, true>):
    #####: 1815:      _M_move_assign(vector&& __x, true_type) noexcept
        -: 1816:      {
    #####: 1817:	vector __tmp(get_allocator());
    #####: 1818:	this->_M_impl._M_swap_data(__x._M_impl);
    #####: 1819:	__tmp._M_impl._M_swap_data(__x._M_impl);
    #####: 1820:	std::__alloc_on_move(_M_get_Tp_allocator(), __x._M_get_Tp_allocator());
    #####: 1821:      }
------------------
std::vector<Catch::TestCase const*, std::allocator<Catch::TestCase const*> >::_M_move_assign(std::vector<Catch::TestCase const*, std::allocator<Catch::TestCase const*> >&&, std::integral_constant<bool, true>):
    #####: 1815:      _M_move_assign(vector&& __x, true_type) noexcept
        -: 1816:      {
    #####: 1817:	vector __tmp(get_allocator());
    #####: 1818:	this->_M_impl._M_swap_data(__x._M_impl);
    #####: 1819:	__tmp._M_impl._M_swap_data(__x._M_impl);
    #####: 1820:	std::__alloc_on_move(_M_get_Tp_allocator(), __x._M_get_Tp_allocator());
    #####: 1821:      }
------------------
std::vector<std::shared_ptr<Catch::TestSpec::Pattern>, std::allocator<std::shared_ptr<Catch::TestSpec::Pattern> > >::_M_move_assign(std::vector<std::shared_ptr<Catch::TestSpec::Pattern>, std::allocator<std::shared_ptr<Catch::TestSpec::Pattern> > >&&, std::integral_constant<bool, true>):
    #####: 1815:      _M_move_assign(vector&& __x, true_type) noexcept
        -: 1816:      {
    #####: 1817:	vector __tmp(get_allocator());
    #####: 1818:	this->_M_impl._M_swap_data(__x._M_impl);
    #####: 1819:	__tmp._M_impl._M_swap_data(__x._M_impl);
    #####: 1820:	std::__alloc_on_move(_M_get_Tp_allocator(), __x._M_get_Tp_allocator());
    #####: 1821:      }
------------------
std::vector<Catch::TestCase, std::allocator<Catch::TestCase> >::_M_move_assign(std::vector<Catch::TestCase, std::allocator<Catch::TestCase> >&&, std::integral_constant<bool, true>):
    #####: 1815:      _M_move_assign(vector&& __x, true_type) noexcept
        -: 1816:      {
    #####: 1817:	vector __tmp(get_allocator());
    #####: 1818:	this->_M_impl._M_swap_data(__x._M_impl);
    #####: 1819:	__tmp._M_impl._M_swap_data(__x._M_impl);
    #####: 1820:	std::__alloc_on_move(_M_get_Tp_allocator(), __x._M_get_Tp_allocator());
    #####: 1821:      }
------------------
std::vector<Catch::clara::detail::Arg, std::allocator<Catch::clara::detail::Arg> >::_M_move_assign(std::vector<Catch::clara::detail::Arg, std::allocator<Catch::clara::detail::Arg> >&&, std::integral_constant<bool, true>):
    #####: 1815:      _M_move_assign(vector&& __x, true_type) noexcept
        -: 1816:      {
    #####: 1817:	vector __tmp(get_allocator());
    #####: 1818:	this->_M_impl._M_swap_data(__x._M_impl);
    #####: 1819:	__tmp._M_impl._M_swap_data(__x._M_impl);
    #####: 1820:	std::__alloc_on_move(_M_get_Tp_allocator(), __x._M_get_Tp_allocator());
    #####: 1821:      }
------------------
std::vector<Catch::clara::detail::Opt, std::allocator<Catch::clara::detail::Opt> >::_M_move_assign(std::vector<Catch::clara::detail::Opt, std::allocator<Catch::clara::detail::Opt> >&&, std::integral_constant<bool, true>):
    #####: 1815:      _M_move_assign(vector&& __x, true_type) noexcept
        -: 1816:      {
    #####: 1817:	vector __tmp(get_allocator());
    #####: 1818:	this->_M_impl._M_swap_data(__x._M_impl);
    #####: 1819:	__tmp._M_impl._M_swap_data(__x._M_impl);
    #####: 1820:	std::__alloc_on_move(_M_get_Tp_allocator(), __x._M_get_Tp_allocator());
    #####: 1821:      }
------------------
std::vector<Catch::TestSpec::FilterMatch, std::allocator<Catch::TestSpec::FilterMatch> >::_M_move_assign(std::vector<Catch::TestSpec::FilterMatch, std::allocator<Catch::TestSpec::FilterMatch> >&&, std::integral_constant<bool, true>):
    #####: 1815:      _M_move_assign(vector&& __x, true_type) noexcept
        -: 1816:      {
    #####: 1817:	vector __tmp(get_allocator());
    #####: 1818:	this->_M_impl._M_swap_data(__x._M_impl);
    #####: 1819:	__tmp._M_impl._M_swap_data(__x._M_impl);
    #####: 1820:	std::__alloc_on_move(_M_get_Tp_allocator(), __x._M_get_Tp_allocator());
    #####: 1821:      }
------------------
std::vector<std::__cxx11::basic_string<char, std::char_traits<char>, std::allocator<char> >, std::allocator<std::__cxx11::basic_string<char, std::char_traits<char>, std::allocator<char> > > >::_M_move_assign(std::vector<std::__cxx11::basic_string<char, std::char_traits<char>, std::allocator<char> >, std::allocator<std::__cxx11::basic_string<char, std::char_traits<char>, std::allocator<char> > > >&&, std::integral_constant<bool, true>):
    #####: 1815:      _M_move_assign(vector&& __x, true_type) noexcept
        -: 1816:      {
    #####: 1817:	vector __tmp(get_allocator());
    #####: 1818:	this->_M_impl._M_swap_data(__x._M_impl);
    #####: 1819:	__tmp._M_impl._M_swap_data(__x._M_impl);
    #####: 1820:	std::__alloc_on_move(_M_get_Tp_allocator(), __x._M_get_Tp_allocator());
    #####: 1821:      }
------------------
std::vector<Catch::TestSpec::Filter, std::allocator<Catch::TestSpec::Filter> >::_M_move_assign(std::vector<Catch::TestSpec::Filter, std::allocator<Catch::TestSpec::Filter> >&&, std::integral_constant<bool, true>):
    #####: 1815:      _M_move_assign(vector&& __x, true_type) noexcept
        -: 1816:      {
    #####: 1817:	vector __tmp(get_allocator());
    #####: 1818:	this->_M_impl._M_swap_data(__x._M_impl);
    #####: 1819:	__tmp._M_impl._M_swap_data(__x._M_impl);
    #####: 1820:	std::__alloc_on_move(_M_get_Tp_allocator(), __x._M_get_Tp_allocator());
    #####: 1821:      }
------------------
        -: 1822:
        -: 1823:      // Do move assignment when it might not be possible to move source
        -: 1824:      // object's memory, resulting in a linear-time operation.
        -: 1825:      void
        -: 1826:      _M_move_assign(vector&& __x, false_type)
        -: 1827:      {
        -: 1828:	if (__x._M_get_Tp_allocator() == this->_M_get_Tp_allocator())
        -: 1829:	  _M_move_assign(std::move(__x), true_type());
        -: 1830:	else
        -: 1831:	  {
        -: 1832:	    // The rvalue's allocator cannot be moved and is not equal,
        -: 1833:	    // so we need to individually move each element.
        -: 1834:	    this->_M_assign_aux(std::make_move_iterator(__x.begin()),
        -: 1835:			        std::make_move_iterator(__x.end()),
        -: 1836:				std::random_access_iterator_tag());
        -: 1837:	    __x.clear();
        -: 1838:	  }
        -: 1839:      }
        -: 1840:#endif
        -: 1841:
        -: 1842:      template<typename _Up>
        -: 1843:	_Up*
    #####: 1844:	_M_data_ptr(_Up* __ptr) const _GLIBCXX_NOEXCEPT
    #####: 1845:	{ return __ptr; }
        -: 1846:
        -: 1847:#if __cplusplus >= 201103L
        -: 1848:      template<typename _Ptr>
        -: 1849:	typename std::pointer_traits<_Ptr>::element_type*
        -: 1850:	_M_data_ptr(_Ptr __ptr) const
        -: 1851:	{ return empty() ? nullptr : std::__to_address(__ptr); }
        -: 1852:#else
        -: 1853:      template<typename _Up>
        -: 1854:	_Up*
        -: 1855:	_M_data_ptr(_Up* __ptr) _GLIBCXX_NOEXCEPT
        -: 1856:	{ return __ptr; }
        -: 1857:
        -: 1858:      template<typename _Ptr>
        -: 1859:	value_type*
        -: 1860:	_M_data_ptr(_Ptr __ptr)
        -: 1861:	{ return empty() ? (value_type*)0 : __ptr.operator->(); }
        -: 1862:
        -: 1863:      template<typename _Ptr>
        -: 1864:	const value_type*
        -: 1865:	_M_data_ptr(_Ptr __ptr) const
        -: 1866:	{ return empty() ? (const value_type*)0 : __ptr.operator->(); }
        -: 1867:#endif
        -: 1868:    };
        -: 1869:
        -: 1870:#if __cpp_deduction_guides >= 201606
        -: 1871:  template<typename _InputIterator, typename _ValT
        -: 1872:	     = typename iterator_traits<_InputIterator>::value_type,
        -: 1873:	   typename _Allocator = allocator<_ValT>,
        -: 1874:	   typename = _RequireInputIter<_InputIterator>,
        -: 1875:	   typename = _RequireAllocator<_Allocator>>
        -: 1876:    vector(_InputIterator, _InputIterator, _Allocator = _Allocator())
        -: 1877:      -> vector<_ValT, _Allocator>;
        -: 1878:#endif
        -: 1879:
        -: 1880:  /**
        -: 1881:   *  @brief  Vector equality comparison.
        -: 1882:   *  @param  __x  A %vector.
        -: 1883:   *  @param  __y  A %vector of the same type as @a __x.
        -: 1884:   *  @return  True iff the size and elements of the vectors are equal.
        -: 1885:   *
        -: 1886:   *  This is an equivalence relation.  It is linear in the size of the
        -: 1887:   *  vectors.  Vectors are considered equivalent if their sizes are equal,
        -: 1888:   *  and if corresponding elements compare equal.
        -: 1889:  */
        -: 1890:  template<typename _Tp, typename _Alloc>
        -: 1891:    inline bool
    #####: 1892:    operator==(const vector<_Tp, _Alloc>& __x, const vector<_Tp, _Alloc>& __y)
    #####: 1893:    { return (__x.size() == __y.size()
    #####: 1894:	      && std::equal(__x.begin(), __x.end(), __y.begin())); }
        -: 1895:
        -: 1896:#if __cpp_lib_three_way_comparison
        -: 1897:  /**
        -: 1898:   *  @brief  Vector ordering relation.
        -: 1899:   *  @param  __x  A `vector`.
        -: 1900:   *  @param  __y  A `vector` of the same type as `__x`.
        -: 1901:   *  @return  A value indicating whether `__x` is less than, equal to,
        -: 1902:   *           greater than, or incomparable with `__y`.
        -: 1903:   *
        -: 1904:   *  See `std::lexicographical_compare_three_way()` for how the determination
        -: 1905:   *  is made. This operator is used to synthesize relational operators like
        -: 1906:   *  `<` and `>=` etc.
        -: 1907:  */
        -: 1908:  template<typename _Tp, typename _Alloc>
        -: 1909:    inline __detail::__synth3way_t<_Tp>
        -: 1910:    operator<=>(const vector<_Tp, _Alloc>& __x, const vector<_Tp, _Alloc>& __y)
        -: 1911:    {
        -: 1912:      return std::lexicographical_compare_three_way(__x.begin(), __x.end(),
        -: 1913:						    __y.begin(), __y.end(),
        -: 1914:						    __detail::__synth3way);
        -: 1915:    }
        -: 1916:#else
        -: 1917:  /**
        -: 1918:   *  @brief  Vector ordering relation.
        -: 1919:   *  @param  __x  A %vector.
        -: 1920:   *  @param  __y  A %vector of the same type as @a __x.
        -: 1921:   *  @return  True iff @a __x is lexicographically less than @a __y.
        -: 1922:   *
        -: 1923:   *  This is a total ordering relation.  It is linear in the size of the
        -: 1924:   *  vectors.  The elements must be comparable with @c <.
        -: 1925:   *
        -: 1926:   *  See std::lexicographical_compare() for how the determination is made.
        -: 1927:  */
        -: 1928:  template<typename _Tp, typename _Alloc>
        -: 1929:    inline bool
        -: 1930:    operator<(const vector<_Tp, _Alloc>& __x, const vector<_Tp, _Alloc>& __y)
        -: 1931:    { return std::lexicographical_compare(__x.begin(), __x.end(),
        -: 1932:					  __y.begin(), __y.end()); }
        -: 1933:
        -: 1934:  /// Based on operator==
        -: 1935:  template<typename _Tp, typename _Alloc>
        -: 1936:    inline bool
    #####: 1937:    operator!=(const vector<_Tp, _Alloc>& __x, const vector<_Tp, _Alloc>& __y)
    #####: 1938:    { return !(__x == __y); }
        -: 1939:
        -: 1940:  /// Based on operator<
        -: 1941:  template<typename _Tp, typename _Alloc>
        -: 1942:    inline bool
        -: 1943:    operator>(const vector<_Tp, _Alloc>& __x, const vector<_Tp, _Alloc>& __y)
        -: 1944:    { return __y < __x; }
        -: 1945:
        -: 1946:  /// Based on operator<
        -: 1947:  template<typename _Tp, typename _Alloc>
        -: 1948:    inline bool
        -: 1949:    operator<=(const vector<_Tp, _Alloc>& __x, const vector<_Tp, _Alloc>& __y)
        -: 1950:    { return !(__y < __x); }
        -: 1951:
        -: 1952:  /// Based on operator<
        -: 1953:  template<typename _Tp, typename _Alloc>
        -: 1954:    inline bool
        -: 1955:    operator>=(const vector<_Tp, _Alloc>& __x, const vector<_Tp, _Alloc>& __y)
        -: 1956:    { return !(__x < __y); }
        -: 1957:#endif // three-way comparison
        -: 1958:
        -: 1959:  /// See std::vector::swap().
        -: 1960:  template<typename _Tp, typename _Alloc>
        -: 1961:    inline void
        -: 1962:    swap(vector<_Tp, _Alloc>& __x, vector<_Tp, _Alloc>& __y)
        -: 1963:    _GLIBCXX_NOEXCEPT_IF(noexcept(__x.swap(__y)))
        -: 1964:    { __x.swap(__y); }
        -: 1965:
        -: 1966:_GLIBCXX_END_NAMESPACE_CONTAINER
        -: 1967:
        -: 1968:#if __cplusplus >= 201703L
        -: 1969:  namespace __detail::__variant
        -: 1970:  {
        -: 1971:    template<typename> struct _Never_valueless_alt; // see <variant>
        -: 1972:
        -: 1973:    // Provide the strong exception-safety guarantee when emplacing a
        -: 1974:    // vector into a variant, but only if move assignment cannot throw.
        -: 1975:    template<typename _Tp, typename _Alloc>
        -: 1976:      struct _Never_valueless_alt<_GLIBCXX_STD_C::vector<_Tp, _Alloc>>
        -: 1977:      : std::is_nothrow_move_assignable<_GLIBCXX_STD_C::vector<_Tp, _Alloc>>
        -: 1978:      { };
        -: 1979:  }  // namespace __detail::__variant
        -: 1980:#endif // C++17
        -: 1981:
        -: 1982:_GLIBCXX_END_NAMESPACE_VERSION
        -: 1983:} // namespace std
        -: 1984:
        -: 1985:#endif /* _STL_VECTOR_H */
