        -:    0:Source:/usr/include/c++/10/bits/stl_uninitialized.h
        -:    0:Graph:testing.gcno
        -:    0:Data:-
        -:    0:Runs:0
        -:    1:// Raw memory manipulators -*- C++ -*-
        -:    2:
        -:    3:// Copyright (C) 2001-2020 Free Software Foundation, Inc.
        -:    4://
        -:    5:// This file is part of the GNU ISO C++ Library.  This library is free
        -:    6:// software; you can redistribute it and/or modify it under the
        -:    7:// terms of the GNU General Public License as published by the
        -:    8:// Free Software Foundation; either version 3, or (at your option)
        -:    9:// any later version.
        -:   10:
        -:   11:// This library is distributed in the hope that it will be useful,
        -:   12:// but WITHOUT ANY WARRANTY; without even the implied warranty of
        -:   13:// MERCHANTABILITY or FITNESS FOR A PARTICULAR PURPOSE.  See the
        -:   14:// GNU General Public License for more details.
        -:   15:
        -:   16:// Under Section 7 of GPL version 3, you are granted additional
        -:   17:// permissions described in the GCC Runtime Library Exception, version
        -:   18:// 3.1, as published by the Free Software Foundation.
        -:   19:
        -:   20:// You should have received a copy of the GNU General Public License and
        -:   21:// a copy of the GCC Runtime Library Exception along with this program;
        -:   22:// see the files COPYING3 and COPYING.RUNTIME respectively.  If not, see
        -:   23:// <http://www.gnu.org/licenses/>.
        -:   24:
        -:   25:/*
        -:   26: *
        -:   27: * Copyright (c) 1994
        -:   28: * Hewlett-Packard Company
        -:   29: *
        -:   30: * Permission to use, copy, modify, distribute and sell this software
        -:   31: * and its documentation for any purpose is hereby granted without fee,
        -:   32: * provided that the above copyright notice appear in all copies and
        -:   33: * that both that copyright notice and this permission notice appear
        -:   34: * in supporting documentation.  Hewlett-Packard Company makes no
        -:   35: * representations about the suitability of this software for any
        -:   36: * purpose.  It is provided "as is" without express or implied warranty.
        -:   37: *
        -:   38: *
        -:   39: * Copyright (c) 1996,1997
        -:   40: * Silicon Graphics Computer Systems, Inc.
        -:   41: *
        -:   42: * Permission to use, copy, modify, distribute and sell this software
        -:   43: * and its documentation for any purpose is hereby granted without fee,
        -:   44: * provided that the above copyright notice appear in all copies and
        -:   45: * that both that copyright notice and this permission notice appear
        -:   46: * in supporting documentation.  Silicon Graphics makes no
        -:   47: * representations about the suitability of this software for any
        -:   48: * purpose.  It is provided "as is" without express or implied warranty.
        -:   49: */
        -:   50:
        -:   51:/** @file bits/stl_uninitialized.h
        -:   52: *  This is an internal header file, included by other library headers.
        -:   53: *  Do not attempt to use it directly. @headername{memory}
        -:   54: */
        -:   55:
        -:   56:#ifndef _STL_UNINITIALIZED_H
        -:   57:#define _STL_UNINITIALIZED_H 1
        -:   58:
        -:   59:#if __cplusplus > 201402L
        -:   60:#include <bits/stl_pair.h>
        -:   61:#endif
        -:   62:
        -:   63:#if __cplusplus >= 201103L
        -:   64:#include <type_traits>
        -:   65:#endif
        -:   66:
        -:   67:#include <ext/alloc_traits.h>
        -:   68:
        -:   69:namespace std _GLIBCXX_VISIBILITY(default)
        -:   70:{
        -:   71:_GLIBCXX_BEGIN_NAMESPACE_VERSION
        -:   72:
        -:   73:  /** @addtogroup memory
        -:   74:   *  @{
        -:   75:   */
        -:   76:
        -:   77:  /// @cond undocumented
        -:   78:
        -:   79:  template<bool _TrivialValueTypes>
        -:   80:    struct __uninitialized_copy
        -:   81:    {
        -:   82:      template<typename _InputIterator, typename _ForwardIterator>
        -:   83:        static _ForwardIterator
    #####:   84:        __uninit_copy(_InputIterator __first, _InputIterator __last,
        -:   85:		      _ForwardIterator __result)
        -:   86:        {
    #####:   87:	  _ForwardIterator __cur = __result;
        -:   88:	  __try
        -:   89:	    {
    #####:   90:	      for (; __first != __last; ++__first, (void)++__cur)
    #####:   91:		std::_Construct(std::__addressof(*__cur), *__first);
    #####:   92:	      return __cur;
        -:   93:	    }
    =====:   94:	  __catch(...)
        -:   95:	    {
    =====:   96:	      std::_Destroy(__result, __cur);
    =====:   97:	      __throw_exception_again;
        -:   98:	    }
        -:   99:	}
------------------
Catch::clara::detail::Opt* std::__uninitialized_copy<false>::__uninit_copy<__gnu_cxx::__normal_iterator<Catch::clara::detail::Opt const*, std::vector<Catch::clara::detail::Opt, std::allocator<Catch::clara::detail::Opt> > >, Catch::clara::detail::Opt*>(__gnu_cxx::__normal_iterator<Catch::clara::detail::Opt const*, std::vector<Catch::clara::detail::Opt, std::allocator<Catch::clara::detail::Opt> > >, __gnu_cxx::__normal_iterator<Catch::clara::detail::Opt const*, std::vector<Catch::clara::detail::Opt, std::allocator<Catch::clara::detail::Opt> > >, Catch::clara::detail::Opt*):
    #####:   84:        __uninit_copy(_InputIterator __first, _InputIterator __last,
        -:   85:		      _ForwardIterator __result)
        -:   86:        {
    #####:   87:	  _ForwardIterator __cur = __result;
        -:   88:	  __try
        -:   89:	    {
    #####:   90:	      for (; __first != __last; ++__first, (void)++__cur)
    #####:   91:		std::_Construct(std::__addressof(*__cur), *__first);
    #####:   92:	      return __cur;
        -:   93:	    }
    =====:   94:	  __catch(...)
        -:   95:	    {
    =====:   96:	      std::_Destroy(__result, __cur);
    =====:   97:	      __throw_exception_again;
        -:   98:	    }
        -:   99:	}
------------------
std::shared_ptr<Catch::IReporterFactory>* std::__uninitialized_copy<false>::__uninit_copy<std::move_iterator<std::shared_ptr<Catch::IReporterFactory>*>, std::shared_ptr<Catch::IReporterFactory>*>(std::move_iterator<std::shared_ptr<Catch::IReporterFactory>*>, std::move_iterator<std::shared_ptr<Catch::IReporterFactory>*>, std::shared_ptr<Catch::IReporterFactory>*):
    #####:   84:        __uninit_copy(_InputIterator __first, _InputIterator __last,
        -:   85:		      _ForwardIterator __result)
        -:   86:        {
    #####:   87:	  _ForwardIterator __cur = __result;
        -:   88:	  __try
        -:   89:	    {
    #####:   90:	      for (; __first != __last; ++__first, (void)++__cur)
    #####:   91:		std::_Construct(std::__addressof(*__cur), *__first);
    #####:   92:	      return __cur;
        -:   93:	    }
    =====:   94:	  __catch(...)
        -:   95:	    {
    =====:   96:	      std::_Destroy(__result, __cur);
    =====:   97:	      __throw_exception_again;
        -:   98:	    }
        -:   99:	}
------------------
Catch::MessageInfo* std::__uninitialized_copy<false>::__uninit_copy<std::move_iterator<Catch::MessageInfo*>, Catch::MessageInfo*>(std::move_iterator<Catch::MessageInfo*>, std::move_iterator<Catch::MessageInfo*>, Catch::MessageInfo*):
    #####:   84:        __uninit_copy(_InputIterator __first, _InputIterator __last,
        -:   85:		      _ForwardIterator __result)
        -:   86:        {
    #####:   87:	  _ForwardIterator __cur = __result;
        -:   88:	  __try
        -:   89:	    {
    #####:   90:	      for (; __first != __last; ++__first, (void)++__cur)
    #####:   91:		std::_Construct(std::__addressof(*__cur), *__first);
    #####:   92:	      return __cur;
        -:   93:	    }
    =====:   94:	  __catch(...)
        -:   95:	    {
    =====:   96:	      std::_Destroy(__result, __cur);
    =====:   97:	      __throw_exception_again;
        -:   98:	    }
        -:   99:	}
------------------
Catch::clara::detail::HelpColumns* std::__uninitialized_copy<false>::__uninit_copy<__gnu_cxx::__normal_iterator<Catch::clara::detail::HelpColumns*, std::vector<Catch::clara::detail::HelpColumns, std::allocator<Catch::clara::detail::HelpColumns> > >, Catch::clara::detail::HelpColumns*>(__gnu_cxx::__normal_iterator<Catch::clara::detail::HelpColumns*, std::vector<Catch::clara::detail::HelpColumns, std::allocator<Catch::clara::detail::HelpColumns> > >, __gnu_cxx::__normal_iterator<Catch::clara::detail::HelpColumns*, std::vector<Catch::clara::detail::HelpColumns, std::allocator<Catch::clara::detail::HelpColumns> > >, Catch::clara::detail::HelpColumns*):
    #####:   84:        __uninit_copy(_InputIterator __first, _InputIterator __last,
        -:   85:		      _ForwardIterator __result)
        -:   86:        {
    #####:   87:	  _ForwardIterator __cur = __result;
        -:   88:	  __try
        -:   89:	    {
    #####:   90:	      for (; __first != __last; ++__first, (void)++__cur)
    #####:   91:		std::_Construct(std::__addressof(*__cur), *__first);
    #####:   92:	      return __cur;
        -:   93:	    }
    =====:   94:	  __catch(...)
        -:   95:	    {
    =====:   96:	      std::_Destroy(__result, __cur);
    =====:   97:	      __throw_exception_again;
        -:   98:	    }
        -:   99:	}
------------------
Catch::clara::detail::Opt* std::__uninitialized_copy<false>::__uninit_copy<std::move_iterator<Catch::clara::detail::Opt*>, Catch::clara::detail::Opt*>(std::move_iterator<Catch::clara::detail::Opt*>, std::move_iterator<Catch::clara::detail::Opt*>, Catch::clara::detail::Opt*):
    #####:   84:        __uninit_copy(_InputIterator __first, _InputIterator __last,
        -:   85:		      _ForwardIterator __result)
        -:   86:        {
    #####:   87:	  _ForwardIterator __cur = __result;
        -:   88:	  __try
        -:   89:	    {
    #####:   90:	      for (; __first != __last; ++__first, (void)++__cur)
    #####:   91:		std::_Construct(std::__addressof(*__cur), *__first);
    #####:   92:	      return __cur;
        -:   93:	    }
    =====:   94:	  __catch(...)
        -:   95:	    {
    =====:   96:	      std::_Destroy(__result, __cur);
    =====:   97:	      __throw_exception_again;
        -:   98:	    }
        -:   99:	}
------------------
Catch::clara::detail::Arg* std::__uninitialized_copy<false>::__uninit_copy<std::move_iterator<Catch::clara::detail::Arg*>, Catch::clara::detail::Arg*>(std::move_iterator<Catch::clara::detail::Arg*>, std::move_iterator<Catch::clara::detail::Arg*>, Catch::clara::detail::Arg*):
    #####:   84:        __uninit_copy(_InputIterator __first, _InputIterator __last,
        -:   85:		      _ForwardIterator __result)
        -:   86:        {
    #####:   87:	  _ForwardIterator __cur = __result;
        -:   88:	  __try
        -:   89:	    {
    #####:   90:	      for (; __first != __last; ++__first, (void)++__cur)
    #####:   91:		std::_Construct(std::__addressof(*__cur), *__first);
    #####:   92:	      return __cur;
        -:   93:	    }
    =====:   94:	  __catch(...)
        -:   95:	    {
    =====:   96:	      std::_Destroy(__result, __cur);
    =====:   97:	      __throw_exception_again;
        -:   98:	    }
        -:   99:	}
------------------
Catch::clara::detail::Token* std::__uninitialized_copy<false>::__uninit_copy<std::move_iterator<Catch::clara::detail::Token*>, Catch::clara::detail::Token*>(std::move_iterator<Catch::clara::detail::Token*>, std::move_iterator<Catch::clara::detail::Token*>, Catch::clara::detail::Token*):
    #####:   84:        __uninit_copy(_InputIterator __first, _InputIterator __last,
        -:   85:		      _ForwardIterator __result)
        -:   86:        {
    #####:   87:	  _ForwardIterator __cur = __result;
        -:   88:	  __try
        -:   89:	    {
    #####:   90:	      for (; __first != __last; ++__first, (void)++__cur)
    #####:   91:		std::_Construct(std::__addressof(*__cur), *__first);
    #####:   92:	      return __cur;
        -:   93:	    }
    =====:   94:	  __catch(...)
        -:   95:	    {
    =====:   96:	      std::_Destroy(__result, __cur);
    =====:   97:	      __throw_exception_again;
        -:   98:	    }
        -:   99:	}
------------------
Catch::clara::TextFlow::Column* std::__uninitialized_copy<false>::__uninit_copy<std::move_iterator<Catch::clara::TextFlow::Column*>, Catch::clara::TextFlow::Column*>(std::move_iterator<Catch::clara::TextFlow::Column*>, std::move_iterator<Catch::clara::TextFlow::Column*>, Catch::clara::TextFlow::Column*):
    #####:   84:        __uninit_copy(_InputIterator __first, _InputIterator __last,
        -:   85:		      _ForwardIterator __result)
        -:   86:        {
    #####:   87:	  _ForwardIterator __cur = __result;
        -:   88:	  __try
        -:   89:	    {
    #####:   90:	      for (; __first != __last; ++__first, (void)++__cur)
    #####:   91:		std::_Construct(std::__addressof(*__cur), *__first);
    #####:   92:	      return __cur;
        -:   93:	    }
    =====:   94:	  __catch(...)
        -:   95:	    {
    =====:   96:	      std::_Destroy(__result, __cur);
    =====:   97:	      __throw_exception_again;
        -:   98:	    }
        -:   99:	}
------------------
Catch::(anonymous namespace)::ColumnInfo* std::__uninitialized_copy<false>::__uninit_copy<Catch::(anonymous namespace)::ColumnInfo const*, Catch::(anonymous namespace)::ColumnInfo*>(Catch::(anonymous namespace)::ColumnInfo const*, Catch::(anonymous namespace)::ColumnInfo const*, Catch::(anonymous namespace)::ColumnInfo*):
    #####:   84:        __uninit_copy(_InputIterator __first, _InputIterator __last,
        -:   85:		      _ForwardIterator __result)
        -:   86:        {
    #####:   87:	  _ForwardIterator __cur = __result;
        -:   88:	  __try
        -:   89:	    {
    #####:   90:	      for (; __first != __last; ++__first, (void)++__cur)
    #####:   91:		std::_Construct(std::__addressof(*__cur), *__first);
    #####:   92:	      return __cur;
        -:   93:	    }
    =====:   94:	  __catch(...)
        -:   95:	    {
    =====:   96:	      std::_Destroy(__result, __cur);
    =====:   97:	      __throw_exception_again;
        -:   98:	    }
        -:   99:	}
------------------
std::__cxx11::basic_string<char, std::char_traits<char>, std::allocator<char> >* std::__uninitialized_copy<false>::__uninit_copy<std::move_iterator<std::__cxx11::basic_string<char, std::char_traits<char>, std::allocator<char> >*>, std::__cxx11::basic_string<char, std::char_traits<char>, std::allocator<char> >*>(std::move_iterator<std::__cxx11::basic_string<char, std::char_traits<char>, std::allocator<char> >*>, std::move_iterator<std::__cxx11::basic_string<char, std::char_traits<char>, std::allocator<char> >*>, std::__cxx11::basic_string<char, std::char_traits<char>, std::allocator<char> >*):
    #####:   84:        __uninit_copy(_InputIterator __first, _InputIterator __last,
        -:   85:		      _ForwardIterator __result)
        -:   86:        {
    #####:   87:	  _ForwardIterator __cur = __result;
        -:   88:	  __try
        -:   89:	    {
    #####:   90:	      for (; __first != __last; ++__first, (void)++__cur)
    #####:   91:		std::_Construct(std::__addressof(*__cur), *__first);
    #####:   92:	      return __cur;
        -:   93:	    }
    =====:   94:	  __catch(...)
        -:   95:	    {
    =====:   96:	      std::_Destroy(__result, __cur);
    =====:   97:	      __throw_exception_again;
        -:   98:	    }
        -:   99:	}
------------------
Catch::TestCase* std::__uninitialized_copy<false>::__uninit_copy<std::move_iterator<Catch::TestCase*>, Catch::TestCase*>(std::move_iterator<Catch::TestCase*>, std::move_iterator<Catch::TestCase*>, Catch::TestCase*):
    #####:   84:        __uninit_copy(_InputIterator __first, _InputIterator __last,
        -:   85:		      _ForwardIterator __result)
        -:   86:        {
    #####:   87:	  _ForwardIterator __cur = __result;
        -:   88:	  __try
        -:   89:	    {
    #####:   90:	      for (; __first != __last; ++__first, (void)++__cur)
    #####:   91:		std::_Construct(std::__addressof(*__cur), *__first);
    #####:   92:	      return __cur;
        -:   93:	    }
    =====:   94:	  __catch(...)
        -:   95:	    {
    =====:   96:	      std::_Destroy(__result, __cur);
    =====:   97:	      __throw_exception_again;
        -:   98:	    }
        -:   99:	}
------------------
std::pair<unsigned long, Catch::TestCase const*>* std::__uninitialized_copy<false>::__uninit_copy<std::move_iterator<std::pair<unsigned long, Catch::TestCase const*>*>, std::pair<unsigned long, Catch::TestCase const*>*>(std::move_iterator<std::pair<unsigned long, Catch::TestCase const*>*>, std::move_iterator<std::pair<unsigned long, Catch::TestCase const*>*>, std::pair<unsigned long, Catch::TestCase const*>*):
    #####:   84:        __uninit_copy(_InputIterator __first, _InputIterator __last,
        -:   85:		      _ForwardIterator __result)
        -:   86:        {
    #####:   87:	  _ForwardIterator __cur = __result;
        -:   88:	  __try
        -:   89:	    {
    #####:   90:	      for (; __first != __last; ++__first, (void)++__cur)
    #####:   91:		std::_Construct(std::__addressof(*__cur), *__first);
    #####:   92:	      return __cur;
        -:   93:	    }
    =====:   94:	  __catch(...)
        -:   95:	    {
    =====:   96:	      std::_Destroy(__result, __cur);
    =====:   97:	      __throw_exception_again;
        -:   98:	    }
        -:   99:	}
------------------
std::pair<int, Catch::StringRef>* std::__uninitialized_copy<false>::__uninit_copy<std::move_iterator<std::pair<int, Catch::StringRef>*>, std::pair<int, Catch::StringRef>*>(std::move_iterator<std::pair<int, Catch::StringRef>*>, std::move_iterator<std::pair<int, Catch::StringRef>*>, std::pair<int, Catch::StringRef>*):
    #####:   84:        __uninit_copy(_InputIterator __first, _InputIterator __last,
        -:   85:		      _ForwardIterator __result)
        -:   86:        {
    #####:   87:	  _ForwardIterator __cur = __result;
        -:   88:	  __try
        -:   89:	    {
    #####:   90:	      for (; __first != __last; ++__first, (void)++__cur)
    #####:   91:		std::_Construct(std::__addressof(*__cur), *__first);
    #####:   92:	      return __cur;
        -:   93:	    }
    =====:   94:	  __catch(...)
        -:   95:	    {
    =====:   96:	      std::_Destroy(__result, __cur);
    =====:   97:	      __throw_exception_again;
        -:   98:	    }
        -:   99:	}
------------------
Catch::StringRef* std::__uninitialized_copy<false>::__uninit_copy<std::move_iterator<Catch::StringRef*>, Catch::StringRef*>(std::move_iterator<Catch::StringRef*>, std::move_iterator<Catch::StringRef*>, Catch::StringRef*):
    #####:   84:        __uninit_copy(_InputIterator __first, _InputIterator __last,
        -:   85:		      _ForwardIterator __result)
        -:   86:        {
    #####:   87:	  _ForwardIterator __cur = __result;
        -:   88:	  __try
        -:   89:	    {
    #####:   90:	      for (; __first != __last; ++__first, (void)++__cur)
    #####:   91:		std::_Construct(std::__addressof(*__cur), *__first);
    #####:   92:	      return __cur;
        -:   93:	    }
    =====:   94:	  __catch(...)
        -:   95:	    {
    =====:   96:	      std::_Destroy(__result, __cur);
    =====:   97:	      __throw_exception_again;
        -:   98:	    }
        -:   99:	}
------------------
Catch::clara::detail::Arg* std::__uninitialized_copy<false>::__uninit_copy<__gnu_cxx::__normal_iterator<Catch::clara::detail::Arg const*, std::vector<Catch::clara::detail::Arg, std::allocator<Catch::clara::detail::Arg> > >, Catch::clara::detail::Arg*>(__gnu_cxx::__normal_iterator<Catch::clara::detail::Arg const*, std::vector<Catch::clara::detail::Arg, std::allocator<Catch::clara::detail::Arg> > >, __gnu_cxx::__normal_iterator<Catch::clara::detail::Arg const*, std::vector<Catch::clara::detail::Arg, std::allocator<Catch::clara::detail::Arg> > >, Catch::clara::detail::Arg*):
    #####:   84:        __uninit_copy(_InputIterator __first, _InputIterator __last,
        -:   85:		      _ForwardIterator __result)
        -:   86:        {
    #####:   87:	  _ForwardIterator __cur = __result;
        -:   88:	  __try
        -:   89:	    {
    #####:   90:	      for (; __first != __last; ++__first, (void)++__cur)
    #####:   91:		std::_Construct(std::__addressof(*__cur), *__first);
    #####:   92:	      return __cur;
        -:   93:	    }
    =====:   94:	  __catch(...)
        -:   95:	    {
    =====:   96:	      std::_Destroy(__result, __cur);
    =====:   97:	      __throw_exception_again;
        -:   98:	    }
        -:   99:	}
------------------
Catch::SectionEndInfo* std::__uninitialized_copy<false>::__uninit_copy<std::move_iterator<Catch::SectionEndInfo*>, Catch::SectionEndInfo*>(std::move_iterator<Catch::SectionEndInfo*>, std::move_iterator<Catch::SectionEndInfo*>, Catch::SectionEndInfo*):
    #####:   84:        __uninit_copy(_InputIterator __first, _InputIterator __last,
        -:   85:		      _ForwardIterator __result)
        -:   86:        {
    #####:   87:	  _ForwardIterator __cur = __result;
        -:   88:	  __try
        -:   89:	    {
    #####:   90:	      for (; __first != __last; ++__first, (void)++__cur)
    #####:   91:		std::_Construct(std::__addressof(*__cur), *__first);
    #####:   92:	      return __cur;
        -:   93:	    }
    =====:   94:	  __catch(...)
        -:   95:	    {
    =====:   96:	      std::_Destroy(__result, __cur);
    =====:   97:	      __throw_exception_again;
        -:   98:	    }
        -:   99:	}
------------------
Catch::clara::detail::HelpColumns* std::__uninitialized_copy<false>::__uninit_copy<Catch::clara::detail::HelpColumns const*, Catch::clara::detail::HelpColumns*>(Catch::clara::detail::HelpColumns const*, Catch::clara::detail::HelpColumns const*, Catch::clara::detail::HelpColumns*):
    #####:   84:        __uninit_copy(_InputIterator __first, _InputIterator __last,
        -:   85:		      _ForwardIterator __result)
        -:   86:        {
    #####:   87:	  _ForwardIterator __cur = __result;
        -:   88:	  __try
        -:   89:	    {
    #####:   90:	      for (; __first != __last; ++__first, (void)++__cur)
    #####:   91:		std::_Construct(std::__addressof(*__cur), *__first);
    #####:   92:	      return __cur;
        -:   93:	    }
    =====:   94:	  __catch(...)
        -:   95:	    {
    =====:   96:	      std::_Destroy(__result, __cur);
    =====:   97:	      __throw_exception_again;
        -:   98:	    }
        -:   99:	}
------------------
std::__cxx11::basic_string<char, std::char_traits<char>, std::allocator<char> >* std::__uninitialized_copy<false>::__uninit_copy<std::__cxx11::basic_string<char, std::char_traits<char>, std::allocator<char> > const*, std::__cxx11::basic_string<char, std::char_traits<char>, std::allocator<char> >*>(std::__cxx11::basic_string<char, std::char_traits<char>, std::allocator<char> > const*, std::__cxx11::basic_string<char, std::char_traits<char>, std::allocator<char> > const*, std::__cxx11::basic_string<char, std::char_traits<char>, std::allocator<char> >*):
    #####:   84:        __uninit_copy(_InputIterator __first, _InputIterator __last,
        -:   85:		      _ForwardIterator __result)
        -:   86:        {
    #####:   87:	  _ForwardIterator __cur = __result;
        -:   88:	  __try
        -:   89:	    {
    #####:   90:	      for (; __first != __last; ++__first, (void)++__cur)
    #####:   91:		std::_Construct(std::__addressof(*__cur), *__first);
    #####:   92:	      return __cur;
        -:   93:	    }
    =====:   94:	  __catch(...)
        -:   95:	    {
    =====:   96:	      std::_Destroy(__result, __cur);
    =====:   97:	      __throw_exception_again;
        -:   98:	    }
        -:   99:	}
------------------
std::__cxx11::basic_string<char, std::char_traits<char>, std::allocator<char> >* std::__uninitialized_copy<false>::__uninit_copy<char const* const*, std::__cxx11::basic_string<char, std::char_traits<char>, std::allocator<char> >*>(char const* const*, char const* const*, std::__cxx11::basic_string<char, std::char_traits<char>, std::allocator<char> >*):
    #####:   84:        __uninit_copy(_InputIterator __first, _InputIterator __last,
        -:   85:		      _ForwardIterator __result)
        -:   86:        {
    #####:   87:	  _ForwardIterator __cur = __result;
        -:   88:	  __try
        -:   89:	    {
    #####:   90:	      for (; __first != __last; ++__first, (void)++__cur)
    #####:   91:		std::_Construct(std::__addressof(*__cur), *__first);
    #####:   92:	      return __cur;
        -:   93:	    }
    =====:   94:	  __catch(...)
        -:   95:	    {
    =====:   96:	      std::_Destroy(__result, __cur);
    =====:   97:	      __throw_exception_again;
        -:   98:	    }
        -:   99:	}
------------------
Catch::clara::TextFlow::Column::iterator* std::__uninitialized_copy<false>::__uninit_copy<std::move_iterator<Catch::clara::TextFlow::Column::iterator*>, Catch::clara::TextFlow::Column::iterator*>(std::move_iterator<Catch::clara::TextFlow::Column::iterator*>, std::move_iterator<Catch::clara::TextFlow::Column::iterator*>, Catch::clara::TextFlow::Column::iterator*):
    #####:   84:        __uninit_copy(_InputIterator __first, _InputIterator __last,
        -:   85:		      _ForwardIterator __result)
        -:   86:        {
    #####:   87:	  _ForwardIterator __cur = __result;
        -:   88:	  __try
        -:   89:	    {
    #####:   90:	      for (; __first != __last; ++__first, (void)++__cur)
    #####:   91:		std::_Construct(std::__addressof(*__cur), *__first);
    #####:   92:	      return __cur;
        -:   93:	    }
    =====:   94:	  __catch(...)
        -:   95:	    {
    =====:   96:	      std::_Destroy(__result, __cur);
    =====:   97:	      __throw_exception_again;
        -:   98:	    }
        -:   99:	}
------------------
Catch::TestSpec::Filter* std::__uninitialized_copy<false>::__uninit_copy<__gnu_cxx::__normal_iterator<Catch::TestSpec::Filter const*, std::vector<Catch::TestSpec::Filter, std::allocator<Catch::TestSpec::Filter> > >, Catch::TestSpec::Filter*>(__gnu_cxx::__normal_iterator<Catch::TestSpec::Filter const*, std::vector<Catch::TestSpec::Filter, std::allocator<Catch::TestSpec::Filter> > >, __gnu_cxx::__normal_iterator<Catch::TestSpec::Filter const*, std::vector<Catch::TestSpec::Filter, std::allocator<Catch::TestSpec::Filter> > >, Catch::TestSpec::Filter*):
    #####:   84:        __uninit_copy(_InputIterator __first, _InputIterator __last,
        -:   85:		      _ForwardIterator __result)
        -:   86:        {
    #####:   87:	  _ForwardIterator __cur = __result;
        -:   88:	  __try
        -:   89:	    {
    #####:   90:	      for (; __first != __last; ++__first, (void)++__cur)
    #####:   91:		std::_Construct(std::__addressof(*__cur), *__first);
    #####:   92:	      return __cur;
        -:   93:	    }
    =====:   94:	  __catch(...)
        -:   95:	    {
    =====:   96:	      std::_Destroy(__result, __cur);
    =====:   97:	      __throw_exception_again;
        -:   98:	    }
        -:   99:	}
------------------
Catch::TestCase* std::__uninitialized_copy<false>::__uninit_copy<__gnu_cxx::__normal_iterator<Catch::TestCase const*, std::vector<Catch::TestCase, std::allocator<Catch::TestCase> > >, Catch::TestCase*>(__gnu_cxx::__normal_iterator<Catch::TestCase const*, std::vector<Catch::TestCase, std::allocator<Catch::TestCase> > >, __gnu_cxx::__normal_iterator<Catch::TestCase const*, std::vector<Catch::TestCase, std::allocator<Catch::TestCase> > >, Catch::TestCase*):
    #####:   84:        __uninit_copy(_InputIterator __first, _InputIterator __last,
        -:   85:		      _ForwardIterator __result)
        -:   86:        {
    #####:   87:	  _ForwardIterator __cur = __result;
        -:   88:	  __try
        -:   89:	    {
    #####:   90:	      for (; __first != __last; ++__first, (void)++__cur)
    #####:   91:		std::_Construct(std::__addressof(*__cur), *__first);
    #####:   92:	      return __cur;
        -:   93:	    }
    =====:   94:	  __catch(...)
        -:   95:	    {
    =====:   96:	      std::_Destroy(__result, __cur);
    =====:   97:	      __throw_exception_again;
        -:   98:	    }
        -:   99:	}
------------------
Catch::clara::detail::Arg* std::__uninitialized_copy<false>::__uninit_copy<Catch::clara::detail::Arg*, Catch::clara::detail::Arg*>(Catch::clara::detail::Arg*, Catch::clara::detail::Arg*, Catch::clara::detail::Arg*):
    #####:   84:        __uninit_copy(_InputIterator __first, _InputIterator __last,
        -:   85:		      _ForwardIterator __result)
        -:   86:        {
    #####:   87:	  _ForwardIterator __cur = __result;
        -:   88:	  __try
        -:   89:	    {
    #####:   90:	      for (; __first != __last; ++__first, (void)++__cur)
    #####:   91:		std::_Construct(std::__addressof(*__cur), *__first);
    #####:   92:	      return __cur;
        -:   93:	    }
    =====:   94:	  __catch(...)
        -:   95:	    {
    =====:   96:	      std::_Destroy(__result, __cur);
    =====:   97:	      __throw_exception_again;
        -:   98:	    }
        -:   99:	}
------------------
Catch::clara::detail::Opt* std::__uninitialized_copy<false>::__uninit_copy<Catch::clara::detail::Opt*, Catch::clara::detail::Opt*>(Catch::clara::detail::Opt*, Catch::clara::detail::Opt*, Catch::clara::detail::Opt*):
    #####:   84:        __uninit_copy(_InputIterator __first, _InputIterator __last,
        -:   85:		      _ForwardIterator __result)
        -:   86:        {
    #####:   87:	  _ForwardIterator __cur = __result;
        -:   88:	  __try
        -:   89:	    {
    #####:   90:	      for (; __first != __last; ++__first, (void)++__cur)
    #####:   91:		std::_Construct(std::__addressof(*__cur), *__first);
    #####:   92:	      return __cur;
        -:   93:	    }
    =====:   94:	  __catch(...)
        -:   95:	    {
    =====:   96:	      std::_Destroy(__result, __cur);
    =====:   97:	      __throw_exception_again;
        -:   98:	    }
        -:   99:	}
------------------
std::__cxx11::basic_string<char, std::char_traits<char>, std::allocator<char> >* std::__uninitialized_copy<false>::__uninit_copy<std::__cxx11::basic_string<char, std::char_traits<char>, std::allocator<char> >*, std::__cxx11::basic_string<char, std::char_traits<char>, std::allocator<char> >*>(std::__cxx11::basic_string<char, std::char_traits<char>, std::allocator<char> >*, std::__cxx11::basic_string<char, std::char_traits<char>, std::allocator<char> >*, std::__cxx11::basic_string<char, std::char_traits<char>, std::allocator<char> >*):
    #####:   84:        __uninit_copy(_InputIterator __first, _InputIterator __last,
        -:   85:		      _ForwardIterator __result)
        -:   86:        {
    #####:   87:	  _ForwardIterator __cur = __result;
        -:   88:	  __try
        -:   89:	    {
    #####:   90:	      for (; __first != __last; ++__first, (void)++__cur)
    #####:   91:		std::_Construct(std::__addressof(*__cur), *__first);
    #####:   92:	      return __cur;
        -:   93:	    }
    =====:   94:	  __catch(...)
        -:   95:	    {
    =====:   96:	      std::_Destroy(__result, __cur);
    =====:   97:	      __throw_exception_again;
        -:   98:	    }
        -:   99:	}
------------------
Catch::MessageInfo* std::__uninitialized_copy<false>::__uninit_copy<__gnu_cxx::__normal_iterator<Catch::MessageInfo const*, std::vector<Catch::MessageInfo, std::allocator<Catch::MessageInfo> > >, Catch::MessageInfo*>(__gnu_cxx::__normal_iterator<Catch::MessageInfo const*, std::vector<Catch::MessageInfo, std::allocator<Catch::MessageInfo> > >, __gnu_cxx::__normal_iterator<Catch::MessageInfo const*, std::vector<Catch::MessageInfo, std::allocator<Catch::MessageInfo> > >, Catch::MessageInfo*):
    #####:   84:        __uninit_copy(_InputIterator __first, _InputIterator __last,
        -:   85:		      _ForwardIterator __result)
        -:   86:        {
    #####:   87:	  _ForwardIterator __cur = __result;
        -:   88:	  __try
        -:   89:	    {
    #####:   90:	      for (; __first != __last; ++__first, (void)++__cur)
    #####:   91:		std::_Construct(std::__addressof(*__cur), *__first);
    #####:   92:	      return __cur;
        -:   93:	    }
    =====:   94:	  __catch(...)
        -:   95:	    {
    =====:   96:	      std::_Destroy(__result, __cur);
    =====:   97:	      __throw_exception_again;
        -:   98:	    }
        -:   99:	}
------------------
std::__cxx11::basic_string<char, std::char_traits<char>, std::allocator<char> >* std::__uninitialized_copy<false>::__uninit_copy<__gnu_cxx::__normal_iterator<std::__cxx11::basic_string<char, std::char_traits<char>, std::allocator<char> > const*, std::vector<std::__cxx11::basic_string<char, std::char_traits<char>, std::allocator<char> >, std::allocator<std::__cxx11::basic_string<char, std::char_traits<char>, std::allocator<char> > > > >, std::__cxx11::basic_string<char, std::char_traits<char>, std::allocator<char> >*>(__gnu_cxx::__normal_iterator<std::__cxx11::basic_string<char, std::char_traits<char>, std::allocator<char> > const*, std::vector<std::__cxx11::basic_string<char, std::char_traits<char>, std::allocator<char> >, std::allocator<std::__cxx11::basic_string<char, std::char_traits<char>, std::allocator<char> > > > >, __gnu_cxx::__normal_iterator<std::__cxx11::basic_string<char, std::char_traits<char>, std::allocator<char> > const*, std::vector<std::__cxx11::basic_string<char, std::char_traits<char>, std::allocator<char> >, std::allocator<std::__cxx11::basic_string<char, std::char_traits<char>, std::allocator<char> > > > >, std::__cxx11::basic_string<char, std::char_traits<char>, std::allocator<char> >*):
    #####:   84:        __uninit_copy(_InputIterator __first, _InputIterator __last,
        -:   85:		      _ForwardIterator __result)
        -:   86:        {
    #####:   87:	  _ForwardIterator __cur = __result;
        -:   88:	  __try
        -:   89:	    {
    #####:   90:	      for (; __first != __last; ++__first, (void)++__cur)
    #####:   91:		std::_Construct(std::__addressof(*__cur), *__first);
    #####:   92:	      return __cur;
        -:   93:	    }
    =====:   94:	  __catch(...)
        -:   95:	    {
    =====:   96:	      std::_Destroy(__result, __cur);
    =====:   97:	      __throw_exception_again;
        -:   98:	    }
        -:   99:	}
------------------
Catch::clara::detail::Token* std::__uninitialized_copy<false>::__uninit_copy<__gnu_cxx::__normal_iterator<Catch::clara::detail::Token const*, std::vector<Catch::clara::detail::Token, std::allocator<Catch::clara::detail::Token> > >, Catch::clara::detail::Token*>(__gnu_cxx::__normal_iterator<Catch::clara::detail::Token const*, std::vector<Catch::clara::detail::Token, std::allocator<Catch::clara::detail::Token> > >, __gnu_cxx::__normal_iterator<Catch::clara::detail::Token const*, std::vector<Catch::clara::detail::Token, std::allocator<Catch::clara::detail::Token> > >, Catch::clara::detail::Token*):
    #####:   84:        __uninit_copy(_InputIterator __first, _InputIterator __last,
        -:   85:		      _ForwardIterator __result)
        -:   86:        {
    #####:   87:	  _ForwardIterator __cur = __result;
        -:   88:	  __try
        -:   89:	    {
    #####:   90:	      for (; __first != __last; ++__first, (void)++__cur)
    #####:   91:		std::_Construct(std::__addressof(*__cur), *__first);
    #####:   92:	      return __cur;
        -:   93:	    }
    =====:   94:	  __catch(...)
        -:   95:	    {
    =====:   96:	      std::_Destroy(__result, __cur);
    =====:   97:	      __throw_exception_again;
        -:   98:	    }
        -:   99:	}
------------------
Catch::clara::TextFlow::Column* std::__uninitialized_copy<false>::__uninit_copy<__gnu_cxx::__normal_iterator<Catch::clara::TextFlow::Column const*, std::vector<Catch::clara::TextFlow::Column, std::allocator<Catch::clara::TextFlow::Column> > >, Catch::clara::TextFlow::Column*>(__gnu_cxx::__normal_iterator<Catch::clara::TextFlow::Column const*, std::vector<Catch::clara::TextFlow::Column, std::allocator<Catch::clara::TextFlow::Column> > >, __gnu_cxx::__normal_iterator<Catch::clara::TextFlow::Column const*, std::vector<Catch::clara::TextFlow::Column, std::allocator<Catch::clara::TextFlow::Column> > >, Catch::clara::TextFlow::Column*):
    #####:   84:        __uninit_copy(_InputIterator __first, _InputIterator __last,
        -:   85:		      _ForwardIterator __result)
        -:   86:        {
    #####:   87:	  _ForwardIterator __cur = __result;
        -:   88:	  __try
        -:   89:	    {
    #####:   90:	      for (; __first != __last; ++__first, (void)++__cur)
    #####:   91:		std::_Construct(std::__addressof(*__cur), *__first);
    #####:   92:	      return __cur;
        -:   93:	    }
    =====:   94:	  __catch(...)
        -:   95:	    {
    =====:   96:	      std::_Destroy(__result, __cur);
    =====:   97:	      __throw_exception_again;
        -:   98:	    }
        -:   99:	}
------------------
Catch::AssertionStats* std::__uninitialized_copy<false>::__uninit_copy<Catch::AssertionStats const*, Catch::AssertionStats*>(Catch::AssertionStats const*, Catch::AssertionStats const*, Catch::AssertionStats*):
    #####:   84:        __uninit_copy(_InputIterator __first, _InputIterator __last,
        -:   85:		      _ForwardIterator __result)
        -:   86:        {
    #####:   87:	  _ForwardIterator __cur = __result;
        -:   88:	  __try
        -:   89:	    {
    #####:   90:	      for (; __first != __last; ++__first, (void)++__cur)
    #####:   91:		std::_Construct(std::__addressof(*__cur), *__first);
    #####:   92:	      return __cur;
        -:   93:	    }
    =====:   94:	  __catch(...)
        -:   95:	    {
    =====:   96:	      std::_Destroy(__result, __cur);
    =====:   97:	      __throw_exception_again;
        -:   98:	    }
        -:   99:	}
------------------
std::pair<std::__cxx11::basic_string<char, std::char_traits<char>, std::allocator<char> >, std::__cxx11::basic_string<char, std::char_traits<char>, std::allocator<char> > >* std::__uninitialized_copy<false>::__uninit_copy<std::move_iterator<std::pair<std::__cxx11::basic_string<char, std::char_traits<char>, std::allocator<char> >, std::__cxx11::basic_string<char, std::char_traits<char>, std::allocator<char> > >*>, std::pair<std::__cxx11::basic_string<char, std::char_traits<char>, std::allocator<char> >, std::__cxx11::basic_string<char, std::char_traits<char>, std::allocator<char> > >*>(std::move_iterator<std::pair<std::__cxx11::basic_string<char, std::char_traits<char>, std::allocator<char> >, std::__cxx11::basic_string<char, std::char_traits<char>, std::allocator<char> > >*>, std::move_iterator<std::pair<std::__cxx11::basic_string<char, std::char_traits<char>, std::allocator<char> >, std::__cxx11::basic_string<char, std::char_traits<char>, std::allocator<char> > >*>, std::pair<std::__cxx11::basic_string<char, std::char_traits<char>, std::allocator<char> >, std::__cxx11::basic_string<char, std::char_traits<char>, std::allocator<char> > >*):
    #####:   84:        __uninit_copy(_InputIterator __first, _InputIterator __last,
        -:   85:		      _ForwardIterator __result)
        -:   86:        {
    #####:   87:	  _ForwardIterator __cur = __result;
        -:   88:	  __try
        -:   89:	    {
    #####:   90:	      for (; __first != __last; ++__first, (void)++__cur)
    #####:   91:		std::_Construct(std::__addressof(*__cur), *__first);
    #####:   92:	      return __cur;
        -:   93:	    }
    =====:   94:	  __catch(...)
        -:   95:	    {
    =====:   96:	      std::_Destroy(__result, __cur);
    =====:   97:	      __throw_exception_again;
        -:   98:	    }
        -:   99:	}
------------------
std::pair<char, char>* std::__uninitialized_copy<false>::__uninit_copy<std::move_iterator<std::pair<char, char>*>, std::pair<char, char>*>(std::move_iterator<std::pair<char, char>*>, std::move_iterator<std::pair<char, char>*>, std::pair<char, char>*):
    #####:   84:        __uninit_copy(_InputIterator __first, _InputIterator __last,
        -:   85:		      _ForwardIterator __result)
        -:   86:        {
    #####:   87:	  _ForwardIterator __cur = __result;
        -:   88:	  __try
        -:   89:	    {
    #####:   90:	      for (; __first != __last; ++__first, (void)++__cur)
    #####:   91:		std::_Construct(std::__addressof(*__cur), *__first);
    #####:   92:	      return __cur;
        -:   93:	    }
    =====:   94:	  __catch(...)
        -:   95:	    {
    =====:   96:	      std::_Destroy(__result, __cur);
    =====:   97:	      __throw_exception_again;
        -:   98:	    }
        -:   99:	}
------------------
std::pair<std::__cxx11::basic_string<char, std::char_traits<char>, std::allocator<char> >, std::__cxx11::basic_string<char, std::char_traits<char>, std::allocator<char> > >* std::__uninitialized_copy<false>::__uninit_copy<__gnu_cxx::__normal_iterator<std::pair<std::__cxx11::basic_string<char, std::char_traits<char>, std::allocator<char> >, std::__cxx11::basic_string<char, std::char_traits<char>, std::allocator<char> > > const*, std::vector<std::pair<std::__cxx11::basic_string<char, std::char_traits<char>, std::allocator<char> >, std::__cxx11::basic_string<char, std::char_traits<char>, std::allocator<char> > >, std::allocator<std::pair<std::__cxx11::basic_string<char, std::char_traits<char>, std::allocator<char> >, std::__cxx11::basic_string<char, std::char_traits<char>, std::allocator<char> > > > > >, std::pair<std::__cxx11::basic_string<char, std::char_traits<char>, std::allocator<char> >, std::__cxx11::basic_string<char, std::char_traits<char>, std::allocator<char> > >*>(__gnu_cxx::__normal_iterator<std::pair<std::__cxx11::basic_string<char, std::char_traits<char>, std::allocator<char> >, std::__cxx11::basic_string<char, std::char_traits<char>, std::allocator<char> > > const*, std::vector<std::pair<std::__cxx11::basic_string<char, std::char_traits<char>, std::allocator<char> >, std::__cxx11::basic_string<char, std::char_traits<char>, std::allocator<char> > >, std::allocator<std::pair<std::__cxx11::basic_string<char, std::char_traits<char>, std::allocator<char> >, std::__cxx11::basic_string<char, std::char_traits<char>, std::allocator<char> > > > > >, __gnu_cxx::__normal_iterator<std::pair<std::__cxx11::basic_string<char, std::char_traits<char>, std::allocator<char> >, std::__cxx11::basic_string<char, std::char_traits<char>, std::allocator<char> > > const*, std::vector<std::pair<std::__cxx11::basic_string<char, std::char_traits<char>, std::allocator<char> >, std::__cxx11::basic_string<char, std::char_traits<char>, std::allocator<char> > >, std::allocator<std::pair<std::__cxx11::basic_string<char, std::char_traits<char>, std::allocator<char> >, std::__cxx11::basic_string<char, std::char_traits<char>, std::allocator<char> > > > > >, std::pair<std::__cxx11::basic_string<char, std::char_traits<char>, std::allocator<char> >, std::__cxx11::basic_string<char, std::char_traits<char>, std::allocator<char> > >*):
    #####:   84:        __uninit_copy(_InputIterator __first, _InputIterator __last,
        -:   85:		      _ForwardIterator __result)
        -:   86:        {
    #####:   87:	  _ForwardIterator __cur = __result;
        -:   88:	  __try
        -:   89:	    {
    #####:   90:	      for (; __first != __last; ++__first, (void)++__cur)
    #####:   91:		std::_Construct(std::__addressof(*__cur), *__first);
    #####:   92:	      return __cur;
        -:   93:	    }
    =====:   94:	  __catch(...)
        -:   95:	    {
    =====:   96:	      std::_Destroy(__result, __cur);
    =====:   97:	      __throw_exception_again;
        -:   98:	    }
        -:   99:	}
------------------
std::__cxx11::regex_traits<char>::_RegexMask* std::__uninitialized_copy<false>::__uninit_copy<__gnu_cxx::__normal_iterator<std::__cxx11::regex_traits<char>::_RegexMask const*, std::vector<std::__cxx11::regex_traits<char>::_RegexMask, std::allocator<std::__cxx11::regex_traits<char>::_RegexMask> > >, std::__cxx11::regex_traits<char>::_RegexMask*>(__gnu_cxx::__normal_iterator<std::__cxx11::regex_traits<char>::_RegexMask const*, std::vector<std::__cxx11::regex_traits<char>::_RegexMask, std::allocator<std::__cxx11::regex_traits<char>::_RegexMask> > >, __gnu_cxx::__normal_iterator<std::__cxx11::regex_traits<char>::_RegexMask const*, std::vector<std::__cxx11::regex_traits<char>::_RegexMask, std::allocator<std::__cxx11::regex_traits<char>::_RegexMask> > >, std::__cxx11::regex_traits<char>::_RegexMask*):
    #####:   84:        __uninit_copy(_InputIterator __first, _InputIterator __last,
        -:   85:		      _ForwardIterator __result)
        -:   86:        {
    #####:   87:	  _ForwardIterator __cur = __result;
        -:   88:	  __try
        -:   89:	    {
    #####:   90:	      for (; __first != __last; ++__first, (void)++__cur)
    #####:   91:		std::_Construct(std::__addressof(*__cur), *__first);
    #####:   92:	      return __cur;
        -:   93:	    }
        -:   94:	  __catch(...)
        -:   95:	    {
        -:   96:	      std::_Destroy(__result, __cur);
        -:   97:	      __throw_exception_again;
        -:   98:	    }
        -:   99:	}
------------------
std::pair<char, char>* std::__uninitialized_copy<false>::__uninit_copy<__gnu_cxx::__normal_iterator<std::pair<char, char> const*, std::vector<std::pair<char, char>, std::allocator<std::pair<char, char> > > >, std::pair<char, char>*>(__gnu_cxx::__normal_iterator<std::pair<char, char> const*, std::vector<std::pair<char, char>, std::allocator<std::pair<char, char> > > >, __gnu_cxx::__normal_iterator<std::pair<char, char> const*, std::vector<std::pair<char, char>, std::allocator<std::pair<char, char> > > >, std::pair<char, char>*):
    #####:   84:        __uninit_copy(_InputIterator __first, _InputIterator __last,
        -:   85:		      _ForwardIterator __result)
        -:   86:        {
    #####:   87:	  _ForwardIterator __cur = __result;
        -:   88:	  __try
        -:   89:	    {
    #####:   90:	      for (; __first != __last; ++__first, (void)++__cur)
    #####:   91:		std::_Construct(std::__addressof(*__cur), *__first);
    #####:   92:	      return __cur;
        -:   93:	    }
        -:   94:	  __catch(...)
        -:   95:	    {
        -:   96:	      std::_Destroy(__result, __cur);
        -:   97:	      __throw_exception_again;
        -:   98:	    }
        -:   99:	}
------------------
std::__cxx11::regex_traits<char>::_RegexMask* std::__uninitialized_copy<false>::__uninit_copy<std::move_iterator<std::__cxx11::regex_traits<char>::_RegexMask*>, std::__cxx11::regex_traits<char>::_RegexMask*>(std::move_iterator<std::__cxx11::regex_traits<char>::_RegexMask*>, std::move_iterator<std::__cxx11::regex_traits<char>::_RegexMask*>, std::__cxx11::regex_traits<char>::_RegexMask*):
    #####:   84:        __uninit_copy(_InputIterator __first, _InputIterator __last,
        -:   85:		      _ForwardIterator __result)
        -:   86:        {
    #####:   87:	  _ForwardIterator __cur = __result;
        -:   88:	  __try
        -:   89:	    {
    #####:   90:	      for (; __first != __last; ++__first, (void)++__cur)
    #####:   91:		std::_Construct(std::__addressof(*__cur), *__first);
    #####:   92:	      return __cur;
        -:   93:	    }
    =====:   94:	  __catch(...)
        -:   95:	    {
    =====:   96:	      std::_Destroy(__result, __cur);
    =====:   97:	      __throw_exception_again;
        -:   98:	    }
        -:   99:	}
------------------
std::pair<long, std::vector<std::__cxx11::sub_match<__gnu_cxx::__normal_iterator<char const*, std::__cxx11::basic_string<char, std::char_traits<char>, std::allocator<char> > > >, std::allocator<std::__cxx11::sub_match<__gnu_cxx::__normal_iterator<char const*, std::__cxx11::basic_string<char, std::char_traits<char>, std::allocator<char> > > > > > >* std::__uninitialized_copy<false>::__uninit_copy<std::move_iterator<std::pair<long, std::vector<std::__cxx11::sub_match<__gnu_cxx::__normal_iterator<char const*, std::__cxx11::basic_string<char, std::char_traits<char>, std::allocator<char> > > >, std::allocator<std::__cxx11::sub_match<__gnu_cxx::__normal_iterator<char const*, std::__cxx11::basic_string<char, std::char_traits<char>, std::allocator<char> > > > > > >*>, std::pair<long, std::vector<std::__cxx11::sub_match<__gnu_cxx::__normal_iterator<char const*, std::__cxx11::basic_string<char, std::char_traits<char>, std::allocator<char> > > >, std::allocator<std::__cxx11::sub_match<__gnu_cxx::__normal_iterator<char const*, std::__cxx11::basic_string<char, std::char_traits<char>, std::allocator<char> > > > > > >*>(std::move_iterator<std::pair<long, std::vector<std::__cxx11::sub_match<__gnu_cxx::__normal_iterator<char const*, std::__cxx11::basic_string<char, std::char_traits<char>, std::allocator<char> > > >, std::allocator<std::__cxx11::sub_match<__gnu_cxx::__normal_iterator<char const*, std::__cxx11::basic_string<char, std::char_traits<char>, std::allocator<char> > > > > > >*>, std::move_iterator<std::pair<long, std::vector<std::__cxx11::sub_match<__gnu_cxx::__normal_iterator<char const*, std::__cxx11::basic_string<char, std::char_traits<char>, std::allocator<char> > > >, std::allocator<std::__cxx11::sub_match<__gnu_cxx::__normal_iterator<char const*, std::__cxx11::basic_string<char, std::char_traits<char>, std::allocator<char> > > > > > >*>, std::pair<long, std::vector<std::__cxx11::sub_match<__gnu_cxx::__normal_iterator<char const*, std::__cxx11::basic_string<char, std::char_traits<char>, std::allocator<char> > > >, std::allocator<std::__cxx11::sub_match<__gnu_cxx::__normal_iterator<char const*, std::__cxx11::basic_string<char, std::char_traits<char>, std::allocator<char> > > > > > >*):
    #####:   84:        __uninit_copy(_InputIterator __first, _InputIterator __last,
        -:   85:		      _ForwardIterator __result)
        -:   86:        {
    #####:   87:	  _ForwardIterator __cur = __result;
        -:   88:	  __try
        -:   89:	    {
    #####:   90:	      for (; __first != __last; ++__first, (void)++__cur)
    #####:   91:		std::_Construct(std::__addressof(*__cur), *__first);
    #####:   92:	      return __cur;
        -:   93:	    }
    =====:   94:	  __catch(...)
        -:   95:	    {
    =====:   96:	      std::_Destroy(__result, __cur);
    =====:   97:	      __throw_exception_again;
        -:   98:	    }
        -:   99:	}
------------------
std::__detail::_State<char>* std::__uninitialized_copy<false>::__uninit_copy<std::__detail::_State<char> const*, std::__detail::_State<char>*>(std::__detail::_State<char> const*, std::__detail::_State<char> const*, std::__detail::_State<char>*):
    #####:   84:        __uninit_copy(_InputIterator __first, _InputIterator __last,
        -:   85:		      _ForwardIterator __result)
        -:   86:        {
    #####:   87:	  _ForwardIterator __cur = __result;
        -:   88:	  __try
        -:   89:	    {
    #####:   90:	      for (; __first != __last; ++__first, (void)++__cur)
    #####:   91:		std::_Construct(std::__addressof(*__cur), *__first);
    #####:   92:	      return __cur;
        -:   93:	    }
    =====:   94:	  __catch(...)
        -:   95:	    {
    =====:   96:	      std::_Destroy(__result, __cur);
    =====:   97:	      __throw_exception_again;
        -:   98:	    }
        -:   99:	}
------------------
std::__cxx11::sub_match<__gnu_cxx::__normal_iterator<char const*, std::__cxx11::basic_string<char, std::char_traits<char>, std::allocator<char> > > >* std::__uninitialized_copy<false>::__uninit_copy<__gnu_cxx::__normal_iterator<std::__cxx11::sub_match<__gnu_cxx::__normal_iterator<char const*, std::__cxx11::basic_string<char, std::char_traits<char>, std::allocator<char> > > > const*, std::vector<std::__cxx11::sub_match<__gnu_cxx::__normal_iterator<char const*, std::__cxx11::basic_string<char, std::char_traits<char>, std::allocator<char> > > >, std::allocator<std::__cxx11::sub_match<__gnu_cxx::__normal_iterator<char const*, std::__cxx11::basic_string<char, std::char_traits<char>, std::allocator<char> > > > > > >, std::__cxx11::sub_match<__gnu_cxx::__normal_iterator<char const*, std::__cxx11::basic_string<char, std::char_traits<char>, std::allocator<char> > > >*>(__gnu_cxx::__normal_iterator<std::__cxx11::sub_match<__gnu_cxx::__normal_iterator<char const*, std::__cxx11::basic_string<char, std::char_traits<char>, std::allocator<char> > > > const*, std::vector<std::__cxx11::sub_match<__gnu_cxx::__normal_iterator<char const*, std::__cxx11::basic_string<char, std::char_traits<char>, std::allocator<char> > > >, std::allocator<std::__cxx11::sub_match<__gnu_cxx::__normal_iterator<char const*, std::__cxx11::basic_string<char, std::char_traits<char>, std::allocator<char> > > > > > >, __gnu_cxx::__normal_iterator<std::__cxx11::sub_match<__gnu_cxx::__normal_iterator<char const*, std::__cxx11::basic_string<char, std::char_traits<char>, std::allocator<char> > > > const*, std::vector<std::__cxx11::sub_match<__gnu_cxx::__normal_iterator<char const*, std::__cxx11::basic_string<char, std::char_traits<char>, std::allocator<char> > > >, std::allocator<std::__cxx11::sub_match<__gnu_cxx::__normal_iterator<char const*, std::__cxx11::basic_string<char, std::char_traits<char>, std::allocator<char> > > > > > >, std::__cxx11::sub_match<__gnu_cxx::__normal_iterator<char const*, std::__cxx11::basic_string<char, std::char_traits<char>, std::allocator<char> > > >*):
    #####:   84:        __uninit_copy(_InputIterator __first, _InputIterator __last,
        -:   85:		      _ForwardIterator __result)
        -:   86:        {
    #####:   87:	  _ForwardIterator __cur = __result;
        -:   88:	  __try
        -:   89:	    {
    #####:   90:	      for (; __first != __last; ++__first, (void)++__cur)
    #####:   91:		std::_Construct(std::__addressof(*__cur), *__first);
    #####:   92:	      return __cur;
        -:   93:	    }
        -:   94:	  __catch(...)
        -:   95:	    {
        -:   96:	      std::_Destroy(__result, __cur);
        -:   97:	      __throw_exception_again;
        -:   98:	    }
        -:   99:	}
------------------
std::unique_ptr<Catch::IStreamingReporter, std::default_delete<Catch::IStreamingReporter> >* std::__uninitialized_copy<false>::__uninit_copy<std::move_iterator<std::unique_ptr<Catch::IStreamingReporter, std::default_delete<Catch::IStreamingReporter> >*>, std::unique_ptr<Catch::IStreamingReporter, std::default_delete<Catch::IStreamingReporter> >*>(std::move_iterator<std::unique_ptr<Catch::IStreamingReporter, std::default_delete<Catch::IStreamingReporter> >*>, std::move_iterator<std::unique_ptr<Catch::IStreamingReporter, std::default_delete<Catch::IStreamingReporter> >*>, std::unique_ptr<Catch::IStreamingReporter, std::default_delete<Catch::IStreamingReporter> >*):
    #####:   84:        __uninit_copy(_InputIterator __first, _InputIterator __last,
        -:   85:		      _ForwardIterator __result)
        -:   86:        {
    #####:   87:	  _ForwardIterator __cur = __result;
        -:   88:	  __try
        -:   89:	    {
    #####:   90:	      for (; __first != __last; ++__first, (void)++__cur)
    #####:   91:		std::_Construct(std::__addressof(*__cur), *__first);
    #####:   92:	      return __cur;
        -:   93:	    }
    =====:   94:	  __catch(...)
        -:   95:	    {
    =====:   96:	      std::_Destroy(__result, __cur);
    =====:   97:	      __throw_exception_again;
        -:   98:	    }
        -:   99:	}
------------------
std::shared_ptr<Catch::CumulativeReporterBase<Catch::JunitReporter>::Node<Catch::TestGroupStats, Catch::CumulativeReporterBase<Catch::JunitReporter>::Node<Catch::TestCaseStats, Catch::CumulativeReporterBase<Catch::JunitReporter>::SectionNode> > >* std::__uninitialized_copy<false>::__uninit_copy<std::move_iterator<std::shared_ptr<Catch::CumulativeReporterBase<Catch::JunitReporter>::Node<Catch::TestGroupStats, Catch::CumulativeReporterBase<Catch::JunitReporter>::Node<Catch::TestCaseStats, Catch::CumulativeReporterBase<Catch::JunitReporter>::SectionNode> > >*>, std::shared_ptr<Catch::CumulativeReporterBase<Catch::JunitReporter>::Node<Catch::TestGroupStats, Catch::CumulativeReporterBase<Catch::JunitReporter>::Node<Catch::TestCaseStats, Catch::CumulativeReporterBase<Catch::JunitReporter>::SectionNode> > >*>(std::move_iterator<std::shared_ptr<Catch::CumulativeReporterBase<Catch::JunitReporter>::Node<Catch::TestGroupStats, Catch::CumulativeReporterBase<Catch::JunitReporter>::Node<Catch::TestCaseStats, Catch::CumulativeReporterBase<Catch::JunitReporter>::SectionNode> > >*>, std::move_iterator<std::shared_ptr<Catch::CumulativeReporterBase<Catch::JunitReporter>::Node<Catch::TestGroupStats, Catch::CumulativeReporterBase<Catch::JunitReporter>::Node<Catch::TestCaseStats, Catch::CumulativeReporterBase<Catch::JunitReporter>::SectionNode> > >*>, std::shared_ptr<Catch::CumulativeReporterBase<Catch::JunitReporter>::Node<Catch::TestGroupStats, Catch::CumulativeReporterBase<Catch::JunitReporter>::Node<Catch::TestCaseStats, Catch::CumulativeReporterBase<Catch::JunitReporter>::SectionNode> > >*):
    #####:   84:        __uninit_copy(_InputIterator __first, _InputIterator __last,
        -:   85:		      _ForwardIterator __result)
        -:   86:        {
    #####:   87:	  _ForwardIterator __cur = __result;
        -:   88:	  __try
        -:   89:	    {
    #####:   90:	      for (; __first != __last; ++__first, (void)++__cur)
    #####:   91:		std::_Construct(std::__addressof(*__cur), *__first);
    #####:   92:	      return __cur;
        -:   93:	    }
    =====:   94:	  __catch(...)
        -:   95:	    {
    =====:   96:	      std::_Destroy(__result, __cur);
    =====:   97:	      __throw_exception_again;
        -:   98:	    }
        -:   99:	}
------------------
std::shared_ptr<Catch::CumulativeReporterBase<Catch::JunitReporter>::Node<Catch::TestCaseStats, Catch::CumulativeReporterBase<Catch::JunitReporter>::SectionNode> >* std::__uninitialized_copy<false>::__uninit_copy<std::move_iterator<std::shared_ptr<Catch::CumulativeReporterBase<Catch::JunitReporter>::Node<Catch::TestCaseStats, Catch::CumulativeReporterBase<Catch::JunitReporter>::SectionNode> >*>, std::shared_ptr<Catch::CumulativeReporterBase<Catch::JunitReporter>::Node<Catch::TestCaseStats, Catch::CumulativeReporterBase<Catch::JunitReporter>::SectionNode> >*>(std::move_iterator<std::shared_ptr<Catch::CumulativeReporterBase<Catch::JunitReporter>::Node<Catch::TestCaseStats, Catch::CumulativeReporterBase<Catch::JunitReporter>::SectionNode> >*>, std::move_iterator<std::shared_ptr<Catch::CumulativeReporterBase<Catch::JunitReporter>::Node<Catch::TestCaseStats, Catch::CumulativeReporterBase<Catch::JunitReporter>::SectionNode> >*>, std::shared_ptr<Catch::CumulativeReporterBase<Catch::JunitReporter>::Node<Catch::TestCaseStats, Catch::CumulativeReporterBase<Catch::JunitReporter>::SectionNode> >*):
    #####:   84:        __uninit_copy(_InputIterator __first, _InputIterator __last,
        -:   85:		      _ForwardIterator __result)
        -:   86:        {
    #####:   87:	  _ForwardIterator __cur = __result;
        -:   88:	  __try
        -:   89:	    {
    #####:   90:	      for (; __first != __last; ++__first, (void)++__cur)
    #####:   91:		std::_Construct(std::__addressof(*__cur), *__first);
    #####:   92:	      return __cur;
        -:   93:	    }
    =====:   94:	  __catch(...)
        -:   95:	    {
    =====:   96:	      std::_Destroy(__result, __cur);
    =====:   97:	      __throw_exception_again;
        -:   98:	    }
        -:   99:	}
------------------
std::shared_ptr<Catch::CumulativeReporterBase<Catch::JunitReporter>::SectionNode>* std::__uninitialized_copy<false>::__uninit_copy<std::move_iterator<std::shared_ptr<Catch::CumulativeReporterBase<Catch::JunitReporter>::SectionNode>*>, std::shared_ptr<Catch::CumulativeReporterBase<Catch::JunitReporter>::SectionNode>*>(std::move_iterator<std::shared_ptr<Catch::CumulativeReporterBase<Catch::JunitReporter>::SectionNode>*>, std::move_iterator<std::shared_ptr<Catch::CumulativeReporterBase<Catch::JunitReporter>::SectionNode>*>, std::shared_ptr<Catch::CumulativeReporterBase<Catch::JunitReporter>::SectionNode>*):
    #####:   84:        __uninit_copy(_InputIterator __first, _InputIterator __last,
        -:   85:		      _ForwardIterator __result)
        -:   86:        {
    #####:   87:	  _ForwardIterator __cur = __result;
        -:   88:	  __try
        -:   89:	    {
    #####:   90:	      for (; __first != __last; ++__first, (void)++__cur)
    #####:   91:		std::_Construct(std::__addressof(*__cur), *__first);
    #####:   92:	      return __cur;
        -:   93:	    }
    =====:   94:	  __catch(...)
        -:   95:	    {
    =====:   96:	      std::_Destroy(__result, __cur);
    =====:   97:	      __throw_exception_again;
        -:   98:	    }
        -:   99:	}
------------------
std::shared_ptr<Catch::CumulativeReporterBase<Catch::JunitReporter>::Node<Catch::TestRunStats, Catch::CumulativeReporterBase<Catch::JunitReporter>::Node<Catch::TestGroupStats, Catch::CumulativeReporterBase<Catch::JunitReporter>::Node<Catch::TestCaseStats, Catch::CumulativeReporterBase<Catch::JunitReporter>::SectionNode> > > >* std::__uninitialized_copy<false>::__uninit_copy<std::move_iterator<std::shared_ptr<Catch::CumulativeReporterBase<Catch::JunitReporter>::Node<Catch::TestRunStats, Catch::CumulativeReporterBase<Catch::JunitReporter>::Node<Catch::TestGroupStats, Catch::CumulativeReporterBase<Catch::JunitReporter>::Node<Catch::TestCaseStats, Catch::CumulativeReporterBase<Catch::JunitReporter>::SectionNode> > > >*>, std::shared_ptr<Catch::CumulativeReporterBase<Catch::JunitReporter>::Node<Catch::TestRunStats, Catch::CumulativeReporterBase<Catch::JunitReporter>::Node<Catch::TestGroupStats, Catch::CumulativeReporterBase<Catch::JunitReporter>::Node<Catch::TestCaseStats, Catch::CumulativeReporterBase<Catch::JunitReporter>::SectionNode> > > >*>(std::move_iterator<std::shared_ptr<Catch::CumulativeReporterBase<Catch::JunitReporter>::Node<Catch::TestRunStats, Catch::CumulativeReporterBase<Catch::JunitReporter>::Node<Catch::TestGroupStats, Catch::CumulativeReporterBase<Catch::JunitReporter>::Node<Catch::TestCaseStats, Catch::CumulativeReporterBase<Catch::JunitReporter>::SectionNode> > > >*>, std::move_iterator<std::shared_ptr<Catch::CumulativeReporterBase<Catch::JunitReporter>::Node<Catch::TestRunStats, Catch::CumulativeReporterBase<Catch::JunitReporter>::Node<Catch::TestGroupStats, Catch::CumulativeReporterBase<Catch::JunitReporter>::Node<Catch::TestCaseStats, Catch::CumulativeReporterBase<Catch::JunitReporter>::SectionNode> > > >*>, std::shared_ptr<Catch::CumulativeReporterBase<Catch::JunitReporter>::Node<Catch::TestRunStats, Catch::CumulativeReporterBase<Catch::JunitReporter>::Node<Catch::TestGroupStats, Catch::CumulativeReporterBase<Catch::JunitReporter>::Node<Catch::TestCaseStats, Catch::CumulativeReporterBase<Catch::JunitReporter>::SectionNode> > > >*):
    #####:   84:        __uninit_copy(_InputIterator __first, _InputIterator __last,
        -:   85:		      _ForwardIterator __result)
        -:   86:        {
    #####:   87:	  _ForwardIterator __cur = __result;
        -:   88:	  __try
        -:   89:	    {
    #####:   90:	      for (; __first != __last; ++__first, (void)++__cur)
    #####:   91:		std::_Construct(std::__addressof(*__cur), *__first);
    #####:   92:	      return __cur;
        -:   93:	    }
    =====:   94:	  __catch(...)
        -:   95:	    {
    =====:   96:	      std::_Destroy(__result, __cur);
    =====:   97:	      __throw_exception_again;
        -:   98:	    }
        -:   99:	}
------------------
Catch::SummaryColumn* std::__uninitialized_copy<false>::__uninit_copy<std::move_iterator<Catch::SummaryColumn*>, Catch::SummaryColumn*>(std::move_iterator<Catch::SummaryColumn*>, std::move_iterator<Catch::SummaryColumn*>, Catch::SummaryColumn*):
    #####:   84:        __uninit_copy(_InputIterator __first, _InputIterator __last,
        -:   85:		      _ForwardIterator __result)
        -:   86:        {
    #####:   87:	  _ForwardIterator __cur = __result;
        -:   88:	  __try
        -:   89:	    {
    #####:   90:	      for (; __first != __last; ++__first, (void)++__cur)
    #####:   91:		std::_Construct(std::__addressof(*__cur), *__first);
    #####:   92:	      return __cur;
        -:   93:	    }
    =====:   94:	  __catch(...)
        -:   95:	    {
    =====:   96:	      std::_Destroy(__result, __cur);
    =====:   97:	      __throw_exception_again;
        -:   98:	    }
        -:   99:	}
------------------
Catch::SectionInfo* std::__uninitialized_copy<false>::__uninit_copy<std::move_iterator<Catch::SectionInfo*>, Catch::SectionInfo*>(std::move_iterator<Catch::SectionInfo*>, std::move_iterator<Catch::SectionInfo*>, Catch::SectionInfo*):
    #####:   84:        __uninit_copy(_InputIterator __first, _InputIterator __last,
        -:   85:		      _ForwardIterator __result)
        -:   86:        {
    #####:   87:	  _ForwardIterator __cur = __result;
        -:   88:	  __try
        -:   89:	    {
    #####:   90:	      for (; __first != __last; ++__first, (void)++__cur)
    #####:   91:		std::_Construct(std::__addressof(*__cur), *__first);
    #####:   92:	      return __cur;
        -:   93:	    }
    =====:   94:	  __catch(...)
        -:   95:	    {
    =====:   96:	      std::_Destroy(__result, __cur);
    =====:   97:	      __throw_exception_again;
        -:   98:	    }
        -:   99:	}
------------------
std::shared_ptr<Catch::TestSpec::Pattern>* std::__uninitialized_copy<false>::__uninit_copy<__gnu_cxx::__normal_iterator<std::shared_ptr<Catch::TestSpec::Pattern> const*, std::vector<std::shared_ptr<Catch::TestSpec::Pattern>, std::allocator<std::shared_ptr<Catch::TestSpec::Pattern> > > >, std::shared_ptr<Catch::TestSpec::Pattern>*>(__gnu_cxx::__normal_iterator<std::shared_ptr<Catch::TestSpec::Pattern> const*, std::vector<std::shared_ptr<Catch::TestSpec::Pattern>, std::allocator<std::shared_ptr<Catch::TestSpec::Pattern> > > >, __gnu_cxx::__normal_iterator<std::shared_ptr<Catch::TestSpec::Pattern> const*, std::vector<std::shared_ptr<Catch::TestSpec::Pattern>, std::allocator<std::shared_ptr<Catch::TestSpec::Pattern> > > >, std::shared_ptr<Catch::TestSpec::Pattern>*):
    #####:   84:        __uninit_copy(_InputIterator __first, _InputIterator __last,
        -:   85:		      _ForwardIterator __result)
        -:   86:        {
    #####:   87:	  _ForwardIterator __cur = __result;
        -:   88:	  __try
        -:   89:	    {
    #####:   90:	      for (; __first != __last; ++__first, (void)++__cur)
    #####:   91:		std::_Construct(std::__addressof(*__cur), *__first);
    #####:   92:	      return __cur;
        -:   93:	    }
        -:   94:	  __catch(...)
        -:   95:	    {
        -:   96:	      std::_Destroy(__result, __cur);
        -:   97:	      __throw_exception_again;
        -:   98:	    }
        -:   99:	}
------------------
std::unique_ptr<std::__cxx11::basic_ostringstream<char, std::char_traits<char>, std::allocator<char> >, std::default_delete<std::__cxx11::basic_ostringstream<char, std::char_traits<char>, std::allocator<char> > > >* std::__uninitialized_copy<false>::__uninit_copy<std::move_iterator<std::unique_ptr<std::__cxx11::basic_ostringstream<char, std::char_traits<char>, std::allocator<char> >, std::default_delete<std::__cxx11::basic_ostringstream<char, std::char_traits<char>, std::allocator<char> > > >*>, std::unique_ptr<std::__cxx11::basic_ostringstream<char, std::char_traits<char>, std::allocator<char> >, std::default_delete<std::__cxx11::basic_ostringstream<char, std::char_traits<char>, std::allocator<char> > > >*>(std::move_iterator<std::unique_ptr<std::__cxx11::basic_ostringstream<char, std::char_traits<char>, std::allocator<char> >, std::default_delete<std::__cxx11::basic_ostringstream<char, std::char_traits<char>, std::allocator<char> > > >*>, std::move_iterator<std::unique_ptr<std::__cxx11::basic_ostringstream<char, std::char_traits<char>, std::allocator<char> >, std::default_delete<std::__cxx11::basic_ostringstream<char, std::char_traits<char>, std::allocator<char> > > >*>, std::unique_ptr<std::__cxx11::basic_ostringstream<char, std::char_traits<char>, std::allocator<char> >, std::default_delete<std::__cxx11::basic_ostringstream<char, std::char_traits<char>, std::allocator<char> > > >*):
    #####:   84:        __uninit_copy(_InputIterator __first, _InputIterator __last,
        -:   85:		      _ForwardIterator __result)
        -:   86:        {
    #####:   87:	  _ForwardIterator __cur = __result;
        -:   88:	  __try
        -:   89:	    {
    #####:   90:	      for (; __first != __last; ++__first, (void)++__cur)
    #####:   91:		std::_Construct(std::__addressof(*__cur), *__first);
    #####:   92:	      return __cur;
        -:   93:	    }
    =====:   94:	  __catch(...)
        -:   95:	    {
    =====:   96:	      std::_Destroy(__result, __cur);
    =====:   97:	      __throw_exception_again;
        -:   98:	    }
        -:   99:	}
------------------
std::unique_ptr<Catch::IExceptionTranslator const, std::default_delete<Catch::IExceptionTranslator const> >* std::__uninitialized_copy<false>::__uninit_copy<std::move_iterator<std::unique_ptr<Catch::IExceptionTranslator const, std::default_delete<Catch::IExceptionTranslator const> >*>, std::unique_ptr<Catch::IExceptionTranslator const, std::default_delete<Catch::IExceptionTranslator const> >*>(std::move_iterator<std::unique_ptr<Catch::IExceptionTranslator const, std::default_delete<Catch::IExceptionTranslator const> >*>, std::move_iterator<std::unique_ptr<Catch::IExceptionTranslator const, std::default_delete<Catch::IExceptionTranslator const> >*>, std::unique_ptr<Catch::IExceptionTranslator const, std::default_delete<Catch::IExceptionTranslator const> >*):
    #####:   84:        __uninit_copy(_InputIterator __first, _InputIterator __last,
        -:   85:		      _ForwardIterator __result)
        -:   86:        {
    #####:   87:	  _ForwardIterator __cur = __result;
        -:   88:	  __try
        -:   89:	    {
    #####:   90:	      for (; __first != __last; ++__first, (void)++__cur)
    #####:   91:		std::_Construct(std::__addressof(*__cur), *__first);
    #####:   92:	      return __cur;
        -:   93:	    }
    =====:   94:	  __catch(...)
        -:   95:	    {
    =====:   96:	      std::_Destroy(__result, __cur);
    =====:   97:	      __throw_exception_again;
        -:   98:	    }
        -:   99:	}
------------------
std::unique_ptr<Catch::Detail::EnumInfo, std::default_delete<Catch::Detail::EnumInfo> >* std::__uninitialized_copy<false>::__uninit_copy<std::move_iterator<std::unique_ptr<Catch::Detail::EnumInfo, std::default_delete<Catch::Detail::EnumInfo> >*>, std::unique_ptr<Catch::Detail::EnumInfo, std::default_delete<Catch::Detail::EnumInfo> >*>(std::move_iterator<std::unique_ptr<Catch::Detail::EnumInfo, std::default_delete<Catch::Detail::EnumInfo> >*>, std::move_iterator<std::unique_ptr<Catch::Detail::EnumInfo, std::default_delete<Catch::Detail::EnumInfo> >*>, std::unique_ptr<Catch::Detail::EnumInfo, std::default_delete<Catch::Detail::EnumInfo> >*):
    #####:   84:        __uninit_copy(_InputIterator __first, _InputIterator __last,
        -:   85:		      _ForwardIterator __result)
        -:   86:        {
    #####:   87:	  _ForwardIterator __cur = __result;
        -:   88:	  __try
        -:   89:	    {
    #####:   90:	      for (; __first != __last; ++__first, (void)++__cur)
    #####:   91:		std::_Construct(std::__addressof(*__cur), *__first);
    #####:   92:	      return __cur;
        -:   93:	    }
    =====:   94:	  __catch(...)
        -:   95:	    {
    =====:   96:	      std::_Destroy(__result, __cur);
    =====:   97:	      __throw_exception_again;
        -:   98:	    }
        -:   99:	}
------------------
Catch::clara::detail::HelpColumns* std::__uninitialized_copy<false>::__uninit_copy<std::move_iterator<Catch::clara::detail::HelpColumns*>, Catch::clara::detail::HelpColumns*>(std::move_iterator<Catch::clara::detail::HelpColumns*>, std::move_iterator<Catch::clara::detail::HelpColumns*>, Catch::clara::detail::HelpColumns*):
    #####:   84:        __uninit_copy(_InputIterator __first, _InputIterator __last,
        -:   85:		      _ForwardIterator __result)
        -:   86:        {
    #####:   87:	  _ForwardIterator __cur = __result;
        -:   88:	  __try
        -:   89:	    {
    #####:   90:	      for (; __first != __last; ++__first, (void)++__cur)
    #####:   91:		std::_Construct(std::__addressof(*__cur), *__first);
    #####:   92:	      return __cur;
        -:   93:	    }
    =====:   94:	  __catch(...)
        -:   95:	    {
    =====:   96:	      std::_Destroy(__result, __cur);
    =====:   97:	      __throw_exception_again;
        -:   98:	    }
        -:   99:	}
------------------
std::__cxx11::sub_match<__gnu_cxx::__normal_iterator<char const*, std::__cxx11::basic_string<char, std::char_traits<char>, std::allocator<char> > > >* std::__uninitialized_copy<false>::__uninit_copy<std::__cxx11::sub_match<__gnu_cxx::__normal_iterator<char const*, std::__cxx11::basic_string<char, std::char_traits<char>, std::allocator<char> > > >*, std::__cxx11::sub_match<__gnu_cxx::__normal_iterator<char const*, std::__cxx11::basic_string<char, std::char_traits<char>, std::allocator<char> > > >*>(std::__cxx11::sub_match<__gnu_cxx::__normal_iterator<char const*, std::__cxx11::basic_string<char, std::char_traits<char>, std::allocator<char> > > >*, std::__cxx11::sub_match<__gnu_cxx::__normal_iterator<char const*, std::__cxx11::basic_string<char, std::char_traits<char>, std::allocator<char> > > >*, std::__cxx11::sub_match<__gnu_cxx::__normal_iterator<char const*, std::__cxx11::basic_string<char, std::char_traits<char>, std::allocator<char> > > >*):
    #####:   84:        __uninit_copy(_InputIterator __first, _InputIterator __last,
        -:   85:		      _ForwardIterator __result)
        -:   86:        {
    #####:   87:	  _ForwardIterator __cur = __result;
        -:   88:	  __try
        -:   89:	    {
    #####:   90:	      for (; __first != __last; ++__first, (void)++__cur)
    #####:   91:		std::_Construct(std::__addressof(*__cur), *__first);
    #####:   92:	      return __cur;
        -:   93:	    }
        -:   94:	  __catch(...)
        -:   95:	    {
        -:   96:	      std::_Destroy(__result, __cur);
        -:   97:	      __throw_exception_again;
        -:   98:	    }
        -:   99:	}
------------------
std::shared_ptr<Catch::TestSpec::Pattern>* std::__uninitialized_copy<false>::__uninit_copy<std::move_iterator<std::shared_ptr<Catch::TestSpec::Pattern>*>, std::shared_ptr<Catch::TestSpec::Pattern>*>(std::move_iterator<std::shared_ptr<Catch::TestSpec::Pattern>*>, std::move_iterator<std::shared_ptr<Catch::TestSpec::Pattern>*>, std::shared_ptr<Catch::TestSpec::Pattern>*):
    #####:   84:        __uninit_copy(_InputIterator __first, _InputIterator __last,
        -:   85:		      _ForwardIterator __result)
        -:   86:        {
    #####:   87:	  _ForwardIterator __cur = __result;
        -:   88:	  __try
        -:   89:	    {
    #####:   90:	      for (; __first != __last; ++__first, (void)++__cur)
    #####:   91:		std::_Construct(std::__addressof(*__cur), *__first);
    #####:   92:	      return __cur;
        -:   93:	    }
    =====:   94:	  __catch(...)
        -:   95:	    {
    =====:   96:	      std::_Destroy(__result, __cur);
    =====:   97:	      __throw_exception_again;
        -:   98:	    }
        -:   99:	}
------------------
Catch::TestSpec::Filter* std::__uninitialized_copy<false>::__uninit_copy<std::move_iterator<Catch::TestSpec::Filter*>, Catch::TestSpec::Filter*>(std::move_iterator<Catch::TestSpec::Filter*>, std::move_iterator<Catch::TestSpec::Filter*>, Catch::TestSpec::Filter*):
    #####:   84:        __uninit_copy(_InputIterator __first, _InputIterator __last,
        -:   85:		      _ForwardIterator __result)
        -:   86:        {
    #####:   87:	  _ForwardIterator __cur = __result;
        -:   88:	  __try
        -:   89:	    {
    #####:   90:	      for (; __first != __last; ++__first, (void)++__cur)
    #####:   91:		std::_Construct(std::__addressof(*__cur), *__first);
    #####:   92:	      return __cur;
        -:   93:	    }
    =====:   94:	  __catch(...)
        -:   95:	    {
    =====:   96:	      std::_Destroy(__result, __cur);
    =====:   97:	      __throw_exception_again;
        -:   98:	    }
        -:   99:	}
------------------
std::shared_ptr<Catch::TestCaseTracking::ITracker>* std::__uninitialized_copy<false>::__uninit_copy<std::move_iterator<std::shared_ptr<Catch::TestCaseTracking::ITracker>*>, std::shared_ptr<Catch::TestCaseTracking::ITracker>*>(std::move_iterator<std::shared_ptr<Catch::TestCaseTracking::ITracker>*>, std::move_iterator<std::shared_ptr<Catch::TestCaseTracking::ITracker>*>, std::shared_ptr<Catch::TestCaseTracking::ITracker>*):
    #####:   84:        __uninit_copy(_InputIterator __first, _InputIterator __last,
        -:   85:		      _ForwardIterator __result)
        -:   86:        {
    #####:   87:	  _ForwardIterator __cur = __result;
        -:   88:	  __try
        -:   89:	    {
    #####:   90:	      for (; __first != __last; ++__first, (void)++__cur)
    #####:   91:		std::_Construct(std::__addressof(*__cur), *__first);
    #####:   92:	      return __cur;
        -:   93:	    }
    =====:   94:	  __catch(...)
        -:   95:	    {
    =====:   96:	      std::_Destroy(__result, __cur);
    =====:   97:	      __throw_exception_again;
        -:   98:	    }
        -:   99:	}
------------------
std::__exception_ptr::exception_ptr* std::__uninitialized_copy<false>::__uninit_copy<std::move_iterator<std::__exception_ptr::exception_ptr*>, std::__exception_ptr::exception_ptr*>(std::move_iterator<std::__exception_ptr::exception_ptr*>, std::move_iterator<std::__exception_ptr::exception_ptr*>, std::__exception_ptr::exception_ptr*):
    #####:   84:        __uninit_copy(_InputIterator __first, _InputIterator __last,
        -:   85:		      _ForwardIterator __result)
        -:   86:        {
    #####:   87:	  _ForwardIterator __cur = __result;
        -:   88:	  __try
        -:   89:	    {
    #####:   90:	      for (; __first != __last; ++__first, (void)++__cur)
    #####:   91:		std::_Construct(std::__addressof(*__cur), *__first);
    #####:   92:	      return __cur;
        -:   93:	    }
    =====:   94:	  __catch(...)
        -:   95:	    {
    =====:   96:	      std::_Destroy(__result, __cur);
    =====:   97:	      __throw_exception_again;
        -:   98:	    }
        -:   99:	}
------------------
Catch::ScopedMessage* std::__uninitialized_copy<false>::__uninit_copy<std::move_iterator<Catch::ScopedMessage*>, Catch::ScopedMessage*>(std::move_iterator<Catch::ScopedMessage*>, std::move_iterator<Catch::ScopedMessage*>, Catch::ScopedMessage*):
    #####:   84:        __uninit_copy(_InputIterator __first, _InputIterator __last,
        -:   85:		      _ForwardIterator __result)
        -:   86:        {
    #####:   87:	  _ForwardIterator __cur = __result;
        -:   88:	  __try
        -:   89:	    {
    #####:   90:	      for (; __first != __last; ++__first, (void)++__cur)
    #####:   91:		std::_Construct(std::__addressof(*__cur), *__first);
    #####:   92:	      return __cur;
        -:   93:	    }
    =====:   94:	  __catch(...)
        -:   95:	    {
    =====:   96:	      std::_Destroy(__result, __cur);
[...]
    #####: 1012:      _ForwardIterator __cur = __result;
    #####: 1013:      for (; __first != __last; ++__first, (void)++__cur)
    #####: 1014:	std::__relocate_object_a(std::__addressof(*__cur),
        -: 1015:				 std::__addressof(*__first), __alloc);
    #####: 1016:      return __cur;
        -: 1017:    }
------------------
std::shared_ptr<Catch::CumulativeReporterBase<Catch::JunitReporter>::SectionNode>* std::__relocate_a_1<std::shared_ptr<Catch::CumulativeReporterBase<Catch::JunitReporter>::SectionNode>*, std::shared_ptr<Catch::CumulativeReporterBase<Catch::JunitReporter>::SectionNode>*, std::allocator<std::shared_ptr<Catch::CumulativeReporterBase<Catch::JunitReporter>::SectionNode> > >(std::shared_ptr<Catch::CumulativeReporterBase<Catch::JunitReporter>::SectionNode>*, std::shared_ptr<Catch::CumulativeReporterBase<Catch::JunitReporter>::SectionNode>*, std::shared_ptr<Catch::CumulativeReporterBase<Catch::JunitReporter>::SectionNode>*, std::allocator<std::shared_ptr<Catch::CumulativeReporterBase<Catch::JunitReporter>::SectionNode> >&):
    #####: 1000:    __relocate_a_1(_InputIterator __first, _InputIterator __last,
        -: 1001:		   _ForwardIterator __result, _Allocator& __alloc)
        -: 1002:    noexcept(noexcept(std::__relocate_object_a(std::addressof(*__result),
        -: 1003:					       std::addressof(*__first),
        -: 1004:					       __alloc)))
        -: 1005:    {
        -: 1006:      typedef typename iterator_traits<_InputIterator>::value_type
        -: 1007:	_ValueType;
        -: 1008:      typedef typename iterator_traits<_ForwardIterator>::value_type
        -: 1009:	_ValueType2;
        -: 1010:      static_assert(std::is_same<_ValueType, _ValueType2>::value,
        -: 1011:	  "relocation is only possible for values of the same type");
    #####: 1012:      _ForwardIterator __cur = __result;
    #####: 1013:      for (; __first != __last; ++__first, (void)++__cur)
    #####: 1014:	std::__relocate_object_a(std::__addressof(*__cur),
        -: 1015:				 std::__addressof(*__first), __alloc);
    #####: 1016:      return __cur;
        -: 1017:    }
------------------
std::shared_ptr<Catch::CumulativeReporterBase<Catch::JunitReporter>::Node<Catch::TestCaseStats, Catch::CumulativeReporterBase<Catch::JunitReporter>::SectionNode> >* std::__relocate_a_1<std::shared_ptr<Catch::CumulativeReporterBase<Catch::JunitReporter>::Node<Catch::TestCaseStats, Catch::CumulativeReporterBase<Catch::JunitReporter>::SectionNode> >*, std::shared_ptr<Catch::CumulativeReporterBase<Catch::JunitReporter>::Node<Catch::TestCaseStats, Catch::CumulativeReporterBase<Catch::JunitReporter>::SectionNode> >*, std::allocator<std::shared_ptr<Catch::CumulativeReporterBase<Catch::JunitReporter>::Node<Catch::TestCaseStats, Catch::CumulativeReporterBase<Catch::JunitReporter>::SectionNode> > > >(std::shared_ptr<Catch::CumulativeReporterBase<Catch::JunitReporter>::Node<Catch::TestCaseStats, Catch::CumulativeReporterBase<Catch::JunitReporter>::SectionNode> >*, std::shared_ptr<Catch::CumulativeReporterBase<Catch::JunitReporter>::Node<Catch::TestCaseStats, Catch::CumulativeReporterBase<Catch::JunitReporter>::SectionNode> >*, std::shared_ptr<Catch::CumulativeReporterBase<Catch::JunitReporter>::Node<Catch::TestCaseStats, Catch::CumulativeReporterBase<Catch::JunitReporter>::SectionNode> >*, std::allocator<std::shared_ptr<Catch::CumulativeReporterBase<Catch::JunitReporter>::Node<Catch::TestCaseStats, Catch::CumulativeReporterBase<Catch::JunitReporter>::SectionNode> > >&):
    #####: 1000:    __relocate_a_1(_InputIterator __first, _InputIterator __last,
        -: 1001:		   _ForwardIterator __result, _Allocator& __alloc)
        -: 1002:    noexcept(noexcept(std::__relocate_object_a(std::addressof(*__result),
        -: 1003:					       std::addressof(*__first),
        -: 1004:					       __alloc)))
        -: 1005:    {
        -: 1006:      typedef typename iterator_traits<_InputIterator>::value_type
        -: 1007:	_ValueType;
        -: 1008:      typedef typename iterator_traits<_ForwardIterator>::value_type
        -: 1009:	_ValueType2;
        -: 1010:      static_assert(std::is_same<_ValueType, _ValueType2>::value,
        -: 1011:	  "relocation is only possible for values of the same type");
    #####: 1012:      _ForwardIterator __cur = __result;
    #####: 1013:      for (; __first != __last; ++__first, (void)++__cur)
    #####: 1014:	std::__relocate_object_a(std::__addressof(*__cur),
        -: 1015:				 std::__addressof(*__first), __alloc);
    #####: 1016:      return __cur;
        -: 1017:    }
------------------
std::shared_ptr<Catch::CumulativeReporterBase<Catch::JunitReporter>::Node<Catch::TestGroupStats, Catch::CumulativeReporterBase<Catch::JunitReporter>::Node<Catch::TestCaseStats, Catch::CumulativeReporterBase<Catch::JunitReporter>::SectionNode> > >* std::__relocate_a_1<std::shared_ptr<Catch::CumulativeReporterBase<Catch::JunitReporter>::Node<Catch::TestGroupStats, Catch::CumulativeReporterBase<Catch::JunitReporter>::Node<Catch::TestCaseStats, Catch::CumulativeReporterBase<Catch::JunitReporter>::SectionNode> > >*, std::shared_ptr<Catch::CumulativeReporterBase<Catch::JunitReporter>::Node<Catch::TestGroupStats, Catch::CumulativeReporterBase<Catch::JunitReporter>::Node<Catch::TestCaseStats, Catch::CumulativeReporterBase<Catch::JunitReporter>::SectionNode> > >*, std::allocator<std::shared_ptr<Catch::CumulativeReporterBase<Catch::JunitReporter>::Node<Catch::TestGroupStats, Catch::CumulativeReporterBase<Catch::JunitReporter>::Node<Catch::TestCaseStats, Catch::CumulativeReporterBase<Catch::JunitReporter>::SectionNode> > > > >(std::shared_ptr<Catch::CumulativeReporterBase<Catch::JunitReporter>::Node<Catch::TestGroupStats, Catch::CumulativeReporterBase<Catch::JunitReporter>::Node<Catch::TestCaseStats, Catch::CumulativeReporterBase<Catch::JunitReporter>::SectionNode> > >*, std::shared_ptr<Catch::CumulativeReporterBase<Catch::JunitReporter>::Node<Catch::TestGroupStats, Catch::CumulativeReporterBase<Catch::JunitReporter>::Node<Catch::TestCaseStats, Catch::CumulativeReporterBase<Catch::JunitReporter>::SectionNode> > >*, std::shared_ptr<Catch::CumulativeReporterBase<Catch::JunitReporter>::Node<Catch::TestGroupStats, Catch::CumulativeReporterBase<Catch::JunitReporter>::Node<Catch::TestCaseStats, Catch::CumulativeReporterBase<Catch::JunitReporter>::SectionNode> > >*, std::allocator<std::shared_ptr<Catch::CumulativeReporterBase<Catch::JunitReporter>::Node<Catch::TestGroupStats, Catch::CumulativeReporterBase<Catch::JunitReporter>::Node<Catch::TestCaseStats, Catch::CumulativeReporterBase<Catch::JunitReporter>::SectionNode> > > >&):
    #####: 1000:    __relocate_a_1(_InputIterator __first, _InputIterator __last,
        -: 1001:		   _ForwardIterator __result, _Allocator& __alloc)
        -: 1002:    noexcept(noexcept(std::__relocate_object_a(std::addressof(*__result),
        -: 1003:					       std::addressof(*__first),
        -: 1004:					       __alloc)))
        -: 1005:    {
        -: 1006:      typedef typename iterator_traits<_InputIterator>::value_type
        -: 1007:	_ValueType;
        -: 1008:      typedef typename iterator_traits<_ForwardIterator>::value_type
        -: 1009:	_ValueType2;
        -: 1010:      static_assert(std::is_same<_ValueType, _ValueType2>::value,
        -: 1011:	  "relocation is only possible for values of the same type");
    #####: 1012:      _ForwardIterator __cur = __result;
    #####: 1013:      for (; __first != __last; ++__first, (void)++__cur)
    #####: 1014:	std::__relocate_object_a(std::__addressof(*__cur),
        -: 1015:				 std::__addressof(*__first), __alloc);
    #####: 1016:      return __cur;
        -: 1017:    }
------------------
std::unique_ptr<Catch::IStreamingReporter, std::default_delete<Catch::IStreamingReporter> >* std::__relocate_a_1<std::unique_ptr<Catch::IStreamingReporter, std::default_delete<Catch::IStreamingReporter> >*, std::unique_ptr<Catch::IStreamingReporter, std::default_delete<Catch::IStreamingReporter> >*, std::allocator<std::unique_ptr<Catch::IStreamingReporter, std::default_delete<Catch::IStreamingReporter> > > >(std::unique_ptr<Catch::IStreamingReporter, std::default_delete<Catch::IStreamingReporter> >*, std::unique_ptr<Catch::IStreamingReporter, std::default_delete<Catch::IStreamingReporter> >*, std::unique_ptr<Catch::IStreamingReporter, std::default_delete<Catch::IStreamingReporter> >*, std::allocator<std::unique_ptr<Catch::IStreamingReporter, std::default_delete<Catch::IStreamingReporter> > >&):
    #####: 1000:    __relocate_a_1(_InputIterator __first, _InputIterator __last,
        -: 1001:		   _ForwardIterator __result, _Allocator& __alloc)
        -: 1002:    noexcept(noexcept(std::__relocate_object_a(std::addressof(*__result),
        -: 1003:					       std::addressof(*__first),
        -: 1004:					       __alloc)))
        -: 1005:    {
        -: 1006:      typedef typename iterator_traits<_InputIterator>::value_type
        -: 1007:	_ValueType;
        -: 1008:      typedef typename iterator_traits<_ForwardIterator>::value_type
        -: 1009:	_ValueType2;
        -: 1010:      static_assert(std::is_same<_ValueType, _ValueType2>::value,
        -: 1011:	  "relocation is only possible for values of the same type");
    #####: 1012:      _ForwardIterator __cur = __result;
    #####: 1013:      for (; __first != __last; ++__first, (void)++__cur)
    #####: 1014:	std::__relocate_object_a(std::__addressof(*__cur),
        -: 1015:				 std::__addressof(*__first), __alloc);
    #####: 1016:      return __cur;
        -: 1017:    }
------------------
std::pair<long, std::vector<std::__cxx11::sub_match<__gnu_cxx::__normal_iterator<char const*, std::__cxx11::basic_string<char, std::char_traits<char>, std::allocator<char> > > >, std::allocator<std::__cxx11::sub_match<__gnu_cxx::__normal_iterator<char const*, std::__cxx11::basic_string<char, std::char_traits<char>, std::allocator<char> > > > > > >* std::__relocate_a_1<std::pair<long, std::vector<std::__cxx11::sub_match<__gnu_cxx::__normal_iterator<char const*, std::__cxx11::basic_string<char, std::char_traits<char>, std::allocator<char> > > >, std::allocator<std::__cxx11::sub_match<__gnu_cxx::__normal_iterator<char const*, std::__cxx11::basic_string<char, std::char_traits<char>, std::allocator<char> > > > > > >*, std::pair<long, std::vector<std::__cxx11::sub_match<__gnu_cxx::__normal_iterator<char const*, std::__cxx11::basic_string<char, std::char_traits<char>, std::allocator<char> > > >, std::allocator<std::__cxx11::sub_match<__gnu_cxx::__normal_iterator<char const*, std::__cxx11::basic_string<char, std::char_traits<char>, std::allocator<char> > > > > > >*, std::allocator<std::pair<long, std::vector<std::__cxx11::sub_match<__gnu_cxx::__normal_iterator<char const*, std::__cxx11::basic_string<char, std::char_traits<char>, std::allocator<char> > > >, std::allocator<std::__cxx11::sub_match<__gnu_cxx::__normal_iterator<char const*, std::__cxx11::basic_string<char, std::char_traits<char>, std::allocator<char> > > > > > > > >(std::pair<long, std::vector<std::__cxx11::sub_match<__gnu_cxx::__normal_iterator<char const*, std::__cxx11::basic_string<char, std::char_traits<char>, std::allocator<char> > > >, std::allocator<std::__cxx11::sub_match<__gnu_cxx::__normal_iterator<char const*, std::__cxx11::basic_string<char, std::char_traits<char>, std::allocator<char> > > > > > >*, std::pair<long, std::vector<std::__cxx11::sub_match<__gnu_cxx::__normal_iterator<char const*, std::__cxx11::basic_string<char, std::char_traits<char>, std::allocator<char> > > >, std::allocator<std::__cxx11::sub_match<__gnu_cxx::__normal_iterator<char const*, std::__cxx11::basic_string<char, std::char_traits<char>, std::allocator<char> > > > > > >*, std::pair<long, std::vector<std::__cxx11::sub_match<__gnu_cxx::__normal_iterator<char const*, std::__cxx11::basic_string<char, std::char_traits<char>, std::allocator<char> > > >, std::allocator<std::__cxx11::sub_match<__gnu_cxx::__normal_iterator<char const*, std::__cxx11::basic_string<char, std::char_traits<char>, std::allocator<char> > > > > > >*, std::allocator<std::pair<long, std::vector<std::__cxx11::sub_match<__gnu_cxx::__normal_iterator<char const*, std::__cxx11::basic_string<char, std::char_traits<char>, std::allocator<char> > > >, std::allocator<std::__cxx11::sub_match<__gnu_cxx::__normal_iterator<char const*, std::__cxx11::basic_string<char, std::char_traits<char>, std::allocator<char> > > > > > > >&):
    #####: 1000:    __relocate_a_1(_InputIterator __first, _InputIterator __last,
        -: 1001:		   _ForwardIterator __result, _Allocator& __alloc)
        -: 1002:    noexcept(noexcept(std::__relocate_object_a(std::addressof(*__result),
        -: 1003:					       std::addressof(*__first),
        -: 1004:					       __alloc)))
        -: 1005:    {
        -: 1006:      typedef typename iterator_traits<_InputIterator>::value_type
        -: 1007:	_ValueType;
        -: 1008:      typedef typename iterator_traits<_ForwardIterator>::value_type
        -: 1009:	_ValueType2;
        -: 1010:      static_assert(std::is_same<_ValueType, _ValueType2>::value,
        -: 1011:	  "relocation is only possible for values of the same type");
    #####: 1012:      _ForwardIterator __cur = __result;
    #####: 1013:      for (; __first != __last; ++__first, (void)++__cur)
    #####: 1014:	std::__relocate_object_a(std::__addressof(*__cur),
        -: 1015:				 std::__addressof(*__first), __alloc);
    #####: 1016:      return __cur;
        -: 1017:    }
------------------
std::__cxx11::regex_traits<char>::_RegexMask* std::__relocate_a_1<std::__cxx11::regex_traits<char>::_RegexMask*, std::__cxx11::regex_traits<char>::_RegexMask*, std::allocator<std::__cxx11::regex_traits<char>::_RegexMask> >(std::__cxx11::regex_traits<char>::_RegexMask*, std::__cxx11::regex_traits<char>::_RegexMask*, std::__cxx11::regex_traits<char>::_RegexMask*, std::allocator<std::__cxx11::regex_traits<char>::_RegexMask>&):
    #####: 1000:    __relocate_a_1(_InputIterator __first, _InputIterator __last,
        -: 1001:		   _ForwardIterator __result, _Allocator& __alloc)
        -: 1002:    noexcept(noexcept(std::__relocate_object_a(std::addressof(*__result),
        -: 1003:					       std::addressof(*__first),
        -: 1004:					       __alloc)))
        -: 1005:    {
        -: 1006:      typedef typename iterator_traits<_InputIterator>::value_type
        -: 1007:	_ValueType;
        -: 1008:      typedef typename iterator_traits<_ForwardIterator>::value_type
        -: 1009:	_ValueType2;
        -: 1010:      static_assert(std::is_same<_ValueType, _ValueType2>::value,
        -: 1011:	  "relocation is only possible for values of the same type");
    #####: 1012:      _ForwardIterator __cur = __result;
    #####: 1013:      for (; __first != __last; ++__first, (void)++__cur)
    #####: 1014:	std::__relocate_object_a(std::__addressof(*__cur),
        -: 1015:				 std::__addressof(*__first), __alloc);
    #####: 1016:      return __cur;
        -: 1017:    }
------------------
std::pair<char, char>* std::__relocate_a_1<std::pair<char, char>*, std::pair<char, char>*, std::allocator<std::pair<char, char> > >(std::pair<char, char>*, std::pair<char, char>*, std::pair<char, char>*, std::allocator<std::pair<char, char> >&):
    #####: 1000:    __relocate_a_1(_InputIterator __first, _InputIterator __last,
        -: 1001:		   _ForwardIterator __result, _Allocator& __alloc)
        -: 1002:    noexcept(noexcept(std::__relocate_object_a(std::addressof(*__result),
        -: 1003:					       std::addressof(*__first),
        -: 1004:					       __alloc)))
        -: 1005:    {
        -: 1006:      typedef typename iterator_traits<_InputIterator>::value_type
        -: 1007:	_ValueType;
        -: 1008:      typedef typename iterator_traits<_ForwardIterator>::value_type
        -: 1009:	_ValueType2;
        -: 1010:      static_assert(std::is_same<_ValueType, _ValueType2>::value,
        -: 1011:	  "relocation is only possible for values of the same type");
    #####: 1012:      _ForwardIterator __cur = __result;
    #####: 1013:      for (; __first != __last; ++__first, (void)++__cur)
    #####: 1014:	std::__relocate_object_a(std::__addressof(*__cur),
        -: 1015:				 std::__addressof(*__first), __alloc);
    #####: 1016:      return __cur;
        -: 1017:    }
------------------
std::pair<std::__cxx11::basic_string<char, std::char_traits<char>, std::allocator<char> >, std::__cxx11::basic_string<char, std::char_traits<char>, std::allocator<char> > >* std::__relocate_a_1<std::pair<std::__cxx11::basic_string<char, std::char_traits<char>, std::allocator<char> >, std::__cxx11::basic_string<char, std::char_traits<char>, std::allocator<char> > >*, std::pair<std::__cxx11::basic_string<char, std::char_traits<char>, std::allocator<char> >, std::__cxx11::basic_string<char, std::char_traits<char>, std::allocator<char> > >*, std::allocator<std::pair<std::__cxx11::basic_string<char, std::char_traits<char>, std::allocator<char> >, std::__cxx11::basic_string<char, std::char_traits<char>, std::allocator<char> > > > >(std::pair<std::__cxx11::basic_string<char, std::char_traits<char>, std::allocator<char> >, std::__cxx11::basic_string<char, std::char_traits<char>, std::allocator<char> > >*, std::pair<std::__cxx11::basic_string<char, std::char_traits<char>, std::allocator<char> >, std::__cxx11::basic_string<char, std::char_traits<char>, std::allocator<char> > >*, std::pair<std::__cxx11::basic_string<char, std::char_traits<char>, std::allocator<char> >, std::__cxx11::basic_string<char, std::char_traits<char>, std::allocator<char> > >*, std::allocator<std::pair<std::__cxx11::basic_string<char, std::char_traits<char>, std::allocator<char> >, std::__cxx11::basic_string<char, std::char_traits<char>, std::allocator<char> > > >&):
    #####: 1000:    __relocate_a_1(_InputIterator __first, _InputIterator __last,
        -: 1001:		   _ForwardIterator __result, _Allocator& __alloc)
        -: 1002:    noexcept(noexcept(std::__relocate_object_a(std::addressof(*__result),
        -: 1003:					       std::addressof(*__first),
        -: 1004:					       __alloc)))
        -: 1005:    {
        -: 1006:      typedef typename iterator_traits<_InputIterator>::value_type
        -: 1007:	_ValueType;
        -: 1008:      typedef typename iterator_traits<_ForwardIterator>::value_type
        -: 1009:	_ValueType2;
        -: 1010:      static_assert(std::is_same<_ValueType, _ValueType2>::value,
        -: 1011:	  "relocation is only possible for values of the same type");
    #####: 1012:      _ForwardIterator __cur = __result;
    #####: 1013:      for (; __first != __last; ++__first, (void)++__cur)
    #####: 1014:	std::__relocate_object_a(std::__addressof(*__cur),
        -: 1015:				 std::__addressof(*__first), __alloc);
    #####: 1016:      return __cur;
        -: 1017:    }
------------------
        -: 1018:
        -: 1019:  template <typename _InputIterator, typename _ForwardIterator,
        -: 1020:	    typename _Allocator>
        -: 1021:    inline _ForwardIterator
    #####: 1022:    __relocate_a(_InputIterator __first, _InputIterator __last,
        -: 1023:		 _ForwardIterator __result, _Allocator& __alloc)
        -: 1024:    noexcept(noexcept(__relocate_a_1(std::__niter_base(__first),
        -: 1025:				     std::__niter_base(__last),
        -: 1026:				     std::__niter_base(__result), __alloc)))
        -: 1027:    {
    #####: 1028:      return __relocate_a_1(std::__niter_base(__first),
        -: 1029:			    std::__niter_base(__last),
    #####: 1030:			    std::__niter_base(__result), __alloc);
        -: 1031:    }
        -: 1032:
        -: 1033:  /// @endcond
        -: 1034:#endif
        -: 1035:
        -: 1036:  // @} group memory
        -: 1037:
        -: 1038:_GLIBCXX_END_NAMESPACE_VERSION
        -: 1039:} // namespace
        -: 1040:
        -: 1041:#endif /* _STL_UNINITIALIZED_H */
