        -:    0:Source:/usr/include/c++/10/bits/stl_iterator.h
        -:    0:Graph:testing.gcno
        -:    0:Data:-
        -:    0:Runs:0
        -:    1:// Iterators -*- C++ -*-
        -:    2:
        -:    3:// Copyright (C) 2001-2020 Free Software Foundation, Inc.
        -:    4://
        -:    5:// This file is part of the GNU ISO C++ Library.  This library is free
        -:    6:// software; you can redistribute it and/or modify it under the
        -:    7:// terms of the GNU General Public License as published by the
        -:    8:// Free Software Foundation; either version 3, or (at your option)
        -:    9:// any later version.
        -:   10:
        -:   11:// This library is distributed in the hope that it will be useful,
        -:   12:// but WITHOUT ANY WARRANTY; without even the implied warranty of
        -:   13:// MERCHANTABILITY or FITNESS FOR A PARTICULAR PURPOSE.  See the
        -:   14:// GNU General Public License for more details.
        -:   15:
        -:   16:// Under Section 7 of GPL version 3, you are granted additional
        -:   17:// permissions described in the GCC Runtime Library Exception, version
        -:   18:// 3.1, as published by the Free Software Foundation.
        -:   19:
        -:   20:// You should have received a copy of the GNU General Public License and
        -:   21:// a copy of the GCC Runtime Library Exception along with this program;
        -:   22:// see the files COPYING3 and COPYING.RUNTIME respectively.  If not, see
        -:   23:// <http://www.gnu.org/licenses/>.
        -:   24:
        -:   25:/*
        -:   26: *
        -:   27: * Copyright (c) 1994
        -:   28: * Hewlett-Packard Company
        -:   29: *
        -:   30: * Permission to use, copy, modify, distribute and sell this software
        -:   31: * and its documentation for any purpose is hereby granted without fee,
        -:   32: * provided that the above copyright notice appear in all copies and
        -:   33: * that both that copyright notice and this permission notice appear
        -:   34: * in supporting documentation.  Hewlett-Packard Company makes no
        -:   35: * representations about the suitability of this software for any
        -:   36: * purpose.  It is provided "as is" without express or implied warranty.
        -:   37: *
        -:   38: *
        -:   39: * Copyright (c) 1996-1998
        -:   40: * Silicon Graphics Computer Systems, Inc.
        -:   41: *
        -:   42: * Permission to use, copy, modify, distribute and sell this software
        -:   43: * and its documentation for any purpose is hereby granted without fee,
        -:   44: * provided that the above copyright notice appear in all copies and
        -:   45: * that both that copyright notice and this permission notice appear
        -:   46: * in supporting documentation.  Silicon Graphics makes no
        -:   47: * representations about the suitability of this software for any
        -:   48: * purpose.  It is provided "as is" without express or implied warranty.
        -:   49: */
        -:   50:
        -:   51:/** @file bits/stl_iterator.h
        -:   52: *  This is an internal header file, included by other library headers.
        -:   53: *  Do not attempt to use it directly. @headername{iterator}
        -:   54: *
        -:   55: *  This file implements reverse_iterator, back_insert_iterator,
        -:   56: *  front_insert_iterator, insert_iterator, __normal_iterator, and their
        -:   57: *  supporting functions and overloaded operators.
        -:   58: */
        -:   59:
        -:   60:#ifndef _STL_ITERATOR_H
        -:   61:#define _STL_ITERATOR_H 1
        -:   62:
        -:   63:#include <bits/cpp_type_traits.h>
        -:   64:#include <ext/type_traits.h>
        -:   65:#include <bits/move.h>
        -:   66:#include <bits/ptr_traits.h>
        -:   67:
        -:   68:#if __cplusplus >= 201103L
        -:   69:# include <type_traits>
        -:   70:#endif
        -:   71:
        -:   72:#if __cplusplus > 201703L
        -:   73:# define __cpp_lib_array_constexpr 201811L
        -:   74:# define __cpp_lib_constexpr_iterator 201811L
        -:   75:#elif __cplusplus == 201703L
        -:   76:# define __cpp_lib_array_constexpr 201803L
        -:   77:#endif
        -:   78:
        -:   79:#if __cplusplus > 201703L
        -:   80:# include <compare>
        -:   81:# include <new>
        -:   82:# include <bits/iterator_concepts.h>
        -:   83:#endif
        -:   84:
        -:   85:namespace std _GLIBCXX_VISIBILITY(default)
        -:   86:{
        -:   87:_GLIBCXX_BEGIN_NAMESPACE_VERSION
        -:   88:
        -:   89:  /**
        -:   90:   * @addtogroup iterators
        -:   91:   * @{
        -:   92:   */
        -:   93:
        -:   94:#if __cplusplus > 201703L && __cpp_lib_concepts
        -:   95:  namespace __detail
        -:   96:  {
        -:   97:    // Weaken iterator_category _Cat to _Limit if it is derived from that,
        -:   98:    // otherwise use _Otherwise.
        -:   99:    template<typename _Cat, typename _Limit, typename _Otherwise = _Cat>
        -:  100:      using __clamp_iter_cat
        -:  101:	= conditional_t<derived_from<_Cat, _Limit>, _Limit, _Otherwise>;
        -:  102:  }
        -:  103:#endif
        -:  104:
        -:  105:  // 24.4.1 Reverse iterators
        -:  106:  /**
        -:  107:   *  Bidirectional and random access iterators have corresponding reverse
        -:  108:   *  %iterator adaptors that iterate through the data structure in the
        -:  109:   *  opposite direction.  They have the same signatures as the corresponding
        -:  110:   *  iterators.  The fundamental relation between a reverse %iterator and its
        -:  111:   *  corresponding %iterator @c i is established by the identity:
        -:  112:   *  @code
        -:  113:   *      &*(reverse_iterator(i)) == &*(i - 1)
        -:  114:   *  @endcode
        -:  115:   *
        -:  116:   *  <em>This mapping is dictated by the fact that while there is always a
        -:  117:   *  pointer past the end of an array, there might not be a valid pointer
        -:  118:   *  before the beginning of an array.</em> [24.4.1]/1,2
        -:  119:   *
        -:  120:   *  Reverse iterators can be tricky and surprising at first.  Their
        -:  121:   *  semantics make sense, however, and the trickiness is a side effect of
        -:  122:   *  the requirement that the iterators must be safe.
        -:  123:  */
        -:  124:  template<typename _Iterator>
        -:  125:    class reverse_iterator
        -:  126:    : public iterator<typename iterator_traits<_Iterator>::iterator_category,
        -:  127:		      typename iterator_traits<_Iterator>::value_type,
        -:  128:		      typename iterator_traits<_Iterator>::difference_type,
        -:  129:		      typename iterator_traits<_Iterator>::pointer,
        -:  130:                      typename iterator_traits<_Iterator>::reference>
        -:  131:    {
        -:  132:    protected:
        -:  133:      _Iterator current;
        -:  134:
        -:  135:      typedef iterator_traits<_Iterator>		__traits_type;
        -:  136:
        -:  137:    public:
        -:  138:      typedef _Iterator					iterator_type;
        -:  139:      typedef typename __traits_type::difference_type	difference_type;
        -:  140:      typedef typename __traits_type::pointer		pointer;
        -:  141:      typedef typename __traits_type::reference		reference;
        -:  142:
        -:  143:#if __cplusplus > 201703L && __cpp_lib_concepts
        -:  144:      using iterator_concept
        -:  145:	= conditional_t<random_access_iterator<_Iterator>,
        -:  146:			random_access_iterator_tag,
        -:  147:			bidirectional_iterator_tag>;
        -:  148:      using iterator_category
        -:  149:	= __detail::__clamp_iter_cat<typename __traits_type::iterator_category,
        -:  150:				     random_access_iterator_tag>;
        -:  151:#endif
        -:  152:
        -:  153:      /**
        -:  154:       *  The default constructor value-initializes member @p current.
        -:  155:       *  If it is a pointer, that means it is zero-initialized.
        -:  156:      */
        -:  157:      // _GLIBCXX_RESOLVE_LIB_DEFECTS
        -:  158:      // 235 No specification of default ctor for reverse_iterator
        -:  159:      // 1012. reverse_iterator default ctor should value initialize
        -:  160:      _GLIBCXX17_CONSTEXPR
        -:  161:      reverse_iterator() : current() { }
        -:  162:
        -:  163:      /**
        -:  164:       *  This %iterator will move in the opposite direction that @p x does.
        -:  165:      */
        -:  166:      explicit _GLIBCXX17_CONSTEXPR
    #####:  167:      reverse_iterator(iterator_type __x) : current(__x) { }
------------------
std::reverse_iterator<char const*>::reverse_iterator(char const*):
    #####:  167:      reverse_iterator(iterator_type __x) : current(__x) { }
------------------
std::reverse_iterator<__gnu_cxx::__normal_iterator<Catch::SectionEndInfo*, std::vector<Catch::SectionEndInfo, std::allocator<Catch::SectionEndInfo> > > >::reverse_iterator(__gnu_cxx::__normal_iterator<Catch::SectionEndInfo*, std::vector<Catch::SectionEndInfo, std::allocator<Catch::SectionEndInfo> > >):
    #####:  167:      reverse_iterator(iterator_type __x) : current(__x) { }
------------------
        -:  168:
        -:  169:      /**
        -:  170:       *  The copy constructor is normal.
        -:  171:      */
        -:  172:      _GLIBCXX17_CONSTEXPR
    #####:  173:      reverse_iterator(const reverse_iterator& __x)
    #####:  174:      : current(__x.current) { }
------------------
std::reverse_iterator<char const*>::reverse_iterator(std::reverse_iterator<char const*> const&):
    #####:  173:      reverse_iterator(const reverse_iterator& __x)
    #####:  174:      : current(__x.current) { }
------------------
std::reverse_iterator<__gnu_cxx::__normal_iterator<char const*, std::__cxx11::basic_string<char, std::char_traits<char>, std::allocator<char> > > >::reverse_iterator(std::reverse_iterator<__gnu_cxx::__normal_iterator<char const*, std::__cxx11::basic_string<char, std::char_traits<char>, std::allocator<char> > > > const&):
    #####:  173:      reverse_iterator(const reverse_iterator& __x)
    #####:  174:      : current(__x.current) { }
------------------
        -:  175:
        -:  176:#if __cplusplus >= 201103L
        -:  177:      reverse_iterator& operator=(const reverse_iterator&) = default;
        -:  178:#endif
        -:  179:
        -:  180:      /**
        -:  181:       *  A %reverse_iterator across other types can be copied if the
        -:  182:       *  underlying %iterator can be converted to the type of @c current.
        -:  183:      */
        -:  184:      template<typename _Iter>
        -:  185:	_GLIBCXX17_CONSTEXPR
        -:  186:        reverse_iterator(const reverse_iterator<_Iter>& __x)
        -:  187:	: current(__x.base()) { }
        -:  188:
        -:  189:      /**
        -:  190:       *  @return  @c current, the %iterator used for underlying work.
        -:  191:      */
        -:  192:      _GLIBCXX17_CONSTEXPR iterator_type
    #####:  193:      base() const
    #####:  194:      { return current; }
------------------
std::reverse_iterator<char const*>::base() const:
    #####:  193:      base() const
    #####:  194:      { return current; }
------------------
std::reverse_iterator<__gnu_cxx::__normal_iterator<char const*, std::__cxx11::basic_string<char, std::char_traits<char>, std::allocator<char> > > >::base() const:
    #####:  193:      base() const
    #####:  194:      { return current; }
------------------
std::reverse_iterator<__gnu_cxx::__normal_iterator<Catch::SectionEndInfo*, std::vector<Catch::SectionEndInfo, std::allocator<Catch::SectionEndInfo> > > >::base() const:
    #####:  193:      base() const
    #####:  194:      { return current; }
------------------
        -:  195:
        -:  196:      /**
        -:  197:       *  @return  A reference to the value at @c --current
        -:  198:       *
        -:  199:       *  This requires that @c --current is dereferenceable.
        -:  200:       *
        -:  201:       *  @warning This implementation requires that for an iterator of the
        -:  202:       *           underlying iterator type, @c x, a reference obtained by
        -:  203:       *           @c *x remains valid after @c x has been modified or
        -:  204:       *           destroyed. This is a bug: http://gcc.gnu.org/PR51823
        -:  205:      */
        -:  206:      _GLIBCXX17_CONSTEXPR reference
    #####:  207:      operator*() const
        -:  208:      {
    #####:  209:	_Iterator __tmp = current;
    #####:  210:	return *--__tmp;
        -:  211:      }
------------------
std::reverse_iterator<char const*>::operator*() const:
    #####:  207:      operator*() const
        -:  208:      {
    #####:  209:	_Iterator __tmp = current;
    #####:  210:	return *--__tmp;
        -:  211:      }
------------------
std::reverse_iterator<__gnu_cxx::__normal_iterator<Catch::SectionEndInfo*, std::vector<Catch::SectionEndInfo, std::allocator<Catch::SectionEndInfo> > > >::operator*() const:
    #####:  207:      operator*() const
        -:  208:      {
    #####:  209:	_Iterator __tmp = current;
    #####:  210:	return *--__tmp;
        -:  211:      }
------------------
        -:  212:
        -:  213:      /**
        -:  214:       *  @return  A pointer to the value at @c --current
        -:  215:       *
        -:  216:       *  This requires that @c --current is dereferenceable.
        -:  217:      */
        -:  218:      _GLIBCXX17_CONSTEXPR pointer
        -:  219:      operator->() const
        -:  220:#if __cplusplus > 201703L && __cpp_concepts >= 201907L
        -:  221:      requires is_pointer_v<_Iterator>
        -:  222:	|| requires(const _Iterator __i) { __i.operator->(); }
        -:  223:#endif
        -:  224:      {
        -:  225:	// _GLIBCXX_RESOLVE_LIB_DEFECTS
        -:  226:	// 1052. operator-> should also support smart pointers
        -:  227:	_Iterator __tmp = current;
        -:  228:	--__tmp;
        -:  229:	return _S_to_pointer(__tmp);
        -:  230:      }
        -:  231:
        -:  232:      /**
        -:  233:       *  @return  @c *this
        -:  234:       *
        -:  235:       *  Decrements the underlying iterator.
        -:  236:      */
        -:  237:      _GLIBCXX17_CONSTEXPR reverse_iterator&
    #####:  238:      operator++()
        -:  239:      {
    #####:  240:	--current;
    #####:  241:	return *this;
        -:  242:      }
------------------
std::reverse_iterator<char const*>::operator++():
    #####:  238:      operator++()
        -:  239:      {
    #####:  240:	--current;
    #####:  241:	return *this;
        -:  242:      }
------------------
std::reverse_iterator<__gnu_cxx::__normal_iterator<Catch::SectionEndInfo*, std::vector<Catch::SectionEndInfo, std::allocator<Catch::SectionEndInfo> > > >::operator++():
    #####:  238:      operator++()
        -:  239:      {
    #####:  240:	--current;
    #####:  241:	return *this;
        -:  242:      }
------------------
        -:  243:
        -:  244:      /**
        -:  245:       *  @return  The original value of @c *this
        -:  246:       *
        -:  247:       *  Decrements the underlying iterator.
        -:  248:      */
        -:  249:      _GLIBCXX17_CONSTEXPR reverse_iterator
        -:  250:      operator++(int)
        -:  251:      {
        -:  252:	reverse_iterator __tmp = *this;
        -:  253:	--current;
        -:  254:	return __tmp;
        -:  255:      }
        -:  256:
        -:  257:      /**
        -:  258:       *  @return  @c *this
        -:  259:       *
        -:  260:       *  Increments the underlying iterator.
        -:  261:      */
        -:  262:      _GLIBCXX17_CONSTEXPR reverse_iterator&
        -:  263:      operator--()
        -:  264:      {
        -:  265:	++current;
        -:  266:	return *this;
        -:  267:      }
        -:  268:
        -:  269:      /**
        -:  270:       *  @return  A reverse_iterator with the previous value of @c *this
        -:  271:       *
        -:  272:       *  Increments the underlying iterator.
        -:  273:      */
        -:  274:      _GLIBCXX17_CONSTEXPR reverse_iterator
        -:  275:      operator--(int)
        -:  276:      {
        -:  277:	reverse_iterator __tmp = *this;
        -:  278:	++current;
        -:  279:	return __tmp;
        -:  280:      }
        -:  281:
        -:  282:      /**
        -:  283:       *  @return  A reverse_iterator that refers to @c current - @a __n
        -:  284:       *
        -:  285:       *  The underlying iterator must be a Random Access Iterator.
        -:  286:      */
        -:  287:      _GLIBCXX17_CONSTEXPR reverse_iterator
        -:  288:      operator+(difference_type __n) const
        -:  289:      { return reverse_iterator(current - __n); }
        -:  290:
        -:  291:      /**
        -:  292:       *  @return  *this
        -:  293:       *
        -:  294:       *  Moves the underlying iterator backwards @a __n steps.
        -:  295:       *  The underlying iterator must be a Random Access Iterator.
        -:  296:      */
        -:  297:      _GLIBCXX17_CONSTEXPR reverse_iterator&
        -:  298:      operator+=(difference_type __n)
        -:  299:      {
        -:  300:	current -= __n;
        -:  301:	return *this;
        -:  302:      }
        -:  303:
        -:  304:      /**
        -:  305:       *  @return  A reverse_iterator that refers to @c current - @a __n
        -:  306:       *
        -:  307:       *  The underlying iterator must be a Random Access Iterator.
        -:  308:      */
        -:  309:      _GLIBCXX17_CONSTEXPR reverse_iterator
        -:  310:      operator-(difference_type __n) const
        -:  311:      { return reverse_iterator(current + __n); }
        -:  312:
        -:  313:      /**
        -:  314:       *  @return  *this
        -:  315:       *
        -:  316:       *  Moves the underlying iterator forwards @a __n steps.
        -:  317:       *  The underlying iterator must be a Random Access Iterator.
        -:  318:      */
        -:  319:      _GLIBCXX17_CONSTEXPR reverse_iterator&
        -:  320:      operator-=(difference_type __n)
        -:  321:      {
        -:  322:	current += __n;
        -:  323:	return *this;
        -:  324:      }
        -:  325:
        -:  326:      /**
        -:  327:       *  @return  The value at @c current - @a __n - 1
        -:  328:       *
        -:  329:       *  The underlying iterator must be a Random Access Iterator.
        -:  330:      */
        -:  331:      _GLIBCXX17_CONSTEXPR reference
        -:  332:      operator[](difference_type __n) const
        -:  333:      { return *(*this + __n); }
        -:  334:
        -:  335:#if __cplusplus > 201703L && __cpp_lib_concepts
        -:  336:      friend constexpr iter_rvalue_reference_t<_Iterator>
        -:  337:      iter_move(const reverse_iterator& __i)
        -:  338:      noexcept(is_nothrow_copy_constructible_v<_Iterator>
        -:  339:	       && noexcept(ranges::iter_move(--std::declval<_Iterator&>())))
        -:  340:      {
        -:  341:	auto __tmp = __i.base();
        -:  342:	return ranges::iter_move(--__tmp);
        -:  343:      }
        -:  344:
        -:  345:      template<indirectly_swappable<_Iterator> _Iter2>
        -:  346:	friend constexpr void
        -:  347:	iter_swap(const reverse_iterator& __x,
        -:  348:		  const reverse_iterator<_Iter2>& __y)
        -:  349:	noexcept(is_nothrow_copy_constructible_v<_Iterator>
        -:  350:		 && is_nothrow_copy_constructible_v<_Iter2>
        -:  351:		 && noexcept(ranges::iter_swap(--std::declval<_Iterator&>(),
        -:  352:					       --std::declval<_Iter2&>())))
        -:  353:	{
        -:  354:	  auto __xtmp = __x.base();
        -:  355:	  auto __ytmp = __y.base();
        -:  356:	  ranges::iter_swap(--__xtmp, --__ytmp);
        -:  357:	}
        -:  358:#endif
        -:  359:
        -:  360:    private:
        -:  361:      template<typename _Tp>
        -:  362:	static _GLIBCXX17_CONSTEXPR _Tp*
        -:  363:	_S_to_pointer(_Tp* __p)
        -:  364:        { return __p; }
        -:  365:
        -:  366:      template<typename _Tp>
        -:  367:	static _GLIBCXX17_CONSTEXPR pointer
        -:  368:	_S_to_pointer(_Tp __t)
        -:  369:        { return __t.operator->(); }
        -:  370:    };
        -:  371:
        -:  372:  //@{
        -:  373:  /**
        -:  374:   *  @param  __x  A %reverse_iterator.
        -:  375:   *  @param  __y  A %reverse_iterator.
        -:  376:   *  @return  A simple bool.
        -:  377:   *
        -:  378:   *  Reverse iterators forward comparisons to their underlying base()
        -:  379:   *  iterators.
        -:  380:   *
        -:  381:  */
        -:  382:#if __cplusplus <= 201703L || ! defined __cpp_lib_concepts
        -:  383:  template<typename _Iterator>
        -:  384:    inline _GLIBCXX17_CONSTEXPR bool
    #####:  385:    operator==(const reverse_iterator<_Iterator>& __x,
        -:  386:	       const reverse_iterator<_Iterator>& __y)
    #####:  387:    { return __x.base() == __y.base(); }
------------------
bool std::operator==<char const*>(std::reverse_iterator<char const*> const&, std::reverse_iterator<char const*> const&):
    #####:  385:    operator==(const reverse_iterator<_Iterator>& __x,
        -:  386:	       const reverse_iterator<_Iterator>& __y)
    #####:  387:    { return __x.base() == __y.base(); }
------------------
bool std::operator==<__gnu_cxx::__normal_iterator<Catch::SectionEndInfo*, std::vector<Catch::SectionEndInfo, std::allocator<Catch::SectionEndInfo> > > >(std::reverse_iterator<__gnu_cxx::__normal_iterator<Catch::SectionEndInfo*, std::vector<Catch::SectionEndInfo, std::allocator<Catch::SectionEndInfo> > > > const&, std::reverse_iterator<__gnu_cxx::__normal_iterator<Catch::SectionEndInfo*, std::vector<Catch::SectionEndInfo, std::allocator<Catch::SectionEndInfo> > > > const&):
    #####:  385:    operator==(const reverse_iterator<_Iterator>& __x,
        -:  386:	       const reverse_iterator<_Iterator>& __y)
    #####:  387:    { return __x.base() == __y.base(); }
------------------
        -:  388:
        -:  389:  template<typename _Iterator>
        -:  390:    inline _GLIBCXX17_CONSTEXPR bool
        -:  391:    operator<(const reverse_iterator<_Iterator>& __x,
        -:  392:	      const reverse_iterator<_Iterator>& __y)
        -:  393:    { return __y.base() < __x.base(); }
        -:  394:
        -:  395:  template<typename _Iterator>
        -:  396:    inline _GLIBCXX17_CONSTEXPR bool
    #####:  397:    operator!=(const reverse_iterator<_Iterator>& __x,
        -:  398:	       const reverse_iterator<_Iterator>& __y)
    #####:  399:    { return !(__x == __y); }
------------------
bool std::operator!=<char const*>(std::reverse_iterator<char const*> const&, std::reverse_iterator<char const*> const&):
    #####:  397:    operator!=(const reverse_iterator<_Iterator>& __x,
        -:  398:	       const reverse_iterator<_Iterator>& __y)
    #####:  399:    { return !(__x == __y); }
------------------
bool std::operator!=<__gnu_cxx::__normal_iterator<Catch::SectionEndInfo*, std::vector<Catch::SectionEndInfo, std::allocator<Catch::SectionEndInfo> > > >(std::reverse_iterator<__gnu_cxx::__normal_iterator<Catch::SectionEndInfo*, std::vector<Catch::SectionEndInfo, std::allocator<Catch::SectionEndInfo> > > > const&, std::reverse_iterator<__gnu_cxx::__normal_iterator<Catch::SectionEndInfo*, std::vector<Catch::SectionEndInfo, std::allocator<Catch::SectionEndInfo> > > > const&):
    #####:  397:    operator!=(const reverse_iterator<_Iterator>& __x,
        -:  398:	       const reverse_iterator<_Iterator>& __y)
    #####:  399:    { return !(__x == __y); }
------------------
        -:  400:
        -:  401:  template<typename _Iterator>
        -:  402:    inline _GLIBCXX17_CONSTEXPR bool
        -:  403:    operator>(const reverse_iterator<_Iterator>& __x,
        -:  404:	      const reverse_iterator<_Iterator>& __y)
        -:  405:    { return __y < __x; }
        -:  406:
        -:  407:  template<typename _Iterator>
        -:  408:    inline _GLIBCXX17_CONSTEXPR bool
        -:  409:    operator<=(const reverse_iterator<_Iterator>& __x,
        -:  410:	       const reverse_iterator<_Iterator>& __y)
        -:  411:    { return !(__y < __x); }
        -:  412:
        -:  413:  template<typename _Iterator>
        -:  414:    inline _GLIBCXX17_CONSTEXPR bool
        -:  415:    operator>=(const reverse_iterator<_Iterator>& __x,
        -:  416:	       const reverse_iterator<_Iterator>& __y)
        -:  417:    { return !(__x < __y); }
        -:  418:
        -:  419:  // _GLIBCXX_RESOLVE_LIB_DEFECTS
        -:  420:  // DR 280. Comparison of reverse_iterator to const reverse_iterator.
        -:  421:  template<typename _IteratorL, typename _IteratorR>
        -:  422:    inline _GLIBCXX17_CONSTEXPR bool
        -:  423:    operator==(const reverse_iterator<_IteratorL>& __x,
        -:  424:	       const reverse_iterator<_IteratorR>& __y)
        -:  425:    { return __x.base() == __y.base(); }
        -:  426:
        -:  427:  template<typename _IteratorL, typename _IteratorR>
        -:  428:    inline _GLIBCXX17_CONSTEXPR bool
        -:  429:    operator<(const reverse_iterator<_IteratorL>& __x,
        -:  430:	      const reverse_iterator<_IteratorR>& __y)
        -:  431:    { return __y.base() < __x.base(); }
        -:  432:
        -:  433:  template<typename _IteratorL, typename _IteratorR>
        -:  434:    inline _GLIBCXX17_CONSTEXPR bool
        -:  435:    operator!=(const reverse_iterator<_IteratorL>& __x,
        -:  436:	       const reverse_iterator<_IteratorR>& __y)
        -:  437:    { return !(__x == __y); }
        -:  438:
        -:  439:  template<typename _IteratorL, typename _IteratorR>
        -:  440:    inline _GLIBCXX17_CONSTEXPR bool
        -:  441:    operator>(const reverse_iterator<_IteratorL>& __x,
        -:  442:	      const reverse_iterator<_IteratorR>& __y)
        -:  443:    { return __y < __x; }
        -:  444:
        -:  445:  template<typename _IteratorL, typename _IteratorR>
        -:  446:    inline _GLIBCXX17_CONSTEXPR bool
        -:  447:    operator<=(const reverse_iterator<_IteratorL>& __x,
        -:  448:	       const reverse_iterator<_IteratorR>& __y)
        -:  449:    { return !(__y < __x); }
        -:  450:
        -:  451:  template<typename _IteratorL, typename _IteratorR>
        -:  452:    inline _GLIBCXX17_CONSTEXPR bool
        -:  453:    operator>=(const reverse_iterator<_IteratorL>& __x,
        -:  454:	       const reverse_iterator<_IteratorR>& __y)
        -:  455:    { return !(__x < __y); }
        -:  456:#else // C++20
        -:  457:  template<typename _IteratorL, typename _IteratorR>
        -:  458:    constexpr bool
        -:  459:    operator==(const reverse_iterator<_IteratorL>& __x,
        -:  460:	       const reverse_iterator<_IteratorR>& __y)
        -:  461:    requires requires { { __x.base() == __y.base() } -> convertible_to<bool>; }
        -:  462:    { return __x.base() == __y.base(); }
        -:  463:
        -:  464:  template<typename _IteratorL, typename _IteratorR>
        -:  465:    constexpr bool
        -:  466:    operator!=(const reverse_iterator<_IteratorL>& __x,
        -:  467:	       const reverse_iterator<_IteratorR>& __y)
        -:  468:    requires requires { { __x.base() != __y.base() } -> convertible_to<bool>; }
        -:  469:    { return __x.base() != __y.base(); }
        -:  470:
        -:  471:  template<typename _IteratorL, typename _IteratorR>
        -:  472:    constexpr bool
        -:  473:    operator<(const reverse_iterator<_IteratorL>& __x,
        -:  474:	      const reverse_iterator<_IteratorR>& __y)
        -:  475:    requires requires { { __x.base() > __y.base() } -> convertible_to<bool>; }
        -:  476:    { return __x.base() > __y.base(); }
        -:  477:
        -:  478:  template<typename _IteratorL, typename _IteratorR>
        -:  479:    constexpr bool
        -:  480:    operator>(const reverse_iterator<_IteratorL>& __x,
        -:  481:	      const reverse_iterator<_IteratorR>& __y)
        -:  482:    requires requires { { __x.base() < __y.base() } -> convertible_to<bool>; }
        -:  483:    { return __x.base() < __y.base(); }
        -:  484:
        -:  485:  template<typename _IteratorL, typename _IteratorR>
        -:  486:    constexpr bool
        -:  487:    operator<=(const reverse_iterator<_IteratorL>& __x,
        -:  488:	       const reverse_iterator<_IteratorR>& __y)
        -:  489:    requires requires { { __x.base() >= __y.base() } -> convertible_to<bool>; }
        -:  490:    { return __x.base() >= __y.base(); }
        -:  491:
        -:  492:  template<typename _IteratorL, typename _IteratorR>
        -:  493:    constexpr bool
        -:  494:    operator>=(const reverse_iterator<_IteratorL>& __x,
        -:  495:	       const reverse_iterator<_IteratorR>& __y)
        -:  496:    requires requires { { __x.base() <= __y.base() } -> convertible_to<bool>; }
        -:  497:    { return __x.base() <= __y.base(); }
        -:  498:
        -:  499:  template<typename _IteratorL,
        -:  500:	   three_way_comparable_with<_IteratorL> _IteratorR>
        -:  501:    constexpr compare_three_way_result_t<_IteratorL, _IteratorR>
        -:  502:    operator<=>(const reverse_iterator<_IteratorL>& __x,
        -:  503:		const reverse_iterator<_IteratorR>& __y)
        -:  504:    { return __y.base() <=> __x.base(); }
        -:  505:#endif // C++20
        -:  506:  //@}
        -:  507:
        -:  508:#if __cplusplus < 201103L
        -:  509:  template<typename _Iterator>
        -:  510:    inline typename reverse_iterator<_Iterator>::difference_type
        -:  511:    operator-(const reverse_iterator<_Iterator>& __x,
        -:  512:	      const reverse_iterator<_Iterator>& __y)
        -:  513:    { return __y.base() - __x.base(); }
        -:  514:
        -:  515:  template<typename _IteratorL, typename _IteratorR>
        -:  516:    inline typename reverse_iterator<_IteratorL>::difference_type
        -:  517:    operator-(const reverse_iterator<_IteratorL>& __x,
        -:  518:	      const reverse_iterator<_IteratorR>& __y)
        -:  519:    { return __y.base() - __x.base(); }
        -:  520:#else
        -:  521:  // _GLIBCXX_RESOLVE_LIB_DEFECTS
        -:  522:  // DR 685. reverse_iterator/move_iterator difference has invalid signatures
        -:  523:  template<typename _IteratorL, typename _IteratorR>
        -:  524:    inline _GLIBCXX17_CONSTEXPR auto
        -:  525:    operator-(const reverse_iterator<_IteratorL>& __x,
        -:  526:	      const reverse_iterator<_IteratorR>& __y)
        -:  527:    -> decltype(__y.base() - __x.base())
        -:  528:    { return __y.base() - __x.base(); }
        -:  529:#endif
        -:  530:
        -:  531:  template<typename _Iterator>
        -:  532:    inline _GLIBCXX17_CONSTEXPR reverse_iterator<_Iterator>
        -:  533:    operator+(typename reverse_iterator<_Iterator>::difference_type __n,
        -:  534:	      const reverse_iterator<_Iterator>& __x)
        -:  535:    { return reverse_iterator<_Iterator>(__x.base() - __n); }
        -:  536:
        -:  537:#if __cplusplus >= 201103L
        -:  538:  // Same as C++14 make_reverse_iterator but used in C++11 mode too.
        -:  539:  template<typename _Iterator>
        -:  540:    inline _GLIBCXX17_CONSTEXPR reverse_iterator<_Iterator>
    #####:  541:    __make_reverse_iterator(_Iterator __i)
    #####:  542:    { return reverse_iterator<_Iterator>(__i); }
        -:  543:
        -:  544:# if __cplusplus >= 201402L
        -:  545:#  define __cpp_lib_make_reverse_iterator 201402
        -:  546:
        -:  547:  // _GLIBCXX_RESOLVE_LIB_DEFECTS
        -:  548:  // DR 2285. make_reverse_iterator
        -:  549:  /// Generator function for reverse_iterator.
        -:  550:  template<typename _Iterator>
        -:  551:    inline _GLIBCXX17_CONSTEXPR reverse_iterator<_Iterator>
        -:  552:    make_reverse_iterator(_Iterator __i)
        -:  553:    { return reverse_iterator<_Iterator>(__i); }
        -:  554:
        -:  555:#  if __cplusplus > 201703L && defined __cpp_lib_concepts
        -:  556:  template<typename _Iterator1, typename _Iterator2>
        -:  557:    requires (!sized_sentinel_for<_Iterator1, _Iterator2>)
        -:  558:    inline constexpr bool
        -:  559:    disable_sized_sentinel_for<reverse_iterator<_Iterator1>,
        -:  560:			       reverse_iterator<_Iterator2>> = true;
        -:  561:#  endif // C++20
        -:  562:# endif // C++14
        -:  563:
        -:  564:  template<typename _Iterator>
        -:  565:    _GLIBCXX20_CONSTEXPR
        -:  566:    auto
    #####:  567:    __niter_base(reverse_iterator<_Iterator> __it)
        -:  568:    -> decltype(__make_reverse_iterator(__niter_base(__it.base())))
    #####:  569:    { return __make_reverse_iterator(__niter_base(__it.base())); }
        -:  570:
        -:  571:  template<typename _Iterator>
        -:  572:    struct __is_move_iterator<reverse_iterator<_Iterator> >
        -:  573:      : __is_move_iterator<_Iterator>
        -:  574:    { };
        -:  575:
        -:  576:  template<typename _Iterator>
        -:  577:    _GLIBCXX20_CONSTEXPR
        -:  578:    auto
        -:  579:    __miter_base(reverse_iterator<_Iterator> __it)
        -:  580:    -> decltype(__make_reverse_iterator(__miter_base(__it.base())))
        -:  581:    { return __make_reverse_iterator(__miter_base(__it.base())); }
        -:  582:#endif // C++11
        -:  583:
        -:  584:  // 24.4.2.2.1 back_insert_iterator
        -:  585:  /**
        -:  586:   *  @brief  Turns assignment into insertion.
        -:  587:   *
        -:  588:   *  These are output iterators, constructed from a container-of-T.
        -:  589:   *  Assigning a T to the iterator appends it to the container using
        -:  590:   *  push_back.
        -:  591:   *
        -:  592:   *  Tip:  Using the back_inserter function to create these iterators can
        -:  593:   *  save typing.
        -:  594:  */
        -:  595:  template<typename _Container>
        -:  596:    class back_insert_iterator
        -:  597:    : public iterator<output_iterator_tag, void, void, void, void>
        -:  598:    {
        -:  599:    protected:
        -:  600:      _Container* container;
        -:  601:
        -:  602:    public:
        -:  603:      /// A nested typedef for the type of whatever container you used.
        -:  604:      typedef _Container          container_type;
        -:  605:#if __cplusplus > 201703L
        -:  606:      using difference_type = ptrdiff_t;
        -:  607:
        -:  608:      constexpr back_insert_iterator() noexcept : container(nullptr) { }
        -:  609:#endif
        -:  610:
        -:  611:      /// The only way to create this %iterator is with a container.
        -:  612:      explicit _GLIBCXX20_CONSTEXPR
        -:  613:      back_insert_iterator(_Container& __x)
        -:  614:      : container(std::__addressof(__x)) { }
        -:  615:
        -:  616:      /**
        -:  617:       *  @param  __value  An instance of whatever type
        -:  618:       *                 container_type::const_reference is; presumably a
        -:  619:       *                 reference-to-const T for container<T>.
        -:  620:       *  @return  This %iterator, for chained operations.
        -:  621:       *
        -:  622:       *  This kind of %iterator doesn't really have a @a position in the
        -:  623:       *  container (you can think of the position as being permanently at
        -:  624:       *  the end, if you like).  Assigning a value to the %iterator will
        -:  625:       *  always append the value to the end of the container.
        -:  626:      */
        -:  627:#if __cplusplus < 201103L
        -:  628:      back_insert_iterator&
        -:  629:      operator=(typename _Container::const_reference __value)
        -:  630:      {
        -:  631:	container->push_back(__value);
        -:  632:	return *this;
        -:  633:      }
        -:  634:#else
        -:  635:      _GLIBCXX20_CONSTEXPR
        -:  636:      back_insert_iterator&
        -:  637:      operator=(const typename _Container::value_type& __value)
        -:  638:      {
        -:  639:	container->push_back(__value);
        -:  640:	return *this;
        -:  641:      }
        -:  642:
        -:  643:      _GLIBCXX20_CONSTEXPR
        -:  644:      back_insert_iterator&
        -:  645:      operator=(typename _Container::value_type&& __value)
        -:  646:      {
        -:  647:	container->push_back(std::move(__value));
        -:  648:	return *this;
        -:  649:      }
        -:  650:#endif
        -:  651:
        -:  652:      /// Simply returns *this.
        -:  653:      _GLIBCXX20_CONSTEXPR
        -:  654:      back_insert_iterator&
        -:  655:      operator*()
        -:  656:      { return *this; }
        -:  657:
        -:  658:      /// Simply returns *this.  (This %iterator does not @a move.)
        -:  659:      _GLIBCXX20_CONSTEXPR
        -:  660:      back_insert_iterator&
        -:  661:      operator++()
        -:  662:      { return *this; }
        -:  663:
        -:  664:      /// Simply returns *this.  (This %iterator does not @a move.)
        -:  665:      _GLIBCXX20_CONSTEXPR
        -:  666:      back_insert_iterator
        -:  667:      operator++(int)
        -:  668:      { return *this; }
        -:  669:    };
        -:  670:
        -:  671:  /**
        -:  672:   *  @param  __x  A container of arbitrary type.
        -:  673:   *  @return  An instance of back_insert_iterator working on @p __x.
        -:  674:   *
        -:  675:   *  This wrapper function helps in creating back_insert_iterator instances.
        -:  676:   *  Typing the name of the %iterator requires knowing the precise full
        -:  677:   *  type of the container, which can be tedious and impedes generic
        -:  678:   *  programming.  Using this function lets you take advantage of automatic
        -:  679:   *  template parameter deduction, making the compiler match the correct
        -:  680:   *  types for you.
        -:  681:  */
        -:  682:  template<typename _Container>
        -:  683:    _GLIBCXX20_CONSTEXPR
        -:  684:    inline back_insert_iterator<_Container>
        -:  685:    back_inserter(_Container& __x)
        -:  686:    { return back_insert_iterator<_Container>(__x); }
        -:  687:
        -:  688:  /**
        -:  689:   *  @brief  Turns assignment into insertion.
        -:  690:   *
        -:  691:   *  These are output iterators, constructed from a container-of-T.
        -:  692:   *  Assigning a T to the iterator prepends it to the container using
        -:  693:   *  push_front.
        -:  694:   *
        -:  695:   *  Tip:  Using the front_inserter function to create these iterators can
        -:  696:   *  save typing.
        -:  697:  */
        -:  698:  template<typename _Container>
        -:  699:    class front_insert_iterator
        -:  700:    : public iterator<output_iterator_tag, void, void, void, void>
        -:  701:    {
        -:  702:    protected:
        -:  703:      _Container* container;
        -:  704:
        -:  705:    public:
        -:  706:      /// A nested typedef for the type of whatever container you used.
        -:  707:      typedef _Container          container_type;
        -:  708:#if __cplusplus > 201703L
        -:  709:      using difference_type = ptrdiff_t;
        -:  710:
        -:  711:      constexpr front_insert_iterator() noexcept : container(nullptr) { }
        -:  712:#endif
        -:  713:
        -:  714:      /// The only way to create this %iterator is with a container.
        -:  715:      explicit _GLIBCXX20_CONSTEXPR
        -:  716:      front_insert_iterator(_Container& __x)
        -:  717:      : container(std::__addressof(__x)) { }
        -:  718:
        -:  719:      /**
        -:  720:       *  @param  __value  An instance of whatever type
        -:  721:       *                 container_type::const_reference is; presumably a
        -:  722:       *                 reference-to-const T for container<T>.
        -:  723:       *  @return  This %iterator, for chained operations.
        -:  724:       *
        -:  725:       *  This kind of %iterator doesn't really have a @a position in the
        -:  726:       *  container (you can think of the position as being permanently at
        -:  727:       *  the front, if you like).  Assigning a value to the %iterator will
        -:  728:       *  always prepend the value to the front of the container.
        -:  729:      */
        -:  730:#if __cplusplus < 201103L
        -:  731:      front_insert_iterator&
        -:  732:      operator=(typename _Container::const_reference __value)
        -:  733:      {
        -:  734:	container->push_front(__value);
        -:  735:	return *this;
        -:  736:      }
        -:  737:#else
        -:  738:      _GLIBCXX20_CONSTEXPR
        -:  739:      front_insert_iterator&
        -:  740:      operator=(const typename _Container::value_type& __value)
        -:  741:      {
        -:  742:	container->push_front(__value);
        -:  743:	return *this;
        -:  744:      }
        -:  745:
        -:  746:      _GLIBCXX20_CONSTEXPR
        -:  747:      front_insert_iterator&
        -:  748:      operator=(typename _Container::value_type&& __value)
        -:  749:      {
        -:  750:	container->push_front(std::move(__value));
        -:  751:	return *this;
        -:  752:      }
        -:  753:#endif
        -:  754:
        -:  755:      /// Simply returns *this.
        -:  756:      _GLIBCXX20_CONSTEXPR
        -:  757:      front_insert_iterator&
        -:  758:      operator*()
        -:  759:      { return *this; }
        -:  760:
        -:  761:      /// Simply returns *this.  (This %iterator does not @a move.)
        -:  762:      _GLIBCXX20_CONSTEXPR
        -:  763:      front_insert_iterator&
        -:  764:      operator++()
        -:  765:      { return *this; }
        -:  766:
        -:  767:      /// Simply returns *this.  (This %iterator does not @a move.)
        -:  768:      _GLIBCXX20_CONSTEXPR
        -:  769:      front_insert_iterator
        -:  770:      operator++(int)
        -:  771:      { return *this; }
        -:  772:    };
        -:  773:
        -:  774:  /**
        -:  775:   *  @param  __x  A container of arbitrary type.
        -:  776:   *  @return  An instance of front_insert_iterator working on @p x.
        -:  777:   *
        -:  778:   *  This wrapper function helps in creating front_insert_iterator instances.
        -:  779:   *  Typing the name of the %iterator requires knowing the precise full
        -:  780:   *  type of the container, which can be tedious and impedes generic
        -:  781:   *  programming.  Using this function lets you take advantage of automatic
        -:  782:   *  template parameter deduction, making the compiler match the correct
        -:  783:   *  types for you.
        -:  784:  */
        -:  785:  template<typename _Container>
        -:  786:    _GLIBCXX20_CONSTEXPR
        -:  787:    inline front_insert_iterator<_Container>
        -:  788:    front_inserter(_Container& __x)
        -:  789:    { return front_insert_iterator<_Container>(__x); }
        -:  790:
        -:  791:  /**
        -:  792:   *  @brief  Turns assignment into insertion.
        -:  793:   *
        -:  794:   *  These are output iterators, constructed from a container-of-T.
        -:  795:   *  Assigning a T to the iterator inserts it in the container at the
        -:  796:   *  %iterator's position, rather than overwriting the value at that
        -:  797:   *  position.
        -:  798:   *
        -:  799:   *  (Sequences will actually insert a @e copy of the value before the
        -:  800:   *  %iterator's position.)
        -:  801:   *
        -:  802:   *  Tip:  Using the inserter function to create these iterators can
        -:  803:   *  save typing.
        -:  804:  */
        -:  805:  template<typename _Container>
        -:  806:    class insert_iterator
        -:  807:    : public iterator<output_iterator_tag, void, void, void, void>
        -:  808:    {
        -:  809:#if __cplusplus > 201703L && defined __cpp_lib_concepts
        -:  810:      using _Iter = std::__detail::__range_iter_t<_Container>;
        -:  811:
        -:  812:    protected:
        -:  813:      _Container* container = nullptr;
        -:  814:      _Iter iter = _Iter();
        -:  815:#else
        -:  816:      typedef typename _Container::iterator		_Iter;
        -:  817:
        -:  818:    protected:
        -:  819:      _Container* container;
        -:  820:      _Iter iter;
        -:  821:#endif
        -:  822:
        -:  823:    public:
        -:  824:      /// A nested typedef for the type of whatever container you used.
        -:  825:      typedef _Container          container_type;
        -:  826:
        -:  827:#if __cplusplus > 201703L && defined __cpp_lib_concepts
        -:  828:      using difference_type = ptrdiff_t;
        -:  829:
        -:  830:      insert_iterator() = default;
        -:  831:#endif
        -:  832:
        -:  833:      /**
        -:  834:       *  The only way to create this %iterator is with a container and an
        -:  835:       *  initial position (a normal %iterator into the container).
        -:  836:      */
        -:  837:      _GLIBCXX20_CONSTEXPR
        -:  838:      insert_iterator(_Container& __x, _Iter __i)
        -:  839:      : container(std::__addressof(__x)), iter(__i) {}
        -:  840:
        -:  841:      /**
        -:  842:       *  @param  __value  An instance of whatever type
        -:  843:       *                 container_type::const_reference is; presumably a
        -:  844:       *                 reference-to-const T for container<T>.
        -:  845:       *  @return  This %iterator, for chained operations.
        -:  846:       *
        -:  847:       *  This kind of %iterator maintains its own position in the
        -:  848:       *  container.  Assigning a value to the %iterator will insert the
        -:  849:       *  value into the container at the place before the %iterator.
        -:  850:       *
        -:  851:       *  The position is maintained such that subsequent assignments will
        -:  852:       *  insert values immediately after one another.  For example,
        -:  853:       *  @code
        -:  854:       *     // vector v contains A and Z
        -:  855:       *
        -:  856:       *     insert_iterator i (v, ++v.begin());
        -:  857:       *     i = 1;
        -:  858:       *     i = 2;
        -:  859:       *     i = 3;
        -:  860:       *
        -:  861:       *     // vector v contains A, 1, 2, 3, and Z
        -:  862:       *  @endcode
        -:  863:      */
        -:  864:#if __cplusplus < 201103L
        -:  865:      insert_iterator&
        -:  866:      operator=(typename _Container::const_reference __value)
        -:  867:      {
        -:  868:	iter = container->insert(iter, __value);
        -:  869:	++iter;
        -:  870:	return *this;
        -:  871:      }
        -:  872:#else
        -:  873:      _GLIBCXX20_CONSTEXPR
        -:  874:      insert_iterator&
        -:  875:      operator=(const typename _Container::value_type& __value)
        -:  876:      {
        -:  877:	iter = container->insert(iter, __value);
        -:  878:	++iter;
        -:  879:	return *this;
        -:  880:      }
        -:  881:
        -:  882:      _GLIBCXX20_CONSTEXPR
        -:  883:      insert_iterator&
        -:  884:      operator=(typename _Container::value_type&& __value)
        -:  885:      {
        -:  886:	iter = container->insert(iter, std::move(__value));
        -:  887:	++iter;
        -:  888:	return *this;
        -:  889:      }
        -:  890:#endif
        -:  891:
        -:  892:      /// Simply returns *this.
        -:  893:      _GLIBCXX20_CONSTEXPR
        -:  894:      insert_iterator&
        -:  895:      operator*()
        -:  896:      { return *this; }
        -:  897:
        -:  898:      /// Simply returns *this.  (This %iterator does not @a move.)
        -:  899:      _GLIBCXX20_CONSTEXPR
        -:  900:      insert_iterator&
        -:  901:      operator++()
        -:  902:      { return *this; }
        -:  903:
        -:  904:      /// Simply returns *this.  (This %iterator does not @a move.)
        -:  905:      _GLIBCXX20_CONSTEXPR
        -:  906:      insert_iterator&
        -:  907:      operator++(int)
        -:  908:      { return *this; }
        -:  909:    };
        -:  910:
        -:  911:  /**
        -:  912:   *  @param __x  A container of arbitrary type.
        -:  913:   *  @param __i  An iterator into the container.
        -:  914:   *  @return  An instance of insert_iterator working on @p __x.
        -:  915:   *
        -:  916:   *  This wrapper function helps in creating insert_iterator instances.
        -:  917:   *  Typing the name of the %iterator requires knowing the precise full
        -:  918:   *  type of the container, which can be tedious and impedes generic
        -:  919:   *  programming.  Using this function lets you take advantage of automatic
        -:  920:   *  template parameter deduction, making the compiler match the correct
        -:  921:   *  types for you.
        -:  922:  */
        -:  923:#if __cplusplus > 201703L && defined __cpp_lib_concepts
        -:  924:  template<typename _Container>
        -:  925:    constexpr insert_iterator<_Container>
        -:  926:    inserter(_Container& __x, std::__detail::__range_iter_t<_Container> __i)
        -:  927:    { return insert_iterator<_Container>(__x, __i); }
        -:  928:#else
        -:  929:  template<typename _Container, typename _Iterator>
        -:  930:    inline insert_iterator<_Container>
        -:  931:    inserter(_Container& __x, _Iterator __i)
        -:  932:    {
        -:  933:      return insert_iterator<_Container>(__x,
        -:  934:					 typename _Container::iterator(__i));
        -:  935:    }
        -:  936:#endif
        -:  937:
        -:  938:  // @} group iterators
        -:  939:
        -:  940:_GLIBCXX_END_NAMESPACE_VERSION
        -:  941:} // namespace
        -:  942:
        -:  943:namespace __gnu_cxx _GLIBCXX_VISIBILITY(default)
        -:  944:{
        -:  945:_GLIBCXX_BEGIN_NAMESPACE_VERSION
        -:  946:
        -:  947:  // This iterator adapter is @a normal in the sense that it does not
        -:  948:  // change the semantics of any of the operators of its iterator
        -:  949:  // parameter.  Its primary purpose is to convert an iterator that is
        -:  950:  // not a class, e.g. a pointer, into an iterator that is a class.
        -:  951:  // The _Container parameter exists solely so that different containers
        -:  952:  // using this template can instantiate different types, even if the
        -:  953:  // _Iterator parameter is the same.
        -:  954:  template<typename _Iterator, typename _Container>
        -:  955:    class __normal_iterator
        -:  956:    {
        -:  957:    protected:
        -:  958:      _Iterator _M_current;
        -:  959:
        -:  960:      typedef std::iterator_traits<_Iterator>		__traits_type;
        -:  961:
        -:  962:    public:
        -:  963:      typedef _Iterator					iterator_type;
        -:  964:      typedef typename __traits_type::iterator_category iterator_category;
        -:  965:      typedef typename __traits_type::value_type  	value_type;
        -:  966:      typedef typename __traits_type::difference_type 	difference_type;
        -:  967:      typedef typename __traits_type::reference 	reference;
        -:  968:      typedef typename __traits_type::pointer   	pointer;
        -:  969:
        -:  970:#if __cplusplus > 201703L && __cpp_lib_concepts
        -:  971:      using iterator_concept = std::__detail::__iter_concept<_Iterator>;
        -:  972:#endif
        -:  973:
    #####:  974:      _GLIBCXX_CONSTEXPR __normal_iterator() _GLIBCXX_NOEXCEPT
    #####:  975:      : _M_current(_Iterator()) { }
        -:  976:
        -:  977:      explicit _GLIBCXX20_CONSTEXPR
    #####:  978:      __normal_iterator(const _Iterator& __i) _GLIBCXX_NOEXCEPT
    #####:  979:      : _M_current(__i) { }
------------------
__gnu_cxx::__normal_iterator<std::shared_ptr<Catch::CumulativeReporterBase<Catch::JunitReporter>::Node<Catch::TestCaseStats, Catch::CumulativeReporterBase<Catch::JunitReporter>::SectionNode> > const*, std::vector<std::shared_ptr<Catch::CumulativeReporterBase<Catch::JunitReporter>::Node<Catch::TestCaseStats, Catch::CumulativeReporterBase<Catch::JunitReporter>::SectionNode> >, std::allocator<std::shared_ptr<Catch::CumulativeReporterBase<Catch::JunitReporter>::Node<Catch::TestCaseStats, Catch::CumulativeReporterBase<Catch::JunitReporter>::SectionNode> > > > >::__normal_iterator(std::shared_ptr<Catch::CumulativeReporterBase<Catch::JunitReporter>::Node<Catch::TestCaseStats, Catch::CumulativeReporterBase<Catch::JunitReporter>::SectionNode> > const* const&):
    #####:  978:      __normal_iterator(const _Iterator& __i) _GLIBCXX_NOEXCEPT
    #####:  979:      : _M_current(__i) { }
------------------
__gnu_cxx::__normal_iterator<Catch::TestCase const* const*, std::vector<Catch::TestCase const*, std::allocator<Catch::TestCase const*> > >::__normal_iterator(Catch::TestCase const* const* const&):
    #####:  978:      __normal_iterator(const _Iterator& __i) _GLIBCXX_NOEXCEPT
    #####:  979:      : _M_current(__i) { }
------------------
__gnu_cxx::__normal_iterator<std::__exception_ptr::exception_ptr const*, std::vector<std::__exception_ptr::exception_ptr, std::allocator<std::__exception_ptr::exception_ptr> > >::__normal_iterator(std::__exception_ptr::exception_ptr const* const&):
    #####:  978:      __normal_iterator(const _Iterator& __i) _GLIBCXX_NOEXCEPT
    #####:  979:      : _M_current(__i) { }
------------------
__gnu_cxx::__normal_iterator<Catch::ISingleton**, std::vector<Catch::ISingleton*, std::allocator<Catch::ISingleton*> > >::__normal_iterator(Catch::ISingleton** const&):
    #####:  978:      __normal_iterator(const _Iterator& __i) _GLIBCXX_NOEXCEPT
    #####:  979:      : _M_current(__i) { }
------------------
__gnu_cxx::__normal_iterator<std::pair<unsigned long, Catch::TestCase const*>*, std::vector<std::pair<unsigned long, Catch::TestCase const*>, std::allocator<std::pair<unsigned long, Catch::TestCase const*> > > >::__normal_iterator(std::pair<unsigned long, Catch::TestCase const*>* const&):
    #####:  978:      __normal_iterator(const _Iterator& __i) _GLIBCXX_NOEXCEPT
    #####:  979:      : _M_current(__i) { }
------------------
__gnu_cxx::__normal_iterator<std::shared_ptr<Catch::TestSpec::Pattern> const*, std::vector<std::shared_ptr<Catch::TestSpec::Pattern>, std::allocator<std::shared_ptr<Catch::TestSpec::Pattern> > > >::__normal_iterator(std::shared_ptr<Catch::TestSpec::Pattern> const* const&):
    #####:  978:      __normal_iterator(const _Iterator& __i) _GLIBCXX_NOEXCEPT
    #####:  979:      : _M_current(__i) { }
------------------
__gnu_cxx::__normal_iterator<Catch::TestSpec::Filter const*, std::vector<Catch::TestSpec::Filter, std::allocator<Catch::TestSpec::Filter> > >::__normal_iterator(Catch::TestSpec::Filter const* const&):
    #####:  978:      __normal_iterator(const _Iterator& __i) _GLIBCXX_NOEXCEPT
    #####:  979:      : _M_current(__i) { }
------------------
__gnu_cxx::__normal_iterator<Catch::MessageInfo const*, std::vector<Catch::MessageInfo, std::allocator<Catch::MessageInfo> > >::__normal_iterator(Catch::MessageInfo const* const&):
    #####:  978:      __normal_iterator(const _Iterator& __i) _GLIBCXX_NOEXCEPT
    #####:  979:      : _M_current(__i) { }
------------------
__gnu_cxx::__normal_iterator<Catch::SectionInfo*, std::vector<Catch::SectionInfo, std::allocator<Catch::SectionInfo> > >::__normal_iterator(Catch::SectionInfo* const&):
    #####:  978:      __normal_iterator(const _Iterator& __i) _GLIBCXX_NOEXCEPT
    #####:  979:      : _M_current(__i) { }
------------------
__gnu_cxx::__normal_iterator<Catch::SummaryColumn const*, std::vector<Catch::SummaryColumn, std::allocator<Catch::SummaryColumn> > >::__normal_iterator(Catch::SummaryColumn const* const&):
    #####:  978:      __normal_iterator(const _Iterator& __i) _GLIBCXX_NOEXCEPT
    #####:  979:      : _M_current(__i) { }
------------------
__gnu_cxx::__normal_iterator<Catch::TestSpec::FilterMatch*, std::vector<Catch::TestSpec::FilterMatch, std::allocator<Catch::TestSpec::FilterMatch> > >::__normal_iterator(Catch::TestSpec::FilterMatch* const&):
    #####:  978:      __normal_iterator(const _Iterator& __i) _GLIBCXX_NOEXCEPT
    #####:  979:      : _M_current(__i) { }
------------------
__gnu_cxx::__normal_iterator<std::shared_ptr<Catch::CumulativeReporterBase<Catch::JunitReporter>::SectionNode> const*, std::vector<std::shared_ptr<Catch::CumulativeReporterBase<Catch::JunitReporter>::SectionNode>, std::allocator<std::shared_ptr<Catch::CumulativeReporterBase<Catch::JunitReporter>::SectionNode> > > >::__normal_iterator(std::shared_ptr<Catch::CumulativeReporterBase<Catch::JunitReporter>::SectionNode> const* const&):
    #####:  978:      __normal_iterator(const _Iterator& __i) _GLIBCXX_NOEXCEPT
    #####:  979:      : _M_current(__i) { }
------------------
__gnu_cxx::__normal_iterator<Catch::AssertionStats const*, std::vector<Catch::AssertionStats, std::allocator<Catch::AssertionStats> > >::__normal_iterator(Catch::AssertionStats const* const&):
    #####:  978:      __normal_iterator(const _Iterator& __i) _GLIBCXX_NOEXCEPT
    #####:  979:      : _M_current(__i) { }
------------------
__gnu_cxx::__normal_iterator<std::unique_ptr<Catch::IStreamingReporter, std::default_delete<Catch::IStreamingReporter> >*, std::vector<std::unique_ptr<Catch::IStreamingReporter, std::default_delete<Catch::IStreamingReporter> >, std::allocator<std::unique_ptr<Catch::IStreamingReporter, std::default_delete<Catch::IStreamingReporter> > > > >::__normal_iterator(std::unique_ptr<Catch::IStreamingReporter, std::default_delete<Catch::IStreamingReporter> >* const&):
    #####:  978:      __normal_iterator(const _Iterator& __i) _GLIBCXX_NOEXCEPT
    #####:  979:      : _M_current(__i) { }
------------------
__gnu_cxx::__normal_iterator<Catch::clara::TextFlow::Column::iterator const*, std::vector<Catch::clara::TextFlow::Column::iterator, std::allocator<Catch::clara::TextFlow::Column::iterator> > >::__normal_iterator(Catch::clara::TextFlow::Column::iterator const* const&):
    #####:  978:      __normal_iterator(const _Iterator& __i) _GLIBCXX_NOEXCEPT
    #####:  979:      : _M_current(__i) { }
------------------
__gnu_cxx::__normal_iterator<Catch::clara::TextFlow::Column*, std::vector<Catch::clara::TextFlow::Column, std::allocator<Catch::clara::TextFlow::Column> > >::__normal_iterator(Catch::clara::TextFlow::Column* const&):
    #####:  978:      __normal_iterator(const _Iterator& __i) _GLIBCXX_NOEXCEPT
    #####:  979:      : _M_current(__i) { }
------------------
__gnu_cxx::__normal_iterator<Catch::clara::detail::Token const*, std::vector<Catch::clara::detail::Token, std::allocator<Catch::clara::detail::Token> > >::__normal_iterator(Catch::clara::detail::Token const* const&):
    #####:  978:      __normal_iterator(const _Iterator& __i) _GLIBCXX_NOEXCEPT
    #####:  979:      : _M_current(__i) { }
------------------
__gnu_cxx::__normal_iterator<Catch::clara::detail::HelpColumns const*, std::vector<Catch::clara::detail::HelpColumns, std::allocator<Catch::clara::detail::HelpColumns> > >::__normal_iterator(Catch::clara::detail::HelpColumns const* const&):
    #####:  978:      __normal_iterator(const _Iterator& __i) _GLIBCXX_NOEXCEPT
    #####:  979:      : _M_current(__i) { }
------------------
__gnu_cxx::__normal_iterator<std::pair<int, Catch::StringRef>*, std::vector<std::pair<int, Catch::StringRef>, std::allocator<std::pair<int, Catch::StringRef> > > >::__normal_iterator(std::pair<int, Catch::StringRef>* const&):
    #####:  978:      __normal_iterator(const _Iterator& __i) _GLIBCXX_NOEXCEPT
    #####:  979:      : _M_current(__i) { }
------------------
__gnu_cxx::__normal_iterator<Catch::StringRef*, std::vector<Catch::StringRef, std::allocator<Catch::StringRef> > >::__normal_iterator(Catch::StringRef* const&):
    #####:  978:      __normal_iterator(const _Iterator& __i) _GLIBCXX_NOEXCEPT
    #####:  979:      : _M_current(__i) { }
------------------
__gnu_cxx::__normal_iterator<Catch::clara::TextFlow::Column const*, std::vector<Catch::clara::TextFlow::Column, std::allocator<Catch::clara::TextFlow::Column> > >::__normal_iterator(Catch::clara::TextFlow::Column const* const&):
    #####:  978:      __normal_iterator(const _Iterator& __i) _GLIBCXX_NOEXCEPT
    #####:  979:      : _M_current(__i) { }
------------------
__gnu_cxx::__normal_iterator<std::__cxx11::basic_string<char, std::char_traits<char>, std::allocator<char> > const*, std::vector<std::__cxx11::basic_string<char, std::char_traits<char>, std::allocator<char> >, std::allocator<std::__cxx11::basic_string<char, std::char_traits<char>, std::allocator<char> > > > >::__normal_iterator(std::__cxx11::basic_string<char, std::char_traits<char>, std::allocator<char> > const* const&):
    #####:  978:      __normal_iterator(const _Iterator& __i) _GLIBCXX_NOEXCEPT
    #####:  979:      : _M_current(__i) { }
------------------
__gnu_cxx::__normal_iterator<Catch::clara::detail::Token*, std::vector<Catch::clara::detail::Token, std::allocator<Catch::clara::detail::Token> > >::__normal_iterator(Catch::clara::detail::Token* const&):
    #####:  978:      __normal_iterator(const _Iterator& __i) _GLIBCXX_NOEXCEPT
    #####:  979:      : _M_current(__i) { }
------------------
__gnu_cxx::__normal_iterator<Catch::clara::detail::Opt*, std::vector<Catch::clara::detail::Opt, std::allocator<Catch::clara::detail::Opt> > >::__normal_iterator(Catch::clara::detail::Opt* const&):
    #####:  978:      __normal_iterator(const _Iterator& __i) _GLIBCXX_NOEXCEPT
    #####:  979:      : _M_current(__i) { }
------------------
__gnu_cxx::__normal_iterator<Catch::clara::detail::Opt const*, std::vector<Catch::clara::detail::Opt, std::allocator<Catch::clara::detail::Opt> > >::__normal_iterator(Catch::clara::detail::Opt const* const&):
    #####:  978:      __normal_iterator(const _Iterator& __i) _GLIBCXX_NOEXCEPT
    #####:  979:      : _M_current(__i) { }
------------------
__gnu_cxx::__normal_iterator<Catch::clara::detail::Arg*, std::vector<Catch::clara::detail::Arg, std::allocator<Catch::clara::detail::Arg> > >::__normal_iterator(Catch::clara::detail::Arg* const&):
    #####:  978:      __normal_iterator(const _Iterator& __i) _GLIBCXX_NOEXCEPT
    #####:  979:      : _M_current(__i) { }
------------------
__gnu_cxx::__normal_iterator<Catch::clara::detail::Arg const*, std::vector<Catch::clara::detail::Arg, std::allocator<Catch::clara::detail::Arg> > >::__normal_iterator(Catch::clara::detail::Arg const* const&):
    #####:  978:      __normal_iterator(const _Iterator& __i) _GLIBCXX_NOEXCEPT
    #####:  979:      : _M_current(__i) { }
------------------
__gnu_cxx::__normal_iterator<Catch::clara::detail::HelpColumns*, std::vector<Catch::clara::detail::HelpColumns, std::allocator<Catch::clara::detail::HelpColumns> > >::__normal_iterator(Catch::clara::detail::HelpColumns* const&):
    #####:  978:      __normal_iterator(const _Iterator& __i) _GLIBCXX_NOEXCEPT
    #####:  979:      : _M_current(__i) { }
------------------
__gnu_cxx::__normal_iterator<std::__cxx11::basic_string<char, std::char_traits<char>, std::allocator<char> >*, std::vector<std::__cxx11::basic_string<char, std::char_traits<char>, std::allocator<char> >, std::allocator<std::__cxx11::basic_string<char, std::char_traits<char>, std::allocator<char> > > > >::__normal_iterator(std::__cxx11::basic_string<char, std::char_traits<char>, std::allocator<char> >* const&):
    #####:  978:      __normal_iterator(const _Iterator& __i) _GLIBCXX_NOEXCEPT
    #####:  979:      : _M_current(__i) { }
------------------
__gnu_cxx::__normal_iterator<std::unique_ptr<Catch::Detail::EnumInfo, std::default_delete<Catch::Detail::EnumInfo> >*, std::vector<std::unique_ptr<Catch::Detail::EnumInfo, std::default_delete<Catch::Detail::EnumInfo> >, std::allocator<std::unique_ptr<Catch::Detail::EnumInfo, std::default_delete<Catch::Detail::EnumInfo> > > > >::__normal_iterator(std::unique_ptr<Catch::Detail::EnumInfo, std::default_delete<Catch::Detail::EnumInfo> >* const&):
    #####:  978:      __normal_iterator(const _Iterator& __i) _GLIBCXX_NOEXCEPT
    #####:  979:      : _M_current(__i) { }
------------------
__gnu_cxx::__normal_iterator<std::pair<int, Catch::StringRef> const*, std::vector<std::pair<int, Catch::StringRef>, std::allocator<std::pair<int, Catch::StringRef> > > >::__normal_iterator(std::pair<int, Catch::StringRef> const* const&):
    #####:  978:      __normal_iterator(const _Iterator& __i) _GLIBCXX_NOEXCEPT
    #####:  979:      : _M_current(__i) { }
------------------
__gnu_cxx::__normal_iterator<int const*, std::vector<int, std::allocator<int> > >::__normal_iterator(int const* const&):
    #####:  978:      __normal_iterator(const _Iterator& __i) _GLIBCXX_NOEXCEPT
    #####:  979:      : _M_current(__i) { }
------------------
__gnu_cxx::__normal_iterator<std::unique_ptr<Catch::IExceptionTranslator const, std::default_delete<Catch::IExceptionTranslator const> > const*, std::vector<std::unique_ptr<Catch::IExceptionTranslator const, std::default_delete<Catch::IExceptionTranslator const> >, std::allocator<std::unique_ptr<Catch::IExceptionTranslator const, std::default_delete<Catch::IExceptionTranslator const> > > > >::__normal_iterator(std::unique_ptr<Catch::IExceptionTranslator const, std::default_delete<Catch::IExceptionTranslator const> > const* const&):
    #####:  978:      __normal_iterator(const _Iterator& __i) _GLIBCXX_NOEXCEPT
    #####:  979:      : _M_current(__i) { }
------------------
__gnu_cxx::__normal_iterator<Catch::TestCase*, std::vector<Catch::TestCase, std::allocator<Catch::TestCase> > >::__normal_iterator(Catch::TestCase* const&):
    #####:  978:      __normal_iterator(const _Iterator& __i) _GLIBCXX_NOEXCEPT
    #####:  979:      : _M_current(__i) { }
------------------
__gnu_cxx::__normal_iterator<std::shared_ptr<Catch::TestCaseTracking::ITracker>*, std::vector<std::shared_ptr<Catch::TestCaseTracking::ITracker>, std::allocator<std::shared_ptr<Catch::TestCaseTracking::ITracker> > > >::__normal_iterator(std::shared_ptr<Catch::TestCaseTracking::ITracker>* const&):
    #####:  978:      __normal_iterator(const _Iterator& __i) _GLIBCXX_NOEXCEPT
    #####:  979:      : _M_current(__i) { }
------------------
__gnu_cxx::__normal_iterator<Catch::MessageInfo*, std::vector<Catch::MessageInfo, std::allocator<Catch::MessageInfo> > >::__normal_iterator(Catch::MessageInfo* const&):
    #####:  978:      __normal_iterator(const _Iterator& __i) _GLIBCXX_NOEXCEPT
    #####:  979:      : _M_current(__i) { }
------------------
__gnu_cxx::__normal_iterator<std::shared_ptr<Catch::IReporterFactory> const*, std::vector<std::shared_ptr<Catch::IReporterFactory>, std::allocator<std::shared_ptr<Catch::IReporterFactory> > > >::__normal_iterator(std::shared_ptr<Catch::IReporterFactory> const* const&):
    #####:  978:      __normal_iterator(const _Iterator& __i) _GLIBCXX_NOEXCEPT
    #####:  979:      : _M_current(__i) { }
------------------
__gnu_cxx::__normal_iterator<Catch::TestCase const*, std::vector<Catch::TestCase, std::allocator<Catch::TestCase> > >::__normal_iterator(Catch::TestCase const* const&):
    #####:  978:      __normal_iterator(const _Iterator& __i) _GLIBCXX_NOEXCEPT
    #####:  979:      : _M_current(__i) { }
------------------
__gnu_cxx::__normal_iterator<std::pair<long, std::vector<std::__cxx11::sub_match<__gnu_cxx::__normal_iterator<char const*, std::__cxx11::basic_string<char, std::char_traits<char>, std::allocator<char> > > >, std::allocator<std::__cxx11::sub_match<__gnu_cxx::__normal_iterator<char const*, std::__cxx11::basic_string<char, std::char_traits<char>, std::allocator<char> > > > > > > const*, std::vector<std::pair<long, std::vector<std::__cxx11::sub_match<__gnu_cxx::__normal_iterator<char const*, std::__cxx11::basic_string<char, std::char_traits<char>, std::allocator<char> > > >, std::allocator<std::__cxx11::sub_match<__gnu_cxx::__normal_iterator<char const*, std::__cxx11::basic_string<char, std::char_traits<char>, std::allocator<char> > > > > > >, std::allocator<std::pair<long, std::vector<std::__cxx11::sub_match<__gnu_cxx::__normal_iterator<char const*, std::__cxx11::basic_string<char, std::char_traits<char>, std::allocator<char> > > >, std::allocator<std::__cxx11::sub_match<__gnu_cxx::__normal_iterator<char const*, std::__cxx11::basic_string<char, std::char_traits<char>, std::allocator<char> > > > > > > > > >::__normal_iterator(std::pair<long, std::vector<std::__cxx11::sub_match<__gnu_cxx::__normal_iterator<char const*, std::__cxx11::basic_string<char, std::char_traits<char>, std::allocator<char> > > >, std::allocator<std::__cxx11::sub_match<__gnu_cxx::__normal_iterator<char const*, std::__cxx11::basic_string<char, std::char_traits<char>, std::allocator<char> > > > > > > const* const&):
    #####:  978:      __normal_iterator(const _Iterator& __i) _GLIBCXX_NOEXCEPT
    #####:  979:      : _M_current(__i) { }
------------------
__gnu_cxx::__normal_iterator<std::unique_ptr<std::__cxx11::basic_ostringstream<char, std::char_traits<char>, std::allocator<char> >, std::default_delete<std::__cxx11::basic_ostringstream<char, std::char_traits<char>, std::allocator<char> > > >*, std::vector<std::unique_ptr<std::__cxx11::basic_ostringstream<char, std::char_traits<char>, std::allocator<char> >, std::default_delete<std::__cxx11::basic_ostringstream<char, std::char_traits<char>, std::allocator<char> > > >, std::allocator<std::unique_ptr<std::__cxx11::basic_ostringstream<char, std::char_traits<char>, std::allocator<char> >, std::default_delete<std::__cxx11::basic_ostringstream<char, std::char_traits<char>, std::allocator<char> > > > > > >::__normal_iterator(std::unique_ptr<std::__cxx11::basic_ostringstream<char, std::char_traits<char>, std::allocator<char> >, std::default_delete<std::__cxx11::basic_ostringstream<char, std::char_traits<char>, std::allocator<char> > > >* const&):
    #####:  978:      __normal_iterator(const _Iterator& __i) _GLIBCXX_NOEXCEPT
    #####:  979:      : _M_current(__i) { }
------------------
__gnu_cxx::__normal_iterator<Catch::SummaryColumn*, std::vector<Catch::SummaryColumn, std::allocator<Catch::SummaryColumn> > >::__normal_iterator(Catch::SummaryColumn* const&):
    #####:  978:      __normal_iterator(const _Iterator& __i) _GLIBCXX_NOEXCEPT
    #####:  979:      : _M_current(__i) { }
------------------
__gnu_cxx::__normal_iterator<std::shared_ptr<Catch::CumulativeReporterBase<Catch::JunitReporter>::SectionNode>*, std::vector<std::shared_ptr<Catch::CumulativeReporterBase<Catch::JunitReporter>::SectionNode>, std::allocator<std::shared_ptr<Catch::CumulativeReporterBase<Catch::JunitReporter>::SectionNode> > > >::__normal_iterator(std::shared_ptr<Catch::CumulativeReporterBase<Catch::JunitReporter>::SectionNode>* const&):
    #####:  978:      __normal_iterator(const _Iterator& __i) _GLIBCXX_NOEXCEPT
    #####:  979:      : _M_current(__i) { }
------------------
__gnu_cxx::__normal_iterator<Catch::AssertionStats*, std::vector<Catch::AssertionStats, std::allocator<Catch::AssertionStats> > >::__normal_iterator(Catch::AssertionStats* const&):
    #####:  978:      __normal_iterator(const _Iterator& __i) _GLIBCXX_NOEXCEPT
    #####:  979:      : _M_current(__i) { }
------------------
__gnu_cxx::__normal_iterator<std::shared_ptr<Catch::CumulativeReporterBase<Catch::JunitReporter>::Node<Catch::TestCaseStats, Catch::CumulativeReporterBase<Catch::JunitReporter>::SectionNode> >*, std::vector<std::shared_ptr<Catch::CumulativeReporterBase<Catch::JunitReporter>::Node<Catch::TestCaseStats, Catch::CumulativeReporterBase<Catch::JunitReporter>::SectionNode> >, std::allocator<std::shared_ptr<Catch::CumulativeReporterBase<Catch::JunitReporter>::Node<Catch::TestCaseStats, Catch::CumulativeReporterBase<Catch::JunitReporter>::SectionNode> > > > >::__normal_iterator(std::shared_ptr<Catch::CumulativeReporterBase<Catch::JunitReporter>::Node<Catch::TestCaseStats, Catch::CumulativeReporterBase<Catch::JunitReporter>::SectionNode> >* const&):
    #####:  978:      __normal_iterator(const _Iterator& __i) _GLIBCXX_NOEXCEPT
    #####:  979:      : _M_current(__i) { }
------------------
__gnu_cxx::__normal_iterator<std::__cxx11::sub_match<__gnu_cxx::__normal_iterator<char const*, std::__cxx11::basic_string<char, std::char_traits<char>, std::allocator<char> > > > const*, std::vector<std::__cxx11::sub_match<__gnu_cxx::__normal_iterator<char const*, std::__cxx11::basic_string<char, std::char_traits<char>, std::allocator<char> > > >, std::allocator<std::__cxx11::sub_match<__gnu_cxx::__normal_iterator<char const*, std::__cxx11::basic_string<char, std::char_traits<char>, std::allocator<char> > > > > > >::__normal_iterator(std::__cxx11::sub_match<__gnu_cxx::__normal_iterator<char const*, std::__cxx11::basic_string<char, std::char_traits<char>, std::allocator<char> > > > const* const&):
    #####:  978:      __normal_iterator(const _Iterator& __i) _GLIBCXX_NOEXCEPT
    #####:  979:      : _M_current(__i) { }
------------------
__gnu_cxx::__normal_iterator<std::__cxx11::sub_match<__gnu_cxx::__normal_iterator<char const*, std::__cxx11::basic_string<char, std::char_traits<char>, std::allocator<char> > > >*, std::vector<std::__cxx11::sub_match<__gnu_cxx::__normal_iterator<char const*, std::__cxx11::basic_string<char, std::char_traits<char>, std::allocator<char> > > >, std::allocator<std::__cxx11::sub_match<__gnu_cxx::__normal_iterator<char const*, std::__cxx11::basic_string<char, std::char_traits<char>, std::allocator<char> > > > > > >::__normal_iterator(std::__cxx11::sub_match<__gnu_cxx::__normal_iterator<char const*, std::__cxx11::basic_string<char, std::char_traits<char>, std::allocator<char> > > >* const&):
    #####:  978:      __normal_iterator(const _Iterator& __i) _GLIBCXX_NOEXCEPT
    #####:  979:      : _M_current(__i) { }
------------------
__gnu_cxx::__normal_iterator<std::__detail::_State<char>*, std::vector<std::__detail::_State<char>, std::allocator<std::__detail::_State<char> > > >::__normal_iterator(std::__detail::_State<char>* const&):
    #####:  978:      __normal_iterator(const _Iterator& __i) _GLIBCXX_NOEXCEPT
    #####:  979:      : _M_current(__i) { }
------------------
__gnu_cxx::__normal_iterator<std::pair<long, std::vector<std::__cxx11::sub_match<__gnu_cxx::__normal_iterator<char const*, std::__cxx11::basic_string<char, std::char_traits<char>, std::allocator<char> > > >, std::allocator<std::__cxx11::sub_match<__gnu_cxx::__normal_iterator<char const*, std::__cxx11::basic_string<char, std::char_traits<char>, std::allocator<char> > > > > > >*, std::vector<std::pair<long, std::vector<std::__cxx11::sub_match<__gnu_cxx::__normal_iterator<char const*, std::__cxx11::basic_string<char, std::char_traits<char>, std::allocator<char> > > >, std::allocator<std::__cxx11::sub_match<__gnu_cxx::__normal_iterator<char const*, std::__cxx11::basic_string<char, std::char_traits<char>, std::allocator<char> > > > > > >, std::allocator<std::pair<long, std::vector<std::__cxx11::sub_match<__gnu_cxx::__normal_iterator<char const*, std::__cxx11::basic_string<char, std::char_traits<char>, std::allocator<char> > > >, std::allocator<std::__cxx11::sub_match<__gnu_cxx::__normal_iterator<char const*, std::__cxx11::basic_string<char, std::char_traits<char>, std::allocator<char> > > > > > > > > >::__normal_iterator(std::pair<long, std::vector<std::__cxx11::sub_match<__gnu_cxx::__normal_iterator<char const*, std::__cxx11::basic_string<char, std::char_traits<char>, std::allocator<char> > > >, std::allocator<std::__cxx11::sub_match<__gnu_cxx::__normal_iterator<char const*, std::__cxx11::basic_string<char, std::char_traits<char>, std::allocator<char> > > > > > >* const&):
    #####:  978:      __normal_iterator(const _Iterator& __i) _GLIBCXX_NOEXCEPT
    #####:  979:      : _M_current(__i) { }
------------------
__gnu_cxx::__normal_iterator<std::unique_ptr<Catch::IExceptionTranslator const, std::default_delete<Catch::IExceptionTranslator const> >*, std::vector<std::unique_ptr<Catch::IExceptionTranslator const, std::default_delete<Catch::IExceptionTranslator const> >, std::allocator<std::unique_ptr<Catch::IExceptionTranslator const, std::default_delete<Catch::IExceptionTranslator const> > > > >::__normal_iterator(std::unique_ptr<Catch::IExceptionTranslator const, std::default_delete<Catch::IExceptionTranslator const> >* const&):
    #####:  978:      __normal_iterator(const _Iterator& __i) _GLIBCXX_NOEXCEPT
    #####:  979:      : _M_current(__i) { }
------------------
__gnu_cxx::__normal_iterator<char*, std::vector<char, std::allocator<char> > >::__normal_iterator(char* const&):
    #####:  978:      __normal_iterator(const _Iterator& __i) _GLIBCXX_NOEXCEPT
    #####:  979:      : _M_current(__i) { }
------------------
__gnu_cxx::__normal_iterator<std::__cxx11::regex_traits<char>::_RegexMask*, std::vector<std::__cxx11::regex_traits<char>::_RegexMask, std::allocator<std::__cxx11::regex_traits<char>::_RegexMask> > >::__normal_iterator(std::__cxx11::regex_traits<char>::_RegexMask* const&):
    #####:  978:      __normal_iterator(const _Iterator& __i) _GLIBCXX_NOEXCEPT
    #####:  979:      : _M_current(__i) { }
------------------
__gnu_cxx::__normal_iterator<char const*, std::vector<char, std::allocator<char> > >::__normal_iterator(char const* const&):
    #####:  978:      __normal_iterator(const _Iterator& __i) _GLIBCXX_NOEXCEPT
    #####:  979:      : _M_current(__i) { }
------------------
__gnu_cxx::__normal_iterator<std::pair<char, char> const*, std::vector<std::pair<char, char>, std::allocator<std::pair<char, char> > > >::__normal_iterator(std::pair<char, char> const* const&):
    #####:  978:      __normal_iterator(const _Iterator& __i) _GLIBCXX_NOEXCEPT
    #####:  979:      : _M_current(__i) { }
------------------
__gnu_cxx::__normal_iterator<std::__cxx11::regex_traits<char>::_RegexMask const*, std::vector<std::__cxx11::regex_traits<char>::_RegexMask, std::allocator<std::__cxx11::regex_traits<char>::_RegexMask> > >::__normal_iterator(std::__cxx11::regex_traits<char>::_RegexMask const* const&):
    #####:  978:      __normal_iterator(const _Iterator& __i) _GLIBCXX_NOEXCEPT
    #####:  979:      : _M_current(__i) { }
------------------
[...]
        -: 1821:	  ++*this;
        -: 1822:	  return __tmp;
        -: 1823:	}
        -: 1824:      else
        -: 1825:	return _M_it++;
        -: 1826:    }
        -: 1827:
        -: 1828:    template<typename _It2, sentinel_for<_It> _Sent2>
        -: 1829:      requires sentinel_for<_Sent, _It2>
        -: 1830:      friend bool
        -: 1831:      operator==(const common_iterator& __x,
        -: 1832:		 const common_iterator<_It2, _Sent2>& __y)
        -: 1833:      {
        -: 1834:	switch(__x._M_index << 2 | __y._M_index)
        -: 1835:	  {
        -: 1836:	  case 0b0000:
        -: 1837:	  case 0b0101:
        -: 1838:	    return true;
        -: 1839:	  case 0b0001:
        -: 1840:	    return __x._M_it == __y._M_sent;
        -: 1841:	  case 0b0100:
        -: 1842:	    return __x._M_sent == __y._M_it;
        -: 1843:	  default:
        -: 1844:	    __glibcxx_assert(__x._M_has_value());
        -: 1845:	    __glibcxx_assert(__y._M_has_value());
        -: 1846:	    __builtin_unreachable();
        -: 1847:	  }
        -: 1848:      }
        -: 1849:
        -: 1850:    template<typename _It2, sentinel_for<_It> _Sent2>
        -: 1851:      requires sentinel_for<_Sent, _It2> && equality_comparable_with<_It, _It2>
        -: 1852:      friend bool
        -: 1853:      operator==(const common_iterator& __x,
        -: 1854:		 const common_iterator<_It2, _Sent2>& __y)
        -: 1855:      {
        -: 1856:	switch(__x._M_index << 2 | __y._M_index)
        -: 1857:	  {
        -: 1858:	  case 0b0101:
        -: 1859:	    return true;
        -: 1860:	  case 0b0000:
        -: 1861:	    return __x._M_it == __y._M_it;
        -: 1862:	  case 0b0001:
        -: 1863:	    return __x._M_it == __y._M_sent;
        -: 1864:	  case 0b0100:
        -: 1865:	    return __x._M_sent == __y._M_it;
        -: 1866:	  default:
        -: 1867:	    __glibcxx_assert(__x._M_has_value());
        -: 1868:	    __glibcxx_assert(__y._M_has_value());
        -: 1869:	    __builtin_unreachable();
        -: 1870:	  }
        -: 1871:      }
        -: 1872:
        -: 1873:    template<sized_sentinel_for<_It> _It2, sized_sentinel_for<_It> _Sent2>
        -: 1874:      requires sized_sentinel_for<_Sent, _It2>
        -: 1875:      friend iter_difference_t<_It2>
        -: 1876:      operator-(const common_iterator& __x,
        -: 1877:		const common_iterator<_It2, _Sent2>& __y)
        -: 1878:      {
        -: 1879:	switch(__x._M_index << 2 | __y._M_index)
        -: 1880:	  {
        -: 1881:	  case 0b0101:
        -: 1882:	    return 0;
        -: 1883:	  case 0b0000:
        -: 1884:	    return __x._M_it - __y._M_it;
        -: 1885:	  case 0b0001:
        -: 1886:	    return __x._M_it - __y._M_sent;
        -: 1887:	  case 0b0100:
        -: 1888:	    return __x._M_sent - __y._M_it;
        -: 1889:	  default:
        -: 1890:	    __glibcxx_assert(__x._M_has_value());
        -: 1891:	    __glibcxx_assert(__y._M_has_value());
        -: 1892:	    __builtin_unreachable();
        -: 1893:	  }
        -: 1894:      }
        -: 1895:
        -: 1896:    friend iter_rvalue_reference_t<_It>
        -: 1897:    iter_move(const common_iterator& __i)
        -: 1898:    noexcept(noexcept(ranges::iter_move(std::declval<const _It&>())))
        -: 1899:    requires input_iterator<_It>
        -: 1900:    {
        -: 1901:      __glibcxx_assert(__i._M_index == 0);
        -: 1902:      return ranges::iter_move(__i._M_it);
        -: 1903:    }
        -: 1904:
        -: 1905:    template<indirectly_swappable<_It> _It2, typename _Sent2>
        -: 1906:      friend void
        -: 1907:      iter_swap(const common_iterator& __x,
        -: 1908:		const common_iterator<_It2, _Sent2>& __y)
        -: 1909:      noexcept(noexcept(ranges::iter_swap(std::declval<const _It&>(),
        -: 1910:					  std::declval<const _It2&>())))
        -: 1911:      {
        -: 1912:	__glibcxx_assert(__x._M_index == 0);
        -: 1913:	__glibcxx_assert(__y._M_index == 0);
        -: 1914:	return ranges::iter_swap(__x._M_it, __y._M_it);
        -: 1915:      }
        -: 1916:
        -: 1917:  private:
        -: 1918:    template<input_or_output_iterator _It2, sentinel_for<_It2> _Sent2>
        -: 1919:      friend class common_iterator;
        -: 1920:
        -: 1921:    bool _M_has_value() const noexcept { return _M_index < 2; }
        -: 1922:
        -: 1923:    union
        -: 1924:    {
        -: 1925:      _It _M_it;
        -: 1926:      _Sent _M_sent;
        -: 1927:      unsigned char _M_valueless;
        -: 1928:    };
        -: 1929:    unsigned char _M_index; // 0==_M_it, 1==_M_sent, 2==valueless
        -: 1930:  };
        -: 1931:
        -: 1932:  template<typename _It, typename _Sent>
        -: 1933:    struct incrementable_traits<common_iterator<_It, _Sent>>
        -: 1934:    {
        -: 1935:      using difference_type = iter_difference_t<_It>;
        -: 1936:    };
        -: 1937:
        -: 1938:  namespace __detail
        -: 1939:  {
        -: 1940:    // FIXME: This has to be at namespace-scope because of PR 92103.
        -: 1941:    template<typename _It, typename _Sent>
        -: 1942:      struct __common_iter_ptr
        -: 1943:      {
        -: 1944:	using type = void;
        -: 1945:      };
        -: 1946:
        -: 1947:    template<typename _It, typename _Sent>
        -: 1948:      requires __detail::__common_iter_has_arrow<_It>
        -: 1949:      struct __common_iter_ptr<_It, _Sent>
        -: 1950:      {
        -: 1951:	using common_iterator = std::common_iterator<_It, _Sent>;
        -: 1952:
        -: 1953:	using type
        -: 1954:	  = decltype(std::declval<const common_iterator&>().operator->());
        -: 1955:      };
        -: 1956:  } // namespace __detail
        -: 1957:
        -: 1958:  template<input_iterator _It, typename _Sent>
        -: 1959:    struct iterator_traits<common_iterator<_It, _Sent>>
        -: 1960:    {
        -: 1961:      using iterator_concept = conditional_t<forward_iterator<_It>,
        -: 1962:	    forward_iterator_tag, input_iterator_tag>;
        -: 1963:      using iterator_category = __detail::__clamp_iter_cat<
        -: 1964:	typename iterator_traits<_It>::iterator_category,
        -: 1965:	forward_iterator_tag, input_iterator_tag>;
        -: 1966:      using value_type = iter_value_t<_It>;
        -: 1967:      using difference_type = iter_difference_t<_It>;
        -: 1968:      using pointer = typename __detail::__common_iter_ptr<_It, _Sent>::type;
        -: 1969:      using reference = iter_reference_t<_It>;
        -: 1970:    };
        -: 1971:
        -: 1972:  // [iterators.counted] Counted iterators
        -: 1973:
        -: 1974:  /// An iterator adaptor that keeps track of the distance to the end.
        -: 1975:  template<input_or_output_iterator _It>
        -: 1976:    class counted_iterator
        -: 1977:    {
        -: 1978:    public:
        -: 1979:      using iterator_type = _It;
        -: 1980:
        -: 1981:      constexpr counted_iterator() = default;
        -: 1982:
        -: 1983:      constexpr
        -: 1984:      counted_iterator(_It __i, iter_difference_t<_It> __n)
        -: 1985:      : _M_current(std::move(__i)), _M_length(__n)
        -: 1986:      { __glibcxx_assert(__n >= 0); }
        -: 1987:
        -: 1988:      template<typename _It2>
        -: 1989:	requires convertible_to<const _It2&, _It>
        -: 1990:	constexpr
        -: 1991:	counted_iterator(const counted_iterator<_It2>& __x)
        -: 1992:	: _M_current(__x._M_current), _M_length(__x._M_length)
        -: 1993:	{ }
        -: 1994:
        -: 1995:      template<typename _It2>
        -: 1996:	requires assignable_from<_It&, const _It2&>
        -: 1997:	constexpr counted_iterator&
        -: 1998:	operator=(const counted_iterator<_It2>& __x)
        -: 1999:	{
        -: 2000:	  _M_current = __x._M_current;
        -: 2001:	  _M_length = __x._M_length;
        -: 2002:	  return *this;
        -: 2003:	}
        -: 2004:
        -: 2005:      constexpr _It
        -: 2006:      base() const &
        -: 2007:      noexcept(is_nothrow_copy_constructible_v<_It>)
        -: 2008:      requires copy_constructible<_It>
        -: 2009:      { return _M_current; }
        -: 2010:
        -: 2011:      constexpr _It
        -: 2012:      base() &&
        -: 2013:      noexcept(is_nothrow_move_constructible_v<_It>)
        -: 2014:      { return std::move(_M_current); }
        -: 2015:
        -: 2016:      constexpr iter_difference_t<_It>
        -: 2017:      count() const noexcept { return _M_length; }
        -: 2018:
        -: 2019:      constexpr decltype(auto)
        -: 2020:      operator*()
        -: 2021:      noexcept(noexcept(*_M_current))
        -: 2022:      { return *_M_current; }
        -: 2023:
        -: 2024:      constexpr decltype(auto)
        -: 2025:      operator*() const
        -: 2026:      noexcept(noexcept(*_M_current))
        -: 2027:      requires __detail::__dereferenceable<const _It>
        -: 2028:      { return *_M_current; }
        -: 2029:
        -: 2030:      constexpr counted_iterator&
        -: 2031:      operator++()
        -: 2032:      {
        -: 2033:	__glibcxx_assert(_M_length > 0);
        -: 2034:	++_M_current;
        -: 2035:	--_M_length;
        -: 2036:	return *this;
        -: 2037:      }
        -: 2038:
        -: 2039:      decltype(auto)
        -: 2040:      operator++(int)
        -: 2041:      {
        -: 2042:	__glibcxx_assert(_M_length > 0);
        -: 2043:	--_M_length;
        -: 2044:	__try
        -: 2045:	  {
        -: 2046:	    return _M_current++;
        -: 2047:	  } __catch(...) {
        -: 2048:	    ++_M_length;
        -: 2049:	    __throw_exception_again;
        -: 2050:	  }
        -: 2051:
        -: 2052:      }
        -: 2053:
        -: 2054:      constexpr counted_iterator
        -: 2055:      operator++(int) requires forward_iterator<_It>
        -: 2056:      {
        -: 2057:	auto __tmp = *this;
        -: 2058:	++*this;
        -: 2059:	return __tmp;
        -: 2060:      }
        -: 2061:
        -: 2062:      constexpr counted_iterator&
        -: 2063:      operator--() requires bidirectional_iterator<_It>
        -: 2064:      {
        -: 2065:	--_M_current;
        -: 2066:	++_M_length;
        -: 2067:	return *this;
        -: 2068:      }
        -: 2069:
        -: 2070:      constexpr counted_iterator
        -: 2071:      operator--(int) requires bidirectional_iterator<_It>
        -: 2072:      {
        -: 2073:	auto __tmp = *this;
        -: 2074:	--*this;
        -: 2075:	return __tmp;
        -: 2076:      }
        -: 2077:
        -: 2078:      constexpr counted_iterator
        -: 2079:      operator+(iter_difference_t<_It> __n) const
        -: 2080:	requires random_access_iterator<_It>
        -: 2081:      { return counted_iterator(_M_current + __n, _M_length - __n); }
        -: 2082:
        -: 2083:      friend constexpr counted_iterator
        -: 2084:      operator+(iter_difference_t<_It> __n, const counted_iterator& __x)
        -: 2085:      requires random_access_iterator<_It>
        -: 2086:      { return __x + __n; }
        -: 2087:
        -: 2088:      constexpr counted_iterator&
        -: 2089:      operator+=(iter_difference_t<_It> __n)
        -: 2090:      requires random_access_iterator<_It>
        -: 2091:      {
        -: 2092:	__glibcxx_assert(__n <= _M_length);
        -: 2093:	_M_current += __n;
        -: 2094:	_M_length -= __n;
        -: 2095:	return *this;
        -: 2096:      }
        -: 2097:
        -: 2098:      constexpr counted_iterator
        -: 2099:      operator-(iter_difference_t<_It> __n) const
        -: 2100:      requires random_access_iterator<_It>
        -: 2101:      { return counted_iterator(_M_current - __n, _M_length + __n); }
        -: 2102:
        -: 2103:      template<common_with<_It> _It2>
        -: 2104:	friend constexpr iter_difference_t<_It2>
        -: 2105:	operator-(const counted_iterator& __x,
        -: 2106:		  const counted_iterator<_It2>& __y)
        -: 2107:	{ return __y._M_length - __x._M_length; }
        -: 2108:
        -: 2109:      friend constexpr iter_difference_t<_It>
        -: 2110:      operator-(const counted_iterator& __x, default_sentinel_t)
        -: 2111:      { return -__x._M_length; }
        -: 2112:
        -: 2113:      friend constexpr iter_difference_t<_It>
        -: 2114:      operator-(default_sentinel_t, const counted_iterator& __y)
        -: 2115:      { return __y._M_length; }
        -: 2116:
        -: 2117:      constexpr counted_iterator&
        -: 2118:      operator-=(iter_difference_t<_It> __n)
        -: 2119:      requires random_access_iterator<_It>
        -: 2120:      {
        -: 2121:	__glibcxx_assert(-__n <= _M_length);
        -: 2122:	_M_current -= __n;
        -: 2123:	_M_length += __n;
        -: 2124:	return *this;
        -: 2125:      }
        -: 2126:
        -: 2127:      constexpr decltype(auto)
        -: 2128:      operator[](iter_difference_t<_It> __n) const
        -: 2129:      noexcept(noexcept(_M_current[__n]))
        -: 2130:      requires random_access_iterator<_It>
        -: 2131:      {
        -: 2132:	__glibcxx_assert(__n < _M_length);
        -: 2133:	return _M_current[__n];
        -: 2134:      }
        -: 2135:
        -: 2136:      template<common_with<_It> _It2>
        -: 2137:	friend constexpr bool
        -: 2138:	operator==(const counted_iterator& __x,
        -: 2139:		   const counted_iterator<_It2>& __y)
        -: 2140:	{ return __x._M_length == __y._M_length; }
        -: 2141:
        -: 2142:      friend constexpr bool
        -: 2143:      operator==(const counted_iterator& __x, default_sentinel_t)
        -: 2144:      { return __x._M_length == 0; }
        -: 2145:
        -: 2146:      template<common_with<_It> _It2>
        -: 2147:	friend constexpr strong_ordering
        -: 2148:	operator<=>(const counted_iterator& __x,
        -: 2149:		    const counted_iterator<_It2>& __y)
        -: 2150:	{ return __y._M_length <=> __x._M_length; }
        -: 2151:
        -: 2152:      friend constexpr iter_rvalue_reference_t<_It>
        -: 2153:      iter_move(const counted_iterator& __i)
        -: 2154:      noexcept(noexcept(ranges::iter_move(__i._M_current)))
        -: 2155:      requires input_iterator<_It>
        -: 2156:      { return ranges::iter_move(__i._M_current); }
        -: 2157:
        -: 2158:      template<indirectly_swappable<_It> _It2>
        -: 2159:	friend constexpr void
        -: 2160:	iter_swap(const counted_iterator& __x,
        -: 2161:		  const counted_iterator<_It2>& __y)
        -: 2162:	noexcept(noexcept(ranges::iter_swap(__x._M_current, __y._M_current)))
        -: 2163:	{ ranges::iter_swap(__x._M_current, __y._M_current); }
        -: 2164:
        -: 2165:    private:
        -: 2166:      template<input_or_output_iterator _It2> friend class counted_iterator;
        -: 2167:
        -: 2168:      _It _M_current = _It();
        -: 2169:      iter_difference_t<_It> _M_length = 0;
        -: 2170:    };
        -: 2171:
        -: 2172:  template<typename _It>
        -: 2173:    struct incrementable_traits<counted_iterator<_It>>
        -: 2174:    {
        -: 2175:      using difference_type = iter_difference_t<_It>;
        -: 2176:    };
        -: 2177:
        -: 2178:  template<input_iterator _It>
        -: 2179:    struct iterator_traits<counted_iterator<_It>> : iterator_traits<_It>
        -: 2180:    {
        -: 2181:      using pointer = void;
        -: 2182:    };
        -: 2183:#endif // C++20
        -: 2184:
        -: 2185:  // @} group iterators
        -: 2186:
        -: 2187:  template<typename _Iterator>
        -: 2188:    auto
        -: 2189:    __niter_base(move_iterator<_Iterator> __it)
        -: 2190:    -> decltype(make_move_iterator(__niter_base(__it.base())))
        -: 2191:    { return make_move_iterator(__niter_base(__it.base())); }
        -: 2192:
        -: 2193:  template<typename _Iterator>
        -: 2194:    struct __is_move_iterator<move_iterator<_Iterator> >
        -: 2195:    {
        -: 2196:      enum { __value = 1 };
        -: 2197:      typedef __true_type __type;
        -: 2198:    };
        -: 2199:
        -: 2200:  template<typename _Iterator>
        -: 2201:    auto
    #####: 2202:    __miter_base(move_iterator<_Iterator> __it)
        -: 2203:    -> decltype(__miter_base(__it.base()))
    #####: 2204:    { return __miter_base(__it.base()); }
------------------
decltype (__miter_base(({parm#1}.base)())) std::__miter_base<char*>(std::move_iterator<char*>):
    #####: 2202:    __miter_base(move_iterator<_Iterator> __it)
        -: 2203:    -> decltype(__miter_base(__it.base()))
    #####: 2204:    { return __miter_base(__it.base()); }
------------------
decltype (__miter_base(({parm#1}.base)())) std::__miter_base<Catch::TestCaseTracking::ITracker**>(std::move_iterator<Catch::TestCaseTracking::ITracker**>):
    #####: 2202:    __miter_base(move_iterator<_Iterator> __it)
        -: 2203:    -> decltype(__miter_base(__it.base()))
    #####: 2204:    { return __miter_base(__it.base()); }
------------------
decltype (__miter_base(({parm#1}.base)())) std::__miter_base<Catch::TestCase const**>(std::move_iterator<Catch::TestCase const**>):
    #####: 2202:    __miter_base(move_iterator<_Iterator> __it)
        -: 2203:    -> decltype(__miter_base(__it.base()))
    #####: 2204:    { return __miter_base(__it.base()); }
------------------
decltype (__miter_base(({parm#1}.base)())) std::__miter_base<unsigned long*>(std::move_iterator<unsigned long*>):
    #####: 2202:    __miter_base(move_iterator<_Iterator> __it)
        -: 2203:    -> decltype(__miter_base(__it.base()))
    #####: 2204:    { return __miter_base(__it.base()); }
------------------
decltype (__miter_base(({parm#1}.base)())) std::__miter_base<Catch::ISingleton**>(std::move_iterator<Catch::ISingleton**>):
    #####: 2202:    __miter_base(move_iterator<_Iterator> __it)
        -: 2203:    -> decltype(__miter_base(__it.base()))
    #####: 2204:    { return __miter_base(__it.base()); }
------------------
        -: 2205:
        -: 2206:#define _GLIBCXX_MAKE_MOVE_ITERATOR(_Iter) std::make_move_iterator(_Iter)
        -: 2207:#define _GLIBCXX_MAKE_MOVE_IF_NOEXCEPT_ITERATOR(_Iter) \
        -: 2208:  std::__make_move_if_noexcept_iterator(_Iter)
        -: 2209:#else
        -: 2210:#define _GLIBCXX_MAKE_MOVE_ITERATOR(_Iter) (_Iter)
        -: 2211:#define _GLIBCXX_MAKE_MOVE_IF_NOEXCEPT_ITERATOR(_Iter) (_Iter)
        -: 2212:#endif // C++11
        -: 2213:
        -: 2214:#if __cpp_deduction_guides >= 201606
        -: 2215:  // These helper traits are used for deduction guides
        -: 2216:  // of associative containers.
        -: 2217:  template<typename _InputIterator>
        -: 2218:    using __iter_key_t = remove_const_t<
        -: 2219:    typename iterator_traits<_InputIterator>::value_type::first_type>;
        -: 2220:
        -: 2221:  template<typename _InputIterator>
        -: 2222:    using __iter_val_t =
        -: 2223:    typename iterator_traits<_InputIterator>::value_type::second_type;
        -: 2224:
        -: 2225:  template<typename _T1, typename _T2>
        -: 2226:    struct pair;
        -: 2227:
        -: 2228:  template<typename _InputIterator>
        -: 2229:    using __iter_to_alloc_t =
        -: 2230:    pair<add_const_t<__iter_key_t<_InputIterator>>,
        -: 2231:	 __iter_val_t<_InputIterator>>;
        -: 2232:#endif // __cpp_deduction_guides
        -: 2233:
        -: 2234:_GLIBCXX_END_NAMESPACE_VERSION
        -: 2235:} // namespace
        -: 2236:
        -: 2237:#ifdef _GLIBCXX_DEBUG
        -: 2238:# include <debug/stl_iterator.h>
        -: 2239:#endif
        -: 2240:
        -: 2241:#endif
