        -:    0:Source:/usr/include/c++/10/bits/stl_algo.h
        -:    0:Graph:testing.gcno
        -:    0:Data:-
        -:    0:Runs:0
        -:    1:// Algorithm implementation -*- C++ -*-
        -:    2:
        -:    3:// Copyright (C) 2001-2020 Free Software Foundation, Inc.
        -:    4://
        -:    5:// This file is part of the GNU ISO C++ Library.  This library is free
        -:    6:// software; you can redistribute it and/or modify it under the
        -:    7:// terms of the GNU General Public License as published by the
        -:    8:// Free Software Foundation; either version 3, or (at your option)
        -:    9:// any later version.
        -:   10:
        -:   11:// This library is distributed in the hope that it will be useful,
        -:   12:// but WITHOUT ANY WARRANTY; without even the implied warranty of
        -:   13:// MERCHANTABILITY or FITNESS FOR A PARTICULAR PURPOSE.  See the
        -:   14:// GNU General Public License for more details.
        -:   15:
        -:   16:// Under Section 7 of GPL version 3, you are granted additional
        -:   17:// permissions described in the GCC Runtime Library Exception, version
        -:   18:// 3.1, as published by the Free Software Foundation.
        -:   19:
        -:   20:// You should have received a copy of the GNU General Public License and
        -:   21:// a copy of the GCC Runtime Library Exception along with this program;
        -:   22:// see the files COPYING3 and COPYING.RUNTIME respectively.  If not, see
        -:   23:// <http://www.gnu.org/licenses/>.
        -:   24:
        -:   25:/*
        -:   26: *
        -:   27: * Copyright (c) 1994
        -:   28: * Hewlett-Packard Company
        -:   29: *
        -:   30: * Permission to use, copy, modify, distribute and sell this software
        -:   31: * and its documentation for any purpose is hereby granted without fee,
        -:   32: * provided that the above copyright notice appear in all copies and
        -:   33: * that both that copyright notice and this permission notice appear
        -:   34: * in supporting documentation.  Hewlett-Packard Company makes no
        -:   35: * representations about the suitability of this software for any
        -:   36: * purpose.  It is provided "as is" without express or implied warranty.
        -:   37: *
        -:   38: *
        -:   39: * Copyright (c) 1996
        -:   40: * Silicon Graphics Computer Systems, Inc.
        -:   41: *
        -:   42: * Permission to use, copy, modify, distribute and sell this software
        -:   43: * and its documentation for any purpose is hereby granted without fee,
        -:   44: * provided that the above copyright notice appear in all copies and
        -:   45: * that both that copyright notice and this permission notice appear
        -:   46: * in supporting documentation.  Silicon Graphics makes no
        -:   47: * representations about the suitability of this software for any
        -:   48: * purpose.  It is provided "as is" without express or implied warranty.
        -:   49: */
        -:   50:
        -:   51:/** @file bits/stl_algo.h
        -:   52: *  This is an internal header file, included by other library headers.
        -:   53: *  Do not attempt to use it directly. @headername{algorithm}
        -:   54: */
        -:   55:
        -:   56:#ifndef _STL_ALGO_H
        -:   57:#define _STL_ALGO_H 1
        -:   58:
        -:   59:#include <cstdlib>	     // for rand
        -:   60:#include <bits/algorithmfwd.h>
        -:   61:#include <bits/stl_heap.h>
        -:   62:#include <bits/stl_tempbuf.h>  // for _Temporary_buffer
        -:   63:#include <bits/predefined_ops.h>
        -:   64:
        -:   65:#if __cplusplus >= 201103L
        -:   66:#include <bits/uniform_int_dist.h>
        -:   67:#endif
        -:   68:
        -:   69:// See concept_check.h for the __glibcxx_*_requires macros.
        -:   70:
        -:   71:namespace std _GLIBCXX_VISIBILITY(default)
        -:   72:{
        -:   73:_GLIBCXX_BEGIN_NAMESPACE_VERSION
        -:   74:
        -:   75:  /// Swaps the median value of *__a, *__b and *__c under __comp to *__result
        -:   76:  template<typename _Iterator, typename _Compare>
        -:   77:    _GLIBCXX20_CONSTEXPR
        -:   78:    void
    #####:   79:    __move_median_to_first(_Iterator __result,_Iterator __a, _Iterator __b,
        -:   80:			   _Iterator __c, _Compare __comp)
        -:   81:    {
    #####:   82:      if (__comp(__a, __b))
        -:   83:	{
    #####:   84:	  if (__comp(__b, __c))
    #####:   85:	    std::iter_swap(__result, __b);
    #####:   86:	  else if (__comp(__a, __c))
    #####:   87:	    std::iter_swap(__result, __c);
        -:   88:	  else
    #####:   89:	    std::iter_swap(__result, __a);
        -:   90:	}
    #####:   91:      else if (__comp(__a, __c))
    #####:   92:	std::iter_swap(__result, __a);
    #####:   93:      else if (__comp(__b, __c))
    #####:   94:	std::iter_swap(__result, __c);
        -:   95:      else
    #####:   96:	std::iter_swap(__result, __b);
    #####:   97:    }
------------------
void std::__move_median_to_first<__gnu_cxx::__normal_iterator<char*, std::vector<char, std::allocator<char> > >, __gnu_cxx::__ops::_Iter_less_iter>(__gnu_cxx::__normal_iterator<char*, std::vector<char, std::allocator<char> > >, __gnu_cxx::__normal_iterator<char*, std::vector<char, std::allocator<char> > >, __gnu_cxx::__normal_iterator<char*, std::vector<char, std::allocator<char> > >, __gnu_cxx::__normal_iterator<char*, std::vector<char, std::allocator<char> > >, __gnu_cxx::__ops::_Iter_less_iter):
    #####:   79:    __move_median_to_first(_Iterator __result,_Iterator __a, _Iterator __b,
        -:   80:			   _Iterator __c, _Compare __comp)
        -:   81:    {
    #####:   82:      if (__comp(__a, __b))
        -:   83:	{
    #####:   84:	  if (__comp(__b, __c))
    #####:   85:	    std::iter_swap(__result, __b);
    #####:   86:	  else if (__comp(__a, __c))
    #####:   87:	    std::iter_swap(__result, __c);
        -:   88:	  else
    #####:   89:	    std::iter_swap(__result, __a);
        -:   90:	}
    #####:   91:      else if (__comp(__a, __c))
    #####:   92:	std::iter_swap(__result, __a);
    #####:   93:      else if (__comp(__b, __c))
    #####:   94:	std::iter_swap(__result, __c);
        -:   95:      else
    #####:   96:	std::iter_swap(__result, __b);
    #####:   97:    }
------------------
void std::__move_median_to_first<__gnu_cxx::__normal_iterator<std::pair<unsigned long, Catch::TestCase const*>*, std::vector<std::pair<unsigned long, Catch::TestCase const*>, std::allocator<std::pair<unsigned long, Catch::TestCase const*> > > >, __gnu_cxx::__ops::_Iter_comp_iter<Catch::sortTests(Catch::IConfig const&, std::vector<Catch::TestCase, std::allocator<Catch::TestCase> > const&)::{lambda(std::pair<unsigned long, Catch::TestCase const*> const&, std::pair<unsigned long, Catch::TestCase const*> const&)#1}> >(__gnu_cxx::__normal_iterator<std::pair<unsigned long, Catch::TestCase const*>*, std::vector<std::pair<unsigned long, Catch::TestCase const*>, std::allocator<std::pair<unsigned long, Catch::TestCase const*> > > >, __gnu_cxx::__ops::_Iter_comp_iter<Catch::sortTests(Catch::IConfig const&, std::vector<Catch::TestCase, std::allocator<Catch::TestCase> > const&)::{lambda(std::pair<unsigned long, Catch::TestCase const*> const&, std::pair<unsigned long, Catch::TestCase const*> const&)#1}>, __gnu_cxx::__ops::_Iter_comp_iter<Catch::sortTests(Catch::IConfig const&, std::vector<Catch::TestCase, std::allocator<Catch::TestCase> > const&)::{lambda(std::pair<unsigned long, Catch::TestCase const*> const&, std::pair<unsigned long, Catch::TestCase const*> const&)#1}>, __gnu_cxx::__ops::_Iter_comp_iter<Catch::sortTests(Catch::IConfig const&, std::vector<Catch::TestCase, std::allocator<Catch::TestCase> > const&)::{lambda(std::pair<unsigned long, Catch::TestCase const*> const&, std::pair<unsigned long, Catch::TestCase const*> const&)#1}>, __gnu_cxx::__ops::_Iter_comp_iter<Catch::sortTests(Catch::IConfig const&, std::vector<Catch::TestCase, std::allocator<Catch::TestCase> > const&)::{lambda(std::pair<unsigned long, Catch::TestCase const*> const&, std::pair<unsigned long, Catch::TestCase const*> const&)#1}>):
    #####:   79:    __move_median_to_first(_Iterator __result,_Iterator __a, _Iterator __b,
        -:   80:			   _Iterator __c, _Compare __comp)
        -:   81:    {
    #####:   82:      if (__comp(__a, __b))
        -:   83:	{
    #####:   84:	  if (__comp(__b, __c))
    #####:   85:	    std::iter_swap(__result, __b);
    #####:   86:	  else if (__comp(__a, __c))
    #####:   87:	    std::iter_swap(__result, __c);
        -:   88:	  else
    #####:   89:	    std::iter_swap(__result, __a);
        -:   90:	}
    #####:   91:      else if (__comp(__a, __c))
    #####:   92:	std::iter_swap(__result, __a);
    #####:   93:      else if (__comp(__b, __c))
    #####:   94:	std::iter_swap(__result, __c);
        -:   95:      else
    #####:   96:	std::iter_swap(__result, __b);
    #####:   97:    }
------------------
void std::__move_median_to_first<__gnu_cxx::__normal_iterator<Catch::TestCase*, std::vector<Catch::TestCase, std::allocator<Catch::TestCase> > >, __gnu_cxx::__ops::_Iter_less_iter>(__gnu_cxx::__normal_iterator<Catch::TestCase*, std::vector<Catch::TestCase, std::allocator<Catch::TestCase> > >, __gnu_cxx::__normal_iterator<Catch::TestCase*, std::vector<Catch::TestCase, std::allocator<Catch::TestCase> > >, __gnu_cxx::__normal_iterator<Catch::TestCase*, std::vector<Catch::TestCase, std::allocator<Catch::TestCase> > >, __gnu_cxx::__normal_iterator<Catch::TestCase*, std::vector<Catch::TestCase, std::allocator<Catch::TestCase> > >, __gnu_cxx::__ops::_Iter_less_iter):
    #####:   79:    __move_median_to_first(_Iterator __result,_Iterator __a, _Iterator __b,
        -:   80:			   _Iterator __c, _Compare __comp)
        -:   81:    {
    #####:   82:      if (__comp(__a, __b))
        -:   83:	{
    #####:   84:	  if (__comp(__b, __c))
    #####:   85:	    std::iter_swap(__result, __b);
    #####:   86:	  else if (__comp(__a, __c))
    #####:   87:	    std::iter_swap(__result, __c);
        -:   88:	  else
    #####:   89:	    std::iter_swap(__result, __a);
        -:   90:	}
    #####:   91:      else if (__comp(__a, __c))
    #####:   92:	std::iter_swap(__result, __a);
    #####:   93:      else if (__comp(__b, __c))
    #####:   94:	std::iter_swap(__result, __c);
        -:   95:      else
    #####:   96:	std::iter_swap(__result, __b);
    #####:   97:    }
------------------
void std::__move_median_to_first<__gnu_cxx::__normal_iterator<std::__cxx11::basic_string<char, std::char_traits<char>, std::allocator<char> >*, std::vector<std::__cxx11::basic_string<char, std::char_traits<char>, std::allocator<char> >, std::allocator<std::__cxx11::basic_string<char, std::char_traits<char>, std::allocator<char> > > > >, __gnu_cxx::__ops::_Iter_less_iter>(__gnu_cxx::__normal_iterator<std::__cxx11::basic_string<char, std::char_traits<char>, std::allocator<char> >*, std::vector<std::__cxx11::basic_string<char, std::char_traits<char>, std::allocator<char> >, std::allocator<std::__cxx11::basic_string<char, std::char_traits<char>, std::allocator<char> > > > >, __gnu_cxx::__normal_iterator<std::__cxx11::basic_string<char, std::char_traits<char>, std::allocator<char> >*, std::vector<std::__cxx11::basic_string<char, std::char_traits<char>, std::allocator<char> >, std::allocator<std::__cxx11::basic_string<char, std::char_traits<char>, std::allocator<char> > > > >, __gnu_cxx::__normal_iterator<std::__cxx11::basic_string<char, std::char_traits<char>, std::allocator<char> >*, std::vector<std::__cxx11::basic_string<char, std::char_traits<char>, std::allocator<char> >, std::allocator<std::__cxx11::basic_string<char, std::char_traits<char>, std::allocator<char> > > > >, __gnu_cxx::__normal_iterator<std::__cxx11::basic_string<char, std::char_traits<char>, std::allocator<char> >*, std::vector<std::__cxx11::basic_string<char, std::char_traits<char>, std::allocator<char> >, std::allocator<std::__cxx11::basic_string<char, std::char_traits<char>, std::allocator<char> > > > >, __gnu_cxx::__ops::_Iter_less_iter):
    #####:   79:    __move_median_to_first(_Iterator __result,_Iterator __a, _Iterator __b,
        -:   80:			   _Iterator __c, _Compare __comp)
        -:   81:    {
    #####:   82:      if (__comp(__a, __b))
        -:   83:	{
    #####:   84:	  if (__comp(__b, __c))
    #####:   85:	    std::iter_swap(__result, __b);
    #####:   86:	  else if (__comp(__a, __c))
    #####:   87:	    std::iter_swap(__result, __c);
        -:   88:	  else
    #####:   89:	    std::iter_swap(__result, __a);
        -:   90:	}
    #####:   91:      else if (__comp(__a, __c))
    #####:   92:	std::iter_swap(__result, __a);
    #####:   93:      else if (__comp(__b, __c))
    #####:   94:	std::iter_swap(__result, __c);
        -:   95:      else
    #####:   96:	std::iter_swap(__result, __b);
    #####:   97:    }
------------------
        -:   98:
        -:   99:  /// Provided for stable_partition to use.
        -:  100:  template<typename _InputIterator, typename _Predicate>
        -:  101:    _GLIBCXX20_CONSTEXPR
        -:  102:    inline _InputIterator
    #####:  103:    __find_if_not(_InputIterator __first, _InputIterator __last,
        -:  104:		  _Predicate __pred)
        -:  105:    {
    #####:  106:      return std::__find_if(__first, __last,
        -:  107:			    __gnu_cxx::__ops::__negate(__pred),
    #####:  108:			    std::__iterator_category(__first));
        -:  109:    }
------------------
__gnu_cxx::__normal_iterator<std::shared_ptr<Catch::TestSpec::Pattern> const*, std::vector<std::shared_ptr<Catch::TestSpec::Pattern>, std::allocator<std::shared_ptr<Catch::TestSpec::Pattern> > > > std::__find_if_not<__gnu_cxx::__normal_iterator<std::shared_ptr<Catch::TestSpec::Pattern> const*, std::vector<std::shared_ptr<Catch::TestSpec::Pattern>, std::allocator<std::shared_ptr<Catch::TestSpec::Pattern> > > >, __gnu_cxx::__ops::_Iter_pred<Catch::TestSpec::Filter::matches(Catch::TestCaseInfo const&) const::{lambda(std::shared_ptr<Catch::TestSpec::Pattern> const&)#1}> >(__gnu_cxx::__ops::_Iter_pred<Catch::TestSpec::Filter::matches(Catch::TestCaseInfo const&) const::{lambda(std::shared_ptr<Catch::TestSpec::Pattern> const&)#1}>, __gnu_cxx::__ops::_Iter_pred<Catch::TestSpec::Filter::matches(Catch::TestCaseInfo const&) const::{lambda(std::shared_ptr<Catch::TestSpec::Pattern> const&)#1}>, __gnu_cxx::__ops::_Iter_pred<Catch::TestSpec::Filter::matches(Catch::TestCaseInfo const&) const::{lambda(std::shared_ptr<Catch::TestSpec::Pattern> const&)#1}>):
    #####:  103:    __find_if_not(_InputIterator __first, _InputIterator __last,
        -:  104:		  _Predicate __pred)
        -:  105:    {
    #####:  106:      return std::__find_if(__first, __last,
        -:  107:			    __gnu_cxx::__ops::__negate(__pred),
    #####:  108:			    std::__iterator_category(__first));
        -:  109:    }
------------------
__gnu_cxx::__normal_iterator<std::shared_ptr<Catch::TestCaseTracking::ITracker>*, std::vector<std::shared_ptr<Catch::TestCaseTracking::ITracker>, std::allocator<std::shared_ptr<Catch::TestCaseTracking::ITracker> > > > std::__find_if_not<__gnu_cxx::__normal_iterator<std::shared_ptr<Catch::TestCaseTracking::ITracker>*, std::vector<std::shared_ptr<Catch::TestCaseTracking::ITracker>, std::allocator<std::shared_ptr<Catch::TestCaseTracking::ITracker> > > >, __gnu_cxx::__ops::_Iter_pred<Catch::TestCaseTracking::TrackerBase::close()::{lambda(std::shared_ptr<Catch::TestCaseTracking::ITracker> const&)#1}> >(__gnu_cxx::__ops::_Iter_pred<Catch::TestCaseTracking::TrackerBase::close()::{lambda(std::shared_ptr<Catch::TestCaseTracking::ITracker> const&)#1}>, __gnu_cxx::__ops::_Iter_pred<Catch::TestCaseTracking::TrackerBase::close()::{lambda(std::shared_ptr<Catch::TestCaseTracking::ITracker> const&)#1}>, __gnu_cxx::__ops::_Iter_pred<Catch::TestCaseTracking::TrackerBase::close()::{lambda(std::shared_ptr<Catch::TestCaseTracking::ITracker> const&)#1}>):
    #####:  103:    __find_if_not(_InputIterator __first, _InputIterator __last,
        -:  104:		  _Predicate __pred)
        -:  105:    {
    #####:  106:      return std::__find_if(__first, __last,
        -:  107:			    __gnu_cxx::__ops::__negate(__pred),
    #####:  108:			    std::__iterator_category(__first));
        -:  109:    }
------------------
        -:  110:
        -:  111:  /// Like find_if_not(), but uses and updates a count of the
        -:  112:  /// remaining range length instead of comparing against an end
        -:  113:  /// iterator.
        -:  114:  template<typename _InputIterator, typename _Predicate, typename _Distance>
        -:  115:    _GLIBCXX20_CONSTEXPR
        -:  116:    _InputIterator
        -:  117:    __find_if_not_n(_InputIterator __first, _Distance& __len, _Predicate __pred)
        -:  118:    {
        -:  119:      for (; __len; --__len,  (void) ++__first)
        -:  120:	if (!__pred(__first))
        -:  121:	  break;
        -:  122:      return __first;
        -:  123:    }
        -:  124:
        -:  125:  // set_difference
        -:  126:  // set_intersection
        -:  127:  // set_symmetric_difference
        -:  128:  // set_union
        -:  129:  // for_each
        -:  130:  // find
        -:  131:  // find_if
        -:  132:  // find_first_of
        -:  133:  // adjacent_find
        -:  134:  // count
        -:  135:  // count_if
        -:  136:  // search
        -:  137:
        -:  138:  template<typename _ForwardIterator1, typename _ForwardIterator2,
        -:  139:	   typename _BinaryPredicate>
        -:  140:    _GLIBCXX20_CONSTEXPR
        -:  141:    _ForwardIterator1
        -:  142:    __search(_ForwardIterator1 __first1, _ForwardIterator1 __last1,
        -:  143:	     _ForwardIterator2 __first2, _ForwardIterator2 __last2,
        -:  144:	     _BinaryPredicate  __predicate)
        -:  145:    {
        -:  146:      // Test for empty ranges
        -:  147:      if (__first1 == __last1 || __first2 == __last2)
        -:  148:	return __first1;
        -:  149:
        -:  150:      // Test for a pattern of length 1.
        -:  151:      _ForwardIterator2 __p1(__first2);
        -:  152:      if (++__p1 == __last2)
        -:  153:	return std::__find_if(__first1, __last1,
        -:  154:		__gnu_cxx::__ops::__iter_comp_iter(__predicate, __first2));
        -:  155:
        -:  156:      // General case.
        -:  157:      _ForwardIterator1 __current = __first1;
        -:  158:
        -:  159:      for (;;)
        -:  160:	{
        -:  161:	  __first1 =
        -:  162:	    std::__find_if(__first1, __last1,
        -:  163:		__gnu_cxx::__ops::__iter_comp_iter(__predicate, __first2));
        -:  164:
        -:  165:	  if (__first1 == __last1)
        -:  166:	    return __last1;
        -:  167:
        -:  168:	  _ForwardIterator2 __p = __p1;
        -:  169:	  __current = __first1;
        -:  170:	  if (++__current == __last1)
        -:  171:	    return __last1;
        -:  172:
        -:  173:	  while (__predicate(__current, __p))
        -:  174:	    {
        -:  175:	      if (++__p == __last2)
        -:  176:		return __first1;
        -:  177:	      if (++__current == __last1)
        -:  178:		return __last1;
        -:  179:	    }
        -:  180:	  ++__first1;
        -:  181:	}
        -:  182:      return __first1;
        -:  183:    }
        -:  184:
        -:  185:  // search_n
        -:  186:
        -:  187:  /**
        -:  188:   *  This is an helper function for search_n overloaded for forward iterators.
        -:  189:  */
        -:  190:  template<typename _ForwardIterator, typename _Integer,
        -:  191:	   typename _UnaryPredicate>
        -:  192:    _GLIBCXX20_CONSTEXPR
        -:  193:    _ForwardIterator
        -:  194:    __search_n_aux(_ForwardIterator __first, _ForwardIterator __last,
        -:  195:		   _Integer __count, _UnaryPredicate __unary_pred,
        -:  196:		   std::forward_iterator_tag)
        -:  197:    {
        -:  198:      __first = std::__find_if(__first, __last, __unary_pred);
        -:  199:      while (__first != __last)
        -:  200:	{
        -:  201:	  typename iterator_traits<_ForwardIterator>::difference_type
        -:  202:	    __n = __count;
        -:  203:	  _ForwardIterator __i = __first;
        -:  204:	  ++__i;
        -:  205:	  while (__i != __last && __n != 1 && __unary_pred(__i))
        -:  206:	    {
        -:  207:	      ++__i;
        -:  208:	      --__n;
        -:  209:	    }
        -:  210:	  if (__n == 1)
        -:  211:	    return __first;
        -:  212:	  if (__i == __last)
        -:  213:	    return __last;
        -:  214:	  __first = std::__find_if(++__i, __last, __unary_pred);
        -:  215:	}
        -:  216:      return __last;
        -:  217:    }
        -:  218:
        -:  219:  /**
        -:  220:   *  This is an helper function for search_n overloaded for random access
        -:  221:   *  iterators.
        -:  222:  */
        -:  223:  template<typename _RandomAccessIter, typename _Integer,
        -:  224:	   typename _UnaryPredicate>
        -:  225:    _GLIBCXX20_CONSTEXPR
        -:  226:    _RandomAccessIter
        -:  227:    __search_n_aux(_RandomAccessIter __first, _RandomAccessIter __last,
        -:  228:		   _Integer __count, _UnaryPredicate __unary_pred,
        -:  229:		   std::random_access_iterator_tag)
        -:  230:    {
        -:  231:      typedef typename std::iterator_traits<_RandomAccessIter>::difference_type
        -:  232:	_DistanceType;
        -:  233:
        -:  234:      _DistanceType __tailSize = __last - __first;
        -:  235:      _DistanceType __remainder = __count;
        -:  236:
        -:  237:      while (__remainder <= __tailSize) // the main loop...
        -:  238:	{
        -:  239:	  __first += __remainder;
        -:  240:	  __tailSize -= __remainder;
        -:  241:	  // __first here is always pointing to one past the last element of
        -:  242:	  // next possible match.
        -:  243:	  _RandomAccessIter __backTrack = __first; 
        -:  244:	  while (__unary_pred(--__backTrack))
        -:  245:	    {
        -:  246:	      if (--__remainder == 0)
        -:  247:		return (__first - __count); // Success
        -:  248:	    }
        -:  249:	  __remainder = __count + 1 - (__first - __backTrack);
        -:  250:	}
        -:  251:      return __last; // Failure
        -:  252:    }
        -:  253:
        -:  254:  template<typename _ForwardIterator, typename _Integer,
        -:  255:	   typename _UnaryPredicate>
        -:  256:    _GLIBCXX20_CONSTEXPR
        -:  257:    _ForwardIterator
        -:  258:    __search_n(_ForwardIterator __first, _ForwardIterator __last,
        -:  259:	       _Integer __count,
        -:  260:	       _UnaryPredicate __unary_pred)
        -:  261:    {
        -:  262:      if (__count <= 0)
        -:  263:	return __first;
        -:  264:
        -:  265:      if (__count == 1)
        -:  266:	return std::__find_if(__first, __last, __unary_pred);
        -:  267:
        -:  268:      return std::__search_n_aux(__first, __last, __count, __unary_pred,
        -:  269:				 std::__iterator_category(__first));
        -:  270:    }
        -:  271:
        -:  272:  // find_end for forward iterators.
        -:  273:  template<typename _ForwardIterator1, typename _ForwardIterator2,
        -:  274:	   typename _BinaryPredicate>
        -:  275:    _GLIBCXX20_CONSTEXPR
        -:  276:    _ForwardIterator1
        -:  277:    __find_end(_ForwardIterator1 __first1, _ForwardIterator1 __last1,
        -:  278:	       _ForwardIterator2 __first2, _ForwardIterator2 __last2,
        -:  279:	       forward_iterator_tag, forward_iterator_tag,
        -:  280:	       _BinaryPredicate __comp)
        -:  281:    {
        -:  282:      if (__first2 == __last2)
        -:  283:	return __last1;
        -:  284:
        -:  285:      _ForwardIterator1 __result = __last1;
        -:  286:      while (1)
        -:  287:	{
        -:  288:	  _ForwardIterator1 __new_result
        -:  289:	    = std::__search(__first1, __last1, __first2, __last2, __comp);
        -:  290:	  if (__new_result == __last1)
        -:  291:	    return __result;
        -:  292:	  else
        -:  293:	    {
        -:  294:	      __result = __new_result;
        -:  295:	      __first1 = __new_result;
        -:  296:	      ++__first1;
        -:  297:	    }
        -:  298:	}
        -:  299:    }
        -:  300:
        -:  301:  // find_end for bidirectional iterators (much faster).
        -:  302:  template<typename _BidirectionalIterator1, typename _BidirectionalIterator2,
        -:  303:	   typename _BinaryPredicate>
        -:  304:    _GLIBCXX20_CONSTEXPR
        -:  305:    _BidirectionalIterator1
        -:  306:    __find_end(_BidirectionalIterator1 __first1,
        -:  307:	       _BidirectionalIterator1 __last1,
        -:  308:	       _BidirectionalIterator2 __first2,
        -:  309:	       _BidirectionalIterator2 __last2,
        -:  310:	       bidirectional_iterator_tag, bidirectional_iterator_tag,
        -:  311:	       _BinaryPredicate __comp)
        -:  312:    {
        -:  313:      // concept requirements
        -:  314:      __glibcxx_function_requires(_BidirectionalIteratorConcept<
        -:  315:				  _BidirectionalIterator1>)
        -:  316:      __glibcxx_function_requires(_BidirectionalIteratorConcept<
        -:  317:				  _BidirectionalIterator2>)
        -:  318:
        -:  319:      typedef reverse_iterator<_BidirectionalIterator1> _RevIterator1;
        -:  320:      typedef reverse_iterator<_BidirectionalIterator2> _RevIterator2;
        -:  321:
        -:  322:      _RevIterator1 __rlast1(__first1);
        -:  323:      _RevIterator2 __rlast2(__first2);
        -:  324:      _RevIterator1 __rresult = std::__search(_RevIterator1(__last1), __rlast1,
        -:  325:					      _RevIterator2(__last2), __rlast2,
        -:  326:					      __comp);
        -:  327:
        -:  328:      if (__rresult == __rlast1)
        -:  329:	return __last1;
        -:  330:      else
        -:  331:	{
        -:  332:	  _BidirectionalIterator1 __result = __rresult.base();
        -:  333:	  std::advance(__result, -std::distance(__first2, __last2));
        -:  334:	  return __result;
        -:  335:	}
        -:  336:    }
        -:  337:
        -:  338:  /**
        -:  339:   *  @brief  Find last matching subsequence in a sequence.
        -:  340:   *  @ingroup non_mutating_algorithms
        -:  341:   *  @param  __first1  Start of range to search.
        -:  342:   *  @param  __last1   End of range to search.
        -:  343:   *  @param  __first2  Start of sequence to match.
        -:  344:   *  @param  __last2   End of sequence to match.
        -:  345:   *  @return   The last iterator @c i in the range
        -:  346:   *  @p [__first1,__last1-(__last2-__first2)) such that @c *(i+N) ==
        -:  347:   *  @p *(__first2+N) for each @c N in the range @p
        -:  348:   *  [0,__last2-__first2), or @p __last1 if no such iterator exists.
        -:  349:   *
        -:  350:   *  Searches the range @p [__first1,__last1) for a sub-sequence that
        -:  351:   *  compares equal value-by-value with the sequence given by @p
        -:  352:   *  [__first2,__last2) and returns an iterator to the __first
        -:  353:   *  element of the sub-sequence, or @p __last1 if the sub-sequence
        -:  354:   *  is not found.  The sub-sequence will be the last such
        -:  355:   *  subsequence contained in [__first1,__last1).
        -:  356:   *
        -:  357:   *  Because the sub-sequence must lie completely within the range @p
        -:  358:   *  [__first1,__last1) it must start at a position less than @p
        -:  359:   *  __last1-(__last2-__first2) where @p __last2-__first2 is the
        -:  360:   *  length of the sub-sequence.  This means that the returned
        -:  361:   *  iterator @c i will be in the range @p
        -:  362:   *  [__first1,__last1-(__last2-__first2))
        -:  363:  */
        -:  364:  template<typename _ForwardIterator1, typename _ForwardIterator2>
        -:  365:    _GLIBCXX20_CONSTEXPR
        -:  366:    inline _ForwardIterator1
        -:  367:    find_end(_ForwardIterator1 __first1, _ForwardIterator1 __last1,
        -:  368:	     _ForwardIterator2 __first2, _ForwardIterator2 __last2)
        -:  369:    {
        -:  370:      // concept requirements
        -:  371:      __glibcxx_function_requires(_ForwardIteratorConcept<_ForwardIterator1>)
        -:  372:      __glibcxx_function_requires(_ForwardIteratorConcept<_ForwardIterator2>)
        -:  373:      __glibcxx_function_requires(_EqualOpConcept<
        -:  374:	    typename iterator_traits<_ForwardIterator1>::value_type,
        -:  375:	    typename iterator_traits<_ForwardIterator2>::value_type>)
        -:  376:      __glibcxx_requires_valid_range(__first1, __last1);
        -:  377:      __glibcxx_requires_valid_range(__first2, __last2);
        -:  378:
        -:  379:      return std::__find_end(__first1, __last1, __first2, __last2,
        -:  380:			     std::__iterator_category(__first1),
        -:  381:			     std::__iterator_category(__first2),
        -:  382:			     __gnu_cxx::__ops::__iter_equal_to_iter());
        -:  383:    }
        -:  384:
        -:  385:  /**
        -:  386:   *  @brief  Find last matching subsequence in a sequence using a predicate.
        -:  387:   *  @ingroup non_mutating_algorithms
        -:  388:   *  @param  __first1  Start of range to search.
        -:  389:   *  @param  __last1   End of range to search.
        -:  390:   *  @param  __first2  Start of sequence to match.
        -:  391:   *  @param  __last2   End of sequence to match.
        -:  392:   *  @param  __comp    The predicate to use.
        -:  393:   *  @return The last iterator @c i in the range @p
        -:  394:   *  [__first1,__last1-(__last2-__first2)) such that @c
        -:  395:   *  predicate(*(i+N), @p (__first2+N)) is true for each @c N in the
        -:  396:   *  range @p [0,__last2-__first2), or @p __last1 if no such iterator
        -:  397:   *  exists.
        -:  398:   *
        -:  399:   *  Searches the range @p [__first1,__last1) for a sub-sequence that
        -:  400:   *  compares equal value-by-value with the sequence given by @p
        -:  401:   *  [__first2,__last2) using comp as a predicate and returns an
        -:  402:   *  iterator to the first element of the sub-sequence, or @p __last1
        -:  403:   *  if the sub-sequence is not found.  The sub-sequence will be the
        -:  404:   *  last such subsequence contained in [__first,__last1).
        -:  405:   *
        -:  406:   *  Because the sub-sequence must lie completely within the range @p
        -:  407:   *  [__first1,__last1) it must start at a position less than @p
        -:  408:   *  __last1-(__last2-__first2) where @p __last2-__first2 is the
        -:  409:   *  length of the sub-sequence.  This means that the returned
        -:  410:   *  iterator @c i will be in the range @p
        -:  411:   *  [__first1,__last1-(__last2-__first2))
        -:  412:  */
        -:  413:  template<typename _ForwardIterator1, typename _ForwardIterator2,
        -:  414:	   typename _BinaryPredicate>
        -:  415:    _GLIBCXX20_CONSTEXPR
        -:  416:    inline _ForwardIterator1
        -:  417:    find_end(_ForwardIterator1 __first1, _ForwardIterator1 __last1,
        -:  418:	     _ForwardIterator2 __first2, _ForwardIterator2 __last2,
        -:  419:	     _BinaryPredicate __comp)
        -:  420:    {
        -:  421:      // concept requirements
        -:  422:      __glibcxx_function_requires(_ForwardIteratorConcept<_ForwardIterator1>)
        -:  423:      __glibcxx_function_requires(_ForwardIteratorConcept<_ForwardIterator2>)
        -:  424:      __glibcxx_function_requires(_BinaryPredicateConcept<_BinaryPredicate,
        -:  425:	    typename iterator_traits<_ForwardIterator1>::value_type,
        -:  426:	    typename iterator_traits<_ForwardIterator2>::value_type>)
        -:  427:      __glibcxx_requires_valid_range(__first1, __last1);
        -:  428:      __glibcxx_requires_valid_range(__first2, __last2);
        -:  429:
        -:  430:      return std::__find_end(__first1, __last1, __first2, __last2,
        -:  431:			     std::__iterator_category(__first1),
        -:  432:			     std::__iterator_category(__first2),
        -:  433:			     __gnu_cxx::__ops::__iter_comp_iter(__comp));
        -:  434:    }
        -:  435:
        -:  436:#if __cplusplus >= 201103L
        -:  437:  /**
        -:  438:   *  @brief  Checks that a predicate is true for all the elements
        -:  439:   *          of a sequence.
        -:  440:   *  @ingroup non_mutating_algorithms
        -:  441:   *  @param  __first   An input iterator.
        -:  442:   *  @param  __last    An input iterator.
        -:  443:   *  @param  __pred    A predicate.
        -:  444:   *  @return  True if the check is true, false otherwise.
        -:  445:   *
        -:  446:   *  Returns true if @p __pred is true for each element in the range
        -:  447:   *  @p [__first,__last), and false otherwise.
        -:  448:  */
        -:  449:  template<typename _InputIterator, typename _Predicate>
        -:  450:    _GLIBCXX20_CONSTEXPR
        -:  451:    inline bool
    #####:  452:    all_of(_InputIterator __first, _InputIterator __last, _Predicate __pred)
    #####:  453:    { return __last == std::find_if_not(__first, __last, __pred); }
------------------
bool std::all_of<__gnu_cxx::__normal_iterator<std::shared_ptr<Catch::TestSpec::Pattern> const*, std::vector<std::shared_ptr<Catch::TestSpec::Pattern>, std::allocator<std::shared_ptr<Catch::TestSpec::Pattern> > > >, Catch::TestSpec::Filter::matches(Catch::TestCaseInfo const&) const::{lambda(std::shared_ptr<Catch::TestSpec::Pattern> const&)#1}>(__gnu_cxx::__normal_iterator<std::shared_ptr<Catch::TestSpec::Pattern> const*, std::vector<std::shared_ptr<Catch::TestSpec::Pattern>, std::allocator<std::shared_ptr<Catch::TestSpec::Pattern> > > >, Catch::TestSpec::Filter::matches(Catch::TestCaseInfo const&) const::{lambda(std::shared_ptr<Catch::TestSpec::Pattern> const&)#1}, Catch::TestSpec::Filter::matches(Catch::TestCaseInfo const&) const::{lambda(std::shared_ptr<Catch::TestSpec::Pattern> const&)#1}):
    #####:  452:    all_of(_InputIterator __first, _InputIterator __last, _Predicate __pred)
    #####:  453:    { return __last == std::find_if_not(__first, __last, __pred); }
------------------
bool std::all_of<__gnu_cxx::__normal_iterator<std::shared_ptr<Catch::TestCaseTracking::ITracker>*, std::vector<std::shared_ptr<Catch::TestCaseTracking::ITracker>, std::allocator<std::shared_ptr<Catch::TestCaseTracking::ITracker> > > >, Catch::TestCaseTracking::TrackerBase::close()::{lambda(std::shared_ptr<Catch::TestCaseTracking::ITracker> const&)#1}>(__gnu_cxx::__normal_iterator<std::shared_ptr<Catch::TestCaseTracking::ITracker>*, std::vector<std::shared_ptr<Catch::TestCaseTracking::ITracker>, std::allocator<std::shared_ptr<Catch::TestCaseTracking::ITracker> > > >, Catch::TestCaseTracking::TrackerBase::close()::{lambda(std::shared_ptr<Catch::TestCaseTracking::ITracker> const&)#1}, Catch::TestCaseTracking::TrackerBase::close()::{lambda(std::shared_ptr<Catch::TestCaseTracking::ITracker> const&)#1}):
    #####:  452:    all_of(_InputIterator __first, _InputIterator __last, _Predicate __pred)
    #####:  453:    { return __last == std::find_if_not(__first, __last, __pred); }
------------------
        -:  454:
        -:  455:  /**
        -:  456:   *  @brief  Checks that a predicate is false for all the elements
        -:  457:   *          of a sequence.
        -:  458:   *  @ingroup non_mutating_algorithms
        -:  459:   *  @param  __first   An input iterator.
        -:  460:   *  @param  __last    An input iterator.
        -:  461:   *  @param  __pred    A predicate.
        -:  462:   *  @return  True if the check is true, false otherwise.
        -:  463:   *
        -:  464:   *  Returns true if @p __pred is false for each element in the range
        -:  465:   *  @p [__first,__last), and false otherwise.
        -:  466:  */
        -:  467:  template<typename _InputIterator, typename _Predicate>
        -:  468:    _GLIBCXX20_CONSTEXPR
        -:  469:    inline bool
    #####:  470:    none_of(_InputIterator __first, _InputIterator __last, _Predicate __pred)
    #####:  471:    { return __last == _GLIBCXX_STD_A::find_if(__first, __last, __pred); }
        -:  472:
        -:  473:  /**
        -:  474:   *  @brief  Checks that a predicate is true for at least one element
        -:  475:   *          of a sequence.
        -:  476:   *  @ingroup non_mutating_algorithms
        -:  477:   *  @param  __first   An input iterator.
        -:  478:   *  @param  __last    An input iterator.
        -:  479:   *  @param  __pred    A predicate.
        -:  480:   *  @return  True if the check is true, false otherwise.
        -:  481:   *
        -:  482:   *  Returns true if an element exists in the range @p
        -:  483:   *  [__first,__last) such that @p __pred is true, and false
        -:  484:   *  otherwise.
        -:  485:  */
        -:  486:  template<typename _InputIterator, typename _Predicate>
        -:  487:    _GLIBCXX20_CONSTEXPR
        -:  488:    inline bool
    #####:  489:    any_of(_InputIterator __first, _InputIterator __last, _Predicate __pred)
    #####:  490:    { return !std::none_of(__first, __last, __pred); }
        -:  491:
        -:  492:  /**
        -:  493:   *  @brief  Find the first element in a sequence for which a
        -:  494:   *          predicate is false.
        -:  495:   *  @ingroup non_mutating_algorithms
        -:  496:   *  @param  __first  An input iterator.
        -:  497:   *  @param  __last   An input iterator.
        -:  498:   *  @param  __pred   A predicate.
        -:  499:   *  @return   The first iterator @c i in the range @p [__first,__last)
        -:  500:   *  such that @p __pred(*i) is false, or @p __last if no such iterator exists.
        -:  501:  */
        -:  502:  template<typename _InputIterator, typename _Predicate>
        -:  503:    _GLIBCXX20_CONSTEXPR
        -:  504:    inline _InputIterator
    #####:  505:    find_if_not(_InputIterator __first, _InputIterator __last,
        -:  506:		_Predicate __pred)
        -:  507:    {
        -:  508:      // concept requirements
        -:  509:      __glibcxx_function_requires(_InputIteratorConcept<_InputIterator>)
        -:  510:      __glibcxx_function_requires(_UnaryPredicateConcept<_Predicate,
        -:  511:	      typename iterator_traits<_InputIterator>::value_type>)
        -:  512:      __glibcxx_requires_valid_range(__first, __last);
    #####:  513:      return std::__find_if_not(__first, __last,
    #####:  514:				__gnu_cxx::__ops::__pred_iter(__pred));
        -:  515:    }
------------------
__gnu_cxx::__normal_iterator<std::shared_ptr<Catch::TestSpec::Pattern> const*, std::vector<std::shared_ptr<Catch::TestSpec::Pattern>, std::allocator<std::shared_ptr<Catch::TestSpec::Pattern> > > > std::find_if_not<__gnu_cxx::__normal_iterator<std::shared_ptr<Catch::TestSpec::Pattern> const*, std::vector<std::shared_ptr<Catch::TestSpec::Pattern>, std::allocator<std::shared_ptr<Catch::TestSpec::Pattern> > > >, Catch::TestSpec::Filter::matches(Catch::TestCaseInfo const&) const::{lambda(std::shared_ptr<Catch::TestSpec::Pattern> const&)#1}>(Catch::TestSpec::Filter::matches(Catch::TestCaseInfo const&) const::{lambda(std::shared_ptr<Catch::TestSpec::Pattern> const&)#1}, Catch::TestSpec::Filter::matches(Catch::TestCaseInfo const&) const::{lambda(std::shared_ptr<Catch::TestSpec::Pattern> const&)#1}, Catch::TestSpec::Filter::matches(Catch::TestCaseInfo const&) const::{lambda(std::shared_ptr<Catch::TestSpec::Pattern> const&)#1}):
    #####:  505:    find_if_not(_InputIterator __first, _InputIterator __last,
        -:  506:		_Predicate __pred)
        -:  507:    {
        -:  508:      // concept requirements
        -:  509:      __glibcxx_function_requires(_InputIteratorConcept<_InputIterator>)
        -:  510:      __glibcxx_function_requires(_UnaryPredicateConcept<_Predicate,
        -:  511:	      typename iterator_traits<_InputIterator>::value_type>)
        -:  512:      __glibcxx_requires_valid_range(__first, __last);
    #####:  513:      return std::__find_if_not(__first, __last,
    #####:  514:				__gnu_cxx::__ops::__pred_iter(__pred));
        -:  515:    }
------------------
__gnu_cxx::__normal_iterator<std::shared_ptr<Catch::TestCaseTracking::ITracker>*, std::vector<std::shared_ptr<Catch::TestCaseTracking::ITracker>, std::allocator<std::shared_ptr<Catch::TestCaseTracking::ITracker> > > > std::find_if_not<__gnu_cxx::__normal_iterator<std::shared_ptr<Catch::TestCaseTracking::ITracker>*, std::vector<std::shared_ptr<Catch::TestCaseTracking::ITracker>, std::allocator<std::shared_ptr<Catch::TestCaseTracking::ITracker> > > >, Catch::TestCaseTracking::TrackerBase::close()::{lambda(std::shared_ptr<Catch::TestCaseTracking::ITracker> const&)#1}>(Catch::TestCaseTracking::TrackerBase::close()::{lambda(std::shared_ptr<Catch::TestCaseTracking::ITracker> const&)#1}, Catch::TestCaseTracking::TrackerBase::close()::{lambda(std::shared_ptr<Catch::TestCaseTracking::ITracker> const&)#1}, Catch::TestCaseTracking::TrackerBase::close()::{lambda(std::shared_ptr<Catch::TestCaseTracking::ITracker> const&)#1}):
    #####:  505:    find_if_not(_InputIterator __first, _InputIterator __last,
        -:  506:		_Predicate __pred)
        -:  507:    {
        -:  508:      // concept requirements
        -:  509:      __glibcxx_function_requires(_InputIteratorConcept<_InputIterator>)
        -:  510:      __glibcxx_function_requires(_UnaryPredicateConcept<_Predicate,
        -:  511:	      typename iterator_traits<_InputIterator>::value_type>)
        -:  512:      __glibcxx_requires_valid_range(__first, __last);
    #####:  513:      return std::__find_if_not(__first, __last,
    #####:  514:				__gnu_cxx::__ops::__pred_iter(__pred));
        -:  515:    }
------------------
        -:  516:
        -:  517:  /**
        -:  518:   *  @brief  Checks whether the sequence is partitioned.
        -:  519:   *  @ingroup mutating_algorithms
        -:  520:   *  @param  __first  An input iterator.
        -:  521:   *  @param  __last   An input iterator.
        -:  522:   *  @param  __pred   A predicate.
        -:  523:   *  @return  True if the range @p [__first,__last) is partioned by @p __pred,
        -:  524:   *  i.e. if all elements that satisfy @p __pred appear before those that
        -:  525:   *  do not.
        -:  526:  */
        -:  527:  template<typename _InputIterator, typename _Predicate>
        -:  528:    _GLIBCXX20_CONSTEXPR
        -:  529:    inline bool
        -:  530:    is_partitioned(_InputIterator __first, _InputIterator __last,
        -:  531:		   _Predicate __pred)
        -:  532:    {
        -:  533:      __first = std::find_if_not(__first, __last, __pred);
        -:  534:      if (__first == __last)
        -:  535:	return true;
        -:  536:      ++__first;
        -:  537:      return std::none_of(__first, __last, __pred);
        -:  538:    }
        -:  539:
        -:  540:  /**
        -:  541:   *  @brief  Find the partition point of a partitioned range.
        -:  542:   *  @ingroup mutating_algorithms
        -:  543:   *  @param  __first   An iterator.
        -:  544:   *  @param  __last    Another iterator.
        -:  545:   *  @param  __pred    A predicate.
        -:  546:   *  @return  An iterator @p mid such that @p all_of(__first, mid, __pred)
        -:  547:   *           and @p none_of(mid, __last, __pred) are both true.
        -:  548:  */
        -:  549:  template<typename _ForwardIterator, typename _Predicate>
        -:  550:    _GLIBCXX20_CONSTEXPR
        -:  551:    _ForwardIterator
        -:  552:    partition_point(_ForwardIterator __first, _ForwardIterator __last,
        -:  553:		    _Predicate __pred)
        -:  554:    {
        -:  555:      // concept requirements
        -:  556:      __glibcxx_function_requires(_ForwardIteratorConcept<_ForwardIterator>)
        -:  557:      __glibcxx_function_requires(_UnaryPredicateConcept<_Predicate,
        -:  558:	      typename iterator_traits<_ForwardIterator>::value_type>)
        -:  559:
        -:  560:      // A specific debug-mode test will be necessary...
        -:  561:      __glibcxx_requires_valid_range(__first, __last);
        -:  562:
        -:  563:      typedef typename iterator_traits<_ForwardIterator>::difference_type
        -:  564:	_DistanceType;
        -:  565:
        -:  566:      _DistanceType __len = std::distance(__first, __last);
        -:  567:
        -:  568:      while (__len > 0)
        -:  569:	{
        -:  570:	  _DistanceType __half = __len >> 1;
        -:  571:	  _ForwardIterator __middle = __first;
        -:  572:	  std::advance(__middle, __half);
        -:  573:	  if (__pred(*__middle))
        -:  574:	    {
        -:  575:	      __first = __middle;
        -:  576:	      ++__first;
        -:  577:	      __len = __len - __half - 1;
        -:  578:	    }
        -:  579:	  else
        -:  580:	    __len = __half;
        -:  581:	}
        -:  582:      return __first;
        -:  583:    }
        -:  584:#endif
        -:  585:
        -:  586:  template<typename _InputIterator, typename _OutputIterator,
        -:  587:	   typename _Predicate>
        -:  588:    _GLIBCXX20_CONSTEXPR
        -:  589:    _OutputIterator
        -:  590:    __remove_copy_if(_InputIterator __first, _InputIterator __last,
        -:  591:		     _OutputIterator __result, _Predicate __pred)
        -:  592:    {
        -:  593:      for (; __first != __last; ++__first)
        -:  594:	if (!__pred(__first))
        -:  595:	  {
        -:  596:	    *__result = *__first;
        -:  597:	    ++__result;
        -:  598:	  }
        -:  599:      return __result;
        -:  600:    }
        -:  601:
        -:  602:  /**
        -:  603:   *  @brief Copy a sequence, removing elements of a given value.
        -:  604:   *  @ingroup mutating_algorithms
        -:  605:   *  @param  __first   An input iterator.
        -:  606:   *  @param  __last    An input iterator.
        -:  607:   *  @param  __result  An output iterator.
        -:  608:   *  @param  __value   The value to be removed.
        -:  609:   *  @return   An iterator designating the end of the resulting sequence.
        -:  610:   *
        -:  611:   *  Copies each element in the range @p [__first,__last) not equal
        -:  612:   *  to @p __value to the range beginning at @p __result.
        -:  613:   *  remove_copy() is stable, so the relative order of elements that
        -:  614:   *  are copied is unchanged.
        -:  615:  */
        -:  616:  template<typename _InputIterator, typename _OutputIterator, typename _Tp>
        -:  617:    _GLIBCXX20_CONSTEXPR
        -:  618:    inline _OutputIterator
        -:  619:    remove_copy(_InputIterator __first, _InputIterator __last,
        -:  620:		_OutputIterator __result, const _Tp& __value)
        -:  621:    {
        -:  622:      // concept requirements
        -:  623:      __glibcxx_function_requires(_InputIteratorConcept<_InputIterator>)
        -:  624:      __glibcxx_function_requires(_OutputIteratorConcept<_OutputIterator,
        -:  625:	    typename iterator_traits<_InputIterator>::value_type>)
        -:  626:      __glibcxx_function_requires(_EqualOpConcept<
        -:  627:	    typename iterator_traits<_InputIterator>::value_type, _Tp>)
        -:  628:      __glibcxx_requires_valid_range(__first, __last);
        -:  629:
        -:  630:      return std::__remove_copy_if(__first, __last, __result,
        -:  631:	__gnu_cxx::__ops::__iter_equals_val(__value));
        -:  632:    }
        -:  633:
        -:  634:  /**
        -:  635:   *  @brief Copy a sequence, removing elements for which a predicate is true.
        -:  636:   *  @ingroup mutating_algorithms
        -:  637:   *  @param  __first   An input iterator.
        -:  638:   *  @param  __last    An input iterator.
        -:  639:   *  @param  __result  An output iterator.
        -:  640:   *  @param  __pred    A predicate.
        -:  641:   *  @return   An iterator designating the end of the resulting sequence.
        -:  642:   *
        -:  643:   *  Copies each element in the range @p [__first,__last) for which
        -:  644:   *  @p __pred returns false to the range beginning at @p __result.
        -:  645:   *
        -:  646:   *  remove_copy_if() is stable, so the relative order of elements that are
        -:  647:   *  copied is unchanged.
        -:  648:  */
        -:  649:  template<typename _InputIterator, typename _OutputIterator,
        -:  650:	   typename _Predicate>
        -:  651:    _GLIBCXX20_CONSTEXPR
        -:  652:    inline _OutputIterator
        -:  653:    remove_copy_if(_InputIterator __first, _InputIterator __last,
        -:  654:		   _OutputIterator __result, _Predicate __pred)
        -:  655:    {
        -:  656:      // concept requirements
        -:  657:      __glibcxx_function_requires(_InputIteratorConcept<_InputIterator>)
        -:  658:      __glibcxx_function_requires(_OutputIteratorConcept<_OutputIterator,
        -:  659:	    typename iterator_traits<_InputIterator>::value_type>)
        -:  660:      __glibcxx_function_requires(_UnaryPredicateConcept<_Predicate,
        -:  661:	    typename iterator_traits<_InputIterator>::value_type>)
        -:  662:      __glibcxx_requires_valid_range(__first, __last);
        -:  663:
        -:  664:      return std::__remove_copy_if(__first, __last, __result,
        -:  665:				   __gnu_cxx::__ops::__pred_iter(__pred));
        -:  666:    }
        -:  667:
        -:  668:#if __cplusplus >= 201103L
        -:  669:  /**
        -:  670:   *  @brief Copy the elements of a sequence for which a predicate is true.
        -:  671:   *  @ingroup mutating_algorithms
        -:  672:   *  @param  __first   An input iterator.
        -:  673:   *  @param  __last    An input iterator.
        -:  674:   *  @param  __result  An output iterator.
        -:  675:   *  @param  __pred    A predicate.
        -:  676:   *  @return   An iterator designating the end of the resulting sequence.
        -:  677:   *
        -:  678:   *  Copies each element in the range @p [__first,__last) for which
        -:  679:   *  @p __pred returns true to the range beginning at @p __result.
        -:  680:   *
        -:  681:   *  copy_if() is stable, so the relative order of elements that are
        -:  682:   *  copied is unchanged.
        -:  683:  */
        -:  684:  template<typename _InputIterator, typename _OutputIterator,
        -:  685:	   typename _Predicate>
        -:  686:    _GLIBCXX20_CONSTEXPR
        -:  687:    _OutputIterator
        -:  688:    copy_if(_InputIterator __first, _InputIterator __last,
        -:  689:	    _OutputIterator __result, _Predicate __pred)
        -:  690:    {
        -:  691:      // concept requirements
        -:  692:      __glibcxx_function_requires(_InputIteratorConcept<_InputIterator>)
        -:  693:      __glibcxx_function_requires(_OutputIteratorConcept<_OutputIterator,
        -:  694:	    typename iterator_traits<_InputIterator>::value_type>)
        -:  695:      __glibcxx_function_requires(_UnaryPredicateConcept<_Predicate,
        -:  696:	    typename iterator_traits<_InputIterator>::value_type>)
        -:  697:      __glibcxx_requires_valid_range(__first, __last);
        -:  698:
        -:  699:      for (; __first != __last; ++__first)
        -:  700:	if (__pred(*__first))
        -:  701:	  {
        -:  702:	    *__result = *__first;
        -:  703:	    ++__result;
        -:  704:	  }
        -:  705:      return __result;
        -:  706:    }
        -:  707:
        -:  708:  template<typename _InputIterator, typename _Size, typename _OutputIterator>
        -:  709:    _GLIBCXX20_CONSTEXPR
        -:  710:    _OutputIterator
        -:  711:    __copy_n_a(_InputIterator __first, _Size __n, _OutputIterator __result)
        -:  712:    {
        -:  713:      if (__n > 0)
        -:  714:	{
        -:  715:	  while (true)
        -:  716:	    {
        -:  717:	      *__result = *__first;
        -:  718:	      ++__result;
        -:  719:	      if (--__n > 0)
        -:  720:		++__first;
        -:  721:	      else
        -:  722:		break;
        -:  723:	    }
        -:  724:	}
        -:  725:      return __result;
        -:  726:    }
        -:  727: 
        -:  728:  template<typename _CharT, typename _Size>
        -:  729:    __enable_if_t<__is_char<_CharT>::__value, _CharT*>
        -:  730:    __copy_n_a(istreambuf_iterator<_CharT, char_traits<_CharT>>,
        -:  731:	       _Size, _CharT*);
        -:  732:
        -:  733:  template<typename _InputIterator, typename _Size, typename _OutputIterator>
        -:  734:    _GLIBCXX20_CONSTEXPR
        -:  735:    _OutputIterator
        -:  736:    __copy_n(_InputIterator __first, _Size __n,
        -:  737:	     _OutputIterator __result, input_iterator_tag)
        -:  738:    {
        -:  739:      return std::__niter_wrap(__result,
        -:  740:			       __copy_n_a(__first, __n,
        -:  741:					  std::__niter_base(__result)));
        -:  742:    }
        -:  743:
        -:  744:  template<typename _RandomAccessIterator, typename _Size,
        -:  745:	   typename _OutputIterator>
        -:  746:    _GLIBCXX20_CONSTEXPR
        -:  747:    inline _OutputIterator
        -:  748:    __copy_n(_RandomAccessIterator __first, _Size __n,
        -:  749:	     _OutputIterator __result, random_access_iterator_tag)
        -:  750:    { return std::copy(__first, __first + __n, __result); }
        -:  751:
        -:  752:  /**
        -:  753:   *  @brief Copies the range [first,first+n) into [result,result+n).
        -:  754:   *  @ingroup mutating_algorithms
        -:  755:   *  @param  __first  An input iterator.
        -:  756:   *  @param  __n      The number of elements to copy.
        -:  757:   *  @param  __result An output iterator.
        -:  758:   *  @return  result+n.
        -:  759:   *
        -:  760:   *  This inline function will boil down to a call to @c memmove whenever
        -:  761:   *  possible.  Failing that, if random access iterators are passed, then the
        -:  762:   *  loop count will be known (and therefore a candidate for compiler
        -:  763:   *  optimizations such as unrolling).
        -:  764:  */
        -:  765:  template<typename _InputIterator, typename _Size, typename _OutputIterator>
        -:  766:    _GLIBCXX20_CONSTEXPR
        -:  767:    inline _OutputIterator
        -:  768:    copy_n(_InputIterator __first, _Size __n, _OutputIterator __result)
        -:  769:    {
        -:  770:      // concept requirements
        -:  771:      __glibcxx_function_requires(_InputIteratorConcept<_InputIterator>)
        -:  772:      __glibcxx_function_requires(_OutputIteratorConcept<_OutputIterator,
        -:  773:	    typename iterator_traits<_InputIterator>::value_type>)
        -:  774:      __glibcxx_requires_can_increment(__first, __n);
        -:  775:      __glibcxx_requires_can_increment(__result, __n);
        -:  776:
        -:  777:      return std::__copy_n(__first, __n, __result,
        -:  778:			   std::__iterator_category(__first));
        -:  779:    }
        -:  780:
        -:  781:  /**
        -:  782:   *  @brief Copy the elements of a sequence to separate output sequences
        -:  783:   *         depending on the truth value of a predicate.
        -:  784:   *  @ingroup mutating_algorithms
        -:  785:   *  @param  __first   An input iterator.
        -:  786:   *  @param  __last    An input iterator.
        -:  787:   *  @param  __out_true   An output iterator.
        -:  788:   *  @param  __out_false  An output iterator.
        -:  789:   *  @param  __pred    A predicate.
        -:  790:   *  @return   A pair designating the ends of the resulting sequences.
        -:  791:   *
        -:  792:   *  Copies each element in the range @p [__first,__last) for which
        -:  793:   *  @p __pred returns true to the range beginning at @p out_true
        -:  794:   *  and each element for which @p __pred returns false to @p __out_false.
        -:  795:  */
        -:  796:  template<typename _InputIterator, typename _OutputIterator1,
        -:  797:	   typename _OutputIterator2, typename _Predicate>
        -:  798:    _GLIBCXX20_CONSTEXPR
        -:  799:    pair<_OutputIterator1, _OutputIterator2>
        -:  800:    partition_copy(_InputIterator __first, _InputIterator __last,
        -:  801:		   _OutputIterator1 __out_true, _OutputIterator2 __out_false,
        -:  802:		   _Predicate __pred)
        -:  803:    {
        -:  804:      // concept requirements
        -:  805:      __glibcxx_function_requires(_InputIteratorConcept<_InputIterator>)
        -:  806:      __glibcxx_function_requires(_OutputIteratorConcept<_OutputIterator1,
        -:  807:	    typename iterator_traits<_InputIterator>::value_type>)
        -:  808:      __glibcxx_function_requires(_OutputIteratorConcept<_OutputIterator2,
        -:  809:	    typename iterator_traits<_InputIterator>::value_type>)
        -:  810:      __glibcxx_function_requires(_UnaryPredicateConcept<_Predicate,
        -:  811:	    typename iterator_traits<_InputIterator>::value_type>)
        -:  812:      __glibcxx_requires_valid_range(__first, __last);
        -:  813:      
        -:  814:      for (; __first != __last; ++__first)
        -:  815:	if (__pred(*__first))
        -:  816:	  {
        -:  817:	    *__out_true = *__first;
        -:  818:	    ++__out_true;
        -:  819:	  }
        -:  820:	else
        -:  821:	  {
        -:  822:	    *__out_false = *__first;
        -:  823:	    ++__out_false;
        -:  824:	  }
        -:  825:
        -:  826:      return pair<_OutputIterator1, _OutputIterator2>(__out_true, __out_false);
        -:  827:    }
        -:  828:#endif // C++11
        -:  829:
        -:  830:  template<typename _ForwardIterator, typename _Predicate>
        -:  831:    _GLIBCXX20_CONSTEXPR
        -:  832:    _ForwardIterator
    #####:  833:    __remove_if(_ForwardIterator __first, _ForwardIterator __last,
        -:  834:		_Predicate __pred)
        -:  835:    {
    #####:  836:      __first = std::__find_if(__first, __last, __pred);
    #####:  837:      if (__first == __last)
    #####:  838:	return __first;
    #####:  839:      _ForwardIterator __result = __first;
    #####:  840:      ++__first;
    #####:  841:      for (; __first != __last; ++__first)
    #####:  842:	if (!__pred(__first))
        -:  843:	  {
    #####:  844:	    *__result = _GLIBCXX_MOVE(*__first);
    #####:  845:	    ++__result;
        -:  846:	  }
    #####:  847:      return __result;
        -:  848:    }
        -:  849:
        -:  850:  /**
        -:  851:   *  @brief Remove elements from a sequence.
        -:  852:   *  @ingroup mutating_algorithms
        -:  853:   *  @param  __first  An input iterator.
        -:  854:   *  @param  __last   An input iterator.
        -:  855:   *  @param  __value  The value to be removed.
        -:  856:   *  @return   An iterator designating the end of the resulting sequence.
        -:  857:   *
        -:  858:   *  All elements equal to @p __value are removed from the range
        -:  859:   *  @p [__first,__last).
        -:  860:   *
        -:  861:   *  remove() is stable, so the relative order of elements that are
        -:  862:   *  not removed is unchanged.
        -:  863:   *
        -:  864:   *  Elements between the end of the resulting sequence and @p __last
        -:  865:   *  are still present, but their value is unspecified.
        -:  866:  */
        -:  867:  template<typename _ForwardIterator, typename _Tp>
        -:  868:    _GLIBCXX20_CONSTEXPR
        -:  869:    inline _ForwardIterator
    #####:  870:    remove(_ForwardIterator __first, _ForwardIterator __last,
        -:  871:	   const _Tp& __value)
        -:  872:    {
        -:  873:      // concept requirements
        -:  874:      __glibcxx_function_requires(_Mutable_ForwardIteratorConcept<
        -:  875:				  _ForwardIterator>)
        -:  876:      __glibcxx_function_requires(_EqualOpConcept<
        -:  877:	    typename iterator_traits<_ForwardIterator>::value_type, _Tp>)
        -:  878:      __glibcxx_requires_valid_range(__first, __last);
        -:  879:
    #####:  880:      return std::__remove_if(__first, __last,
    #####:  881:		__gnu_cxx::__ops::__iter_equals_val(__value));
        -:  882:    }
        -:  883:
        -:  884:  /**
        -:  885:   *  @brief Remove elements from a sequence using a predicate.
        -:  886:   *  @ingroup mutating_algorithms
        -:  887:   *  @param  __first  A forward iterator.
        -:  888:   *  @param  __last   A forward iterator.
        -:  889:   *  @param  __pred   A predicate.
        -:  890:   *  @return   An iterator designating the end of the resulting sequence.
        -:  891:   *
        -:  892:   *  All elements for which @p __pred returns true are removed from the range
        -:  893:   *  @p [__first,__last).
        -:  894:   *
        -:  895:   *  remove_if() is stable, so the relative order of elements that are
        -:  896:   *  not removed is unchanged.
        -:  897:   *
        -:  898:   *  Elements between the end of the resulting sequence and @p __last
        -:  899:   *  are still present, but their value is unspecified.
        -:  900:  */
        -:  901:  template<typename _ForwardIterator, typename _Predicate>
        -:  902:    _GLIBCXX20_CONSTEXPR
        -:  903:    inline _ForwardIterator
        -:  904:    remove_if(_ForwardIterator __first, _ForwardIterator __last,
        -:  905:	      _Predicate __pred)
        -:  906:    {
        -:  907:      // concept requirements
        -:  908:      __glibcxx_function_requires(_Mutable_ForwardIteratorConcept<
        -:  909:				  _ForwardIterator>)
        -:  910:      __glibcxx_function_requires(_UnaryPredicateConcept<_Predicate,
        -:  911:	    typename iterator_traits<_ForwardIterator>::value_type>)
        -:  912:      __glibcxx_requires_valid_range(__first, __last);
        -:  913:
        -:  914:      return std::__remove_if(__first, __last,
        -:  915:			      __gnu_cxx::__ops::__pred_iter(__pred));
        -:  916:    }
        -:  917:
        -:  918:  template<typename _ForwardIterator, typename _BinaryPredicate>
        -:  919:    _GLIBCXX20_CONSTEXPR
        -:  920:    _ForwardIterator
    #####:  921:    __adjacent_find(_ForwardIterator __first, _ForwardIterator __last,
        -:  922:		    _BinaryPredicate __binary_pred)
        -:  923:    {
    #####:  924:      if (__first == __last)
    #####:  925:	return __last;
    #####:  926:      _ForwardIterator __next = __first;
    #####:  927:      while (++__next != __last)
        -:  928:	{
    #####:  929:	  if (__binary_pred(__first, __next))
    #####:  930:	    return __first;
    #####:  931:	  __first = __next;
        -:  932:	}
    #####:  933:      return __last;
        -:  934:    }
------------------
__gnu_cxx::__normal_iterator<char*, std::vector<char, std::allocator<char> > > std::__adjacent_find<__gnu_cxx::__normal_iterator<char*, std::vector<char, std::allocator<char> > >, __gnu_cxx::__ops::_Iter_equal_to_iter>(__gnu_cxx::__normal_iterator<char*, std::vector<char, std::allocator<char> > >, __gnu_cxx::__normal_iterator<char*, std::vector<char, std::allocator<char> > >, __gnu_cxx::__ops::_Iter_equal_to_iter):
    #####:  921:    __adjacent_find(_ForwardIterator __first, _ForwardIterator __last,
        -:  922:		    _BinaryPredicate __binary_pred)
        -:  923:    {
    #####:  924:      if (__first == __last)
    #####:  925:	return __last;
    #####:  926:      _ForwardIterator __next = __first;
    #####:  927:      while (++__next != __last)
        -:  928:	{
    #####:  929:	  if (__binary_pred(__first, __next))
    #####:  930:	    return __first;
    #####:  931:	  __first = __next;
        -:  932:	}
    #####:  933:      return __last;
        -:  934:    }
------------------
__gnu_cxx::__normal_iterator<std::__cxx11::basic_string<char, std::char_traits<char>, std::allocator<char> >*, std::vector<std::__cxx11::basic_string<char, std::char_traits<char>, std::allocator<char> >, std::allocator<std::__cxx11::basic_string<char, std::char_traits<char>, std::allocator<char> > > > > std::__adjacent_find<__gnu_cxx::__normal_iterator<std::__cxx11::basic_string<char, std::char_traits<char>, std::allocator<char> >*, std::vector<std::__cxx11::basic_string<char, std::char_traits<char>, std::allocator<char> >, std::allocator<std::__cxx11::basic_string<char, std::char_traits<char>, std::allocator<char> > > > >, __gnu_cxx::__ops::_Iter_equal_to_iter>(__gnu_cxx::__normal_iterator<std::__cxx11::basic_string<char, std::char_traits<char>, std::allocator<char> >*, std::vector<std::__cxx11::basic_string<char, std::char_traits<char>, std::allocator<char> >, std::allocator<std::__cxx11::basic_string<char, std::char_traits<char>, std::allocator<char> > > > >, __gnu_cxx::__normal_iterator<std::__cxx11::basic_string<char, std::char_traits<char>, std::allocator<char> >*, std::vector<std::__cxx11::basic_string<char, std::char_traits<char>, std::allocator<char> >, std::allocator<std::__cxx11::basic_string<char, std::char_traits<char>, std::allocator<char> > > > >, __gnu_cxx::__ops::_Iter_equal_to_iter):
    #####:  921:    __adjacent_find(_ForwardIterator __first, _ForwardIterator __last,
        -:  922:		    _BinaryPredicate __binary_pred)
        -:  923:    {
    #####:  924:      if (__first == __last)
    #####:  925:	return __last;
    #####:  926:      _ForwardIterator __next = __first;
    #####:  927:      while (++__next != __last)
        -:  928:	{
    #####:  929:	  if (__binary_pred(__first, __next))
    #####:  930:	    return __first;
    #####:  931:	  __first = __next;
        -:  932:	}
    #####:  933:      return __last;
        -:  934:    }
------------------
        -:  935:
        -:  936:  template<typename _ForwardIterator, typename _BinaryPredicate>
        -:  937:    _GLIBCXX20_CONSTEXPR
        -:  938:    _ForwardIterator
    #####:  939:    __unique(_ForwardIterator __first, _ForwardIterator __last,
        -:  940:	     _BinaryPredicate __binary_pred)
        -:  941:    {
        -:  942:      // Skip the beginning, if already unique.
    #####:  943:      __first = std::__adjacent_find(__first, __last, __binary_pred);
    #####:  944:      if (__first == __last)
    #####:  945:	return __last;
        -:  946:
        -:  947:      // Do the real copy work.
    #####:  948:      _ForwardIterator __dest = __first;
    #####:  949:      ++__first;
    #####:  950:      while (++__first != __last)
    #####:  951:	if (!__binary_pred(__dest, __first))
    #####:  952:	  *++__dest = _GLIBCXX_MOVE(*__first);
    #####:  953:      return ++__dest;
        -:  954:    }
------------------
__gnu_cxx::__normal_iterator<char*, std::vector<char, std::allocator<char> > > std::__unique<__gnu_cxx::__normal_iterator<char*, std::vector<char, std::allocator<char> > >, __gnu_cxx::__ops::_Iter_equal_to_iter>(__gnu_cxx::__normal_iterator<char*, std::vector<char, std::allocator<char> > >, __gnu_cxx::__normal_iterator<char*, std::vector<char, std::allocator<char> > >, __gnu_cxx::__ops::_Iter_equal_to_iter):
    #####:  939:    __unique(_ForwardIterator __first, _ForwardIterator __last,
        -:  940:	     _BinaryPredicate __binary_pred)
        -:  941:    {
        -:  942:      // Skip the beginning, if already unique.
    #####:  943:      __first = std::__adjacent_find(__first, __last, __binary_pred);
    #####:  944:      if (__first == __last)
    #####:  945:	return __last;
        -:  946:
        -:  947:      // Do the real copy work.
    #####:  948:      _ForwardIterator __dest = __first;
    #####:  949:      ++__first;
    #####:  950:      while (++__first != __last)
    #####:  951:	if (!__binary_pred(__dest, __first))
    #####:  952:	  *++__dest = _GLIBCXX_MOVE(*__first);
    #####:  953:      return ++__dest;
        -:  954:    }
------------------
__gnu_cxx::__normal_iterator<std::__cxx11::basic_string<char, std::char_traits<char>, std::allocator<char> >*, std::vector<std::__cxx11::basic_string<char, std::char_traits<char>, std::allocator<char> >, std::allocator<std::__cxx11::basic_string<char, std::char_traits<char>, std::allocator<char> > > > > std::__unique<__gnu_cxx::__normal_iterator<std::__cxx11::basic_string<char, std::char_traits<char>, std::allocator<char> >*, std::vector<std::__cxx11::basic_string<char, std::char_traits<char>, std::allocator<char> >, std::allocator<std::__cxx11::basic_string<char, std::char_traits<char>, std::allocator<char> > > > >, __gnu_cxx::__ops::_Iter_equal_to_iter>(__gnu_cxx::__normal_iterator<std::__cxx11::basic_string<char, std::char_traits<char>, std::allocator<char> >*, std::vector<std::__cxx11::basic_string<char, std::char_traits<char>, std::allocator<char> >, std::allocator<std::__cxx11::basic_string<char, std::char_traits<char>, std::allocator<char> > > > >, __gnu_cxx::__normal_iterator<std::__cxx11::basic_string<char, std::char_traits<char>, std::allocator<char> >*, std::vector<std::__cxx11::basic_string<char, std::char_traits<char>, std::allocator<char> >, std::allocator<std::__cxx11::basic_string<char, std::char_traits<char>, std::allocator<char> > > > >, __gnu_cxx::__ops::_Iter_equal_to_iter):
    #####:  939:    __unique(_ForwardIterator __first, _ForwardIterator __last,
        -:  940:	     _BinaryPredicate __binary_pred)
        -:  941:    {
        -:  942:      // Skip the beginning, if already unique.
    #####:  943:      __first = std::__adjacent_find(__first, __last, __binary_pred);
    #####:  944:      if (__first == __last)
    #####:  945:	return __last;
        -:  946:
        -:  947:      // Do the real copy work.
    #####:  948:      _ForwardIterator __dest = __first;
    #####:  949:      ++__first;
    #####:  950:      while (++__first != __last)
    #####:  951:	if (!__binary_pred(__dest, __first))
    #####:  952:	  *++__dest = _GLIBCXX_MOVE(*__first);
    #####:  953:      return ++__dest;
        -:  954:    }
------------------
        -:  955:
        -:  956:  /**
        -:  957:   *  @brief Remove consecutive duplicate values from a sequence.
        -:  958:   *  @ingroup mutating_algorithms
        -:  959:   *  @param  __first  A forward iterator.
        -:  960:   *  @param  __last   A forward iterator.
        -:  961:   *  @return  An iterator designating the end of the resulting sequence.
        -:  962:   *
        -:  963:   *  Removes all but the first element from each group of consecutive
        -:  964:   *  values that compare equal.
        -:  965:   *  unique() is stable, so the relative order of elements that are
        -:  966:   *  not removed is unchanged.
        -:  967:   *  Elements between the end of the resulting sequence and @p __last
        -:  968:   *  are still present, but their value is unspecified.
        -:  969:  */
        -:  970:  template<typename _ForwardIterator>
        -:  971:    _GLIBCXX20_CONSTEXPR
        -:  972:    inline _ForwardIterator
    #####:  973:    unique(_ForwardIterator __first, _ForwardIterator __last)
        -:  974:    {
        -:  975:      // concept requirements
        -:  976:      __glibcxx_function_requires(_Mutable_ForwardIteratorConcept<
        -:  977:				  _ForwardIterator>)
        -:  978:      __glibcxx_function_requires(_EqualityComparableConcept<
        -:  979:		     typename iterator_traits<_ForwardIterator>::value_type>)
        -:  980:      __glibcxx_requires_valid_range(__first, __last);
        -:  981:
    #####:  982:      return std::__unique(__first, __last,
    #####:  983:			   __gnu_cxx::__ops::__iter_equal_to_iter());
        -:  984:    }
------------------
__gnu_cxx::__normal_iterator<char*, std::vector<char, std::allocator<char> > > std::unique<__gnu_cxx::__normal_iterator<char*, std::vector<char, std::allocator<char> > > >(__gnu_cxx::__normal_iterator<char*, std::vector<char, std::allocator<char> > >, __gnu_cxx::__normal_iterator<char*, std::vector<char, std::allocator<char> > >):
    #####:  973:    unique(_ForwardIterator __first, _ForwardIterator __last)
        -:  974:    {
        -:  975:      // concept requirements
        -:  976:      __glibcxx_function_requires(_Mutable_ForwardIteratorConcept<
        -:  977:				  _ForwardIterator>)
        -:  978:      __glibcxx_function_requires(_EqualityComparableConcept<
        -:  979:		     typename iterator_traits<_ForwardIterator>::value_type>)
        -:  980:      __glibcxx_requires_valid_range(__first, __last);
        -:  981:
    #####:  982:      return std::__unique(__first, __last,
    #####:  983:			   __gnu_cxx::__ops::__iter_equal_to_iter());
        -:  984:    }
------------------
__gnu_cxx::__normal_iterator<std::__cxx11::basic_string<char, std::char_traits<char>, std::allocator<char> >*, std::vector<std::__cxx11::basic_string<char, std::char_traits<char>, std::allocator<char> >, std::allocator<std::__cxx11::basic_string<char, std::char_traits<char>, std::allocator<char> > > > > std::unique<__gnu_cxx::__normal_iterator<std::__cxx11::basic_string<char, std::char_traits<char>, std::allocator<char> >*, std::vector<std::__cxx11::basic_string<char, std::char_traits<char>, std::allocator<char> >, std::allocator<std::__cxx11::basic_string<char, std::char_traits<char>, std::allocator<char> > > > > >(__gnu_cxx::__normal_iterator<std::__cxx11::basic_string<char, std::char_traits<char>, std::allocator<char> >*, std::vector<std::__cxx11::basic_string<char, std::char_traits<char>, std::allocator<char> >, std::allocator<std::__cxx11::basic_string<char, std::char_traits<char>, std::allocator<char> > > > >, __gnu_cxx::__normal_iterator<std::__cxx11::basic_string<char, std::char_traits<char>, std::allocator<char> >*, std::vector<std::__cxx11::basic_string<char, std::char_traits<char>, std::allocator<char> >, std::allocator<std::__cxx11::basic_string<char, std::char_traits<char>, std::allocator<char> > > > >):
    #####:  973:    unique(_ForwardIterator __first, _ForwardIterator __last)
        -:  974:    {
        -:  975:      // concept requirements
        -:  976:      __glibcxx_function_requires(_Mutable_ForwardIteratorConcept<
        -:  977:				  _ForwardIterator>)
        -:  978:      __glibcxx_function_requires(_EqualityComparableConcept<
        -:  979:		     typename iterator_traits<_ForwardIterator>::value_type>)
        -:  980:      __glibcxx_requires_valid_range(__first, __last);
        -:  981:
    #####:  982:      return std::__unique(__first, __last,
    #####:  983:			   __gnu_cxx::__ops::__iter_equal_to_iter());
        -:  984:    }
------------------
        -:  985:
        -:  986:  /**
        -:  987:   *  @brief Remove consecutive values from a sequence using a predicate.
        -:  988:   *  @ingroup mutating_algorithms
        -:  989:   *  @param  __first        A forward iterator.
        -:  990:   *  @param  __last         A forward iterator.
        -:  991:   *  @param  __binary_pred  A binary predicate.
        -:  992:   *  @return  An iterator designating the end of the resulting sequence.
        -:  993:   *
        -:  994:   *  Removes all but the first element from each group of consecutive
        -:  995:   *  values for which @p __binary_pred returns true.
        -:  996:   *  unique() is stable, so the relative order of elements that are
        -:  997:   *  not removed is unchanged.
        -:  998:   *  Elements between the end of the resulting sequence and @p __last
        -:  999:   *  are still present, but their value is unspecified.
        -: 1000:  */
        -: 1001:  template<typename _ForwardIterator, typename _BinaryPredicate>
        -: 1002:    _GLIBCXX20_CONSTEXPR
        -: 1003:    inline _ForwardIterator
        -: 1004:    unique(_ForwardIterator __first, _ForwardIterator __last,
        -: 1005:	   _BinaryPredicate __binary_pred)
        -: 1006:    {
        -: 1007:      // concept requirements
        -: 1008:      __glibcxx_function_requires(_Mutable_ForwardIteratorConcept<
        -: 1009:				  _ForwardIterator>)
        -: 1010:      __glibcxx_function_requires(_BinaryPredicateConcept<_BinaryPredicate,
        -: 1011:		typename iterator_traits<_ForwardIterator>::value_type,
        -: 1012:		typename iterator_traits<_ForwardIterator>::value_type>)
        -: 1013:      __glibcxx_requires_valid_range(__first, __last);
        -: 1014:
        -: 1015:      return std::__unique(__first, __last,
        -: 1016:			   __gnu_cxx::__ops::__iter_comp_iter(__binary_pred));
        -: 1017:    }
        -: 1018:
        -: 1019:  /**
        -: 1020:   *  This is an uglified
        -: 1021:   *  unique_copy(_InputIterator, _InputIterator, _OutputIterator,
        -: 1022:   *              _BinaryPredicate)
        -: 1023:   *  overloaded for forward iterators and output iterator as result.
        -: 1024:  */
        -: 1025:  template<typename _ForwardIterator, typename _OutputIterator,
        -: 1026:	   typename _BinaryPredicate>
        -: 1027:    _GLIBCXX20_CONSTEXPR
        -: 1028:    _OutputIterator
        -: 1029:    __unique_copy(_ForwardIterator __first, _ForwardIterator __last,
        -: 1030:		  _OutputIterator __result, _BinaryPredicate __binary_pred,
        -: 1031:		  forward_iterator_tag, output_iterator_tag)
        -: 1032:    {
        -: 1033:      // concept requirements -- iterators already checked
        -: 1034:      __glibcxx_function_requires(_BinaryPredicateConcept<_BinaryPredicate,
        -: 1035:	  typename iterator_traits<_ForwardIterator>::value_type,
        -: 1036:	  typename iterator_traits<_ForwardIterator>::value_type>)
        -: 1037:
        -: 1038:      _ForwardIterator __next = __first;
        -: 1039:      *__result = *__first;
        -: 1040:      while (++__next != __last)
        -: 1041:	if (!__binary_pred(__first, __next))
        -: 1042:	  {
        -: 1043:	    __first = __next;
        -: 1044:	    *++__result = *__first;
        -: 1045:	  }
        -: 1046:      return ++__result;
        -: 1047:    }
        -: 1048:
        -: 1049:  /**
        -: 1050:   *  This is an uglified
        -: 1051:   *  unique_copy(_InputIterator, _InputIterator, _OutputIterator,
        -: 1052:   *              _BinaryPredicate)
        -: 1053:   *  overloaded for input iterators and output iterator as result.
        -: 1054:  */
        -: 1055:  template<typename _InputIterator, typename _OutputIterator,
        -: 1056:	   typename _BinaryPredicate>
        -: 1057:    _GLIBCXX20_CONSTEXPR
        -: 1058:    _OutputIterator
        -: 1059:    __unique_copy(_InputIterator __first, _InputIterator __last,
        -: 1060:		  _OutputIterator __result, _BinaryPredicate __binary_pred,
        -: 1061:		  input_iterator_tag, output_iterator_tag)
        -: 1062:    {
        -: 1063:      // concept requirements -- iterators already checked
[...]
        -: 5523:		       std::copy(__first1, __last1, __result));
        -: 5524:    }
        -: 5525:
        -: 5526:  /**
        -: 5527:   *  @brief  Return the symmetric difference of two sorted ranges.
        -: 5528:   *  @ingroup set_algorithms
        -: 5529:   *  @param  __first1  Start of first range.
        -: 5530:   *  @param  __last1   End of first range.
        -: 5531:   *  @param  __first2  Start of second range.
        -: 5532:   *  @param  __last2   End of second range.
        -: 5533:   *  @param  __result  Start of output range.
        -: 5534:   *  @return  End of the output range.
        -: 5535:   *  @ingroup set_algorithms
        -: 5536:   *
        -: 5537:   *  This operation iterates over both ranges, copying elements present in
        -: 5538:   *  one range but not the other in order to the output range.  Iterators
        -: 5539:   *  increment for each range.  When the current element of one range is less
        -: 5540:   *  than the other, that element is copied and the iterator advances.  If an
        -: 5541:   *  element is contained in both ranges, no elements are copied and both
        -: 5542:   *  ranges advance.  The output range may not overlap either input range.
        -: 5543:  */
        -: 5544:  template<typename _InputIterator1, typename _InputIterator2,
        -: 5545:	   typename _OutputIterator>
        -: 5546:    _GLIBCXX20_CONSTEXPR
        -: 5547:    inline _OutputIterator
        -: 5548:    set_symmetric_difference(_InputIterator1 __first1, _InputIterator1 __last1,
        -: 5549:			     _InputIterator2 __first2, _InputIterator2 __last2,
        -: 5550:			     _OutputIterator __result)
        -: 5551:    {
        -: 5552:      // concept requirements
        -: 5553:      __glibcxx_function_requires(_InputIteratorConcept<_InputIterator1>)
        -: 5554:      __glibcxx_function_requires(_InputIteratorConcept<_InputIterator2>)
        -: 5555:      __glibcxx_function_requires(_OutputIteratorConcept<_OutputIterator,
        -: 5556:	    typename iterator_traits<_InputIterator1>::value_type>)
        -: 5557:      __glibcxx_function_requires(_OutputIteratorConcept<_OutputIterator,
        -: 5558:	    typename iterator_traits<_InputIterator2>::value_type>)
        -: 5559:      __glibcxx_function_requires(_LessThanOpConcept<
        -: 5560:	    typename iterator_traits<_InputIterator1>::value_type,
        -: 5561:	    typename iterator_traits<_InputIterator2>::value_type>)
        -: 5562:      __glibcxx_function_requires(_LessThanOpConcept<
        -: 5563:	    typename iterator_traits<_InputIterator2>::value_type,
        -: 5564:	    typename iterator_traits<_InputIterator1>::value_type>)	
        -: 5565:      __glibcxx_requires_sorted_set(__first1, __last1, __first2);
        -: 5566:      __glibcxx_requires_sorted_set(__first2, __last2, __first1);
        -: 5567:      __glibcxx_requires_irreflexive2(__first1, __last1);
        -: 5568:      __glibcxx_requires_irreflexive2(__first2, __last2);
        -: 5569:
        -: 5570:      return _GLIBCXX_STD_A::__set_symmetric_difference(__first1, __last1,
        -: 5571:					__first2, __last2, __result,
        -: 5572:					__gnu_cxx::__ops::__iter_less_iter());
        -: 5573:    }
        -: 5574:
        -: 5575:  /**
        -: 5576:   *  @brief  Return the symmetric difference of two sorted ranges using
        -: 5577:   *  comparison functor.
        -: 5578:   *  @ingroup set_algorithms
        -: 5579:   *  @param  __first1  Start of first range.
        -: 5580:   *  @param  __last1   End of first range.
        -: 5581:   *  @param  __first2  Start of second range.
        -: 5582:   *  @param  __last2   End of second range.
        -: 5583:   *  @param  __result  Start of output range.
        -: 5584:   *  @param  __comp    The comparison functor.
        -: 5585:   *  @return  End of the output range.
        -: 5586:   *  @ingroup set_algorithms
        -: 5587:   *
        -: 5588:   *  This operation iterates over both ranges, copying elements present in
        -: 5589:   *  one range but not the other in order to the output range.  Iterators
        -: 5590:   *  increment for each range.  When the current element of one range is less
        -: 5591:   *  than the other according to @p comp, that element is copied and the
        -: 5592:   *  iterator advances.  If an element is contained in both ranges according
        -: 5593:   *  to @p __comp, no elements are copied and both ranges advance.  The output
        -: 5594:   *  range may not overlap either input range.
        -: 5595:  */
        -: 5596:  template<typename _InputIterator1, typename _InputIterator2,
        -: 5597:	   typename _OutputIterator, typename _Compare>
        -: 5598:    _GLIBCXX20_CONSTEXPR
        -: 5599:    inline _OutputIterator
        -: 5600:    set_symmetric_difference(_InputIterator1 __first1, _InputIterator1 __last1,
        -: 5601:			     _InputIterator2 __first2, _InputIterator2 __last2,
        -: 5602:			     _OutputIterator __result,
        -: 5603:			     _Compare __comp)
        -: 5604:    {
        -: 5605:      // concept requirements
        -: 5606:      __glibcxx_function_requires(_InputIteratorConcept<_InputIterator1>)
        -: 5607:      __glibcxx_function_requires(_InputIteratorConcept<_InputIterator2>)
        -: 5608:      __glibcxx_function_requires(_OutputIteratorConcept<_OutputIterator,
        -: 5609:	    typename iterator_traits<_InputIterator1>::value_type>)
        -: 5610:      __glibcxx_function_requires(_OutputIteratorConcept<_OutputIterator,
        -: 5611:	    typename iterator_traits<_InputIterator2>::value_type>)
        -: 5612:      __glibcxx_function_requires(_BinaryPredicateConcept<_Compare,
        -: 5613:	    typename iterator_traits<_InputIterator1>::value_type,
        -: 5614:	    typename iterator_traits<_InputIterator2>::value_type>)
        -: 5615:      __glibcxx_function_requires(_BinaryPredicateConcept<_Compare,
        -: 5616:	    typename iterator_traits<_InputIterator2>::value_type,
        -: 5617:	    typename iterator_traits<_InputIterator1>::value_type>)
        -: 5618:      __glibcxx_requires_sorted_set_pred(__first1, __last1, __first2, __comp);
        -: 5619:      __glibcxx_requires_sorted_set_pred(__first2, __last2, __first1, __comp);
        -: 5620:      __glibcxx_requires_irreflexive_pred2(__first1, __last1, __comp);
        -: 5621:      __glibcxx_requires_irreflexive_pred2(__first2, __last2, __comp);
        -: 5622:
        -: 5623:      return _GLIBCXX_STD_A::__set_symmetric_difference(__first1, __last1,
        -: 5624:				__first2, __last2, __result,
        -: 5625:				__gnu_cxx::__ops::__iter_comp_iter(__comp));
        -: 5626:    }
        -: 5627:
        -: 5628:  template<typename _ForwardIterator, typename _Compare>
        -: 5629:    _GLIBCXX14_CONSTEXPR
        -: 5630:    _ForwardIterator
        -: 5631:    __min_element(_ForwardIterator __first, _ForwardIterator __last,
        -: 5632:		  _Compare __comp)
        -: 5633:    {
        -: 5634:      if (__first == __last)
        -: 5635:	return __first;
        -: 5636:      _ForwardIterator __result = __first;
        -: 5637:      while (++__first != __last)
        -: 5638:	if (__comp(__first, __result))
        -: 5639:	  __result = __first;
        -: 5640:      return __result;
        -: 5641:    }
        -: 5642:
        -: 5643:  /**
        -: 5644:   *  @brief  Return the minimum element in a range.
        -: 5645:   *  @ingroup sorting_algorithms
        -: 5646:   *  @param  __first  Start of range.
        -: 5647:   *  @param  __last   End of range.
        -: 5648:   *  @return  Iterator referencing the first instance of the smallest value.
        -: 5649:  */
        -: 5650:  template<typename _ForwardIterator>
        -: 5651:    _GLIBCXX14_CONSTEXPR
        -: 5652:    _ForwardIterator
        -: 5653:    inline min_element(_ForwardIterator __first, _ForwardIterator __last)
        -: 5654:    {
        -: 5655:      // concept requirements
        -: 5656:      __glibcxx_function_requires(_ForwardIteratorConcept<_ForwardIterator>)
        -: 5657:      __glibcxx_function_requires(_LessThanComparableConcept<
        -: 5658:	    typename iterator_traits<_ForwardIterator>::value_type>)
        -: 5659:      __glibcxx_requires_valid_range(__first, __last);
        -: 5660:      __glibcxx_requires_irreflexive(__first, __last);
        -: 5661:
        -: 5662:      return _GLIBCXX_STD_A::__min_element(__first, __last,
        -: 5663:				__gnu_cxx::__ops::__iter_less_iter());
        -: 5664:    }
        -: 5665:
        -: 5666:  /**
        -: 5667:   *  @brief  Return the minimum element in a range using comparison functor.
        -: 5668:   *  @ingroup sorting_algorithms
        -: 5669:   *  @param  __first  Start of range.
        -: 5670:   *  @param  __last   End of range.
        -: 5671:   *  @param  __comp   Comparison functor.
        -: 5672:   *  @return  Iterator referencing the first instance of the smallest value
        -: 5673:   *  according to __comp.
        -: 5674:  */
        -: 5675:  template<typename _ForwardIterator, typename _Compare>
        -: 5676:    _GLIBCXX14_CONSTEXPR
        -: 5677:    inline _ForwardIterator
        -: 5678:    min_element(_ForwardIterator __first, _ForwardIterator __last,
        -: 5679:		_Compare __comp)
        -: 5680:    {
        -: 5681:      // concept requirements
        -: 5682:      __glibcxx_function_requires(_ForwardIteratorConcept<_ForwardIterator>)
        -: 5683:      __glibcxx_function_requires(_BinaryPredicateConcept<_Compare,
        -: 5684:	    typename iterator_traits<_ForwardIterator>::value_type,
        -: 5685:	    typename iterator_traits<_ForwardIterator>::value_type>)
        -: 5686:      __glibcxx_requires_valid_range(__first, __last);
        -: 5687:      __glibcxx_requires_irreflexive_pred(__first, __last, __comp);
        -: 5688:
        -: 5689:      return _GLIBCXX_STD_A::__min_element(__first, __last,
        -: 5690:				__gnu_cxx::__ops::__iter_comp_iter(__comp));
        -: 5691:    }
        -: 5692:
        -: 5693:  template<typename _ForwardIterator, typename _Compare>
        -: 5694:    _GLIBCXX14_CONSTEXPR
        -: 5695:    _ForwardIterator
        -: 5696:    __max_element(_ForwardIterator __first, _ForwardIterator __last,
        -: 5697:		  _Compare __comp)
        -: 5698:    {
        -: 5699:      if (__first == __last) return __first;
        -: 5700:      _ForwardIterator __result = __first;
        -: 5701:      while (++__first != __last)
        -: 5702:	if (__comp(__result, __first))
        -: 5703:	  __result = __first;
        -: 5704:      return __result;
        -: 5705:    }
        -: 5706:
        -: 5707:  /**
        -: 5708:   *  @brief  Return the maximum element in a range.
        -: 5709:   *  @ingroup sorting_algorithms
        -: 5710:   *  @param  __first  Start of range.
        -: 5711:   *  @param  __last   End of range.
        -: 5712:   *  @return  Iterator referencing the first instance of the largest value.
        -: 5713:  */
        -: 5714:  template<typename _ForwardIterator>
        -: 5715:    _GLIBCXX14_CONSTEXPR
        -: 5716:    inline _ForwardIterator
        -: 5717:    max_element(_ForwardIterator __first, _ForwardIterator __last)
        -: 5718:    {
        -: 5719:      // concept requirements
        -: 5720:      __glibcxx_function_requires(_ForwardIteratorConcept<_ForwardIterator>)
        -: 5721:      __glibcxx_function_requires(_LessThanComparableConcept<
        -: 5722:	    typename iterator_traits<_ForwardIterator>::value_type>)
        -: 5723:      __glibcxx_requires_valid_range(__first, __last);
        -: 5724:      __glibcxx_requires_irreflexive(__first, __last);
        -: 5725:
        -: 5726:      return _GLIBCXX_STD_A::__max_element(__first, __last,
        -: 5727:				__gnu_cxx::__ops::__iter_less_iter());
        -: 5728:    }
        -: 5729:
        -: 5730:  /**
        -: 5731:   *  @brief  Return the maximum element in a range using comparison functor.
        -: 5732:   *  @ingroup sorting_algorithms
        -: 5733:   *  @param  __first  Start of range.
        -: 5734:   *  @param  __last   End of range.
        -: 5735:   *  @param  __comp   Comparison functor.
        -: 5736:   *  @return  Iterator referencing the first instance of the largest value
        -: 5737:   *  according to __comp.
        -: 5738:  */
        -: 5739:  template<typename _ForwardIterator, typename _Compare>
        -: 5740:    _GLIBCXX14_CONSTEXPR
        -: 5741:    inline _ForwardIterator
        -: 5742:    max_element(_ForwardIterator __first, _ForwardIterator __last,
        -: 5743:		_Compare __comp)
        -: 5744:    {
        -: 5745:      // concept requirements
        -: 5746:      __glibcxx_function_requires(_ForwardIteratorConcept<_ForwardIterator>)
        -: 5747:      __glibcxx_function_requires(_BinaryPredicateConcept<_Compare,
        -: 5748:	    typename iterator_traits<_ForwardIterator>::value_type,
        -: 5749:	    typename iterator_traits<_ForwardIterator>::value_type>)
        -: 5750:      __glibcxx_requires_valid_range(__first, __last);
        -: 5751:      __glibcxx_requires_irreflexive_pred(__first, __last, __comp);
        -: 5752:
        -: 5753:      return _GLIBCXX_STD_A::__max_element(__first, __last,
        -: 5754:				__gnu_cxx::__ops::__iter_comp_iter(__comp));
        -: 5755:    }
        -: 5756:
        -: 5757:#if __cplusplus >= 201402L
        -: 5758:  /// Reservoir sampling algorithm.
        -: 5759:  template<typename _InputIterator, typename _RandomAccessIterator,
        -: 5760:           typename _Size, typename _UniformRandomBitGenerator>
        -: 5761:    _RandomAccessIterator
        -: 5762:    __sample(_InputIterator __first, _InputIterator __last, input_iterator_tag,
        -: 5763:	     _RandomAccessIterator __out, random_access_iterator_tag,
        -: 5764:	     _Size __n, _UniformRandomBitGenerator&& __g)
        -: 5765:    {
        -: 5766:      using __distrib_type = uniform_int_distribution<_Size>;
        -: 5767:      using __param_type = typename __distrib_type::param_type;
        -: 5768:      __distrib_type __d{};
        -: 5769:      _Size __sample_sz = 0;
        -: 5770:      while (__first != __last && __sample_sz != __n)
        -: 5771:	{
        -: 5772:	  __out[__sample_sz++] = *__first;
        -: 5773:	  ++__first;
        -: 5774:	}
        -: 5775:      for (auto __pop_sz = __sample_sz; __first != __last;
        -: 5776:	  ++__first, (void) ++__pop_sz)
        -: 5777:	{
        -: 5778:	  const auto __k = __d(__g, __param_type{0, __pop_sz});
        -: 5779:	  if (__k < __n)
        -: 5780:	    __out[__k] = *__first;
        -: 5781:	}
        -: 5782:      return __out + __sample_sz;
        -: 5783:    }
        -: 5784:
        -: 5785:  /// Selection sampling algorithm.
        -: 5786:  template<typename _ForwardIterator, typename _OutputIterator, typename _Cat,
        -: 5787:           typename _Size, typename _UniformRandomBitGenerator>
        -: 5788:    _OutputIterator
        -: 5789:    __sample(_ForwardIterator __first, _ForwardIterator __last,
        -: 5790:	     forward_iterator_tag,
        -: 5791:	     _OutputIterator __out, _Cat,
        -: 5792:	     _Size __n, _UniformRandomBitGenerator&& __g)
        -: 5793:    {
        -: 5794:      using __distrib_type = uniform_int_distribution<_Size>;
        -: 5795:      using __param_type = typename __distrib_type::param_type;
        -: 5796:      using _USize = make_unsigned_t<_Size>;
        -: 5797:      using _Gen = remove_reference_t<_UniformRandomBitGenerator>;
        -: 5798:      using __uc_type = common_type_t<typename _Gen::result_type, _USize>;
        -: 5799:
        -: 5800:      if (__first == __last)
        -: 5801:	return __out;
        -: 5802:
        -: 5803:      __distrib_type __d{};
        -: 5804:      _Size __unsampled_sz = std::distance(__first, __last);
        -: 5805:      __n = std::min(__n, __unsampled_sz);
        -: 5806:
        -: 5807:      // If possible, we use __gen_two_uniform_ints to efficiently produce
        -: 5808:      // two random numbers using a single distribution invocation:
        -: 5809:
        -: 5810:      const __uc_type __urngrange = __g.max() - __g.min();
        -: 5811:      if (__urngrange / __uc_type(__unsampled_sz) >= __uc_type(__unsampled_sz))
        -: 5812:        // I.e. (__urngrange >= __unsampled_sz * __unsampled_sz) but without
        -: 5813:	// wrapping issues.
        -: 5814:        {
        -: 5815:	  while (__n != 0 && __unsampled_sz >= 2)
        -: 5816:	    {
        -: 5817:	      const pair<_Size, _Size> __p =
        -: 5818:		__gen_two_uniform_ints(__unsampled_sz, __unsampled_sz - 1, __g);
        -: 5819:
        -: 5820:	      --__unsampled_sz;
        -: 5821:	      if (__p.first < __n)
        -: 5822:		{
        -: 5823:		  *__out++ = *__first;
        -: 5824:		  --__n;
        -: 5825:		}
        -: 5826:
        -: 5827:	      ++__first;
        -: 5828:
        -: 5829:	      if (__n == 0) break;
        -: 5830:
        -: 5831:	      --__unsampled_sz;
        -: 5832:	      if (__p.second < __n)
        -: 5833:		{
        -: 5834:		  *__out++ = *__first;
        -: 5835:		  --__n;
        -: 5836:		}
        -: 5837:
        -: 5838:	      ++__first;
        -: 5839:	    }
        -: 5840:        }
        -: 5841:
        -: 5842:      // The loop above is otherwise equivalent to this one-at-a-time version:
        -: 5843:
        -: 5844:      for (; __n != 0; ++__first)
        -: 5845:	if (__d(__g, __param_type{0, --__unsampled_sz}) < __n)
        -: 5846:	  {
        -: 5847:	    *__out++ = *__first;
        -: 5848:	    --__n;
        -: 5849:	  }
        -: 5850:      return __out;
        -: 5851:    }
        -: 5852:
        -: 5853:#if __cplusplus > 201402L
        -: 5854:#define __cpp_lib_sample 201603
        -: 5855:  /// Take a random sample from a population.
        -: 5856:  template<typename _PopulationIterator, typename _SampleIterator,
        -: 5857:           typename _Distance, typename _UniformRandomBitGenerator>
        -: 5858:    _SampleIterator
        -: 5859:    sample(_PopulationIterator __first, _PopulationIterator __last,
        -: 5860:	   _SampleIterator __out, _Distance __n,
        -: 5861:	   _UniformRandomBitGenerator&& __g)
        -: 5862:    {
        -: 5863:      using __pop_cat = typename
        -: 5864:	std::iterator_traits<_PopulationIterator>::iterator_category;
        -: 5865:      using __samp_cat = typename
        -: 5866:	std::iterator_traits<_SampleIterator>::iterator_category;
        -: 5867:
        -: 5868:      static_assert(
        -: 5869:	  __or_<is_convertible<__pop_cat, forward_iterator_tag>,
        -: 5870:		is_convertible<__samp_cat, random_access_iterator_tag>>::value,
        -: 5871:	  "output range must use a RandomAccessIterator when input range"
        -: 5872:	  " does not meet the ForwardIterator requirements");
        -: 5873:
        -: 5874:      static_assert(is_integral<_Distance>::value,
        -: 5875:		    "sample size must be an integer type");
        -: 5876:
        -: 5877:      typename iterator_traits<_PopulationIterator>::difference_type __d = __n;
        -: 5878:      return _GLIBCXX_STD_A::
        -: 5879:	__sample(__first, __last, __pop_cat{}, __out, __samp_cat{}, __d,
        -: 5880:		 std::forward<_UniformRandomBitGenerator>(__g));
        -: 5881:    }
        -: 5882:#endif // C++17
        -: 5883:#endif // C++14
        -: 5884:
        -: 5885:_GLIBCXX_END_NAMESPACE_ALGO
        -: 5886:_GLIBCXX_END_NAMESPACE_VERSION
        -: 5887:} // namespace std
        -: 5888:
        -: 5889:#endif /* _STL_ALGO_H */
